2025-01-13 22:50:18,123 - INFO - Status: Çalýþýyor
2025-01-13 22:50:19,760 - INFO - Settings saved successfully
2025-01-13 22:50:27,864 - INFO - Settings saved successfully
2025-01-13 22:50:29,621 - INFO - Status: Stopping...
2025-01-13 22:50:30,498 - INFO - Status: Çalýþýyor
2025-01-13 22:51:49,326 - INFO - Status: Stopping...
2025-01-13 22:51:53,366 - INFO - Log cleared
2025-01-13 22:52:00,128 - INFO - Settings saved successfully
2025-01-13 22:52:01,338 - INFO - Status: Çalýþýyor
2025-01-13 22:52:20,360 - INFO - Hata: HTTPConnectionPool(host='localhost', port=56230): Read timed out. (read timeout=120)
2025-01-13 22:52:20,361 - INFO - Hata: HTTPConnectionPool(host='localhost', port=56231): Read timed out. (read timeout=120)
2025-01-13 22:52:20,361 - INFO - Hata: HTTPConnectionPool(host='localhost', port=56228): Read timed out. (read timeout=120)
2025-01-13 22:52:20,361 - INFO - Hata: HTTPConnectionPool(host='localhost', port=56229): Read timed out. (read timeout=120)
2025-01-13 22:52:20,412 - INFO - Hata: HTTPConnectionPool(host='localhost', port=56232): Read timed out. (read timeout=120)
2025-01-13 22:52:22,411 - INFO - Oy baþarýyla gönderildi.
2025-01-13 22:52:31,793 - INFO - Hata: HTTPConnectionPool(host='localhost', port=56337): Read timed out. (read timeout=120)
2025-01-13 22:52:31,847 - INFO - Hata: Message: disconnected: not connected to DevTools
  (failed to check if window was closed: disconnected: not connected to DevTools)
  (Session info: chrome=131.0.6778.265)
Stacktrace:
	GetHandleVerifier [0x00007FF7A4BCFB05+28789]
	(No symbol) [0x00007FF7A4B386E0]
	(No symbol) [0x00007FF7A49D592A]
	(No symbol) [0x00007FF7A49C230C]
	(No symbol) [0x00007FF7A49C21D0]
	(No symbol) [0x00007FF7A49D82D1]
	(No symbol) [0x00007FF7A4A6EF72]
	(No symbol) [0x00007FF7A4A4F1E3]
	(No symbol) [0x00007FF7A4A1A938]
	(No symbol) [0x00007FF7A4A1BAA1]
	GetHandleVerifier [0x00007FF7A4F0933D+3410093]
	GetHandleVerifier [0x00007FF7A4F1E7DD+3497293]
	GetHandleVerifier [0x00007FF7A4F12A73+3448803]
	GetHandleVerifier [0x00007FF7A4C97BBB+848171]
	(No symbol) [0x00007FF7A4B43C3F]
	(No symbol) [0x00007FF7A4B3F6E4]
	(No symbol) [0x00007FF7A4B3F87D]
	(No symbol) [0x00007FF7A4B2ED49]
	BaseThreadInitThunk [0x00007FF9EADE259D+29]
	RtlUserThreadStart [0x00007FF9EC9AAF38+40]

2025-01-13 22:52:31,912 - INFO - Hata: HTTPConnectionPool(host='localhost', port=56338): Read timed out. (read timeout=120)
2025-01-13 22:52:31,994 - INFO - Hata: HTTPConnectionPool(host='localhost', port=56336): Read timed out. (read timeout=120)
2025-01-13 22:52:32,112 - INFO - Tarayýcý kapatýldý.
2025-01-13 22:52:32,992 - INFO - Tarayýcý kapatýldý.
2025-01-13 22:52:34,123 - INFO - Tarayýcý kapatýldý.
2025-01-13 22:53:01,472 - INFO - Hata: HTTPConnectionPool(host='localhost', port=56339): Read timed out. (read timeout=120)
2025-01-13 22:53:04,184 - WARNING - Retrying (Retry(total=2, connect=None, read=None, redirect=None, status=None)) after connection broken by 'ConnectionResetError(10054, 'Varolan bir baðlantý uzaktaki bir ana bilgisayar tarafýndan zorla kapatýldý', None, 10054, None)': /session/0a5208bcbef3d20ebca018fcaea2e48f
2025-01-13 22:53:04,190 - WARNING - Retrying (Retry(total=2, connect=None, read=None, redirect=None, status=None)) after connection broken by 'ConnectionResetError(10054, 'Varolan bir baðlantý uzaktaki bir ana bilgisayar tarafýndan zorla kapatýldý', None, 10054, None)': /session/1f700e1efd6b4f560f305d8cb4c0b792
2025-01-13 22:53:04,194 - WARNING - Retrying (Retry(total=2, connect=None, read=None, redirect=None, status=None)) after connection broken by 'ConnectionResetError(10054, 'Varolan bir baðlantý uzaktaki bir ana bilgisayar tarafýndan zorla kapatýldý', None, 10054, None)': /session/820149304ebb1537be32b7d0a985b4c1
2025-01-13 22:53:04,195 - WARNING - Retrying (Retry(total=2, connect=None, read=None, redirect=None, status=None)) after connection broken by 'ConnectionResetError(10054, 'Varolan bir baðlantý uzaktaki bir ana bilgisayar tarafýndan zorla kapatýldý', None, 10054, None)': /session/e86a69251bf8c89e08514039686e7e27
2025-01-13 22:53:04,196 - WARNING - Retrying (Retry(total=2, connect=None, read=None, redirect=None, status=None)) after connection broken by 'ConnectionResetError(10054, 'Varolan bir baðlantý uzaktaki bir ana bilgisayar tarafýndan zorla kapatýldý', None, 10054, None)': /session/ef95af757274dec02f5aada92b5b5859
2025-01-13 22:53:04,197 - WARNING - Retrying (Retry(total=2, connect=None, read=None, redirect=None, status=None)) after connection broken by 'ConnectionResetError(10054, 'Varolan bir baðlantý uzaktaki bir ana bilgisayar tarafýndan zorla kapatýldý', None, 10054, None)': /session/fae2211bd04135a6d2671940d3f58599
2025-01-13 22:53:04,279 - WARNING - Retrying (Retry(total=2, connect=None, read=None, redirect=None, status=None)) after connection broken by 'ConnectionResetError(10054, 'Varolan bir baðlantý uzaktaki bir ana bilgisayar tarafýndan zorla kapatýldý', None, 10054, None)': /session/d51b85a6f5316ffecc96dac41ca70993
