2025-01-12 23:09:20,978 - INFO - Status: Çalýþýyor
2025-01-12 23:09:58,379 - INFO - Oy baþarýyla gönderildi.
2025-01-12 23:09:59,958 - INFO - Oy baþarýyla gönderildi.
2025-01-12 23:10:00,639 - INFO - Tarayýcý kapatýldý.
2025-01-12 23:10:01,346 - INFO - Hata: Message: 
Stacktrace:
	GetHandleVerifier [0x00007FF6FDFAFB05+28789]
	(No symbol) [0x00007FF6FDF186E0]
	(No symbol) [0x00007FF6FDDB592A]
	(No symbol) [0x00007FF6FDE0930E]
	(No symbol) [0x00007FF6FDE095FC]
	(No symbol) [0x00007FF6FDE528A7]
	(No symbol) [0x00007FF6FDE2F47F]
	(No symbol) [0x00007FF6FDE4F654]
	(No symbol) [0x00007FF6FDE2F1E3]
	(No symbol) [0x00007FF6FDDFA938]
	(No symbol) [0x00007FF6FDDFBAA1]
	GetHandleVerifier [0x00007FF6FE2E933D+3410093]
	GetHandleVerifier [0x00007FF6FE2FE7DD+3497293]
	GetHandleVerifier [0x00007FF6FE2F2A73+3448803]
	GetHandleVerifier [0x00007FF6FE077BBB+848171]
	(No symbol) [0x00007FF6FDF23C3F]
	(No symbol) [0x00007FF6FDF1F6E4]
	(No symbol) [0x00007FF6FDF1F87D]
	(No symbol) [0x00007FF6FDF0ED49]
	BaseThreadInitThunk [0x00007FFE78CB259D+29]
	RtlUserThreadStart [0x00007FFE7958AF38+40]

2025-01-12 23:10:02,104 - INFO - Tarayýcý kapatýldý.
2025-01-12 23:10:03,254 - INFO - Oy baþarýyla gönderildi.
2025-01-12 23:10:03,493 - INFO - Tarayýcý kapatýldý.
2025-01-12 23:10:03,755 - INFO - Oy baþarýyla gönderildi.
2025-01-12 23:10:05,409 - INFO - Tarayýcý kapatýldý.
2025-01-12 23:10:05,862 - INFO - Tarayýcý kapatýldý.
2025-01-12 23:10:56,717 - INFO - Oy baþarýyla gönderildi.
2025-01-12 23:10:58,264 - INFO - Oy baþarýyla gönderildi.
2025-01-12 23:10:58,429 - INFO - Oy baþarýyla gönderildi.
2025-01-12 23:10:58,799 - INFO - Tarayýcý kapatýldý.
2025-01-12 23:10:59,182 - INFO - Oy baþarýyla gönderildi.
2025-01-12 23:11:00,379 - INFO - Tarayýcý kapatýldý.
2025-01-12 23:11:00,518 - INFO - Tarayýcý kapatýldý.
2025-01-12 23:11:01,271 - INFO - Tarayýcý kapatýldý.
2025-01-12 23:11:18,319 - INFO - Oy baþarýyla gönderildi.
2025-01-12 23:11:20,435 - INFO - Tarayýcý kapatýldý.
2025-01-12 23:11:22,316 - INFO - Oy baþarýyla gönderildi.
2025-01-12 23:11:23,896 - INFO - Oy baþarýyla gönderildi.
2025-01-12 23:11:24,379 - INFO - Oy baþarýyla gönderildi.
2025-01-12 23:11:24,424 - INFO - Tarayýcý kapatýldý.
2025-01-12 23:11:25,324 - INFO - Oy baþarýyla gönderildi.
2025-01-12 23:11:26,061 - INFO - Tarayýcý kapatýldý.
2025-01-12 23:11:26,482 - INFO - Tarayýcý kapatýldý.
2025-01-12 23:11:27,481 - INFO - Tarayýcý kapatýldý.
2025-01-12 23:11:34,125 - INFO - Oy baþarýyla gönderildi.
2025-01-12 23:11:36,221 - INFO - Tarayýcý kapatýldý.
2025-01-12 23:11:39,830 - INFO - Oy baþarýyla gönderildi.
2025-01-12 23:11:41,990 - INFO - Tarayýcý kapatýldý.
2025-01-12 23:11:49,956 - INFO - Status: Stopping...
2025-01-12 23:11:59,712 - INFO - Oy baþarýyla gönderildi.
2025-01-12 23:12:01,807 - INFO - Tarayýcý kapatýldý.
2025-01-12 23:12:01,946 - INFO - Oy baþarýyla gönderildi.
2025-01-12 23:12:04,052 - INFO - Tarayýcý kapatýldý.
2025-01-12 23:12:04,096 - INFO - Oy baþarýyla gönderildi.
2025-01-12 23:12:04,654 - INFO - Settings saved successfully
2025-01-12 23:12:04,916 - INFO - Oy baþarýyla gönderildi.
2025-01-12 23:12:05,330 - INFO - Oy baþarýyla gönderildi.
2025-01-12 23:12:06,227 - INFO - Tarayýcý kapatýldý.
2025-01-12 23:12:07,023 - INFO - Tarayýcý kapatýldý.
2025-01-12 23:12:07,445 - INFO - Tarayýcý kapatýldý.
2025-01-12 23:12:07,544 - INFO - Status: Çalýþýyor
2025-01-12 23:12:49,334 - INFO - Oy baþarýyla gönderildi.
2025-01-12 23:12:51,459 - INFO - Tarayýcý kapatýldý.
2025-01-12 23:12:52,168 - INFO - Oy baþarýyla gönderildi.
2025-01-12 23:12:52,722 - INFO - Oy baþarýyla gönderildi.
2025-01-12 23:12:54,287 - INFO - Tarayýcý kapatýldý.
2025-01-12 23:12:54,910 - INFO - Tarayýcý kapatýldý.
2025-01-12 23:12:59,472 - INFO - Oy baþarýyla gönderildi.
2025-01-12 23:13:00,026 - INFO - Oy baþarýyla gönderildi.
2025-01-12 23:13:01,564 - INFO - Tarayýcý kapatýldý.
2025-01-12 23:13:02,112 - INFO - Tarayýcý kapatýldý.
2025-01-12 23:13:05,418 - INFO - Oy baþarýyla gönderildi.
2025-01-12 23:13:05,503 - INFO - Oy baþarýyla gönderildi.
2025-01-12 23:13:05,503 - INFO - Oy baþarýyla gönderildi.
2025-01-12 23:13:07,595 - INFO - Tarayýcý kapatýldý.
2025-01-12 23:13:07,673 - INFO - Tarayýcý kapatýldý.
2025-01-12 23:13:07,688 - INFO - Tarayýcý kapatýldý.
2025-01-12 23:13:15,394 - INFO - Oy baþarýyla gönderildi.
2025-01-12 23:13:17,497 - INFO - Tarayýcý kapatýldý.
2025-01-12 23:13:22,109 - INFO - Oy baþarýyla gönderildi.
2025-01-12 23:13:25,318 - INFO - Tarayýcý kapatýldý.
2025-01-12 23:13:55,657 - INFO - Oy baþarýyla gönderildi.
2025-01-12 23:13:56,823 - INFO - Oy baþarýyla gönderildi.
2025-01-12 23:13:57,766 - INFO - Tarayýcý kapatýldý.
2025-01-12 23:13:58,320 - INFO - Oy baþarýyla gönderildi.
2025-01-12 23:13:58,952 - INFO - Tarayýcý kapatýldý.
2025-01-12 23:13:59,803 - INFO - Oy baþarýyla gönderildi.
2025-01-12 23:14:00,415 - INFO - Tarayýcý kapatýldý.
2025-01-12 23:14:00,516 - INFO - Oy baþarýyla gönderildi.
2025-01-12 23:14:00,857 - INFO - Oy baþarýyla gönderildi.
2025-01-12 23:14:01,897 - INFO - Tarayýcý kapatýldý.
2025-01-12 23:14:02,083 - INFO - Oy baþarýyla gönderildi.
2025-01-12 23:14:02,601 - INFO - Tarayýcý kapatýldý.
2025-01-12 23:14:02,944 - INFO - Tarayýcý kapatýldý.
2025-01-12 23:14:03,053 - INFO - Oy baþarýyla gönderildi.
2025-01-12 23:14:04,157 - INFO - Tarayýcý kapatýldý.
2025-01-12 23:14:05,135 - INFO - Tarayýcý kapatýldý.
2025-01-12 23:14:35,822 - INFO - Oy baþarýyla gönderildi.
2025-01-12 23:14:36,578 - INFO - Oy baþarýyla gönderildi.
2025-01-12 23:14:37,929 - INFO - Tarayýcý kapatýldý.
2025-01-12 23:14:38,677 - INFO - Tarayýcý kapatýldý.
2025-01-12 23:14:39,816 - INFO - Oy baþarýyla gönderildi.
2025-01-12 23:14:41,894 - INFO - Tarayýcý kapatýldý.
2025-01-12 23:14:46,247 - INFO - Oy baþarýyla gönderildi.
2025-01-12 23:14:46,886 - INFO - Oy baþarýyla gönderildi.
2025-01-12 23:14:48,182 - INFO - Oy baþarýyla gönderildi.
2025-01-12 23:14:48,339 - INFO - Tarayýcý kapatýldý.
2025-01-12 23:14:48,969 - INFO - Tarayýcý kapatýldý.
2025-01-12 23:14:50,252 - INFO - Tarayýcý kapatýldý.
2025-01-12 23:14:51,838 - INFO - Oy baþarýyla gönderildi.
2025-01-12 23:14:53,917 - INFO - Tarayýcý kapatýldý.
2025-01-12 23:14:59,050 - INFO - Oy baþarýyla gönderildi.
2025-01-12 23:15:01,214 - INFO - Tarayýcý kapatýldý.
2025-01-12 23:15:58,377 - INFO - Oy baþarýyla gönderildi.
2025-01-12 23:15:58,755 - INFO - Oy baþarýyla gönderildi.
2025-01-12 23:15:59,054 - INFO - Oy baþarýyla gönderildi.
2025-01-12 23:16:00,529 - INFO - Tarayýcý kapatýldý.
2025-01-12 23:16:00,587 - INFO - Oy baþarýyla gönderildi.
2025-01-12 23:16:00,874 - INFO - Tarayýcý kapatýldý.
2025-01-12 23:16:01,167 - INFO - Tarayýcý kapatýldý.
2025-01-12 23:16:02,706 - INFO - Tarayýcý kapatýldý.
2025-01-12 23:16:03,556 - INFO - Oy baþarýyla gönderildi.
2025-01-12 23:16:05,282 - INFO - Oy baþarýyla gönderildi.
2025-01-12 23:16:05,378 - INFO - Oy baþarýyla gönderildi.
2025-01-12 23:16:05,653 - INFO - Tarayýcý kapatýldý.
2025-01-12 23:16:07,377 - INFO - Tarayýcý kapatýldý.
2025-01-12 23:16:07,485 - INFO - Tarayýcý kapatýldý.
2025-01-12 23:16:14,776 - INFO - Oy baþarýyla gönderildi.
2025-01-12 23:16:16,870 - INFO - Tarayýcý kapatýldý.
2025-01-12 23:16:25,833 - INFO - Oy baþarýyla gönderildi.
2025-01-12 23:16:27,947 - INFO - Tarayýcý kapatýldý.
2025-01-12 23:16:46,994 - INFO - Oy baþarýyla gönderildi.
2025-01-12 23:16:49,113 - INFO - Tarayýcý kapatýldý.
2025-01-12 23:16:53,433 - INFO - Oy baþarýyla gönderildi.
2025-01-12 23:16:55,531 - INFO - Tarayýcý kapatýldý.
2025-01-12 23:16:57,936 - INFO - Oy baþarýyla gönderildi.
2025-01-12 23:16:58,318 - INFO - Oy baþarýyla gönderildi.
2025-01-12 23:17:00,028 - INFO - Tarayýcý kapatýldý.
2025-01-12 23:17:00,413 - INFO - Tarayýcý kapatýldý.
2025-01-12 23:17:02,446 - INFO - Oy baþarýyla gönderildi.
2025-01-12 23:17:02,576 - INFO - Oy baþarýyla gönderildi.
2025-01-12 23:17:04,211 - INFO - Oy baþarýyla gönderildi.
2025-01-12 23:17:04,541 - INFO - Tarayýcý kapatýldý.
2025-01-12 23:17:04,681 - INFO - Tarayýcý kapatýldý.
2025-01-12 23:17:05,815 - INFO - Oy baþarýyla gönderildi.
2025-01-12 23:17:06,315 - INFO - Tarayýcý kapatýldý.
2025-01-12 23:17:07,904 - INFO - Tarayýcý kapatýldý.
2025-01-12 23:17:09,644 - INFO - Oy baþarýyla gönderildi.
2025-01-12 23:17:11,720 - INFO - Tarayýcý kapatýldý.
2025-01-12 23:17:22,828 - INFO - Oy baþarýyla gönderildi.
2025-01-12 23:17:24,933 - INFO - Tarayýcý kapatýldý.
2025-01-12 23:17:52,428 - INFO - Oy baþarýyla gönderildi.
2025-01-12 23:17:54,541 - INFO - Tarayýcý kapatýldý.
2025-01-12 23:17:56,624 - INFO - Oy baþarýyla gönderildi.
2025-01-12 23:17:57,205 - INFO - Oy baþarýyla gönderildi.
2025-01-12 23:17:57,818 - INFO - Oy baþarýyla gönderildi.
2025-01-12 23:17:58,312 - INFO - Oy baþarýyla gönderildi.
2025-01-12 23:17:58,734 - INFO - Tarayýcý kapatýldý.
2025-01-12 23:17:59,301 - INFO - Tarayýcý kapatýldý.
2025-01-12 23:17:59,429 - INFO - Oy baþarýyla gönderildi.
2025-01-12 23:17:59,940 - INFO - Tarayýcý kapatýldý.
2025-01-12 23:18:00,410 - INFO - Tarayýcý kapatýldý.
2025-01-12 23:18:01,516 - INFO - Tarayýcý kapatýldý.
2025-01-12 23:18:05,995 - INFO - Oy baþarýyla gönderildi.
2025-01-12 23:18:08,076 - INFO - Tarayýcý kapatýldý.
2025-01-12 23:18:15,786 - INFO - Oy baþarýyla gönderildi.
2025-01-12 23:18:17,889 - INFO - Tarayýcý kapatýldý.
2025-01-12 23:18:39,051 - INFO - Oy baþarýyla gönderildi.
2025-01-12 23:18:41,194 - INFO - Tarayýcý kapatýldý.
2025-01-12 23:18:41,696 - INFO - Oy baþarýyla gönderildi.
2025-01-12 23:18:43,827 - INFO - Tarayýcý kapatýldý.
2025-01-12 23:18:46,011 - INFO - Oy baþarýyla gönderildi.
2025-01-12 23:18:47,414 - INFO - Oy baþarýyla gönderildi.
2025-01-12 23:18:47,506 - INFO - Oy baþarýyla gönderildi.
2025-01-12 23:18:47,965 - INFO - Oy baþarýyla gönderildi.
2025-01-12 23:18:48,100 - INFO - Tarayýcý kapatýldý.
2025-01-12 23:18:48,930 - INFO - Oy baþarýyla gönderildi.
2025-01-12 23:18:49,507 - INFO - Tarayýcý kapatýldý.
2025-01-12 23:18:49,647 - INFO - Tarayýcý kapatýldý.
2025-01-12 23:18:50,038 - INFO - Tarayýcý kapatýldý.
2025-01-12 23:18:51,002 - INFO - Tarayýcý kapatýldý.
2025-01-12 23:18:52,374 - INFO - Oy baþarýyla gönderildi.
2025-01-12 23:18:54,463 - INFO - Tarayýcý kapatýldý.
2025-01-12 23:19:01,914 - INFO - Oy baþarýyla gönderildi.
2025-01-12 23:19:04,045 - INFO - Tarayýcý kapatýldý.
2025-01-12 23:19:27,235 - INFO - Oy baþarýyla gönderildi.
2025-01-12 23:19:29,380 - INFO - Tarayýcý kapatýldý.
2025-01-12 23:19:50,199 - INFO - Oy baþarýyla gönderildi.
2025-01-12 23:19:52,333 - INFO - Tarayýcý kapatýldý.
2025-01-12 23:19:53,405 - INFO - Oy baþarýyla gönderildi.
2025-01-12 23:19:55,527 - INFO - Tarayýcý kapatýldý.
2025-01-12 23:19:58,121 - INFO - Oy baþarýyla gönderildi.
2025-01-12 23:20:00,239 - INFO - Tarayýcý kapatýldý.
2025-01-12 23:20:03,414 - INFO - Oy baþarýyla gönderildi.
2025-01-12 23:20:05,532 - INFO - Tarayýcý kapatýldý.
2025-01-12 23:20:06,784 - INFO - Oy baþarýyla gönderildi.
2025-01-12 23:20:08,873 - INFO - Tarayýcý kapatýldý.
2025-01-12 23:20:09,634 - INFO - Oy baþarýyla gönderildi.
2025-01-12 23:20:10,122 - INFO - Oy baþarýyla gönderildi.
2025-01-12 23:20:11,723 - INFO - Tarayýcý kapatýldý.
2025-01-12 23:20:12,226 - INFO - Tarayýcý kapatýldý.
2025-01-12 23:20:52,842 - INFO - Oy baþarýyla gönderildi.
2025-01-12 23:20:54,652 - INFO - Oy baþarýyla gönderildi.
2025-01-12 23:20:54,841 - INFO - Oy baþarýyla gönderildi.
2025-01-12 23:20:54,955 - INFO - Tarayýcý kapatýldý.
2025-01-12 23:20:55,092 - INFO - Oy baþarýyla gönderildi.
2025-01-12 23:20:56,761 - INFO - Tarayýcý kapatýldý.
2025-01-12 23:20:56,933 - INFO - Tarayýcý kapatýldý.
2025-01-12 23:20:57,215 - INFO - Tarayýcý kapatýldý.
2025-01-12 23:20:57,305 - INFO - Oy baþarýyla gönderildi.
2025-01-12 23:20:58,380 - INFO - Oy baþarýyla gönderildi.
2025-01-12 23:20:59,391 - INFO - Tarayýcý kapatýldý.
2025-01-12 23:21:00,484 - INFO - Tarayýcý kapatýldý.
2025-01-12 23:21:00,631 - INFO - Oy baþarýyla gönderildi.
2025-01-12 23:21:02,731 - INFO - Tarayýcý kapatýldý.
2025-01-12 23:21:31,293 - INFO - Oy baþarýyla gönderildi.
2025-01-12 23:21:33,401 - INFO - Tarayýcý kapatýldý.
2025-01-12 23:21:38,313 - INFO - Oy baþarýyla gönderildi.
2025-01-12 23:21:40,422 - INFO - Tarayýcý kapatýldý.
2025-01-12 23:21:43,018 - INFO - Oy baþarýyla gönderildi.
2025-01-12 23:21:43,995 - INFO - Oy baþarýyla gönderildi.
2025-01-12 23:21:45,018 - INFO - Oy baþarýyla gönderildi.
2025-01-12 23:21:45,065 - INFO - Oy baþarýyla gönderildi.
2025-01-12 23:21:45,115 - INFO - Tarayýcý kapatýldý.
2025-01-12 23:21:46,146 - INFO - Tarayýcý kapatýldý.
2025-01-12 23:21:47,142 - INFO - Tarayýcý kapatýldý.
2025-01-12 23:21:47,157 - INFO - Tarayýcý kapatýldý.
2025-01-12 23:21:48,084 - INFO - Oy baþarýyla gönderildi.
2025-01-12 23:21:50,242 - INFO - Tarayýcý kapatýldý.
2025-01-12 23:21:52,418 - INFO - Oy baþarýyla gönderildi.
2025-01-12 23:21:54,503 - INFO - Tarayýcý kapatýldý.
2025-01-12 23:22:01,249 - INFO - Oy baþarýyla gönderildi.
2025-01-12 23:22:03,357 - INFO - Tarayýcý kapatýldý.
2025-01-12 23:22:16,073 - INFO - Oy baþarýyla gönderildi.
2025-01-12 23:22:18,202 - INFO - Tarayýcý kapatýldý.
2025-01-12 23:22:27,162 - INFO - Oy baþarýyla gönderildi.
2025-01-12 23:22:29,299 - INFO - Tarayýcý kapatýldý.
2025-01-12 23:22:35,361 - INFO - Oy baþarýyla gönderildi.
2025-01-12 23:22:37,463 - INFO - Tarayýcý kapatýldý.
2025-01-12 23:22:40,619 - INFO - Oy baþarýyla gönderildi.
2025-01-12 23:22:42,721 - INFO - Tarayýcý kapatýldý.
2025-01-12 23:22:44,383 - INFO - Oy baþarýyla gönderildi.
2025-01-12 23:22:46,475 - INFO - Tarayýcý kapatýldý.
2025-01-12 23:22:46,718 - INFO - Oy baþarýyla gönderildi.
2025-01-12 23:22:46,873 - INFO - Oy baþarýyla gönderildi.
2025-01-12 23:22:48,459 - INFO - Oy baþarýyla gönderildi.
2025-01-12 23:22:48,828 - INFO - Tarayýcý kapatýldý.
2025-01-12 23:22:48,984 - INFO - Tarayýcý kapatýldý.
2025-01-12 23:22:50,572 - INFO - Tarayýcý kapatýldý.
2025-01-12 23:22:58,810 - INFO - Oy baþarýyla gönderildi.
2025-01-12 23:22:59,930 - INFO - Oy baþarýyla gönderildi.
2025-01-12 23:23:00,912 - INFO - Tarayýcý kapatýldý.
2025-01-12 23:23:02,048 - INFO - Tarayýcý kapatýldý.
2025-01-12 23:23:32,558 - INFO - Oy baþarýyla gönderildi.
2025-01-12 23:23:33,978 - INFO - Oy baþarýyla gönderildi.
2025-01-12 23:23:34,698 - INFO - Tarayýcý kapatýldý.
2025-01-12 23:23:34,875 - INFO - Oy baþarýyla gönderildi.
2025-01-12 23:23:35,218 - INFO - Oy baþarýyla gönderildi.
2025-01-12 23:23:36,084 - INFO - Tarayýcý kapatýldý.
2025-01-12 23:23:36,963 - INFO - Tarayýcý kapatýldý.
2025-01-12 23:23:37,333 - INFO - Tarayýcý kapatýldý.
2025-01-12 23:23:41,172 - INFO - Oy baþarýyla gönderildi.
2025-01-12 23:23:41,539 - INFO - Oy baþarýyla gönderildi.
2025-01-12 23:23:43,259 - INFO - Tarayýcý kapatýldý.
2025-01-12 23:23:43,620 - INFO - Tarayýcý kapatýldý.
2025-01-12 23:23:45,618 - INFO - Oy baþarýyla gönderildi.
2025-01-12 23:23:45,695 - INFO - Oy baþarýyla gönderildi.
2025-01-12 23:23:47,719 - INFO - Tarayýcý kapatýldý.
2025-01-12 23:23:47,828 - INFO - Tarayýcý kapatýldý.
2025-01-12 23:23:59,491 - INFO - Oy baþarýyla gönderildi.
2025-01-12 23:24:01,599 - INFO - Tarayýcý kapatýldý.
2025-01-12 23:24:24,167 - INFO - Oy baþarýyla gönderildi.
2025-01-12 23:24:26,329 - INFO - Tarayýcý kapatýldý.
2025-01-12 23:24:33,212 - INFO - Oy baþarýyla gönderildi.
2025-01-12 23:24:35,322 - INFO - Tarayýcý kapatýldý.
2025-01-12 23:24:35,528 - INFO - Oy baþarýyla gönderildi.
2025-01-12 23:24:37,609 - INFO - Tarayýcý kapatýldý.
2025-01-12 23:24:38,115 - INFO - Oy baþarýyla gönderildi.
2025-01-12 23:24:38,450 - INFO - Oy baþarýyla gönderildi.
2025-01-12 23:24:40,195 - INFO - Tarayýcý kapatýldý.
2025-01-12 23:24:40,551 - INFO - Tarayýcý kapatýldý.
2025-01-12 23:24:42,851 - INFO - Oy baþarýyla gönderildi.
2025-01-12 23:24:44,946 - INFO - Tarayýcý kapatýldý.
2025-01-12 23:24:45,343 - INFO - Oy baþarýyla gönderildi.
2025-01-12 23:24:47,457 - INFO - Tarayýcý kapatýldý.
2025-01-12 23:24:57,150 - INFO - Oy baþarýyla gönderildi.
2025-01-12 23:24:59,241 - INFO - Tarayýcý kapatýldý.
2025-01-12 23:25:08,934 - INFO - Oy baþarýyla gönderildi.
2025-01-12 23:25:11,059 - INFO - Tarayýcý kapatýldý.
2025-01-12 23:25:18,150 - INFO - Oy baþarýyla gönderildi.
2025-01-12 23:25:19,729 - INFO - Oy baþarýyla gönderildi.
2025-01-12 23:25:20,260 - INFO - Tarayýcý kapatýldý.
2025-01-12 23:25:21,847 - INFO - Tarayýcý kapatýldý.
2025-01-12 23:25:24,557 - INFO - Oy baþarýyla gönderildi.
2025-01-12 23:25:25,559 - INFO - Oy baþarýyla gönderildi.
2025-01-12 23:25:26,644 - INFO - Tarayýcý kapatýldý.
2025-01-12 23:25:27,670 - INFO - Tarayýcý kapatýldý.
2025-01-12 23:25:34,850 - INFO - Oy baþarýyla gönderildi.
2025-01-12 23:25:36,949 - INFO - Tarayýcý kapatýldý.
2025-01-12 23:25:41,128 - INFO - Oy baþarýyla gönderildi.
2025-01-12 23:25:43,224 - INFO - Tarayýcý kapatýldý.
2025-01-12 23:25:48,024 - INFO - Hata: HTTPConnectionPool(host='localhost', port=61516): Read timed out. (read timeout=120)
2025-01-12 23:25:54,360 - INFO - Hata: HTTPConnectionPool(host='localhost', port=61611): Read timed out. (read timeout=120)
2025-01-12 23:26:05,485 - INFO - Oy baþarýyla gönderildi.
2025-01-12 23:26:07,573 - INFO - Oy baþarýyla gönderildi.
2025-01-12 23:26:07,614 - INFO - Tarayýcý kapatýldý.
2025-01-12 23:26:09,690 - INFO - Tarayýcý kapatýldý.
2025-01-12 23:26:10,583 - INFO - Oy baþarýyla gönderildi.
2025-01-12 23:26:12,689 - INFO - Tarayýcý kapatýldý.
2025-01-12 23:26:13,825 - INFO - Oy baþarýyla gönderildi.
2025-01-12 23:26:15,942 - INFO - Tarayýcý kapatýldý.
2025-01-12 23:26:18,932 - INFO - Oy baþarýyla gönderildi.
2025-01-12 23:26:21,030 - INFO - Tarayýcý kapatýldý.
2025-01-12 23:26:30,486 - INFO - Tarayýcý kapatýldý.
2025-01-12 23:26:32,971 - INFO - Oy baþarýyla gönderildi.
2025-01-12 23:26:35,169 - INFO - Tarayýcý kapatýldý.
2025-01-12 23:26:47,774 - INFO - Oy baþarýyla gönderildi.
2025-01-12 23:26:48,234 - INFO - Oy baþarýyla gönderildi.
2025-01-12 23:26:51,195 - INFO - Tarayýcý kapatýldý.
2025-01-12 23:26:53,071 - INFO - Hata: Message: 
Stacktrace:
	GetHandleVerifier [0x00007FF6FDFAFB05+28789]
	(No symbol) [0x00007FF6FDF186E0]
	(No symbol) [0x00007FF6FDDB592A]
	(No symbol) [0x00007FF6FDE0930E]
	(No symbol) [0x00007FF6FDE095FC]
	(No symbol) [0x00007FF6FDE528A7]
	(No symbol) [0x00007FF6FDE2F47F]
	(No symbol) [0x00007FF6FDE4F654]
	(No symbol) [0x00007FF6FDE2F1E3]
	(No symbol) [0x00007FF6FDDFA938]
	(No symbol) [0x00007FF6FDDFBAA1]
	GetHandleVerifier [0x00007FF6FE2E933D+3410093]
	GetHandleVerifier [0x00007FF6FE2FE7DD+3497293]
	GetHandleVerifier [0x00007FF6FE2F2A73+3448803]
	GetHandleVerifier [0x00007FF6FE077BBB+848171]
	(No symbol) [0x00007FF6FDF23C3F]
	(No symbol) [0x00007FF6FDF1F6E4]
	(No symbol) [0x00007FF6FDF1F87D]
	(No symbol) [0x00007FF6FDF0ED49]
	BaseThreadInitThunk [0x00007FFE78CB259D+29]
	RtlUserThreadStart [0x00007FFE7958AF38+40]

2025-01-12 23:26:53,510 - INFO - Tarayýcý kapatýldý.
2025-01-12 23:26:53,911 - INFO - Oy baþarýyla gönderildi.
2025-01-12 23:26:56,685 - INFO - Tarayýcý kapatýldý.
2025-01-12 23:27:02,181 - INFO - Oy baþarýyla gönderildi.
2025-01-12 23:27:02,393 - INFO - Tarayýcý kapatýldý.
2025-01-12 23:27:02,393 - INFO - Tarayýcý kapatýldý.
2025-01-12 23:27:05,800 - INFO - Tarayýcý kapatýldý.
2025-01-12 23:27:07,050 - INFO - Oy baþarýyla gönderildi.
2025-01-12 23:27:09,752 - INFO - Tarayýcý kapatýldý.
2025-01-12 23:27:39,370 - INFO - Oy baþarýyla gönderildi.
2025-01-12 23:27:41,486 - INFO - Tarayýcý kapatýldý.
2025-01-12 23:27:51,706 - INFO - Oy baþarýyla gönderildi.
2025-01-12 23:27:53,810 - INFO - Tarayýcý kapatýldý.
2025-01-12 23:28:04,720 - INFO - Oy baþarýyla gönderildi.
2025-01-12 23:28:06,902 - INFO - Tarayýcý kapatýldý.
2025-01-12 23:28:53,437 - INFO - Oy baþarýyla gönderildi.
2025-01-12 23:28:55,617 - INFO - Tarayýcý kapatýldý.
2025-01-12 23:29:04,224 - INFO - Oy baþarýyla gönderildi.
2025-01-12 23:29:06,337 - INFO - Tarayýcý kapatýldý.
2025-01-12 23:29:16,220 - INFO - Oy baþarýyla gönderildi.
2025-01-12 23:29:16,488 - INFO - Hata: HTTPConnectionPool(host='localhost', port=63539): Read timed out. (read timeout=120)
2025-01-12 23:29:18,370 - INFO - Tarayýcý kapatýldý.
2025-01-12 23:29:20,111 - INFO - Hata: HTTPConnectionPool(host='localhost', port=63567): Read timed out. (read timeout=120)
2025-01-12 23:29:20,594 - INFO - Oy baþarýyla gönderildi.
2025-01-12 23:29:21,265 - INFO - Tarayýcý kapatýldý.
2025-01-12 23:29:22,740 - INFO - Tarayýcý kapatýldý.
2025-01-12 23:29:29,908 - INFO - Oy baþarýyla gönderildi.
2025-01-12 23:29:32,051 - INFO - Tarayýcý kapatýldý.
2025-01-12 23:29:33,382 - INFO - Oy baþarýyla gönderildi.
2025-01-12 23:29:35,526 - INFO - Tarayýcý kapatýldý.
2025-01-12 23:29:35,992 - INFO - Tarayýcý kapatýldý.
2025-01-12 23:29:41,951 - INFO - Oy baþarýyla gönderildi.
2025-01-12 23:29:44,075 - INFO - Tarayýcý kapatýldý.
2025-01-12 23:29:45,735 - INFO - Oy baþarýyla gönderildi.
2025-01-12 23:29:47,832 - INFO - Tarayýcý kapatýldý.
2025-01-12 23:29:58,148 - INFO - Oy baþarýyla gönderildi.
2025-01-12 23:30:00,245 - INFO - Tarayýcý kapatýldý.
2025-01-12 23:30:01,646 - INFO - Oy baþarýyla gönderildi.
2025-01-12 23:30:03,759 - INFO - Tarayýcý kapatýldý.
2025-01-12 23:30:12,592 - INFO - Oy baþarýyla gönderildi.
2025-01-12 23:30:14,093 - INFO - Oy baþarýyla gönderildi.
2025-01-12 23:30:14,682 - INFO - Tarayýcý kapatýldý.
2025-01-12 23:30:16,176 - INFO - Tarayýcý kapatýldý.
2025-01-12 23:30:18,034 - INFO - Oy baþarýyla gönderildi.
2025-01-12 23:30:20,146 - INFO - Tarayýcý kapatýldý.
2025-01-12 23:30:38,187 - INFO - Oy baþarýyla gönderildi.
2025-01-12 23:30:40,329 - INFO - Tarayýcý kapatýldý.
2025-01-12 23:30:42,286 - INFO - Oy baþarýyla gönderildi.
2025-01-12 23:30:44,429 - INFO - Tarayýcý kapatýldý.
2025-01-12 23:30:46,413 - INFO - Oy baþarýyla gönderildi.
2025-01-12 23:30:48,524 - INFO - Tarayýcý kapatýldý.
2025-01-12 23:30:49,218 - INFO - Oy baþarýyla gönderildi.
2025-01-12 23:30:51,319 - INFO - Tarayýcý kapatýldý.
2025-01-12 23:30:56,048 - INFO - Oy baþarýyla gönderildi.
2025-01-12 23:30:57,922 - INFO - Oy baþarýyla gönderildi.
2025-01-12 23:30:58,152 - INFO - Tarayýcý kapatýldý.
2025-01-12 23:30:59,494 - INFO - Oy baþarýyla gönderildi.
2025-01-12 23:31:00,036 - INFO - Tarayýcý kapatýldý.
2025-01-12 23:31:01,608 - INFO - Tarayýcý kapatýldý.
2025-01-12 23:31:06,761 - INFO - Oy baþarýyla gönderildi.
2025-01-12 23:31:08,861 - INFO - Tarayýcý kapatýldý.
2025-01-12 23:31:18,957 - INFO - Oy baþarýyla gönderildi.
2025-01-12 23:31:21,069 - INFO - Tarayýcý kapatýldý.
2025-01-12 23:31:45,070 - INFO - Oy baþarýyla gönderildi.
2025-01-12 23:31:47,194 - INFO - Tarayýcý kapatýldý.
2025-01-12 23:32:08,347 - INFO - Oy baþarýyla gönderildi.
2025-01-12 23:32:09,084 - INFO - Oy baþarýyla gönderildi.
2025-01-12 23:32:10,522 - INFO - Tarayýcý kapatýldý.
2025-01-12 23:32:11,287 - INFO - Tarayýcý kapatýldý.
2025-01-12 23:32:16,662 - INFO - Oy baþarýyla gönderildi.
2025-01-12 23:32:18,774 - INFO - Tarayýcý kapatýldý.
2025-01-12 23:32:30,966 - INFO - Oy baþarýyla gönderildi.
2025-01-12 23:32:33,096 - INFO - Tarayýcý kapatýldý.
2025-01-12 23:32:36,422 - INFO - Oy baþarýyla gönderildi.
2025-01-12 23:32:38,571 - INFO - Tarayýcý kapatýldý.
2025-01-12 23:32:43,001 - INFO - Oy baþarýyla gönderildi.
2025-01-12 23:32:45,160 - INFO - Tarayýcý kapatýldý.
2025-01-12 23:32:54,255 - INFO - Oy baþarýyla gönderildi.
2025-01-12 23:32:56,355 - INFO - Tarayýcý kapatýldý.
2025-01-12 23:32:59,079 - INFO - Oy baþarýyla gönderildi.
2025-01-12 23:32:59,849 - INFO - Oy baþarýyla gönderildi.
2025-01-12 23:33:01,301 - INFO - Tarayýcý kapatýldý.
2025-01-12 23:33:02,043 - INFO - Tarayýcý kapatýldý.
2025-01-12 23:33:02,328 - INFO - Oy baþarýyla gönderildi.
2025-01-12 23:33:04,519 - INFO - Tarayýcý kapatýldý.
2025-01-12 23:33:09,891 - INFO - Oy baþarýyla gönderildi.
2025-01-12 23:33:11,102 - INFO - Hata: HTTPConnectionPool(host='localhost', port=65509): Read timed out. (read timeout=120)
2025-01-12 23:33:12,039 - INFO - Tarayýcý kapatýldý.
2025-01-12 23:33:14,771 - INFO - Oy baþarýyla gönderildi.
2025-01-12 23:33:16,873 - INFO - Tarayýcý kapatýldý.
2025-01-12 23:33:19,145 - INFO - Oy baþarýyla gönderildi.
2025-01-12 23:33:21,263 - INFO - Tarayýcý kapatýldý.
2025-01-12 23:33:26,714 - INFO - Status: Stopping...
2025-01-12 23:33:35,739 - INFO - Oy baþarýyla gönderildi.
2025-01-12 23:33:37,838 - INFO - Tarayýcý kapatýldý.
2025-01-12 23:33:40,111 - INFO - Oy baþarýyla gönderildi.
2025-01-12 23:33:41,639 - INFO - Oy baþarýyla gönderildi.
2025-01-12 23:33:42,211 - INFO - Tarayýcý kapatýldý.
2025-01-12 23:33:42,559 - INFO - Oy baþarýyla gönderildi.
2025-01-12 23:33:43,507 - INFO - Oy baþarýyla gönderildi.
2025-01-12 23:33:43,714 - INFO - Tarayýcý kapatýldý.
2025-01-12 23:33:44,648 - INFO - Tarayýcý kapatýldý.
2025-01-12 23:33:45,581 - INFO - Tarayýcý kapatýldý.
2025-01-12 23:35:11,107 - WARNING - Retrying (Retry(total=2, connect=None, read=None, redirect=None, status=None)) after connection broken by 'ReadTimeoutError("HTTPConnectionPool(host='localhost', port=65509): Read timed out. (read timeout=120)")': /session/d1f65142b2726f734bde183c59f8bf32
2025-01-12 23:35:35,799 - INFO - Log cleared
2025-01-12 23:35:39,289 - INFO - Settings saved successfully
