2025-01-25 00:20:08,996 - INFO - Status: Çalýþýyor
2025-01-25 00:20:50,041 - INFO - Oy baþarýyla gönderildi.
2025-01-25 00:20:52,216 - INFO - Tarayýcý kapatýldý.
2025-01-25 00:20:54,035 - INFO - Oy baþarýyla gönderildi.
2025-01-25 00:20:54,258 - INFO - Oy baþarýyla gönderildi.
2025-01-25 00:20:56,126 - INFO - Tarayýcý kapatýldý.
2025-01-25 00:20:56,342 - INFO - Tarayýcý kapatýldý.
2025-01-25 00:20:56,447 - INFO - Oy baþarýyla gönderildi.
2025-01-25 00:20:57,537 - INFO - Oy baþarýyla gönderildi.
2025-01-25 00:20:58,540 - INFO - Tarayýcý kapatýldý.
2025-01-25 00:20:59,628 - INFO - Tarayýcý kapatýldý.
2025-01-25 00:21:08,131 - INFO - Oy baþarýyla gönderildi.
2025-01-25 00:21:10,213 - INFO - Tarayýcý kapatýldý.
2025-01-25 00:21:38,753 - INFO - Oy baþarýyla gönderildi.
2025-01-25 00:21:40,880 - INFO - Tarayýcý kapatýldý.
2025-01-25 00:21:42,217 - INFO - Oy baþarýyla gönderildi.
2025-01-25 00:21:44,397 - INFO - Tarayýcý kapatýldý.
2025-01-25 00:21:45,270 - INFO - Oy baþarýyla gönderildi.
2025-01-25 00:21:45,490 - INFO - Oy baþarýyla gönderildi.
2025-01-25 00:21:47,410 - INFO - Tarayýcý kapatýldý.
2025-01-25 00:21:47,625 - INFO - Tarayýcý kapatýldý.
2025-01-25 00:21:48,003 - INFO - Oy baþarýyla gönderildi.
2025-01-25 00:21:50,216 - INFO - Tarayýcý kapatýldý.
2025-01-25 00:22:01,082 - INFO - Oy baþarýyla gönderildi.
2025-01-25 00:22:03,230 - INFO - Tarayýcý kapatýldý.
2025-01-25 00:22:06,751 - INFO - Hata: ('Connection aborted.', ConnectionResetError(10054, 'Varolan bir baðlantý uzaktaki bir ana bilgisayar tarafýndan zorla kapatýldý', None, 10054, None))
2025-01-25 00:22:06,754 - INFO - Hata: ('Connection aborted.', ConnectionResetError(10054, 'Varolan bir baðlantý uzaktaki bir ana bilgisayar tarafýndan zorla kapatýldý', None, 10054, None))
2025-01-25 00:22:06,755 - INFO - Hata: ('Connection aborted.', ConnectionResetError(10054, 'Varolan bir baðlantý uzaktaki bir ana bilgisayar tarafýndan zorla kapatýldý', None, 10054, None))
2025-01-25 00:22:06,887 - INFO - Hata: ('Connection aborted.', ConnectionResetError(10054, 'Varolan bir baðlantý uzaktaki bir ana bilgisayar tarafýndan zorla kapatýldý', None, 10054, None))
2025-01-25 00:22:08,268 - INFO - Hata: Message: Service C:\Users\MONSTER\Desktop\VoteBot\chromedriver.exe unexpectedly exited. Status code was: 1073807364

