2025-01-12 14:57:20,985 - INFO - Status: Çalýþýyor
2025-01-12 14:58:13,565 - INFO - Oy baþarýyla gönderildi.
2025-01-12 14:58:15,744 - INFO - Tarayýcý kapatýldý.
2025-01-12 14:58:23,201 - INFO - Oy baþarýyla gönderildi.
2025-01-12 14:58:25,307 - INFO - Tarayýcý kapatýldý.
2025-01-12 14:58:29,122 - INFO - Oy baþarýyla gönderildi.
2025-01-12 14:58:31,274 - INFO - Tarayýcý kapatýldý.
2025-01-12 14:58:52,023 - INFO - Status: Stopping...
2025-01-12 14:59:00,412 - INFO - Hata: Message: 
Stacktrace:
	GetHandleVerifier [0x00007FF75A7FFB05+28789]
	(No symbol) [0x00007FF75A7686E0]
	(No symbol) [0x00007FF75A60592A]
	(No symbol) [0x00007FF75A65930E]
	(No symbol) [0x00007FF75A6595FC]
	(No symbol) [0x00007FF75A6A28A7]
	(No symbol) [0x00007FF75A67F47F]
	(No symbol) [0x00007FF75A69F654]
	(No symbol) [0x00007FF75A67F1E3]
	(No symbol) [0x00007FF75A64A938]
	(No symbol) [0x00007FF75A64BAA1]
	GetHandleVerifier [0x00007FF75AB3933D+3410093]
	GetHandleVerifier [0x00007FF75AB4E7DD+3497293]
	GetHandleVerifier [0x00007FF75AB42A73+3448803]
	GetHandleVerifier [0x00007FF75A8C7BBB+848171]
	(No symbol) [0x00007FF75A773C3F]
	(No symbol) [0x00007FF75A76F6E4]
	(No symbol) [0x00007FF75A76F87D]
	(No symbol) [0x00007FF75A75ED49]
	BaseThreadInitThunk [0x00007FFE78CB259D+29]
	RtlUserThreadStart [0x00007FFE7958AF38+40]

2025-01-12 14:59:02,527 - INFO - Tarayýcý kapatýldý.
