2025-02-06 22:09:36,650 - INFO - Status: Çalýþýyor
2025-02-06 22:10:10,574 - INFO - Oy baþarýyla gönderildi.
2025-02-06 22:10:12,367 - INFO - Oy baþarýyla gönderildi.
2025-02-06 22:10:12,407 - INFO - Oy baþarýyla gönderildi.
2025-02-06 22:10:13,796 - INFO - Tarayýcý kapatýldý.
2025-02-06 22:10:13,904 - INFO - Oy baþarýyla gönderildi.
2025-02-06 22:10:14,481 - INFO - Tarayýcý kapatýldý.
2025-02-06 22:10:14,483 - INFO - Oy baþarýyla gönderildi.
2025-02-06 22:10:14,511 - INFO - Tarayýcý kapatýldý.
2025-02-06 22:10:15,982 - INFO - Tarayýcý kapatýldý.
2025-02-06 22:10:16,548 - INFO - Tarayýcý kapatýldý.
2025-02-06 22:10:43,573 - INFO - Oy baþarýyla gönderildi.
2025-02-06 22:10:43,685 - INFO - Oy baþarýyla gönderildi.
2025-02-06 22:10:43,977 - INFO - Oy baþarýyla gönderildi.
2025-02-06 22:10:44,286 - INFO - Oy baþarýyla gönderildi.
2025-02-06 22:10:45,652 - INFO - Tarayýcý kapatýldý.
2025-02-06 22:10:45,764 - INFO - Tarayýcý kapatýldý.
2025-02-06 22:10:46,056 - INFO - Tarayýcý kapatýldý.
2025-02-06 22:10:46,291 - INFO - Oy baþarýyla gönderildi.
2025-02-06 22:10:46,385 - INFO - Tarayýcý kapatýldý.
2025-02-06 22:10:48,375 - INFO - Tarayýcý kapatýldý.
2025-02-06 22:11:07,254 - INFO - Oy baþarýyla gönderildi.
2025-02-06 22:11:09,350 - INFO - Tarayýcý kapatýldý.
2025-02-06 22:11:12,296 - INFO - Oy baþarýyla gönderildi.
2025-02-06 22:11:12,913 - INFO - Oy baþarýyla gönderildi.
2025-02-06 22:11:14,376 - INFO - Tarayýcý kapatýldý.
2025-02-06 22:11:14,860 - INFO - Oy baþarýyla gönderildi.
2025-02-06 22:11:14,985 - INFO - Tarayýcý kapatýldý.
2025-02-06 22:11:15,885 - INFO - Oy baþarýyla gönderildi.
2025-02-06 22:11:16,942 - INFO - Tarayýcý kapatýldý.
2025-02-06 22:11:17,956 - INFO - Tarayýcý kapatýldý.
2025-02-06 22:11:31,454 - INFO - Hata: Message: 
Stacktrace:
	GetHandleVerifier [0x00007FF6F005FB05+28789]
	(No symbol) [0x00007FF6EFFC86E0]
	(No symbol) [0x00007FF6EFE6592A]
	(No symbol) [0x00007FF6EFEB930E]
	(No symbol) [0x00007FF6EFEB95FC]
	(No symbol) [0x00007FF6EFF028A7]
	(No symbol) [0x00007FF6EFEDF47F]
	(No symbol) [0x00007FF6EFEFF654]
	(No symbol) [0x00007FF6EFEDF1E3]
	(No symbol) [0x00007FF6EFEAA938]
	(No symbol) [0x00007FF6EFEABAA1]
	GetHandleVerifier [0x00007FF6F039933D+3410093]
	GetHandleVerifier [0x00007FF6F03AE7DD+3497293]
	GetHandleVerifier [0x00007FF6F03A2A73+3448803]
	GetHandleVerifier [0x00007FF6F0127BBB+848171]
	(No symbol) [0x00007FF6EFFD3C3F]
	(No symbol) [0x00007FF6EFFCF6E4]
	(No symbol) [0x00007FF6EFFCF87D]
	(No symbol) [0x00007FF6EFFBED49]
	BaseThreadInitThunk [0x00007FFF770A259D+29]
	RtlUserThreadStart [0x00007FFF786EAF38+40]

2025-02-06 22:11:34,853 - INFO - Oy baþarýyla gönderildi.
2025-02-06 22:11:35,118 - INFO - Tarayýcý kapatýldý.
2025-02-06 22:11:36,934 - INFO - Tarayýcý kapatýldý.
2025-02-06 22:11:38,765 - INFO - Oy baþarýyla gönderildi.
2025-02-06 22:11:40,930 - INFO - Tarayýcý kapatýldý.
2025-02-06 22:11:42,330 - INFO - Oy baþarýyla gönderildi.
2025-02-06 22:11:43,659 - INFO - Oy baþarýyla gönderildi.
2025-02-06 22:11:44,415 - INFO - Tarayýcý kapatýldý.
2025-02-06 22:11:45,750 - INFO - Tarayýcý kapatýldý.
2025-02-06 22:11:52,009 - INFO - Oy baþarýyla gönderildi.
2025-02-06 22:11:54,115 - INFO - Tarayýcý kapatýldý.
2025-02-06 22:12:03,123 - INFO - Oy baþarýyla gönderildi.
2025-02-06 22:12:07,072 - INFO - Tarayýcý kapatýldý.
2025-02-06 22:12:07,457 - INFO - Oy baþarýyla gönderildi.
2025-02-06 22:12:12,049 - INFO - Tarayýcý kapatýldý.
2025-02-06 22:12:12,423 - INFO - Oy baþarýyla gönderildi.
2025-02-06 22:12:13,476 - INFO - Oy baþarýyla gönderildi.
2025-02-06 22:12:16,013 - INFO - Tarayýcý kapatýldý.
2025-02-06 22:12:17,806 - INFO - Tarayýcý kapatýldý.
2025-02-06 22:12:20,956 - INFO - Oy baþarýyla gönderildi.
2025-02-06 22:12:23,223 - INFO - Tarayýcý kapatýldý.
2025-02-06 22:12:42,435 - INFO - Oy baþarýyla gönderildi.
2025-02-06 22:12:44,534 - INFO - Tarayýcý kapatýldý.
2025-02-06 22:12:44,568 - INFO - Oy baþarýyla gönderildi.
2025-02-06 22:12:44,680 - INFO - Oy baþarýyla gönderildi.
2025-02-06 22:12:45,718 - INFO - Oy baþarýyla gönderildi.
2025-02-06 22:12:46,678 - INFO - Tarayýcý kapatýldý.
2025-02-06 22:12:46,770 - INFO - Tarayýcý kapatýldý.
2025-02-06 22:12:47,790 - INFO - Tarayýcý kapatýldý.
2025-02-06 22:12:48,668 - INFO - Oy baþarýyla gönderildi.
2025-02-06 22:12:50,732 - INFO - Tarayýcý kapatýldý.
2025-02-06 22:12:59,821 - INFO - Oy baþarýyla gönderildi.
2025-02-06 22:13:01,913 - INFO - Tarayýcý kapatýldý.
2025-02-06 22:13:09,814 - INFO - Oy baþarýyla gönderildi.
2025-02-06 22:13:11,902 - INFO - Tarayýcý kapatýldý.
2025-02-06 22:13:14,529 - INFO - Oy baþarýyla gönderildi.
2025-02-06 22:13:15,030 - INFO - Oy baþarýyla gönderildi.
2025-02-06 22:13:16,639 - INFO - Tarayýcý kapatýldý.
2025-02-06 22:13:16,665 - INFO - Oy baþarýyla gönderildi.
2025-02-06 22:13:17,104 - INFO - Tarayýcý kapatýldý.
2025-02-06 22:13:18,739 - INFO - Tarayýcý kapatýldý.
2025-02-06 22:13:21,089 - INFO - Oy baþarýyla gönderildi.
2025-02-06 22:13:23,180 - INFO - Tarayýcý kapatýldý.
2025-02-06 22:13:29,989 - INFO - Oy baþarýyla gönderildi.
2025-02-06 22:13:32,079 - INFO - Tarayýcý kapatýldý.
2025-02-06 22:13:40,093 - INFO - Oy baþarýyla gönderildi.
2025-02-06 22:13:42,171 - INFO - Tarayýcý kapatýldý.
2025-02-06 22:13:45,177 - INFO - Oy baþarýyla gönderildi.
2025-02-06 22:13:47,269 - INFO - Tarayýcý kapatýldý.
2025-02-06 22:13:49,272 - INFO - Oy baþarýyla gönderildi.
2025-02-06 22:13:49,704 - INFO - Oy baþarýyla gönderildi.
2025-02-06 22:13:50,993 - INFO - Oy baþarýyla gönderildi.
2025-02-06 22:13:51,342 - INFO - Tarayýcý kapatýldý.
2025-02-06 22:13:51,772 - INFO - Tarayýcý kapatýldý.
2025-02-06 22:13:53,137 - INFO - Tarayýcý kapatýldý.
2025-02-06 22:14:00,917 - INFO - Oy baþarýyla gönderildi.
2025-02-06 22:14:02,998 - INFO - Tarayýcý kapatýldý.
2025-02-06 22:14:16,391 - INFO - Oy baþarýyla gönderildi.
2025-02-06 22:14:18,491 - INFO - Tarayýcý kapatýldý.
2025-02-06 22:14:20,273 - INFO - Oy baþarýyla gönderildi.
2025-02-06 22:14:20,406 - INFO - Oy baþarýyla gönderildi.
2025-02-06 22:14:20,603 - INFO - Oy baþarýyla gönderildi.
2025-02-06 22:14:22,363 - INFO - Tarayýcý kapatýldý.
2025-02-06 22:14:22,488 - INFO - Tarayýcý kapatýldý.
2025-02-06 22:14:22,674 - INFO - Tarayýcý kapatýldý.
2025-02-06 22:14:43,415 - INFO - Oy baþarýyla gönderildi.
2025-02-06 22:14:44,377 - INFO - Oy baþarýyla gönderildi.
2025-02-06 22:14:45,494 - INFO - Tarayýcý kapatýldý.
2025-02-06 22:14:46,460 - INFO - Tarayýcý kapatýldý.
2025-02-06 22:14:46,860 - INFO - Oy baþarýyla gönderildi.
2025-02-06 22:14:48,936 - INFO - Tarayýcý kapatýldý.
2025-02-06 22:14:49,554 - INFO - Oy baþarýyla gönderildi.
2025-02-06 22:14:51,631 - INFO - Tarayýcý kapatýldý.
2025-02-06 22:15:01,032 - INFO - Oy baþarýyla gönderildi.
2025-02-06 22:15:03,125 - INFO - Tarayýcý kapatýldý.
2025-02-06 22:15:11,378 - INFO - Oy baþarýyla gönderildi.
2025-02-06 22:15:12,287 - INFO - Oy baþarýyla gönderildi.
2025-02-06 22:15:13,992 - INFO - Tarayýcý kapatýldý.
2025-02-06 22:15:14,366 - INFO - Tarayýcý kapatýldý.
2025-02-06 22:15:14,399 - INFO - Oy baþarýyla gönderildi.
2025-02-06 22:15:16,477 - INFO - Tarayýcý kapatýldý.
2025-02-06 22:15:19,174 - INFO - Oy baþarýyla gönderildi.
2025-02-06 22:15:21,241 - INFO - Tarayýcý kapatýldý.
2025-02-06 22:15:33,734 - INFO - Oy baþarýyla gönderildi.
2025-02-06 22:15:35,831 - INFO - Tarayýcý kapatýldý.
2025-02-06 22:15:40,747 - INFO - Oy baþarýyla gönderildi.
2025-02-06 22:15:41,159 - INFO - Oy baþarýyla gönderildi.
2025-02-06 22:15:42,826 - INFO - Tarayýcý kapatýldý.
2025-02-06 22:15:43,230 - INFO - Tarayýcý kapatýldý.
2025-02-06 22:15:45,541 - INFO - Oy baþarýyla gönderildi.
2025-02-06 22:15:47,615 - INFO - Tarayýcý kapatýldý.
2025-02-06 22:15:49,647 - INFO - Oy baþarýyla gönderildi.
2025-02-06 22:15:51,726 - INFO - Tarayýcý kapatýldý.
2025-02-06 22:15:58,450 - INFO - Oy baþarýyla gönderildi.
2025-02-06 22:16:00,539 - INFO - Tarayýcý kapatýldý.
2025-02-06 22:16:08,314 - INFO - Oy baþarýyla gönderildi.
2025-02-06 22:16:08,644 - INFO - Oy baþarýyla gönderildi.
2025-02-06 22:16:10,392 - INFO - Tarayýcý kapatýldý.
2025-02-06 22:16:10,719 - INFO - Tarayýcý kapatýldý.
2025-02-06 22:16:12,174 - INFO - Oy baþarýyla gönderildi.
2025-02-06 22:16:12,962 - INFO - Oy baþarýyla gönderildi.
2025-02-06 22:16:14,279 - INFO - Tarayýcý kapatýldý.
2025-02-06 22:16:15,040 - INFO - Tarayýcý kapatýldý.
2025-02-06 22:16:17,087 - INFO - Oy baþarýyla gönderildi.
2025-02-06 22:16:19,170 - INFO - Tarayýcý kapatýldý.
2025-02-06 22:16:25,364 - INFO - Oy baþarýyla gönderildi.
2025-02-06 22:16:27,448 - INFO - Tarayýcý kapatýldý.
2025-02-06 22:16:34,386 - INFO - Oy baþarýyla gönderildi.
2025-02-06 22:16:36,488 - INFO - Tarayýcý kapatýldý.
2025-02-06 22:16:41,595 - INFO - Oy baþarýyla gönderildi.
2025-02-06 22:16:43,286 - INFO - Oy baþarýyla gönderildi.
2025-02-06 22:16:43,696 - INFO - Tarayýcý kapatýldý.
2025-02-06 22:16:45,364 - INFO - Tarayýcý kapatýldý.
2025-02-06 22:16:51,638 - INFO - Oy baþarýyla gönderildi.
2025-02-06 22:16:52,242 - INFO - Oy baþarýyla gönderildi.
2025-02-06 22:16:53,719 - INFO - Tarayýcý kapatýldý.
2025-02-06 22:16:54,330 - INFO - Tarayýcý kapatýldý.
2025-02-06 22:16:59,080 - INFO - Oy baþarýyla gönderildi.
2025-02-06 22:17:01,164 - INFO - Tarayýcý kapatýldý.
2025-02-06 22:17:05,329 - INFO - Oy baþarýyla gönderildi.
2025-02-06 22:17:07,113 - INFO - Oy baþarýyla gönderildi.
2025-02-06 22:17:07,420 - INFO - Tarayýcý kapatýldý.
2025-02-06 22:17:09,198 - INFO - Tarayýcý kapatýldý.
2025-02-06 22:17:15,182 - INFO - Oy baþarýyla gönderildi.
2025-02-06 22:17:17,273 - INFO - Tarayýcý kapatýldý.
2025-02-06 22:17:25,489 - INFO - Oy baþarýyla gönderildi.
2025-02-06 22:17:27,573 - INFO - Tarayýcý kapatýldý.
2025-02-06 22:17:30,624 - INFO - Oy baþarýyla gönderildi.
2025-02-06 22:17:32,702 - INFO - Tarayýcý kapatýldý.
2025-02-06 22:17:32,808 - INFO - Oy baþarýyla gönderildi.
2025-02-06 22:17:33,371 - INFO - Oy baþarýyla gönderildi.
2025-02-06 22:17:34,243 - INFO - Oy baþarýyla gönderildi.
2025-02-06 22:17:34,899 - INFO - Tarayýcý kapatýldý.
2025-02-06 22:17:35,875 - INFO - Tarayýcý kapatýldý.
2025-02-06 22:17:36,340 - INFO - Tarayýcý kapatýldý.
2025-02-06 22:17:40,037 - INFO - Oy baþarýyla gönderildi.
2025-02-06 22:17:42,179 - INFO - Tarayýcý kapatýldý.
2025-02-06 22:17:50,715 - INFO - Oy baþarýyla gönderildi.
2025-02-06 22:17:52,813 - INFO - Tarayýcý kapatýldý.
2025-02-06 22:18:08,061 - INFO - Oy baþarýyla gönderildi.
2025-02-06 22:18:09,076 - INFO - Oy baþarýyla gönderildi.
2025-02-06 22:18:10,144 - INFO - Tarayýcý kapatýldý.
2025-02-06 22:18:11,184 - INFO - Tarayýcý kapatýldý.
2025-02-06 22:18:14,427 - INFO - Oy baþarýyla gönderildi.
2025-02-06 22:18:16,502 - INFO - Tarayýcý kapatýldý.
2025-02-06 22:18:17,418 - INFO - Oy baþarýyla gönderildi.
2025-02-06 22:18:18,004 - INFO - Oy baþarýyla gönderildi.
2025-02-06 22:18:19,534 - INFO - Tarayýcý kapatýldý.
2025-02-06 22:18:20,110 - INFO - Tarayýcý kapatýldý.
2025-02-06 22:18:32,886 - INFO - Oy baþarýyla gönderildi.
2025-02-06 22:18:35,026 - INFO - Tarayýcý kapatýldý.
2025-02-06 22:18:37,204 - INFO - Oy baþarýyla gönderildi.
2025-02-06 22:18:39,280 - INFO - Tarayýcý kapatýldý.
2025-02-06 22:18:43,719 - INFO - Oy baþarýyla gönderildi.
2025-02-06 22:18:44,172 - INFO - Oy baþarýyla gönderildi.
2025-02-06 22:18:45,810 - INFO - Tarayýcý kapatýldý.
2025-02-06 22:18:46,184 - INFO - Oy baþarýyla gönderildi.
2025-02-06 22:18:46,281 - INFO - Tarayýcý kapatýldý.
2025-02-06 22:18:48,259 - INFO - Tarayýcý kapatýldý.
2025-02-06 22:18:56,640 - INFO - Oy baþarýyla gönderildi.
2025-02-06 22:18:58,738 - INFO - Tarayýcý kapatýldý.
2025-02-06 22:19:19,038 - INFO - Oy baþarýyla gönderildi.
2025-02-06 22:19:21,131 - INFO - Tarayýcý kapatýldý.
2025-02-06 22:19:22,831 - INFO - Oy baþarýyla gönderildi.
2025-02-06 22:19:23,627 - INFO - Oy baþarýyla gönderildi.
2025-02-06 22:19:24,698 - INFO - Oy baþarýyla gönderildi.
2025-02-06 22:19:24,916 - INFO - Tarayýcý kapatýldý.
2025-02-06 22:19:25,705 - INFO - Tarayýcý kapatýldý.
2025-02-06 22:19:26,262 - INFO - Oy baþarýyla gönderildi.
2025-02-06 22:19:26,784 - INFO - Tarayýcý kapatýldý.
2025-02-06 22:19:28,350 - INFO - Tarayýcý kapatýldý.
2025-02-06 22:20:06,572 - INFO - Oy baþarýyla gönderildi.
2025-02-06 22:20:09,074 - INFO - Tarayýcý kapatýldý.
2025-02-06 22:20:09,118 - INFO - Oy baþarýyla gönderildi.
2025-02-06 22:20:09,399 - INFO - Oy baþarýyla gönderildi.
2025-02-06 22:20:10,180 - INFO - Oy baþarýyla gönderildi.
2025-02-06 22:20:11,206 - INFO - Tarayýcý kapatýldý.
2025-02-06 22:20:11,485 - INFO - Tarayýcý kapatýldý.
2025-02-06 22:20:11,910 - INFO - Oy baþarýyla gönderildi.
2025-02-06 22:20:12,260 - INFO - Tarayýcý kapatýldý.
2025-02-06 22:20:13,989 - INFO - Tarayýcý kapatýldý.
2025-02-06 22:20:25,628 - INFO - Oy baþarýyla gönderildi.
2025-02-06 22:20:27,706 - INFO - Tarayýcý kapatýldý.
2025-02-06 22:20:34,051 - INFO - Oy baþarýyla gönderildi.
2025-02-06 22:20:34,166 - INFO - Oy baþarýyla gönderildi.
2025-02-06 22:20:35,296 - INFO - Oy baþarýyla gönderildi.
2025-02-06 22:20:36,133 - INFO - Tarayýcý kapatýldý.
2025-02-06 22:20:36,255 - INFO - Tarayýcý kapatýldý.
2025-02-06 22:20:37,376 - INFO - Tarayýcý kapatýldý.
2025-02-06 22:20:40,663 - INFO - Oy baþarýyla gönderildi.
2025-02-06 22:20:42,733 - INFO - Tarayýcý kapatýldý.
2025-02-06 22:20:56,512 - INFO - Oy baþarýyla gönderildi.
2025-02-06 22:20:58,601 - INFO - Tarayýcý kapatýldý.
2025-02-06 22:20:59,250 - INFO - Oy baþarýyla gönderildi.
2025-02-06 22:20:59,978 - INFO - Oy baþarýyla gönderildi.
2025-02-06 22:21:01,342 - INFO - Tarayýcý kapatýldý.
2025-02-06 22:21:01,670 - INFO - Oy baþarýyla gönderildi.
2025-02-06 22:21:02,054 - INFO - Tarayýcý kapatýldý.
2025-02-06 22:21:03,751 - INFO - Tarayýcý kapatýldý.
2025-02-06 22:21:19,232 - INFO - Oy baþarýyla gönderildi.
2025-02-06 22:21:21,320 - INFO - Tarayýcý kapatýldý.
2025-02-06 22:21:23,863 - INFO - Oy baþarýyla gönderildi.
2025-02-06 22:21:25,277 - INFO - Oy baþarýyla gönderildi.
2025-02-06 22:21:25,430 - INFO - Oy baþarýyla gönderildi.
2025-02-06 22:21:25,948 - INFO - Tarayýcý kapatýldý.
2025-02-06 22:21:27,373 - INFO - Tarayýcý kapatýldý.
2025-02-06 22:21:27,511 - INFO - Tarayýcý kapatýldý.
2025-02-06 22:21:32,711 - INFO - Oy baþarýyla gönderildi.
2025-02-06 22:21:34,783 - INFO - Tarayýcý kapatýldý.
2025-02-06 22:21:48,193 - INFO - Oy baþarýyla gönderildi.
2025-02-06 22:21:50,278 - INFO - Tarayýcý kapatýldý.
2025-02-06 22:21:51,293 - INFO - Oy baþarýyla gönderildi.
2025-02-06 22:21:51,466 - INFO - Oy baþarýyla gönderildi.
2025-02-06 22:21:53,100 - INFO - Oy baþarýyla gönderildi.
2025-02-06 22:21:53,382 - INFO - Tarayýcý kapatýldý.
2025-02-06 22:21:53,536 - INFO - Tarayýcý kapatýldý.
2025-02-06 22:21:55,175 - INFO - Tarayýcý kapatýldý.
2025-02-06 22:22:05,567 - INFO - Oy baþarýyla gönderildi.
2025-02-06 22:22:07,698 - INFO - Tarayýcý kapatýldý.
2025-02-06 22:22:13,032 - INFO - Oy baþarýyla gönderildi.
2025-02-06 22:22:14,523 - INFO - Oy baþarýyla gönderildi.
2025-02-06 22:22:15,141 - INFO - Tarayýcý kapatýldý.
2025-02-06 22:22:16,221 - INFO - Oy baþarýyla gönderildi.
2025-02-06 22:22:16,608 - INFO - Tarayýcý kapatýldý.
2025-02-06 22:22:18,310 - INFO - Tarayýcý kapatýldý.
2025-02-06 22:22:21,081 - INFO - Oy baþarýyla gönderildi.
2025-02-06 22:22:23,145 - INFO - Tarayýcý kapatýldý.
2025-02-06 22:22:37,529 - INFO - Oy baþarýyla gönderildi.
2025-02-06 22:22:39,611 - INFO - Tarayýcý kapatýldý.
2025-02-06 22:22:42,676 - INFO - Oy baþarýyla gönderildi.
2025-02-06 22:22:44,138 - INFO - Oy baþarýyla gönderildi.
2025-02-06 22:22:44,590 - INFO - Oy baþarýyla gönderildi.
2025-02-06 22:22:44,750 - INFO - Tarayýcý kapatýldý.
2025-02-06 22:22:46,222 - INFO - Tarayýcý kapatýldý.
2025-02-06 22:22:46,654 - INFO - Tarayýcý kapatýldý.
2025-02-06 22:22:51,523 - INFO - Oy baþarýyla gönderildi.
2025-02-06 22:22:53,602 - INFO - Tarayýcý kapatýldý.
2025-02-06 22:23:04,225 - INFO - Oy baþarýyla gönderildi.
2025-02-06 22:23:06,340 - INFO - Tarayýcý kapatýldý.
2025-02-06 22:23:10,234 - INFO - Oy baþarýyla gönderildi.
2025-02-06 22:23:12,029 - INFO - Oy baþarýyla gönderildi.
2025-02-06 22:23:12,106 - INFO - Oy baþarýyla gönderildi.
2025-02-06 22:23:12,325 - INFO - Tarayýcý kapatýldý.
2025-02-06 22:23:14,628 - INFO - Tarayýcý kapatýldý.
2025-02-06 22:23:14,628 - INFO - Tarayýcý kapatýldý.
2025-02-06 22:23:22,640 - INFO - Oy baþarýyla gönderildi.
2025-02-06 22:23:24,773 - INFO - Tarayýcý kapatýldý.
2025-02-06 22:23:38,644 - INFO - Oy baþarýyla gönderildi.
2025-02-06 22:23:40,726 - INFO - Tarayýcý kapatýldý.
2025-02-06 22:23:40,817 - INFO - Oy baþarýyla gönderildi.
2025-02-06 22:23:41,270 - INFO - Oy baþarýyla gönderildi.
2025-02-06 22:23:42,225 - INFO - Oy baþarýyla gönderildi.
2025-02-06 22:23:42,884 - INFO - Tarayýcý kapatýldý.
2025-02-06 22:23:43,375 - INFO - Tarayýcý kapatýldý.
2025-02-06 22:23:44,311 - INFO - Tarayýcý kapatýldý.
2025-02-06 22:24:03,378 - INFO - Oy baþarýyla gönderildi.
2025-02-06 22:24:05,766 - INFO - Tarayýcý kapatýldý.
2025-02-06 22:24:10,707 - INFO - Oy baþarýyla gönderildi.
2025-02-06 22:24:12,138 - INFO - Oy baþarýyla gönderildi.
2025-02-06 22:24:13,163 - INFO - Tarayýcý kapatýldý.
2025-02-06 22:24:14,269 - INFO - Oy baþarýyla gönderildi.
2025-02-06 22:24:14,279 - INFO - Oy baþarýyla gönderildi.
2025-02-06 22:24:14,421 - INFO - Tarayýcý kapatýldý.
2025-02-06 22:24:16,339 - INFO - Tarayýcý kapatýldý.
2025-02-06 22:24:17,084 - INFO - Tarayýcý kapatýldý.
2025-02-06 22:24:26,494 - INFO - Oy baþarýyla gönderildi.
2025-02-06 22:24:28,584 - INFO - Tarayýcý kapatýldý.
2025-02-06 22:24:42,668 - INFO - Oy baþarýyla gönderildi.
2025-02-06 22:24:44,753 - INFO - Tarayýcý kapatýldý.
2025-02-06 22:24:44,999 - INFO - Oy baþarýyla gönderildi.
2025-02-06 22:24:46,609 - INFO - Oy baþarýyla gönderildi.
2025-02-06 22:24:47,073 - INFO - Tarayýcý kapatýldý.
2025-02-06 22:24:47,814 - INFO - Oy baþarýyla gönderildi.
2025-02-06 22:24:48,687 - INFO - Tarayýcý kapatýldý.
2025-02-06 22:24:49,236 - INFO - Oy baþarýyla gönderildi.
2025-02-06 22:24:49,888 - INFO - Tarayýcý kapatýldý.
2025-02-06 22:24:51,314 - INFO - Tarayýcý kapatýldý.
2025-02-06 22:25:08,809 - INFO - Oy baþarýyla gönderildi.
2025-02-06 22:25:09,136 - INFO - Oy baþarýyla gönderildi.
2025-02-06 22:25:10,904 - INFO - Tarayýcý kapatýldý.
2025-02-06 22:25:11,201 - INFO - Tarayýcý kapatýldý.
2025-02-06 22:25:11,945 - INFO - Oy baþarýyla gönderildi.
2025-02-06 22:25:13,111 - INFO - Oy baþarýyla gönderildi.
2025-02-06 22:25:14,027 - INFO - Tarayýcý kapatýldý.
2025-02-06 22:25:15,157 - INFO - Oy baþarýyla gönderildi.
2025-02-06 22:25:15,185 - INFO - Tarayýcý kapatýldý.
2025-02-06 22:25:17,246 - INFO - Tarayýcý kapatýldý.
2025-02-06 22:25:42,681 - INFO - Oy baþarýyla gönderildi.
2025-02-06 22:25:43,524 - INFO - Oy baþarýyla gönderildi.
2025-02-06 22:25:44,093 - INFO - Oy baþarýyla gönderildi.
2025-02-06 22:25:45,037 - INFO - Tarayýcý kapatýldý.
2025-02-06 22:25:45,610 - INFO - Tarayýcý kapatýldý.
2025-02-06 22:25:45,783 - INFO - Oy baþarýyla gönderildi.
2025-02-06 22:25:45,950 - INFO - Oy baþarýyla gönderildi.
2025-02-06 22:25:46,174 - INFO - Tarayýcý kapatýldý.
2025-02-06 22:25:47,878 - INFO - Tarayýcý kapatýldý.
2025-02-06 22:25:48,031 - INFO - Tarayýcý kapatýldý.
2025-02-06 22:26:14,633 - INFO - Oy baþarýyla gönderildi.
2025-02-06 22:26:15,898 - INFO - Oy baþarýyla gönderildi.
2025-02-06 22:26:16,279 - INFO - Oy baþarýyla gönderildi.
2025-02-06 22:26:16,715 - INFO - Tarayýcý kapatýldý.
2025-02-06 22:26:17,534 - INFO - Oy baþarýyla gönderildi.
2025-02-06 22:26:17,945 - INFO - Oy baþarýyla gönderildi.
2025-02-06 22:26:18,317 - INFO - Tarayýcý kapatýldý.
2025-02-06 22:26:18,378 - INFO - Tarayýcý kapatýldý.
2025-02-06 22:26:19,611 - INFO - Tarayýcý kapatýldý.
2025-02-06 22:26:20,010 - INFO - Tarayýcý kapatýldý.
2025-02-06 22:26:44,797 - INFO - Oy baþarýyla gönderildi.
2025-02-06 22:26:46,878 - INFO - Tarayýcý kapatýldý.
2025-02-06 22:26:47,781 - INFO - Oy baþarýyla gönderildi.
2025-02-06 22:26:50,393 - INFO - Tarayýcý kapatýldý.
2025-02-06 22:26:51,353 - INFO - Oy baþarýyla gönderildi.
2025-02-06 22:26:53,420 - INFO - Tarayýcý kapatýldý.
2025-02-06 22:26:54,129 - INFO - Oy baþarýyla gönderildi.
2025-02-06 22:26:55,183 - INFO - Oy baþarýyla gönderildi.
2025-02-06 22:26:56,269 - INFO - Tarayýcý kapatýldý.
2025-02-06 22:26:57,266 - INFO - Tarayýcý kapatýldý.
2025-02-06 22:27:07,738 - INFO - Oy baþarýyla gönderildi.
2025-02-06 22:27:09,828 - INFO - Tarayýcý kapatýldý.
2025-02-06 22:27:11,119 - INFO - Oy baþarýyla gönderildi.
2025-02-06 22:27:13,219 - INFO - Tarayýcý kapatýldý.
2025-02-06 22:27:16,165 - INFO - Oy baþarýyla gönderildi.
2025-02-06 22:27:17,512 - INFO - Oy baþarýyla gönderildi.
2025-02-06 22:27:18,232 - INFO - Tarayýcý kapatýldý.
2025-02-06 22:27:19,588 - INFO - Tarayýcý kapatýldý.
2025-02-06 22:27:20,214 - INFO - Oy baþarýyla gönderildi.
2025-02-06 22:27:22,430 - INFO - Tarayýcý kapatýldý.
2025-02-06 22:27:28,056 - INFO - Oy baþarýyla gönderildi.
2025-02-06 22:27:30,145 - INFO - Tarayýcý kapatýldý.
2025-02-06 22:27:38,801 - INFO - Oy baþarýyla gönderildi.
2025-02-06 22:27:40,897 - INFO - Tarayýcý kapatýldý.
2025-02-06 22:27:41,982 - INFO - Oy baþarýyla gönderildi.
2025-02-06 22:27:44,060 - INFO - Tarayýcý kapatýldý.
2025-02-06 22:27:49,256 - INFO - Oy baþarýyla gönderildi.
2025-02-06 22:27:49,804 - INFO - Oy baþarýyla gönderildi.
2025-02-06 22:27:51,324 - INFO - Tarayýcý kapatýldý.
2025-02-06 22:27:51,898 - INFO - Tarayýcý kapatýldý.
2025-02-06 22:27:57,948 - INFO - Oy baþarýyla gönderildi.
2025-02-06 22:28:00,030 - INFO - Tarayýcý kapatýldý.
2025-02-06 22:28:06,700 - INFO - Oy baþarýyla gönderildi.
2025-02-06 22:28:07,551 - INFO - Oy baþarýyla gönderildi.
2025-02-06 22:28:08,815 - INFO - Tarayýcý kapatýldý.
2025-02-06 22:28:09,636 - INFO - Tarayýcý kapatýldý.
2025-02-06 22:28:17,526 - INFO - Oy baþarýyla gönderildi.
2025-02-06 22:28:19,194 - INFO - Oy baþarýyla gönderildi.
2025-02-06 22:28:19,615 - INFO - Tarayýcý kapatýldý.
2025-02-06 22:28:21,279 - INFO - Tarayýcý kapatýldý.
2025-02-06 22:28:23,666 - INFO - Oy baþarýyla gönderildi.
2025-02-06 22:28:24,065 - INFO - Oy baþarýyla gönderildi.
2025-02-06 22:28:25,745 - INFO - Tarayýcý kapatýldý.
2025-02-06 22:28:26,144 - INFO - Tarayýcý kapatýldý.
2025-02-06 22:28:35,460 - INFO - Oy baþarýyla gönderildi.
2025-02-06 22:28:37,555 - INFO - Tarayýcý kapatýldý.
2025-02-06 22:28:42,462 - INFO - Oy baþarýyla gönderildi.
2025-02-06 22:28:44,535 - INFO - Tarayýcý kapatýldý.
2025-02-06 22:28:46,504 - INFO - Oy baþarýyla gönderildi.
2025-02-06 22:28:48,598 - INFO - Tarayýcý kapatýldý.
2025-02-06 22:28:52,079 - INFO - Oy baþarýyla gönderildi.
2025-02-06 22:28:52,187 - INFO - Oy baþarýyla gönderildi.
2025-02-06 22:28:54,159 - INFO - Tarayýcý kapatýldý.
2025-02-06 22:28:54,376 - INFO - Tarayýcý kapatýldý.
2025-02-06 22:28:58,007 - INFO - Oy baþarýyla gönderildi.
2025-02-06 22:29:00,116 - INFO - Tarayýcý kapatýldý.
2025-02-06 22:29:08,462 - INFO - Oy baþarýyla gönderildi.
2025-02-06 22:29:10,543 - INFO - Tarayýcý kapatýldý.
2025-02-06 22:29:12,175 - INFO - Oy baþarýyla gönderildi.
2025-02-06 22:29:13,751 - INFO - Oy baþarýyla gönderildi.
2025-02-06 22:29:14,255 - INFO - Tarayýcý kapatýldý.
2025-02-06 22:29:15,819 - INFO - Tarayýcý kapatýldý.
2025-02-06 22:29:15,914 - INFO - Oy baþarýyla gönderildi.
2025-02-06 22:29:17,991 - INFO - Tarayýcý kapatýldý.
2025-02-06 22:29:23,260 - INFO - Oy baþarýyla gönderildi.
2025-02-06 22:29:25,344 - INFO - Tarayýcý kapatýldý.
2025-02-06 22:29:26,514 - INFO - Oy baþarýyla gönderildi.
2025-02-06 22:29:28,587 - INFO - Tarayýcý kapatýldý.
2025-02-06 22:29:36,356 - INFO - Oy baþarýyla gönderildi.
2025-02-06 22:29:37,314 - INFO - Oy baþarýyla gönderildi.
2025-02-06 22:29:38,446 - INFO - Tarayýcý kapatýldý.
2025-02-06 22:29:39,394 - INFO - Tarayýcý kapatýldý.
2025-02-06 22:29:44,277 - INFO - Oy baþarýyla gönderildi.
2025-02-06 22:29:46,349 - INFO - Tarayýcý kapatýldý.
2025-02-06 22:29:46,677 - INFO - Oy baþarýyla gönderildi.
2025-02-06 22:29:48,761 - INFO - Tarayýcý kapatýldý.
2025-02-06 22:29:53,616 - INFO - Oy baþarýyla gönderildi.
2025-02-06 22:29:55,708 - INFO - Tarayýcý kapatýldý.
2025-02-06 22:30:03,506 - INFO - Oy baþarýyla gönderildi.
2025-02-06 22:30:06,109 - INFO - Tarayýcý kapatýldý.
2025-02-06 22:30:06,140 - INFO - Oy baþarýyla gönderildi.
2025-02-06 22:30:07,401 - INFO - Oy baþarýyla gönderildi.
2025-02-06 22:30:08,219 - INFO - Tarayýcý kapatýldý.
2025-02-06 22:30:09,486 - INFO - Tarayýcý kapatýldý.
2025-02-06 22:30:12,312 - INFO - Oy baþarýyla gönderildi.
2025-02-06 22:30:14,394 - INFO - Tarayýcý kapatýldý.
2025-02-06 22:30:21,651 - INFO - Oy baþarýyla gönderildi.
2025-02-06 22:30:23,731 - INFO - Tarayýcý kapatýldý.
2025-02-06 22:30:29,758 - INFO - Oy baþarýyla gönderildi.
2025-02-06 22:30:30,475 - INFO - Oy baþarýyla gönderildi.
2025-02-06 22:30:31,837 - INFO - Tarayýcý kapatýldý.
2025-02-06 22:30:32,554 - INFO - Tarayýcý kapatýldý.
2025-02-06 22:30:38,443 - INFO - Oy baþarýyla gönderildi.
2025-02-06 22:30:38,495 - INFO - Oy baþarýyla gönderildi.
2025-02-06 22:30:40,513 - INFO - Tarayýcý kapatýldý.
2025-02-06 22:30:40,575 - INFO - Tarayýcý kapatýldý.
2025-02-06 22:30:50,456 - INFO - Oy baþarýyla gönderildi.
2025-02-06 22:30:52,362 - INFO - Oy baþarýyla gönderildi.
2025-02-06 22:30:52,536 - INFO - Tarayýcý kapatýldý.
2025-02-06 22:30:54,437 - INFO - Tarayýcý kapatýldý.
2025-02-06 22:31:08,399 - INFO - Oy baþarýyla gönderildi.
2025-02-06 22:31:10,020 - INFO - Oy baþarýyla gönderildi.
2025-02-06 22:31:10,488 - INFO - Tarayýcý kapatýldý.
2025-02-06 22:31:12,129 - INFO - Tarayýcý kapatýldý.
2025-02-06 22:31:12,320 - INFO - Oy baþarýyla gönderildi.
2025-02-06 22:31:13,138 - INFO - Oy baþarýyla gönderildi.
2025-02-06 22:31:14,400 - INFO - Tarayýcý kapatýldý.
2025-02-06 22:31:15,201 - INFO - Tarayýcý kapatýldý.
2025-02-06 22:31:27,113 - INFO - Oy baþarýyla gönderildi.
2025-02-06 22:31:29,203 - INFO - Tarayýcý kapatýldý.
2025-02-06 22:31:37,034 - INFO - Oy baþarýyla gönderildi.
2025-02-06 22:31:39,114 - INFO - Tarayýcý kapatýldý.
2025-02-06 22:31:39,968 - INFO - Oy baþarýyla gönderildi.
2025-02-06 22:31:40,778 - INFO - Oy baþarýyla gönderildi.
2025-02-06 22:31:42,033 - INFO - Tarayýcý kapatýldý.
2025-02-06 22:31:42,859 - INFO - Tarayýcý kapatýldý.
2025-02-06 22:31:45,253 - INFO - Oy baþarýyla gönderildi.
2025-02-06 22:31:47,326 - INFO - Tarayýcý kapatýldý.
2025-02-06 22:31:54,632 - INFO - Oy baþarýyla gönderildi.
2025-02-06 22:31:56,717 - INFO - Tarayýcý kapatýldý.
2025-02-06 22:32:02,775 - INFO - Oy baþarýyla gönderildi.
2025-02-06 22:32:04,850 - INFO - Tarayýcý kapatýldý.
2025-02-06 22:32:07,907 - INFO - Oy baþarýyla gönderildi.
2025-02-06 22:32:09,986 - INFO - Tarayýcý kapatýldý.
2025-02-06 22:32:10,715 - INFO - Oy baþarýyla gönderildi.
2025-02-06 22:32:12,792 - INFO - Tarayýcý kapatýldý.
2025-02-06 22:32:14,112 - INFO - Oy baþarýyla gönderildi.
2025-02-06 22:32:16,191 - INFO - Tarayýcý kapatýldý.
2025-02-06 22:32:22,932 - INFO - Oy baþarýyla gönderildi.
2025-02-06 22:32:25,022 - INFO - Tarayýcý kapatýldý.
2025-02-06 22:32:29,148 - INFO - Oy baþarýyla gönderildi.
2025-02-06 22:32:31,228 - INFO - Tarayýcý kapatýldý.
2025-02-06 22:32:32,883 - INFO - Oy baþarýyla gönderildi.
2025-02-06 22:32:34,975 - INFO - Tarayýcý kapatýldý.
2025-02-06 22:32:42,158 - INFO - Oy baþarýyla gönderildi.
2025-02-06 22:32:44,234 - INFO - Tarayýcý kapatýldý.
2025-02-06 22:32:47,276 - INFO - Oy baþarýyla gönderildi.
2025-02-06 22:32:49,351 - INFO - Tarayýcý kapatýldý.
2025-02-06 22:32:53,409 - INFO - Oy baþarýyla gönderildi.
2025-02-06 22:32:55,510 - INFO - Tarayýcý kapatýldý.
2025-02-06 22:33:00,339 - INFO - Oy baþarýyla gönderildi.
2025-02-06 22:33:01,499 - INFO - Oy baþarýyla gönderildi.
2025-02-06 22:33:02,427 - INFO - Tarayýcý kapatýldý.
2025-02-06 22:33:03,578 - INFO - Tarayýcý kapatýldý.
2025-02-06 22:33:06,020 - INFO - Oy baþarýyla gönderildi.
2025-02-06 22:33:08,106 - INFO - Tarayýcý kapatýldý.
2025-02-06 22:33:16,361 - INFO - Oy baþarýyla gönderildi.
2025-02-06 22:33:18,435 - INFO - Tarayýcý kapatýldý.
2025-02-06 22:33:23,825 - INFO - Oy baþarýyla gönderildi.
2025-02-06 22:33:25,911 - INFO - Tarayýcý kapatýldý.
2025-02-06 22:33:31,214 - INFO - Oy baþarýyla gönderildi.
2025-02-06 22:33:32,901 - INFO - Oy baþarýyla gönderildi.
2025-02-06 22:33:33,339 - INFO - Tarayýcý kapatýldý.
2025-02-06 22:33:33,449 - INFO - Oy baþarýyla gönderildi.
2025-02-06 22:33:34,985 - INFO - Tarayýcý kapatýldý.
2025-02-06 22:33:35,533 - INFO - Tarayýcý kapatýldý.
2025-02-06 22:33:37,165 - INFO - Oy baþarýyla gönderildi.
2025-02-06 22:33:39,251 - INFO - Tarayýcý kapatýldý.
2025-02-06 22:33:43,921 - INFO - Oy baþarýyla gönderildi.
2025-02-06 22:33:46,003 - INFO - Tarayýcý kapatýldý.
2025-02-06 22:34:08,346 - INFO - Oy baþarýyla gönderildi.
2025-02-06 22:34:10,443 - INFO - Tarayýcý kapatýldý.
2025-02-06 22:34:11,247 - INFO - Oy baþarýyla gönderildi.
2025-02-06 22:34:13,329 - INFO - Tarayýcý kapatýldý.
2025-02-06 22:34:16,780 - INFO - Oy baþarýyla gönderildi.
2025-02-06 22:34:18,260 - INFO - Oy baþarýyla gönderildi.
2025-02-06 22:34:18,873 - INFO - Tarayýcý kapatýldý.
2025-02-06 22:34:20,330 - INFO - Tarayýcý kapatýldý.
2025-02-06 22:34:39,655 - INFO - Oy baþarýyla gönderildi.
2025-02-06 22:34:40,677 - INFO - Oy baþarýyla gönderildi.
2025-02-06 22:34:41,461 - INFO - Oy baþarýyla gönderildi.
2025-02-06 22:34:41,754 - INFO - Tarayýcý kapatýldý.
2025-02-06 22:34:43,084 - INFO - Tarayýcý kapatýldý.
2025-02-06 22:34:43,243 - INFO - Oy baþarýyla gönderildi.
2025-02-06 22:34:43,830 - INFO - Tarayýcý kapatýldý.
2025-02-06 22:34:44,941 - INFO - Oy baþarýyla gönderildi.
2025-02-06 22:34:45,350 - INFO - Tarayýcý kapatýldý.
2025-02-06 22:34:47,346 - INFO - Tarayýcý kapatýldý.
2025-02-06 22:35:18,717 - INFO - Oy baþarýyla gönderildi.
2025-02-06 22:35:22,404 - INFO - Tarayýcý kapatýldý.
2025-02-06 22:35:23,012 - INFO - Oy baþarýyla gönderildi.
2025-02-06 22:35:26,666 - INFO - Tarayýcý kapatýldý.
2025-02-06 22:35:29,208 - INFO - Oy baþarýyla gönderildi.
2025-02-06 22:35:30,150 - INFO - Oy baþarýyla gönderildi.
2025-02-06 22:35:32,341 - INFO - Oy baþarýyla gönderildi.
2025-02-06 22:35:33,004 - INFO - Tarayýcý kapatýldý.
2025-02-06 22:35:33,587 - INFO - Tarayýcý kapatýldý.
2025-02-06 22:35:34,505 - INFO - Tarayýcý kapatýldý.
2025-02-06 22:35:50,419 - INFO - Oy baþarýyla gönderildi.
2025-02-06 22:35:52,512 - INFO - Tarayýcý kapatýldý.
2025-02-06 22:36:02,264 - INFO - Oy baþarýyla gönderildi.
2025-02-06 22:36:04,449 - INFO - Tarayýcý kapatýldý.
2025-02-06 22:36:05,883 - INFO - Oy baþarýyla gönderildi.
2025-02-06 22:36:07,971 - INFO - Tarayýcý kapatýldý.
2025-02-06 22:36:08,660 - INFO - Oy baþarýyla gönderildi.
2025-02-06 22:36:10,741 - INFO - Tarayýcý kapatýldý.
2025-02-06 22:36:11,199 - INFO - Oy baþarýyla gönderildi.
2025-02-06 22:36:11,342 - INFO - Oy baþarýyla gönderildi.
2025-02-06 22:36:13,297 - INFO - Tarayýcý kapatýldý.
2025-02-06 22:36:13,407 - INFO - Tarayýcý kapatýldý.
2025-02-06 22:36:19,029 - INFO - Oy baþarýyla gönderildi.
2025-02-06 22:36:21,094 - INFO - Tarayýcý kapatýldý.
2025-02-06 22:36:33,198 - INFO - Oy baþarýyla gönderildi.
2025-02-06 22:36:35,278 - INFO - Tarayýcý kapatýldý.
2025-02-06 22:36:39,366 - INFO - Oy baþarýyla gönderildi.
2025-02-06 22:36:40,284 - INFO - Oy baþarýyla gönderildi.
2025-02-06 22:36:41,449 - INFO - Tarayýcý kapatýldý.
2025-02-06 22:36:41,637 - INFO - Oy baþarýyla gönderildi.
2025-02-06 22:36:42,337 - INFO - Oy baþarýyla gönderildi.
2025-02-06 22:36:42,368 - INFO - Tarayýcý kapatýldý.
2025-02-06 22:36:43,721 - INFO - Tarayýcý kapatýldý.
2025-02-06 22:36:44,396 - INFO - Tarayýcý kapatýldý.
2025-02-06 22:36:50,243 - INFO - Oy baþarýyla gönderildi.
2025-02-06 22:36:52,328 - INFO - Tarayýcý kapatýldý.
2025-02-06 22:37:08,798 - INFO - Oy baþarýyla gönderildi.
2025-02-06 22:37:08,810 - INFO - Oy baþarýyla gönderildi.
2025-02-06 22:37:10,981 - INFO - Tarayýcý kapatýldý.
2025-02-06 22:37:10,982 - INFO - Tarayýcý kapatýldý.
2025-02-06 22:37:11,354 - INFO - Oy baþarýyla gönderildi.
2025-02-06 22:37:11,448 - INFO - Oy baþarýyla gönderildi.
2025-02-06 22:37:13,444 - INFO - Tarayýcý kapatýldý.
2025-02-06 22:37:13,520 - INFO - Tarayýcý kapatýldý.
2025-02-06 22:37:13,747 - INFO - Oy baþarýyla gönderildi.
2025-02-06 22:37:15,819 - INFO - Tarayýcý kapatýldý.
2025-02-06 22:37:36,905 - INFO - Oy baþarýyla gönderildi.
2025-02-06 22:37:39,004 - INFO - Tarayýcý kapatýldý.
2025-02-06 22:37:39,023 - INFO - Oy baþarýyla gönderildi.
2025-02-06 22:37:41,103 - INFO - Tarayýcý kapatýldý.
2025-02-06 22:37:42,494 - INFO - Oy baþarýyla gönderildi.
2025-02-06 22:37:43,435 - INFO - Oy baþarýyla gönderildi.
2025-02-06 22:37:43,835 - INFO - Oy baþarýyla gönderildi.
2025-02-06 22:37:44,570 - INFO - Tarayýcý kapatýldý.
2025-02-06 22:37:45,497 - INFO - Tarayýcý kapatýldý.
2025-02-06 22:37:45,914 - INFO - Tarayýcý kapatýldý.
2025-02-06 22:37:54,878 - INFO - Oy baþarýyla gönderildi.
2025-02-06 22:37:56,962 - INFO - Tarayýcý kapatýldý.
2025-02-06 22:38:13,674 - INFO - Oy baþarýyla gönderildi.
2025-02-06 22:38:14,187 - INFO - Oy baþarýyla gönderildi.
2025-02-06 22:38:14,725 - INFO - Oy baþarýyla gönderildi.
2025-02-06 22:38:15,314 - INFO - Oy baþarýyla gönderildi.
2025-02-06 22:38:15,752 - INFO - Tarayýcý kapatýldý.
2025-02-06 22:38:16,262 - INFO - Tarayýcý kapatýldý.
2025-02-06 22:38:17,317 - INFO - Oy baþarýyla gönderildi.
2025-02-06 22:38:17,427 - INFO - Tarayýcý kapatýldý.
2025-02-06 22:38:17,428 - INFO - Tarayýcý kapatýldý.
2025-02-06 22:38:19,384 - INFO - Tarayýcý kapatýldý.
2025-02-06 22:38:41,474 - INFO - Oy baþarýyla gönderildi.
2025-02-06 22:38:43,551 - INFO - Tarayýcý kapatýldý.
2025-02-06 22:38:43,939 - INFO - Oy baþarýyla gönderildi.
2025-02-06 22:38:45,382 - INFO - Oy baþarýyla gönderildi.
2025-02-06 22:38:46,014 - INFO - Tarayýcý kapatýldý.
2025-02-06 22:38:47,458 - INFO - Tarayýcý kapatýldý.
2025-02-06 22:38:47,807 - INFO - Oy baþarýyla gönderildi.
2025-02-06 22:38:49,877 - INFO - Tarayýcý kapatýldý.
2025-02-06 22:39:03,331 - INFO - Oy baþarýyla gönderildi.
2025-02-06 22:39:05,427 - INFO - Tarayýcý kapatýldý.
2025-02-06 22:39:08,467 - INFO - Oy baþarýyla gönderildi.
2025-02-06 22:39:09,848 - INFO - Oy baþarýyla gönderildi.
2025-02-06 22:39:10,550 - INFO - Tarayýcý kapatýldý.
2025-02-06 22:39:11,770 - INFO - Oy baþarýyla gönderildi.
2025-02-06 22:39:11,922 - INFO - Tarayýcý kapatýldý.
2025-02-06 22:39:13,839 - INFO - Tarayýcý kapatýldý.
2025-02-06 22:39:17,911 - INFO - Oy baþarýyla gönderildi.
2025-02-06 22:39:20,001 - INFO - Tarayýcý kapatýldý.
2025-02-06 22:39:29,985 - INFO - Oy baþarýyla gönderildi.
2025-02-06 22:39:32,054 - INFO - Tarayýcý kapatýldý.
2025-02-06 22:39:35,956 - INFO - Oy baþarýyla gönderildi.
2025-02-06 22:39:36,840 - INFO - Oy baþarýyla gönderildi.
2025-02-06 22:39:38,029 - INFO - Tarayýcý kapatýldý.
2025-02-06 22:39:38,916 - INFO - Tarayýcý kapatýldý.
2025-02-06 22:39:39,115 - INFO - Oy baþarýyla gönderildi.
2025-02-06 22:39:41,191 - INFO - Tarayýcý kapatýldý.
2025-02-06 22:39:53,937 - INFO - Oy baþarýyla gönderildi.
2025-02-06 22:39:53,984 - INFO - Oy baþarýyla gönderildi.
2025-02-06 22:39:56,380 - INFO - Tarayýcý kapatýldý.
2025-02-06 22:39:56,380 - INFO - Tarayýcý kapatýldý.
2025-02-06 22:39:58,897 - INFO - Oy baþarýyla gönderildi.
2025-02-06 22:40:01,010 - INFO - Tarayýcý kapatýldý.
2025-02-06 22:40:01,080 - INFO - Oy baþarýyla gönderildi.
2025-02-06 22:40:03,160 - INFO - Tarayýcý kapatýldý.
2025-02-06 22:40:19,258 - INFO - Oy baþarýyla gönderildi.
2025-02-06 22:40:21,347 - INFO - Tarayýcý kapatýldý.
2025-02-06 22:40:22,724 - INFO - Oy baþarýyla gönderildi.
2025-02-06 22:40:22,870 - INFO - Oy baþarýyla gönderildi.
2025-02-06 22:40:24,700 - INFO - Oy baþarýyla gönderildi.
2025-02-06 22:40:24,811 - INFO - Tarayýcý kapatýldý.
2025-02-06 22:40:24,952 - INFO - Tarayýcý kapatýldý.
2025-02-06 22:40:26,774 - INFO - Tarayýcý kapatýldý.
2025-02-06 22:40:36,365 - INFO - Oy baþarýyla gönderildi.
2025-02-06 22:40:38,471 - INFO - Tarayýcý kapatýldý.
2025-02-06 22:40:44,721 - INFO - Oy baþarýyla gönderildi.
2025-02-06 22:40:45,731 - INFO - Oy baþarýyla gönderildi.
2025-02-06 22:40:46,417 - INFO - Oy baþarýyla gönderildi.
2025-02-06 22:40:46,800 - INFO - Tarayýcý kapatýldý.
2025-02-06 22:40:47,812 - INFO - Tarayýcý kapatýldý.
2025-02-06 22:40:48,486 - INFO - Tarayýcý kapatýldý.
2025-02-06 22:40:52,454 - INFO - Oy baþarýyla gönderildi.
2025-02-06 22:40:54,595 - INFO - Tarayýcý kapatýldý.
2025-02-06 22:41:12,364 - INFO - Oy baþarýyla gönderildi.
2025-02-06 22:41:13,224 - INFO - Oy baþarýyla gönderildi.
2025-02-06 22:41:13,502 - INFO - Oy baþarýyla gönderildi.
2025-02-06 22:41:14,449 - INFO - Tarayýcý kapatýldý.
2025-02-06 22:41:15,303 - INFO - Tarayýcý kapatýldý.
2025-02-06 22:41:15,581 - INFO - Tarayýcý kapatýldý.
2025-02-06 22:41:19,203 - INFO - Oy baþarýyla gönderildi.
2025-02-06 22:41:21,856 - INFO - Tarayýcý kapatýldý.
2025-02-06 22:41:35,905 - INFO - Oy baþarýyla gönderildi.
2025-02-06 22:41:37,992 - INFO - Tarayýcý kapatýldý.
2025-02-06 22:41:41,138 - INFO - Oy baþarýyla gönderildi.
2025-02-06 22:41:41,784 - INFO - Oy baþarýyla gönderildi.
2025-02-06 22:41:43,217 - INFO - Tarayýcý kapatýldý.
2025-02-06 22:41:43,899 - INFO - Tarayýcý kapatýldý.
2025-02-06 22:41:44,404 - INFO - Oy baþarýyla gönderildi.
2025-02-06 22:41:46,483 - INFO - Tarayýcý kapatýldý.
2025-02-06 22:41:50,467 - INFO - Oy baþarýyla gönderildi.
2025-02-06 22:41:52,547 - INFO - Tarayýcý kapatýldý.
2025-02-06 22:42:00,246 - INFO - Oy baþarýyla gönderildi.
2025-02-06 22:42:02,362 - INFO - Tarayýcý kapatýldý.
2025-02-06 22:42:09,184 - INFO - Oy baþarýyla gönderildi.
2025-02-06 22:42:09,799 - INFO - Oy baþarýyla gönderildi.
2025-02-06 22:42:09,879 - INFO - Oy baþarýyla gönderildi.
2025-02-06 22:42:11,257 - INFO - Tarayýcý kapatýldý.
2025-02-06 22:42:11,882 - INFO - Tarayýcý kapatýldý.
2025-02-06 22:42:11,962 - INFO - Tarayýcý kapatýldý.
2025-02-06 22:42:16,164 - INFO - Oy baþarýyla gönderildi.
2025-02-06 22:42:18,248 - INFO - Tarayýcý kapatýldý.
2025-02-06 22:42:31,528 - INFO - Oy baþarýyla gönderildi.
2025-02-06 22:42:33,618 - INFO - Tarayýcý kapatýldý.
2025-02-06 22:42:36,818 - INFO - Oy baþarýyla gönderildi.
2025-02-06 22:42:37,649 - INFO - Oy baþarýyla gönderildi.
2025-02-06 22:42:38,905 - INFO - Tarayýcý kapatýldý.
2025-02-06 22:42:39,153 - INFO - Oy baþarýyla gönderildi.
2025-02-06 22:42:39,753 - INFO - Tarayýcý kapatýldý.
2025-02-06 22:42:41,236 - INFO - Tarayýcý kapatýldý.
2025-02-06 22:42:45,234 - INFO - Oy baþarýyla gönderildi.
2025-02-06 22:42:47,326 - INFO - Tarayýcý kapatýldý.
2025-02-06 22:42:58,700 - INFO - Oy baþarýyla gönderildi.
2025-02-06 22:43:00,800 - INFO - Tarayýcý kapatýldý.
2025-02-06 22:43:03,309 - INFO - Oy baþarýyla gönderildi.
2025-02-06 22:43:05,393 - INFO - Tarayýcý kapatýldý.
2025-02-06 22:43:06,088 - INFO - Oy baþarýyla gönderildi.
2025-02-06 22:43:06,352 - INFO - Oy baþarýyla gönderildi.
2025-02-06 22:43:08,174 - INFO - Tarayýcý kapatýldý.
2025-02-06 22:43:08,440 - INFO - Tarayýcý kapatýldý.
2025-02-06 22:43:14,001 - INFO - Oy baþarýyla gönderildi.
2025-02-06 22:43:16,100 - INFO - Tarayýcý kapatýldý.
2025-02-06 22:43:23,815 - INFO - Oy baþarýyla gönderildi.
2025-02-06 22:43:25,908 - INFO - Tarayýcý kapatýldý.
2025-02-06 22:43:29,761 - INFO - Oy baþarýyla gönderildi.
2025-02-06 22:43:30,782 - INFO - Oy baþarýyla gönderildi.
2025-02-06 22:43:31,852 - INFO - Tarayýcý kapatýldý.
2025-02-06 22:43:32,838 - INFO - Oy baþarýyla gönderildi.
2025-02-06 22:43:32,861 - INFO - Tarayýcý kapatýldý.
2025-02-06 22:43:34,909 - INFO - Tarayýcý kapatýldý.
2025-02-06 22:43:40,224 - INFO - Oy baþarýyla gönderildi.
2025-02-06 22:43:42,301 - INFO - Tarayýcý kapatýldý.
2025-02-06 22:43:52,930 - INFO - Oy baþarýyla gönderildi.
2025-02-06 22:43:55,024 - INFO - Tarayýcý kapatýldý.
2025-02-06 22:43:56,130 - INFO - Oy baþarýyla gönderildi.
2025-02-06 22:43:58,500 - INFO - Tarayýcý kapatýldý.
2025-02-06 22:43:59,071 - INFO - Oy baþarýyla gönderildi.
2025-02-06 22:43:59,380 - INFO - Oy baþarýyla gönderildi.
2025-02-06 22:44:01,147 - INFO - Tarayýcý kapatýldý.
2025-02-06 22:44:01,453 - INFO - Tarayýcý kapatýldý.
2025-02-06 22:44:16,746 - INFO - Oy baþarýyla gönderildi.
2025-02-06 22:44:17,763 - INFO - Oy baþarýyla gönderildi.
2025-02-06 22:44:18,822 - INFO - Tarayýcý kapatýldý.
2025-02-06 22:44:19,878 - INFO - Tarayýcý kapatýldý.
2025-02-06 22:44:25,390 - INFO - Oy baþarýyla gönderildi.
2025-02-06 22:44:26,139 - INFO - Oy baþarýyla gönderildi.
2025-02-06 22:44:27,467 - INFO - Tarayýcý kapatýldý.
2025-02-06 22:44:28,234 - INFO - Tarayýcý kapatýldý.
2025-02-06 22:44:36,880 - INFO - Oy baþarýyla gönderildi.
2025-02-06 22:44:38,969 - INFO - Tarayýcý kapatýldý.
2025-02-06 22:44:44,741 - INFO - Oy baþarýyla gönderildi.
2025-02-06 22:44:45,929 - INFO - Oy baþarýyla gönderildi.
2025-02-06 22:44:46,820 - INFO - Tarayýcý kapatýldý.
2025-02-06 22:44:47,995 - INFO - Tarayýcý kapatýldý.
2025-02-06 22:44:48,612 - INFO - Oy baþarýyla gönderildi.
2025-02-06 22:44:50,694 - INFO - Tarayýcý kapatýldý.
2025-02-06 22:44:54,288 - INFO - Oy baþarýyla gönderildi.
2025-02-06 22:44:56,373 - INFO - Tarayýcý kapatýldý.
2025-02-06 22:45:14,974 - INFO - Oy baþarýyla gönderildi.
2025-02-06 22:45:17,079 - INFO - Tarayýcý kapatýldý.
2025-02-06 22:45:18,955 - INFO - Oy baþarýyla gönderildi.
2025-02-06 22:45:20,543 - INFO - Oy baþarýyla gönderildi.
2025-02-06 22:45:21,094 - INFO - Tarayýcý kapatýldý.
2025-02-06 22:45:22,627 - INFO - Tarayýcý kapatýldý.
2025-02-06 22:45:22,917 - INFO - Oy baþarýyla gönderildi.
2025-02-06 22:45:24,456 - INFO - Oy baþarýyla gönderildi.
2025-02-06 22:45:25,004 - INFO - Tarayýcý kapatýldý.
2025-02-06 22:45:27,255 - INFO - Tarayýcý kapatýldý.
2025-02-06 22:45:48,944 - INFO - Oy baþarýyla gönderildi.
2025-02-06 22:45:51,038 - INFO - Tarayýcý kapatýldý.
2025-02-06 22:45:52,725 - INFO - Oy baþarýyla gönderildi.
2025-02-06 22:45:53,279 - INFO - Oy baþarýyla gönderildi.
2025-02-06 22:45:54,178 - INFO - Oy baþarýyla gönderildi.
2025-02-06 22:45:55,354 - INFO - Tarayýcý kapatýldý.
2025-02-06 22:45:55,400 - INFO - Tarayýcý kapatýldý.
2025-02-06 22:45:56,256 - INFO - Tarayýcý kapatýldý.
2025-02-06 22:45:57,278 - INFO - Oy baþarýyla gönderildi.
2025-02-06 22:45:59,372 - INFO - Tarayýcý kapatýldý.
2025-02-06 22:46:06,273 - INFO - Oy baþarýyla gönderildi.
2025-02-06 22:46:08,351 - INFO - Tarayýcý kapatýldý.
2025-02-06 22:46:21,735 - INFO - Oy baþarýyla gönderildi.
2025-02-06 22:46:23,812 - INFO - Tarayýcý kapatýldý.
2025-02-06 22:46:24,517 - INFO - Oy baþarýyla gönderildi.
2025-02-06 22:46:24,834 - INFO - Oy baþarýyla gönderildi.
2025-02-06 22:46:25,566 - INFO - Oy baþarýyla gönderildi.
2025-02-06 22:46:26,596 - INFO - Tarayýcý kapatýldý.
2025-02-06 22:46:27,003 - INFO - Tarayýcý kapatýldý.
2025-02-06 22:46:27,642 - INFO - Tarayýcý kapatýldý.
2025-02-06 22:46:28,074 - INFO - Oy baþarýyla gönderildi.
2025-02-06 22:46:30,149 - INFO - Tarayýcý kapatýldý.
2025-02-06 22:46:39,840 - INFO - Oy baþarýyla gönderildi.
2025-02-06 22:46:41,936 - INFO - Tarayýcý kapatýldý.
2025-02-06 22:46:52,981 - INFO - Oy baþarýyla gönderildi.
2025-02-06 22:46:53,236 - INFO - Oy baþarýyla gönderildi.
2025-02-06 22:46:54,436 - INFO - Oy baþarýyla gönderildi.
2025-02-06 22:46:55,065 - INFO - Tarayýcý kapatýldý.
2025-02-06 22:46:55,312 - INFO - Tarayýcý kapatýldý.
2025-02-06 22:46:56,521 - INFO - Tarayýcý kapatýldý.
2025-02-06 22:46:57,237 - INFO - Oy baþarýyla gönderildi.
2025-02-06 22:46:59,349 - INFO - Tarayýcý kapatýldý.
2025-02-06 22:47:00,575 - INFO - Oy baþarýyla gönderildi.
2025-02-06 22:47:02,639 - INFO - Tarayýcý kapatýldý.
2025-02-06 22:47:19,387 - INFO - Oy baþarýyla gönderildi.
2025-02-06 22:47:21,479 - INFO - Tarayýcý kapatýldý.
2025-02-06 22:47:24,304 - INFO - Oy baþarýyla gönderildi.
2025-02-06 22:47:26,376 - INFO - Tarayýcý kapatýldý.
2025-02-06 22:47:29,273 - INFO - Oy baþarýyla gönderildi.
2025-02-06 22:47:30,184 - INFO - Oy baþarýyla gönderildi.
2025-02-06 22:47:31,406 - INFO - Tarayýcý kapatýldý.
2025-02-06 22:47:32,303 - INFO - Tarayýcý kapatýldý.
2025-02-06 22:47:36,208 - INFO - Oy baþarýyla gönderildi.
2025-02-06 22:47:38,288 - INFO - Tarayýcý kapatýldý.
2025-02-06 22:48:03,315 - INFO - Oy baþarýyla gönderildi.
2025-02-06 22:48:05,346 - INFO - Oy baþarýyla gönderildi.
2025-02-06 22:48:05,405 - INFO - Tarayýcý kapatýldý.
2025-02-06 22:48:07,438 - INFO - Tarayýcý kapatýldý.
2025-02-06 22:48:08,362 - INFO - Oy baþarýyla gönderildi.
2025-02-06 22:48:09,008 - INFO - Oy baþarýyla gönderildi.
2025-02-06 22:48:10,446 - INFO - Tarayýcý kapatýldý.
2025-02-06 22:48:11,118 - INFO - Tarayýcý kapatýldý.
2025-02-06 22:48:11,277 - INFO - Oy baþarýyla gönderildi.
2025-02-06 22:48:13,362 - INFO - Tarayýcý kapatýldý.
2025-02-06 22:48:25,278 - INFO - Oy baþarýyla gönderildi.
2025-02-06 22:48:27,377 - INFO - Tarayýcý kapatýldý.
2025-02-06 22:48:33,620 - INFO - Oy baþarýyla gönderildi.
2025-02-06 22:48:34,794 - INFO - Oy baþarýyla gönderildi.
2025-02-06 22:48:35,135 - INFO - Oy baþarýyla gönderildi.
2025-02-06 22:48:35,730 - INFO - Tarayýcý kapatýldý.
2025-02-06 22:48:36,946 - INFO - Tarayýcý kapatýldý.
2025-02-06 22:48:37,208 - INFO - Tarayýcý kapatýldý.
2025-02-06 22:48:38,688 - INFO - Oy baþarýyla gönderildi.
2025-02-06 22:48:40,774 - INFO - Tarayýcý kapatýldý.
2025-02-06 22:48:43,244 - INFO - Oy baþarýyla gönderildi.
2025-02-06 22:48:45,319 - INFO - Tarayýcý kapatýldý.
2025-02-06 22:48:58,678 - INFO - Oy baþarýyla gönderildi.
2025-02-06 22:49:00,759 - INFO - Tarayýcý kapatýldý.
2025-02-06 22:49:04,651 - INFO - Oy baþarýyla gönderildi.
2025-02-06 22:49:05,170 - INFO - Oy baþarýyla gönderildi.
2025-02-06 22:49:05,824 - INFO - Oy baþarýyla gönderildi.
2025-02-06 22:49:06,724 - INFO - Oy baþarýyla gönderildi.
2025-02-06 22:49:06,765 - INFO - Tarayýcý kapatýldý.
2025-02-06 22:49:07,241 - INFO - Tarayýcý kapatýldý.
2025-02-06 22:49:07,890 - INFO - Tarayýcý kapatýldý.
2025-02-06 22:49:08,807 - INFO - Tarayýcý kapatýldý.
2025-02-06 22:49:14,436 - INFO - Oy baþarýyla gönderildi.
2025-02-06 22:49:16,511 - INFO - Tarayýcý kapatýldý.
2025-02-06 22:49:34,865 - INFO - Oy baþarýyla gönderildi.
2025-02-06 22:49:36,367 - INFO - Oy baþarýyla gönderildi.
2025-02-06 22:49:36,882 - INFO - Oy baþarýyla gönderildi.
2025-02-06 22:49:36,957 - INFO - Tarayýcý kapatýldý.
2025-02-06 22:49:37,013 - INFO - Oy baþarýyla gönderildi.
2025-02-06 22:49:38,451 - INFO - Tarayýcý kapatýldý.
2025-02-06 22:49:38,984 - INFO - Tarayýcý kapatýldý.
2025-02-06 22:49:39,095 - INFO - Tarayýcý kapatýldý.
2025-02-06 22:49:41,498 - INFO - Oy baþarýyla gönderildi.
2025-02-06 22:49:43,588 - INFO - Tarayýcý kapatýldý.
2025-02-06 22:50:05,381 - INFO - Oy baþarýyla gönderildi.
2025-02-06 22:50:07,492 - INFO - Tarayýcý kapatýldý.
2025-02-06 22:50:10,930 - INFO - Oy baþarýyla gönderildi.
2025-02-06 22:50:11,892 - INFO - Oy baþarýyla gönderildi.
2025-02-06 22:50:12,765 - INFO - Oy baþarýyla gönderildi.
2025-02-06 22:50:13,017 - INFO - Tarayýcý kapatýldý.
2025-02-06 22:50:13,130 - INFO - Oy baþarýyla gönderildi.
2025-02-06 22:50:13,962 - INFO - Tarayýcý kapatýldý.
2025-02-06 22:50:15,219 - INFO - Tarayýcý kapatýldý.
2025-02-06 22:50:15,705 - INFO - Tarayýcý kapatýldý.
2025-02-06 22:50:22,178 - INFO - Oy baþarýyla gönderildi.
2025-02-06 22:50:24,257 - INFO - Tarayýcý kapatýldý.
2025-02-06 22:50:29,777 - INFO - Oy baþarýyla gönderildi.
2025-02-06 22:50:31,884 - INFO - Tarayýcý kapatýldý.
2025-02-06 22:50:37,284 - INFO - Oy baþarýyla gönderildi.
2025-02-06 22:50:38,672 - INFO - Oy baþarýyla gönderildi.
2025-02-06 22:50:39,372 - INFO - Tarayýcý kapatýldý.
2025-02-06 22:50:40,746 - INFO - Tarayýcý kapatýldý.
2025-02-06 22:50:43,677 - INFO - Oy baþarýyla gönderildi.
2025-02-06 22:50:45,758 - INFO - Tarayýcý kapatýldý.
2025-02-06 22:50:46,494 - INFO - Oy baþarýyla gönderildi.
2025-02-06 22:50:48,568 - INFO - Tarayýcý kapatýldý.
2025-02-06 22:50:57,583 - INFO - Oy baþarýyla gönderildi.
2025-02-06 22:51:00,507 - INFO - Tarayýcý kapatýldý.
2025-02-06 22:51:01,989 - INFO - Oy baþarýyla gönderildi.
2025-02-06 22:51:06,711 - INFO - Tarayýcý kapatýldý.
2025-02-06 22:51:24,819 - INFO - Oy baþarýyla gönderildi.
2025-02-06 22:51:27,054 - INFO - Tarayýcý kapatýldý.
2025-02-06 22:51:39,125 - INFO - Oy baþarýyla gönderildi.
2025-02-06 22:51:39,954 - INFO - Oy baþarýyla gönderildi.
2025-02-06 22:51:41,213 - INFO - Tarayýcý kapatýldý.
2025-02-06 22:51:42,498 - INFO - Tarayýcý kapatýldý.
2025-02-06 22:51:43,077 - INFO - Oy baþarýyla gönderildi.
2025-02-06 22:51:45,152 - INFO - Tarayýcý kapatýldý.
2025-02-06 22:51:49,749 - INFO - Oy baþarýyla gönderildi.
2025-02-06 22:51:51,830 - INFO - Tarayýcý kapatýldý.
2025-02-06 22:52:03,793 - INFO - Oy baþarýyla gönderildi.
2025-02-06 22:52:05,882 - INFO - Tarayýcý kapatýldý.
2025-02-06 22:52:08,427 - INFO - Oy baþarýyla gönderildi.
2025-02-06 22:52:09,331 - INFO - Oy baþarýyla gönderildi.
2025-02-06 22:52:10,497 - INFO - Tarayýcý kapatýldý.
2025-02-06 22:52:11,408 - INFO - Tarayýcý kapatýldý.
2025-02-06 22:52:11,694 - INFO - Oy baþarýyla gönderildi.
2025-02-06 22:52:13,756 - INFO - Tarayýcý kapatýldý.
2025-02-06 22:52:27,640 - INFO - Oy baþarýyla gönderildi.
2025-02-06 22:52:29,713 - INFO - Tarayýcý kapatýldý.
2025-02-06 22:52:34,243 - INFO - Oy baþarýyla gönderildi.
2025-02-06 22:52:36,169 - INFO - Oy baþarýyla gönderildi.
2025-02-06 22:52:36,306 - INFO - Tarayýcý kapatýldý.
2025-02-06 22:52:38,244 - INFO - Tarayýcý kapatýldý.
2025-02-06 22:52:38,600 - INFO - Oy baþarýyla gönderildi.
2025-02-06 22:52:40,681 - INFO - Tarayýcý kapatýldý.
2025-02-06 22:52:49,285 - INFO - Oy baþarýyla gönderildi.
2025-02-06 22:52:51,372 - INFO - Tarayýcý kapatýldý.
2025-02-06 22:52:53,977 - INFO - Oy baþarýyla gönderildi.
2025-02-06 22:52:56,075 - INFO - Tarayýcý kapatýldý.
2025-02-06 22:52:59,818 - INFO - Oy baþarýyla gönderildi.
2025-02-06 22:53:01,272 - INFO - Oy baþarýyla gönderildi.
2025-02-06 22:53:01,960 - INFO - Tarayýcý kapatýldý.
2025-02-06 22:53:03,355 - INFO - Tarayýcý kapatýldý.
2025-02-06 22:53:09,341 - INFO - Oy baþarýyla gönderildi.
2025-02-06 22:53:11,419 - INFO - Tarayýcý kapatýldý.
2025-02-06 22:53:20,203 - INFO - Oy baþarýyla gönderildi.
2025-02-06 22:53:22,434 - INFO - Tarayýcý kapatýldý.
2025-02-06 22:53:22,601 - INFO - Oy baþarýyla gönderildi.
2025-02-06 22:53:24,686 - INFO - Tarayýcý kapatýldý.
2025-02-06 22:53:27,390 - INFO - Oy baþarýyla gönderildi.
2025-02-06 22:53:28,423 - INFO - Oy baþarýyla gönderildi.
2025-02-06 22:53:29,468 - INFO - Tarayýcý kapatýldý.
2025-02-06 22:53:30,552 - INFO - Tarayýcý kapatýldý.
2025-02-06 22:53:38,312 - INFO - Oy baþarýyla gönderildi.
2025-02-06 22:53:40,397 - INFO - Tarayýcý kapatýldý.
2025-02-06 22:53:46,564 - INFO - Oy baþarýyla gönderildi.
2025-02-06 22:53:48,665 - INFO - Tarayýcý kapatýldý.
2025-02-06 22:53:52,575 - INFO - Oy baþarýyla gönderildi.
2025-02-06 22:53:54,429 - INFO - Oy baþarýyla gönderildi.
2025-02-06 22:53:54,654 - INFO - Tarayýcý kapatýldý.
2025-02-06 22:53:56,504 - INFO - Tarayýcý kapatýldý.
2025-02-06 22:54:01,570 - INFO - Oy baþarýyla gönderildi.
2025-02-06 22:54:02,808 - INFO - Oy baþarýyla gönderildi.
2025-02-06 22:54:03,642 - INFO - Tarayýcý kapatýldý.
2025-02-06 22:54:04,876 - INFO - Tarayýcý kapatýldý.
2025-02-06 22:54:11,370 - INFO - Oy baþarýyla gönderildi.
2025-02-06 22:54:13,457 - INFO - Tarayýcý kapatýldý.
2025-02-06 22:54:19,748 - INFO - Oy baþarýyla gönderildi.
2025-02-06 22:54:21,821 - INFO - Tarayýcý kapatýldý.
2025-02-06 22:54:25,097 - INFO - Oy baþarýyla gönderildi.
2025-02-06 22:54:25,419 - INFO - Oy baþarýyla gönderildi.
2025-02-06 22:54:27,181 - INFO - Tarayýcý kapatýldý.
2025-02-06 22:54:27,498 - INFO - Tarayýcý kapatýldý.
2025-02-06 22:54:28,925 - INFO - Oy baþarýyla gönderildi.
2025-02-06 22:54:31,011 - INFO - Tarayýcý kapatýldý.
2025-02-06 22:54:37,117 - INFO - Oy baþarýyla gönderildi.
2025-02-06 22:54:39,290 - INFO - Tarayýcý kapatýldý.
2025-02-06 22:54:47,316 - INFO - Oy baþarýyla gönderildi.
2025-02-06 22:54:48,537 - INFO - Oy baþarýyla gönderildi.
2025-02-06 22:54:49,556 - INFO - Tarayýcý kapatýldý.
2025-02-06 22:54:50,612 - INFO - Tarayýcý kapatýldý.
2025-02-06 22:54:54,808 - INFO - Oy baþarýyla gönderildi.
2025-02-06 22:54:55,944 - INFO - Oy baþarýyla gönderildi.
2025-02-06 22:54:56,873 - INFO - Tarayýcý kapatýldý.
2025-02-06 22:54:58,013 - INFO - Tarayýcý kapatýldý.
2025-02-06 22:55:09,211 - INFO - Oy baþarýyla gönderildi.
2025-02-06 22:55:11,336 - INFO - Tarayýcý kapatýldý.
2025-02-06 22:55:12,315 - INFO - Oy baþarýyla gönderildi.
2025-02-06 22:55:14,394 - INFO - Tarayýcý kapatýldý.
2025-02-06 22:55:17,693 - INFO - Oy baþarýyla gönderildi.
2025-02-06 22:55:19,757 - INFO - Tarayýcý kapatýldý.
2025-02-06 22:55:19,837 - INFO - Oy baþarýyla gönderildi.
2025-02-06 22:55:22,401 - INFO - Tarayýcý kapatýldý.
2025-02-06 22:55:24,961 - INFO - Oy baþarýyla gönderildi.
2025-02-06 22:55:27,031 - INFO - Tarayýcý kapatýldý.
2025-02-06 22:55:45,499 - INFO - Oy baþarýyla gönderildi.
2025-02-06 22:55:45,651 - INFO - Oy baþarýyla gönderildi.
2025-02-06 22:55:47,287 - INFO - Oy baþarýyla gönderildi.
2025-02-06 22:55:47,622 - INFO - Tarayýcý kapatýldý.
2025-02-06 22:55:47,728 - INFO - Tarayýcý kapatýldý.
2025-02-06 22:55:49,038 - INFO - Oy baþarýyla gönderildi.
2025-02-06 22:55:49,350 - INFO - Tarayýcý kapatýldý.
2025-02-06 22:55:51,113 - INFO - Tarayýcý kapatýldý.
2025-02-06 22:56:08,695 - INFO - Oy baþarýyla gönderildi.
2025-02-06 22:56:10,671 - INFO - Oy baþarýyla gönderildi.
2025-02-06 22:56:10,796 - INFO - Tarayýcý kapatýldý.
2025-02-06 22:56:12,755 - INFO - Tarayýcý kapatýldý.
2025-02-06 22:56:13,148 - INFO - Oy baþarýyla gönderildi.
2025-02-06 22:56:14,203 - INFO - Oy baþarýyla gönderildi.
2025-02-06 22:56:15,237 - INFO - Tarayýcý kapatýldý.
2025-02-06 22:56:16,280 - INFO - Tarayýcý kapatýldý.
2025-02-06 22:56:28,781 - INFO - Oy baþarýyla gönderildi.
2025-02-06 22:56:30,869 - INFO - Tarayýcý kapatýldý.
2025-02-06 22:56:35,149 - INFO - Oy baþarýyla gönderildi.
2025-02-06 22:56:35,770 - INFO - Oy baþarýyla gönderildi.
2025-02-06 22:56:37,233 - INFO - Tarayýcý kapatýldý.
2025-02-06 22:56:37,283 - INFO - Oy baþarýyla gönderildi.
2025-02-06 22:56:37,847 - INFO - Tarayýcý kapatýldý.
2025-02-06 22:56:39,414 - INFO - Tarayýcý kapatýldý.
2025-02-06 22:56:46,537 - INFO - Oy baþarýyla gönderildi.
2025-02-06 22:56:48,617 - INFO - Tarayýcý kapatýldý.
2025-02-06 22:56:54,884 - INFO - Oy baþarýyla gönderildi.
2025-02-06 22:56:55,742 - INFO - Oy baþarýyla gönderildi.
2025-02-06 22:56:56,973 - INFO - Tarayýcý kapatýldý.
2025-02-06 22:56:57,815 - INFO - Tarayýcý kapatýldý.
2025-02-06 22:57:02,875 - INFO - Oy baþarýyla gönderildi.
2025-02-06 22:57:04,083 - INFO - Oy baþarýyla gönderildi.
2025-02-06 22:57:04,939 - INFO - Tarayýcý kapatýldý.
2025-02-06 22:57:06,161 - INFO - Tarayýcý kapatýldý.
2025-02-06 22:57:13,540 - INFO - Oy baþarýyla gönderildi.
2025-02-06 22:57:15,617 - INFO - Tarayýcý kapatýldý.
2025-02-06 22:57:28,143 - INFO - Oy baþarýyla gönderildi.
2025-02-06 22:57:30,224 - INFO - Tarayýcý kapatýldý.
2025-02-06 22:57:34,584 - INFO - Oy baþarýyla gönderildi.
2025-02-06 22:57:36,148 - INFO - Oy baþarýyla gönderildi.
2025-02-06 22:57:36,666 - INFO - Tarayýcý kapatýldý.
2025-02-06 22:57:38,234 - INFO - Tarayýcý kapatýldý.
2025-02-06 22:57:38,327 - INFO - Oy baþarýyla gönderildi.
2025-02-06 22:57:40,411 - INFO - Tarayýcý kapatýldý.
2025-02-06 22:57:45,204 - INFO - Oy baþarýyla gönderildi.
2025-02-06 22:57:47,281 - INFO - Tarayýcý kapatýldý.
2025-02-06 22:58:01,364 - INFO - Oy baþarýyla gönderildi.
2025-02-06 22:58:03,463 - INFO - Tarayýcý kapatýldý.
2025-02-06 22:58:06,238 - INFO - Oy baþarýyla gönderildi.
2025-02-06 22:58:08,318 - INFO - Tarayýcý kapatýldý.
2025-02-06 22:58:09,609 - INFO - Oy baþarýyla gönderildi.
2025-02-06 22:58:10,850 - INFO - Oy baþarýyla gönderildi.
2025-02-06 22:58:11,696 - INFO - Tarayýcý kapatýldý.
2025-02-06 22:58:12,926 - INFO - Tarayýcý kapatýldý.
2025-02-06 22:58:13,568 - INFO - Oy baþarýyla gönderildi.
2025-02-06 22:58:15,663 - INFO - Tarayýcý kapatýldý.
2025-02-06 22:58:33,696 - INFO - Oy baþarýyla gönderildi.
2025-02-06 22:58:35,776 - INFO - Tarayýcý kapatýldý.
2025-02-06 22:58:42,092 - INFO - Oy baþarýyla gönderildi.
2025-02-06 22:58:42,856 - INFO - Oy baþarýyla gönderildi.
2025-02-06 22:58:44,690 - INFO - Oy baþarýyla gönderildi.
2025-02-06 22:58:44,836 - INFO - Tarayýcý kapatýldý.
2025-02-06 22:58:44,928 - INFO - Tarayýcý kapatýldý.
2025-02-06 22:58:46,704 - INFO - Oy baþarýyla gönderildi.
2025-02-06 22:58:46,764 - INFO - Tarayýcý kapatýldý.
2025-02-06 22:58:49,381 - INFO - Tarayýcý kapatýldý.
2025-02-06 22:59:03,407 - INFO - Oy baþarýyla gönderildi.
2025-02-06 22:59:05,544 - INFO - Tarayýcý kapatýldý.
2025-02-06 22:59:13,273 - INFO - Oy baþarýyla gönderildi.
2025-02-06 22:59:15,344 - INFO - Tarayýcý kapatýldý.
2025-02-06 22:59:17,229 - INFO - Oy baþarýyla gönderildi.
2025-02-06 22:59:17,802 - INFO - Oy baþarýyla gönderildi.
2025-02-06 22:59:19,311 - INFO - Tarayýcý kapatýldý.
2025-02-06 22:59:19,885 - INFO - Tarayýcý kapatýldý.
2025-02-06 22:59:30,776 - INFO - Oy baþarýyla gönderildi.
2025-02-06 22:59:32,951 - INFO - Tarayýcý kapatýldý.
2025-02-06 22:59:40,087 - INFO - Oy baþarýyla gönderildi.
2025-02-06 22:59:42,173 - INFO - Tarayýcý kapatýldý.
2025-02-06 22:59:43,354 - INFO - Oy baþarýyla gönderildi.
2025-02-06 22:59:44,987 - INFO - Oy baþarýyla gönderildi.
2025-02-06 22:59:45,028 - INFO - Oy baþarýyla gönderildi.
2025-02-06 22:59:45,458 - INFO - Tarayýcý kapatýldý.
2025-02-06 22:59:47,074 - INFO - Tarayýcý kapatýldý.
2025-02-06 22:59:47,104 - INFO - Tarayýcý kapatýldý.
2025-02-06 22:59:48,570 - INFO - Oy baþarýyla gönderildi.
2025-02-06 22:59:50,645 - INFO - Tarayýcý kapatýldý.
2025-02-06 23:00:00,938 - INFO - Oy baþarýyla gönderildi.
2025-02-06 23:00:03,048 - INFO - Tarayýcý kapatýldý.
2025-02-06 23:00:11,448 - INFO - Oy baþarýyla gönderildi.
2025-02-06 23:00:13,515 - INFO - Tarayýcý kapatýldý.
2025-02-06 23:00:15,293 - INFO - Oy baþarýyla gönderildi.
2025-02-06 23:00:15,985 - INFO - Oy baþarýyla gönderildi.
2025-02-06 23:00:17,373 - INFO - Tarayýcý kapatýldý.
2025-02-06 23:00:17,502 - INFO - Oy baþarýyla gönderildi.
2025-02-06 23:00:18,059 - INFO - Tarayýcý kapatýldý.
2025-02-06 23:00:19,592 - INFO - Tarayýcý kapatýldý.
2025-02-06 23:00:24,847 - INFO - Oy baþarýyla gönderildi.
2025-02-06 23:00:26,942 - INFO - Tarayýcý kapatýldý.
2025-02-06 23:00:36,608 - INFO - Oy baþarýyla gönderildi.
2025-02-06 23:00:38,692 - INFO - Tarayýcý kapatýldý.
2025-02-06 23:00:41,384 - INFO - Oy baþarýyla gönderildi.
2025-02-06 23:00:43,469 - INFO - Tarayýcý kapatýldý.
2025-02-06 23:00:43,611 - INFO - Oy baþarýyla gönderildi.
2025-02-06 23:00:45,691 - INFO - Tarayýcý kapatýldý.
2025-02-06 23:00:47,004 - INFO - Oy baþarýyla gönderildi.
2025-02-06 23:00:47,702 - INFO - Oy baþarýyla gönderildi.
2025-02-06 23:00:49,077 - INFO - Tarayýcý kapatýldý.
2025-02-06 23:00:49,778 - INFO - Tarayýcý kapatýldý.
2025-02-06 23:01:08,424 - INFO - Oy baþarýyla gönderildi.
2025-02-06 23:01:10,376 - INFO - Oy baþarýyla gönderildi.
2025-02-06 23:01:10,512 - INFO - Tarayýcý kapatýldý.
2025-02-06 23:01:12,079 - INFO - Oy baþarýyla gönderildi.
2025-02-06 23:01:12,464 - INFO - Tarayýcý kapatýldý.
2025-02-06 23:01:14,155 - INFO - Tarayýcý kapatýldý.
2025-02-06 23:01:14,603 - INFO - Oy baþarýyla gönderildi.
2025-02-06 23:01:15,197 - INFO - Oy baþarýyla gönderildi.
2025-02-06 23:01:16,692 - INFO - Tarayýcý kapatýldý.
2025-02-06 23:01:17,261 - INFO - Tarayýcý kapatýldý.
2025-02-06 23:01:36,310 - INFO - Oy baþarýyla gönderildi.
2025-02-06 23:01:38,428 - INFO - Tarayýcý kapatýldý.
2025-02-06 23:01:45,757 - INFO - Oy baþarýyla gönderildi.
2025-02-06 23:01:45,795 - INFO - Oy baþarýyla gönderildi.
2025-02-06 23:01:46,498 - INFO - Oy baþarýyla gönderildi.
2025-02-06 23:01:47,854 - INFO - Tarayýcý kapatýldý.
2025-02-06 23:01:47,902 - INFO - Tarayýcý kapatýldý.
2025-02-06 23:01:48,589 - INFO - Tarayýcý kapatýldý.
2025-02-06 23:01:50,345 - INFO - Oy baþarýyla gönderildi.
2025-02-06 23:01:54,003 - INFO - Tarayýcý kapatýldý.
2025-02-06 23:01:54,338 - INFO - Oy baþarýyla gönderildi.
2025-02-06 23:01:56,418 - INFO - Tarayýcý kapatýldý.
2025-02-06 23:02:10,733 - INFO - Oy baþarýyla gönderildi.
2025-02-06 23:02:12,836 - INFO - Tarayýcý kapatýldý.
2025-02-06 23:02:15,105 - INFO - Oy baþarýyla gönderildi.
2025-02-06 23:02:17,104 - INFO - Oy baþarýyla gönderildi.
2025-02-06 23:02:17,213 - INFO - Tarayýcý kapatýldý.
2025-02-06 23:02:17,319 - INFO - Oy baþarýyla gönderildi.
2025-02-06 23:02:19,175 - INFO - Tarayýcý kapatýldý.
2025-02-06 23:02:19,247 - INFO - Oy baþarýyla gönderildi.
2025-02-06 23:02:19,395 - INFO - Tarayýcý kapatýldý.
2025-02-06 23:02:21,334 - INFO - Tarayýcý kapatýldý.
2025-02-06 23:02:25,378 - INFO - Oy baþarýyla gönderildi.
2025-02-06 23:02:27,456 - INFO - Tarayýcý kapatýldý.
2025-02-06 23:02:36,032 - INFO - Oy baþarýyla gönderildi.
2025-02-06 23:02:38,116 - INFO - Tarayýcý kapatýldý.
2025-02-06 23:02:50,193 - INFO - Oy baþarýyla gönderildi.
2025-02-06 23:02:52,275 - INFO - Tarayýcý kapatýldý.
2025-02-06 23:02:52,348 - INFO - Oy baþarýyla gönderildi.
2025-02-06 23:02:53,747 - INFO - Oy baþarýyla gönderildi.
2025-02-06 23:02:54,455 - INFO - Tarayýcý kapatýldý.
2025-02-06 23:02:55,916 - INFO - Tarayýcý kapatýldý.
2025-02-06 23:03:00,881 - INFO - Oy baþarýyla gönderildi.
2025-02-06 23:03:02,950 - INFO - Tarayýcý kapatýldý.
2025-02-06 23:03:06,621 - INFO - Oy baþarýyla gönderildi.
2025-02-06 23:03:08,891 - INFO - Tarayýcý kapatýldý.
2025-02-06 23:03:25,416 - INFO - Oy baþarýyla gönderildi.
2025-02-06 23:03:25,546 - INFO - Oy baþarýyla gönderildi.
2025-02-06 23:03:27,511 - INFO - Tarayýcý kapatýldý.
2025-02-06 23:03:27,648 - INFO - Tarayýcý kapatýldý.
2025-02-06 23:03:28,037 - INFO - Oy baþarýyla gönderildi.
2025-02-06 23:03:28,992 - INFO - Oy baþarýyla gönderildi.
2025-02-06 23:03:30,122 - INFO - Tarayýcý kapatýldý.
2025-02-06 23:03:30,837 - INFO - Oy baþarýyla gönderildi.
2025-02-06 23:03:31,059 - INFO - Tarayýcý kapatýldý.
2025-02-06 23:03:32,901 - INFO - Tarayýcý kapatýldý.
2025-02-06 23:03:45,718 - INFO - Oy baþarýyla gönderildi.
2025-02-06 23:03:47,832 - INFO - Tarayýcý kapatýldý.
2025-02-06 23:03:48,771 - INFO - Oy baþarýyla gönderildi.
2025-02-06 23:03:50,821 - INFO - Oy baþarýyla gönderildi.
2025-02-06 23:03:50,861 - INFO - Tarayýcý kapatýldý.
2025-02-06 23:03:52,920 - INFO - Tarayýcý kapatýldý.
2025-02-06 23:03:59,119 - INFO - Oy baþarýyla gönderildi.
2025-02-06 23:04:01,208 - INFO - Tarayýcý kapatýldý.
2025-02-06 23:04:04,074 - INFO - Oy baþarýyla gönderildi.
2025-02-06 23:04:06,177 - INFO - Tarayýcý kapatýldý.
2025-02-06 23:04:14,407 - INFO - Oy baþarýyla gönderildi.
2025-02-06 23:04:16,488 - INFO - Tarayýcý kapatýldý.
2025-02-06 23:04:16,852 - INFO - Oy baþarýyla gönderildi.
2025-02-06 23:04:18,943 - INFO - Tarayýcý kapatýldý.
2025-02-06 23:04:23,867 - INFO - Oy baþarýyla gönderildi.
2025-02-06 23:04:25,963 - INFO - Tarayýcý kapatýldý.
2025-02-06 23:04:30,348 - INFO - Oy baþarýyla gönderildi.
2025-02-06 23:04:32,421 - INFO - Tarayýcý kapatýldý.
2025-02-06 23:04:33,484 - INFO - Oy baþarýyla gönderildi.
2025-02-06 23:04:35,562 - INFO - Tarayýcý kapatýldý.
2025-02-06 23:04:37,874 - INFO - Oy baþarýyla gönderildi.
2025-02-06 23:04:39,947 - INFO - Tarayýcý kapatýldý.
2025-02-06 23:04:41,697 - INFO - Oy baþarýyla gönderildi.
2025-02-06 23:04:43,769 - INFO - Tarayýcý kapatýldý.
2025-02-06 23:04:55,147 - INFO - Oy baþarýyla gönderildi.
2025-02-06 23:04:57,225 - INFO - Tarayýcý kapatýldý.
2025-02-06 23:04:57,264 - INFO - Hata: Message: 
Stacktrace:
	GetHandleVerifier [0x00007FF6F005FB05+28789]
	(No symbol) [0x00007FF6EFFC86E0]
	(No symbol) [0x00007FF6EFE6592A]
	(No symbol) [0x00007FF6EFEB930E]
	(No symbol) [0x00007FF6EFEB95FC]
	(No symbol) [0x00007FF6EFF028A7]
	(No symbol) [0x00007FF6EFEDF47F]
	(No symbol) [0x00007FF6EFEFF654]
	(No symbol) [0x00007FF6EFEDF1E3]
	(No symbol) [0x00007FF6EFEAA938]
	(No symbol) [0x00007FF6EFEABAA1]
	GetHandleVerifier [0x00007FF6F039933D+3410093]
	GetHandleVerifier [0x00007FF6F03AE7DD+3497293]
	GetHandleVerifier [0x00007FF6F03A2A73+3448803]
	GetHandleVerifier [0x00007FF6F0127BBB+848171]
	(No symbol) [0x00007FF6EFFD3C3F]
	(No symbol) [0x00007FF6EFFCF6E4]
	(No symbol) [0x00007FF6EFFCF87D]
	(No symbol) [0x00007FF6EFFBED49]
	BaseThreadInitThunk [0x00007FFF770A259D+29]
	RtlUserThreadStart [0x00007FFF786EAF38+40]

2025-02-06 23:04:59,358 - INFO - Tarayýcý kapatýldý.
2025-02-06 23:05:01,667 - INFO - Oy baþarýyla gönderildi.
2025-02-06 23:05:03,351 - INFO - Oy baþarýyla gönderildi.
2025-02-06 23:05:03,746 - INFO - Tarayýcý kapatýldý.
2025-02-06 23:05:05,429 - INFO - Tarayýcý kapatýldý.
2025-02-06 23:05:14,698 - INFO - Oy baþarýyla gönderildi.
2025-02-06 23:05:16,776 - INFO - Tarayýcý kapatýldý.
2025-02-06 23:05:18,426 - INFO - Oy baþarýyla gönderildi.
2025-02-06 23:05:20,510 - INFO - Tarayýcý kapatýldý.
2025-02-06 23:05:23,756 - INFO - Oy baþarýyla gönderildi.
2025-02-06 23:05:25,461 - INFO - Oy baþarýyla gönderildi.
2025-02-06 23:05:25,822 - INFO - Tarayýcý kapatýldý.
2025-02-06 23:05:27,534 - INFO - Tarayýcý kapatýldý.
2025-02-06 23:05:30,360 - INFO - Oy baþarýyla gönderildi.
2025-02-06 23:05:32,435 - INFO - Tarayýcý kapatýldý.
2025-02-06 23:05:35,623 - INFO - Oy baþarýyla gönderildi.
2025-02-06 23:05:37,698 - INFO - Tarayýcý kapatýldý.
2025-02-06 23:05:51,963 - INFO - Oy baþarýyla gönderildi.
2025-02-06 23:05:54,184 - INFO - Oy baþarýyla gönderildi.
2025-02-06 23:05:54,571 - INFO - Tarayýcý kapatýldý.
2025-02-06 23:05:54,659 - INFO - Oy baþarýyla gönderildi.
2025-02-06 23:05:56,258 - INFO - Tarayýcý kapatýldý.
2025-02-06 23:05:56,393 - INFO - Oy baþarýyla gönderildi.
2025-02-06 23:05:56,740 - INFO - Tarayýcý kapatýldý.
2025-02-06 23:05:58,481 - INFO - Tarayýcý kapatýldý.
2025-02-06 23:06:19,302 - INFO - Oy baþarýyla gönderildi.
2025-02-06 23:06:19,783 - INFO - Hata: Message: 
Stacktrace:
	GetHandleVerifier [0x00007FF6F005FB05+28789]
	(No symbol) [0x00007FF6EFFC86E0]
	(No symbol) [0x00007FF6EFE6592A]
	(No symbol) [0x00007FF6EFEB930E]
	(No symbol) [0x00007FF6EFEB95FC]
	(No symbol) [0x00007FF6EFF028A7]
	(No symbol) [0x00007FF6EFEDF47F]
	(No symbol) [0x00007FF6EFEFF654]
	(No symbol) [0x00007FF6EFEDF1E3]
	(No symbol) [0x00007FF6EFEAA938]
	(No symbol) [0x00007FF6EFEABAA1]
	GetHandleVerifier [0x00007FF6F039933D+3410093]
	GetHandleVerifier [0x00007FF6F03AE7DD+3497293]
	GetHandleVerifier [0x00007FF6F03A2A73+3448803]
	GetHandleVerifier [0x00007FF6F0127BBB+848171]
	(No symbol) [0x00007FF6EFFD3C3F]
	(No symbol) [0x00007FF6EFFCF6E4]
	(No symbol) [0x00007FF6EFFCF87D]
	(No symbol) [0x00007FF6EFFBED49]
	BaseThreadInitThunk [0x00007FFF770A259D+29]
	RtlUserThreadStart [0x00007FFF786EAF38+40]

2025-02-06 23:06:20,100 - INFO - Oy baþarýyla gönderildi.
2025-02-06 23:06:20,612 - INFO - Oy baþarýyla gönderildi.
2025-02-06 23:06:21,891 - INFO - Tarayýcý kapatýldý.
2025-02-06 23:06:21,907 - INFO - Tarayýcý kapatýldý.
2025-02-06 23:06:22,740 - INFO - Tarayýcý kapatýldý.
2025-02-06 23:06:22,771 - INFO - Tarayýcý kapatýldý.
2025-02-06 23:06:53,853 - INFO - Oy baþarýyla gönderildi.
2025-02-06 23:06:56,154 - INFO - Tarayýcý kapatýldý.
2025-02-06 23:06:58,100 - INFO - Oy baþarýyla gönderildi.
2025-02-06 23:07:00,497 - INFO - Tarayýcý kapatýldý.
2025-02-06 23:07:03,210 - INFO - Oy baþarýyla gönderildi.
2025-02-06 23:07:05,308 - INFO - Tarayýcý kapatýldý.
2025-02-06 23:07:07,361 - INFO - Oy baþarýyla gönderildi.
2025-02-06 23:07:09,443 - INFO - Tarayýcý kapatýldý.
2025-02-06 23:07:17,006 - INFO - Oy baþarýyla gönderildi.
2025-02-06 23:07:17,692 - INFO - Oy baþarýyla gönderildi.
2025-02-06 23:07:19,097 - INFO - Tarayýcý kapatýldý.
2025-02-06 23:07:19,801 - INFO - Tarayýcý kapatýldý.
2025-02-06 23:07:35,115 - INFO - Oy baþarýyla gönderildi.
2025-02-06 23:07:35,704 - INFO - Oy baþarýyla gönderildi.
2025-02-06 23:07:37,198 - INFO - Tarayýcý kapatýldý.
2025-02-06 23:07:37,787 - INFO - Tarayýcý kapatýldý.
2025-02-06 23:07:40,437 - INFO - Oy baþarýyla gönderildi.
2025-02-06 23:07:41,900 - INFO - Oy baþarýyla gönderildi.
2025-02-06 23:07:42,508 - INFO - Tarayýcý kapatýldý.
2025-02-06 23:07:43,977 - INFO - Tarayýcý kapatýldý.
2025-02-06 23:07:54,624 - INFO - Oy baþarýyla gönderildi.
2025-02-06 23:07:56,700 - INFO - Tarayýcý kapatýldý.
2025-02-06 23:08:04,908 - INFO - Oy baþarýyla gönderildi.
2025-02-06 23:08:05,774 - INFO - Oy baþarýyla gönderildi.
2025-02-06 23:08:06,994 - INFO - Tarayýcý kapatýldý.
2025-02-06 23:08:07,842 - INFO - Tarayýcý kapatýldý.
2025-02-06 23:08:09,242 - INFO - Oy baþarýyla gönderildi.
2025-02-06 23:08:11,313 - INFO - Tarayýcý kapatýldý.
2025-02-06 23:08:12,396 - INFO - Oy baþarýyla gönderildi.
2025-02-06 23:08:14,481 - INFO - Tarayýcý kapatýldý.
2025-02-06 23:08:30,320 - INFO - Oy baþarýyla gönderildi.
2025-02-06 23:08:32,398 - INFO - Tarayýcý kapatýldý.
2025-02-06 23:08:32,747 - INFO - Oy baþarýyla gönderildi.
2025-02-06 23:08:33,260 - INFO - Oy baþarýyla gönderildi.
2025-02-06 23:08:34,610 - INFO - Oy baþarýyla gönderildi.
2025-02-06 23:08:34,815 - INFO - Tarayýcý kapatýldý.
2025-02-06 23:08:35,338 - INFO - Tarayýcý kapatýldý.
2025-02-06 23:08:36,688 - INFO - Tarayýcý kapatýldý.
2025-02-06 23:08:48,435 - INFO - Oy baþarýyla gönderildi.
2025-02-06 23:08:50,528 - INFO - Tarayýcý kapatýldý.
2025-02-06 23:08:57,045 - INFO - Oy baþarýyla gönderildi.
2025-02-06 23:08:57,301 - INFO - Oy baþarýyla gönderildi.
2025-02-06 23:08:58,431 - INFO - Oy baþarýyla gönderildi.
2025-02-06 23:08:59,128 - INFO - Tarayýcý kapatýldý.
2025-02-06 23:08:59,376 - INFO - Tarayýcý kapatýldý.
2025-02-06 23:09:00,559 - INFO - Tarayýcý kapatýldý.
2025-02-06 23:09:04,909 - INFO - Oy baþarýyla gönderildi.
2025-02-06 23:09:06,983 - INFO - Tarayýcý kapatýldý.
2025-02-06 23:09:17,715 - INFO - Oy baþarýyla gönderildi.
2025-02-06 23:09:19,810 - INFO - Tarayýcý kapatýldý.
2025-02-06 23:09:20,938 - INFO - Oy baþarýyla gönderildi.
2025-02-06 23:09:23,007 - INFO - Tarayýcý kapatýldý.
2025-02-06 23:09:27,374 - INFO - Oy baþarýyla gönderildi.
2025-02-06 23:09:29,457 - INFO - Tarayýcý kapatýldý.
2025-02-06 23:09:29,669 - INFO - Oy baþarýyla gönderildi.
2025-02-06 23:09:31,748 - INFO - Tarayýcý kapatýldý.
2025-02-06 23:09:43,951 - INFO - Oy baþarýyla gönderildi.
2025-02-06 23:09:46,034 - INFO - Tarayýcý kapatýldý.
2025-02-06 23:09:50,559 - INFO - Oy baþarýyla gönderildi.
2025-02-06 23:09:52,648 - INFO - Tarayýcý kapatýldý.
2025-02-06 23:09:53,905 - INFO - Oy baþarýyla gönderildi.
2025-02-06 23:09:55,985 - INFO - Tarayýcý kapatýldý.
2025-02-06 23:09:57,426 - INFO - Oy baþarýyla gönderildi.
2025-02-06 23:09:59,511 - INFO - Tarayýcý kapatýldý.
2025-02-06 23:10:03,213 - INFO - Oy baþarýyla gönderildi.
2025-02-06 23:10:05,405 - INFO - Tarayýcý kapatýldý.
2025-02-06 23:10:13,067 - INFO - Oy baþarýyla gönderildi.
2025-02-06 23:10:15,153 - INFO - Tarayýcý kapatýldý.
2025-02-06 23:10:26,843 - INFO - Oy baþarýyla gönderildi.
2025-02-06 23:10:27,579 - INFO - Oy baþarýyla gönderildi.
2025-02-06 23:10:27,717 - INFO - Oy baþarýyla gönderildi.
2025-02-06 23:10:28,936 - INFO - Tarayýcý kapatýldý.
2025-02-06 23:10:29,663 - INFO - Tarayýcý kapatýldý.
2025-02-06 23:10:29,788 - INFO - Tarayýcý kapatýldý.
2025-02-06 23:10:32,003 - INFO - Oy baþarýyla gönderildi.
2025-02-06 23:10:34,080 - INFO - Tarayýcý kapatýldý.
2025-02-06 23:10:51,649 - INFO - Oy baþarýyla gönderildi.
2025-02-06 23:10:53,724 - INFO - Tarayýcý kapatýldý.
2025-02-06 23:11:01,266 - INFO - Oy baþarýyla gönderildi.
2025-02-06 23:11:03,138 - INFO - Oy baþarýyla gönderildi.
2025-02-06 23:11:03,350 - INFO - Tarayýcý kapatýldý.
2025-02-06 23:11:04,930 - INFO - Oy baþarýyla gönderildi.
2025-02-06 23:11:05,236 - INFO - Tarayýcý kapatýldý.
2025-02-06 23:11:07,029 - INFO - Tarayýcý kapatýldý.
2025-02-06 23:11:23,314 - INFO - Oy baþarýyla gönderildi.
2025-02-06 23:11:23,761 - INFO - Oy baþarýyla gönderildi.
2025-02-06 23:11:25,397 - INFO - Tarayýcý kapatýldý.
2025-02-06 23:11:25,843 - INFO - Tarayýcý kapatýldý.
2025-02-06 23:11:29,028 - INFO - Oy baþarýyla gönderildi.
2025-02-06 23:11:30,601 - INFO - Oy baþarýyla gönderildi.
2025-02-06 23:11:31,167 - INFO - Tarayýcý kapatýldý.
2025-02-06 23:11:32,666 - INFO - Tarayýcý kapatýldý.
2025-02-06 23:11:42,629 - INFO - Oy baþarýyla gönderildi.
2025-02-06 23:11:44,701 - INFO - Tarayýcý kapatýldý.
2025-02-06 23:11:46,946 - INFO - Oy baþarýyla gönderildi.
2025-02-06 23:11:49,024 - INFO - Tarayýcý kapatýldý.
2025-02-06 23:11:51,299 - INFO - Oy baþarýyla gönderildi.
2025-02-06 23:11:53,845 - INFO - Tarayýcý kapatýldý.
2025-02-06 23:11:55,807 - INFO - Oy baþarýyla gönderildi.
2025-02-06 23:11:57,878 - INFO - Tarayýcý kapatýldý.
2025-02-06 23:12:12,422 - INFO - Oy baþarýyla gönderildi.
2025-02-06 23:12:15,144 - INFO - Tarayýcý kapatýldý.
2025-02-06 23:12:16,147 - INFO - Oy baþarýyla gönderildi.
2025-02-06 23:12:18,231 - INFO - Tarayýcý kapatýldý.
2025-02-06 23:12:18,523 - INFO - Oy baþarýyla gönderildi.
2025-02-06 23:12:20,473 - INFO - Oy baþarýyla gönderildi.
2025-02-06 23:12:20,609 - INFO - Tarayýcý kapatýldý.
2025-02-06 23:12:21,262 - INFO - Oy baþarýyla gönderildi.
2025-02-06 23:12:22,588 - INFO - Tarayýcý kapatýldý.
2025-02-06 23:12:23,326 - INFO - Tarayýcý kapatýldý.
2025-02-06 23:12:29,561 - INFO - Oy baþarýyla gönderildi.
2025-02-06 23:12:31,650 - INFO - Tarayýcý kapatýldý.
2025-02-06 23:12:46,492 - INFO - Oy baþarýyla gönderildi.
2025-02-06 23:12:46,855 - INFO - Oy baþarýyla gönderildi.
2025-02-06 23:12:47,287 - INFO - Oy baþarýyla gönderildi.
2025-02-06 23:12:48,961 - INFO - Tarayýcý kapatýldý.
2025-02-06 23:12:49,361 - INFO - Tarayýcý kapatýldý.
2025-02-06 23:12:50,156 - INFO - Tarayýcý kapatýldý.
2025-02-06 23:12:51,169 - INFO - Oy baþarýyla gönderildi.
2025-02-06 23:12:53,244 - INFO - Tarayýcý kapatýldý.
2025-02-06 23:12:53,607 - INFO - Oy baþarýyla gönderildi.
2025-02-06 23:12:55,682 - INFO - Tarayýcý kapatýldý.
2025-02-06 23:13:08,907 - INFO - Oy baþarýyla gönderildi.
2025-02-06 23:13:11,009 - INFO - Tarayýcý kapatýldý.
2025-02-06 23:13:24,096 - INFO - Oy baþarýyla gönderildi.
2025-02-06 23:13:26,186 - INFO - Tarayýcý kapatýldý.
2025-02-06 23:13:26,484 - INFO - Oy baþarýyla gönderildi.
2025-02-06 23:13:27,818 - INFO - Oy baþarýyla gönderildi.
2025-02-06 23:13:28,570 - INFO - Tarayýcý kapatýldý.
2025-02-06 23:13:29,038 - INFO - Oy baþarýyla gönderildi.
2025-02-06 23:13:29,898 - INFO - Tarayýcý kapatýldý.
2025-02-06 23:13:31,667 - INFO - Tarayýcý kapatýldý.
2025-02-06 23:13:31,697 - INFO - Oy baþarýyla gönderildi.
2025-02-06 23:13:33,778 - INFO - Tarayýcý kapatýldý.
2025-02-06 23:13:43,343 - INFO - Oy baþarýyla gönderildi.
2025-02-06 23:13:45,437 - INFO - Tarayýcý kapatýldý.
2025-02-06 23:13:53,850 - INFO - Oy baþarýyla gönderildi.
2025-02-06 23:13:53,876 - INFO - Oy baþarýyla gönderildi.
2025-02-06 23:13:55,323 - INFO - Oy baþarýyla gönderildi.
2025-02-06 23:13:55,943 - INFO - Tarayýcý kapatýldý.
2025-02-06 23:13:55,959 - INFO - Tarayýcý kapatýldý.
2025-02-06 23:13:57,407 - INFO - Tarayýcý kapatýldý.
2025-02-06 23:13:58,756 - INFO - Oy baþarýyla gönderildi.
2025-02-06 23:14:00,826 - INFO - Tarayýcý kapatýldý.
2025-02-06 23:14:01,577 - INFO - Oy baþarýyla gönderildi.
2025-02-06 23:14:03,657 - INFO - Tarayýcý kapatýldý.
2025-02-06 23:14:19,617 - INFO - Oy baþarýyla gönderildi.
2025-02-06 23:14:21,722 - INFO - Tarayýcý kapatýldý.
2025-02-06 23:14:24,409 - INFO - Oy baþarýyla gönderildi.
2025-02-06 23:14:24,831 - INFO - Oy baþarýyla gönderildi.
2025-02-06 23:14:26,534 - INFO - Tarayýcý kapatýldý.
2025-02-06 23:14:26,921 - INFO - Tarayýcý kapatýldý.
2025-02-06 23:14:27,154 - INFO - Oy baþarýyla gönderildi.
2025-02-06 23:14:28,384 - INFO - Oy baþarýyla gönderildi.
2025-02-06 23:14:29,223 - INFO - Tarayýcý kapatýldý.
2025-02-06 23:14:30,454 - INFO - Tarayýcý kapatýldý.
2025-02-06 23:14:33,729 - INFO - Oy baþarýyla gönderildi.
2025-02-06 23:14:35,806 - INFO - Tarayýcý kapatýldý.
2025-02-06 23:14:51,331 - INFO - Oy baþarýyla gönderildi.
2025-02-06 23:14:51,902 - INFO - Oy baþarýyla gönderildi.
2025-02-06 23:14:53,418 - INFO - Tarayýcý kapatýldý.
2025-02-06 23:14:53,756 - INFO - Oy baþarýyla gönderildi.
2025-02-06 23:14:53,995 - INFO - Tarayýcý kapatýldý.
2025-02-06 23:14:54,685 - INFO - Oy baþarýyla gönderildi.
2025-02-06 23:14:55,835 - INFO - Tarayýcý kapatýldý.
2025-02-06 23:14:56,752 - INFO - Tarayýcý kapatýldý.
2025-02-06 23:14:57,424 - INFO - Oy baþarýyla gönderildi.
2025-02-06 23:14:59,502 - INFO - Tarayýcý kapatýldý.
2025-02-06 23:15:10,166 - INFO - Oy baþarýyla gönderildi.
2025-02-06 23:15:12,274 - INFO - Tarayýcý kapatýldý.
2025-02-06 23:15:25,276 - INFO - Oy baþarýyla gönderildi.
2025-02-06 23:15:25,285 - INFO - Oy baþarýyla gönderildi.
2025-02-06 23:15:27,401 - INFO - Tarayýcý kapatýldý.
2025-02-06 23:15:27,416 - INFO - Tarayýcý kapatýldý.
2025-02-06 23:15:29,979 - INFO - Oy baþarýyla gönderildi.
2025-02-06 23:15:30,838 - INFO - Oy baþarýyla gönderildi.
2025-02-06 23:15:32,032 - INFO - Oy baþarýyla gönderildi.
2025-02-06 23:15:32,292 - INFO - Tarayýcý kapatýldý.
2025-02-06 23:15:32,930 - INFO - Tarayýcý kapatýldý.
2025-02-06 23:15:34,113 - INFO - Tarayýcý kapatýldý.
2025-02-06 23:15:41,133 - INFO - Oy baþarýyla gönderildi.
2025-02-06 23:15:43,229 - INFO - Tarayýcý kapatýldý.
2025-02-06 23:15:50,751 - INFO - Oy baþarýyla gönderildi.
2025-02-06 23:15:53,510 - INFO - Tarayýcý kapatýldý.
2025-02-06 23:15:56,858 - INFO - Oy baþarýyla gönderildi.
2025-02-06 23:15:57,909 - INFO - Oy baþarýyla gönderildi.
2025-02-06 23:15:58,941 - INFO - Tarayýcý kapatýldý.
2025-02-06 23:15:59,985 - INFO - Tarayýcý kapatýldý.
2025-02-06 23:16:00,059 - INFO - Oy baþarýyla gönderildi.
2025-02-06 23:16:02,133 - INFO - Tarayýcý kapatýldý.
2025-02-06 23:16:07,868 - INFO - Oy baþarýyla gönderildi.
2025-02-06 23:16:09,957 - INFO - Tarayýcý kapatýldý.
2025-02-06 23:16:11,982 - INFO - Oy baþarýyla gönderildi.
2025-02-06 23:16:14,059 - INFO - Tarayýcý kapatýldý.
2025-02-06 23:16:16,821 - INFO - Oy baþarýyla gönderildi.
2025-02-06 23:16:18,896 - INFO - Tarayýcý kapatýldý.
2025-02-06 23:16:22,430 - INFO - Oy baþarýyla gönderildi.
2025-02-06 23:16:24,517 - INFO - Tarayýcý kapatýldý.
2025-02-06 23:16:24,550 - INFO - Oy baþarýyla gönderildi.
2025-02-06 23:16:27,146 - INFO - Tarayýcý kapatýldý.
2025-02-06 23:16:30,245 - INFO - Oy baþarýyla gönderildi.
2025-02-06 23:16:32,319 - INFO - Tarayýcý kapatýldý.
2025-02-06 23:16:38,495 - INFO - Oy baþarýyla gönderildi.
2025-02-06 23:16:40,037 - INFO - Oy baþarýyla gönderildi.
2025-02-06 23:16:40,575 - INFO - Tarayýcý kapatýldý.
2025-02-06 23:16:42,117 - INFO - Tarayýcý kapatýldý.
2025-02-06 23:16:49,103 - INFO - Oy baþarýyla gönderildi.
2025-02-06 23:16:51,180 - INFO - Tarayýcý kapatýldý.
2025-02-06 23:16:56,712 - INFO - Oy baþarýyla gönderildi.
2025-02-06 23:16:58,796 - INFO - Tarayýcý kapatýldý.
2025-02-06 23:17:06,316 - INFO - Oy baþarýyla gönderildi.
2025-02-06 23:17:08,394 - INFO - Tarayýcý kapatýldý.
2025-02-06 23:17:09,748 - INFO - Oy baþarýyla gönderildi.
2025-02-06 23:17:10,021 - INFO - Oy baþarýyla gönderildi.
2025-02-06 23:17:11,829 - INFO - Tarayýcý kapatýldý.
2025-02-06 23:17:12,110 - INFO - Tarayýcý kapatýldý.
2025-02-06 23:17:14,432 - INFO - Oy baþarýyla gönderildi.
2025-02-06 23:17:16,507 - INFO - Tarayýcý kapatýldý.
2025-02-06 23:17:23,378 - INFO - Oy baþarýyla gönderildi.
2025-02-06 23:17:25,488 - INFO - Tarayýcý kapatýldý.
2025-02-06 23:17:32,598 - INFO - Oy baþarýyla gönderildi.
2025-02-06 23:17:34,694 - INFO - Tarayýcý kapatýldý.
2025-02-06 23:17:36,158 - INFO - Oy baþarýyla gönderildi.
2025-02-06 23:17:36,274 - INFO - Oy baþarýyla gönderildi.
2025-02-06 23:17:38,275 - INFO - Tarayýcý kapatýldý.
2025-02-06 23:17:38,384 - INFO - Tarayýcý kapatýldý.
2025-02-06 23:17:56,807 - INFO - Oy baþarýyla gönderildi.
2025-02-06 23:17:58,884 - INFO - Tarayýcý kapatýldý.
2025-02-06 23:18:02,885 - INFO - Oy baþarýyla gönderildi.
2025-02-06 23:18:04,988 - INFO - Tarayýcý kapatýldý.
2025-02-06 23:18:06,356 - INFO - Oy baþarýyla gönderildi.
2025-02-06 23:18:08,432 - INFO - Tarayýcý kapatýldý.
2025-02-06 23:18:09,962 - INFO - Oy baþarýyla gönderildi.
2025-02-06 23:18:12,042 - INFO - Tarayýcý kapatýldý.
2025-02-06 23:18:15,653 - INFO - Oy baþarýyla gönderildi.
2025-02-06 23:18:17,814 - INFO - Tarayýcý kapatýldý.
2025-02-06 23:18:25,017 - INFO - Oy baþarýyla gönderildi.
2025-02-06 23:18:27,103 - INFO - Tarayýcý kapatýldý.
2025-02-06 23:18:33,335 - INFO - Oy baþarýyla gönderildi.
2025-02-06 23:18:35,281 - INFO - Oy baþarýyla gönderildi.
2025-02-06 23:18:35,408 - INFO - Tarayýcý kapatýldý.
2025-02-06 23:18:35,409 - INFO - Oy baþarýyla gönderildi.
2025-02-06 23:18:37,374 - INFO - Tarayýcý kapatýldý.
2025-02-06 23:18:37,482 - INFO - Tarayýcý kapatýldý.
2025-02-06 23:18:39,988 - INFO - Oy baþarýyla gönderildi.
2025-02-06 23:18:42,071 - INFO - Tarayýcý kapatýldý.
2025-02-06 23:19:04,128 - INFO - Oy baþarýyla gönderildi.
2025-02-06 23:19:06,215 - INFO - Tarayýcý kapatýldý.
2025-02-06 23:19:07,408 - INFO - Oy baþarýyla gönderildi.
2025-02-06 23:19:08,351 - INFO - Oy baþarýyla gönderildi.
2025-02-06 23:19:09,458 - INFO - Oy baþarýyla gönderildi.
2025-02-06 23:19:09,788 - INFO - Tarayýcý kapatýldý.
2025-02-06 23:19:10,456 - INFO - Tarayýcý kapatýldý.
2025-02-06 23:19:11,528 - INFO - Tarayýcý kapatýldý.
2025-02-06 23:19:22,790 - INFO - Oy baþarýyla gönderildi.
2025-02-06 23:19:24,872 - INFO - Tarayýcý kapatýldý.
2025-02-06 23:19:28,936 - INFO - Oy baþarýyla gönderildi.
2025-02-06 23:19:30,108 - INFO - Oy baþarýyla gönderildi.
2025-02-06 23:19:31,044 - INFO - Tarayýcý kapatýldý.
2025-02-06 23:19:31,524 - INFO - Oy baþarýyla gönderildi.
2025-02-06 23:19:32,180 - INFO - Tarayýcý kapatýldý.
2025-02-06 23:19:33,615 - INFO - Tarayýcý kapatýldý.
2025-02-06 23:19:37,653 - INFO - Oy baþarýyla gönderildi.
2025-02-06 23:19:39,737 - INFO - Tarayýcý kapatýldý.
2025-02-06 23:19:48,557 - INFO - Oy baþarýyla gönderildi.
2025-02-06 23:19:50,643 - INFO - Tarayýcý kapatýldý.
2025-02-06 23:19:54,236 - INFO - Oy baþarýyla gönderildi.
2025-02-06 23:19:56,321 - INFO - Tarayýcý kapatýldý.
2025-02-06 23:19:57,059 - INFO - Oy baþarýyla gönderildi.
2025-02-06 23:19:57,237 - INFO - Oy baþarýyla gönderildi.
2025-02-06 23:19:59,132 - INFO - Tarayýcý kapatýldý.
2025-02-06 23:19:59,317 - INFO - Tarayýcý kapatýldý.
2025-02-06 23:20:02,833 - INFO - Oy baþarýyla gönderildi.
2025-02-06 23:20:05,012 - INFO - Tarayýcý kapatýldý.
2025-02-06 23:20:16,936 - INFO - Oy baþarýyla gönderildi.
2025-02-06 23:20:18,414 - INFO - Oy baþarýyla gönderildi.
2025-02-06 23:20:19,034 - INFO - Tarayýcý kapatýldý.
2025-02-06 23:20:20,516 - INFO - Tarayýcý kapatýldý.
2025-02-06 23:20:23,345 - INFO - Oy baþarýyla gönderildi.
2025-02-06 23:20:25,420 - INFO - Tarayýcý kapatýldý.
2025-02-06 23:20:30,427 - INFO - Hata: Message: 
Stacktrace:
	GetHandleVerifier [0x00007FF6F005FB05+28789]
	(No symbol) [0x00007FF6EFFC86E0]
	(No symbol) [0x00007FF6EFE6592A]
	(No symbol) [0x00007FF6EFEB930E]
	(No symbol) [0x00007FF6EFEB95FC]
	(No symbol) [0x00007FF6EFF028A7]
	(No symbol) [0x00007FF6EFEDF47F]
	(No symbol) [0x00007FF6EFEFF654]
	(No symbol) [0x00007FF6EFEDF1E3]
	(No symbol) [0x00007FF6EFEAA938]
	(No symbol) [0x00007FF6EFEABAA1]
	GetHandleVerifier [0x00007FF6F039933D+3410093]
	GetHandleVerifier [0x00007FF6F03AE7DD+3497293]
	GetHandleVerifier [0x00007FF6F03A2A73+3448803]
	GetHandleVerifier [0x00007FF6F0127BBB+848171]
	(No symbol) [0x00007FF6EFFD3C3F]
	(No symbol) [0x00007FF6EFFCF6E4]
	(No symbol) [0x00007FF6EFFCF87D]
	(No symbol) [0x00007FF6EFFBED49]
	BaseThreadInitThunk [0x00007FFF770A259D+29]
	RtlUserThreadStart [0x00007FFF786EAF38+40]

2025-02-06 23:20:32,521 - INFO - Tarayýcý kapatýldý.
2025-02-06 23:20:36,245 - INFO - Oy baþarýyla gönderildi.
2025-02-06 23:20:38,380 - INFO - Tarayýcý kapatýldý.
2025-02-06 23:20:40,973 - INFO - Oy baþarýyla gönderildi.
2025-02-06 23:20:43,049 - INFO - Tarayýcý kapatýldý.
2025-02-06 23:20:44,657 - INFO - Oy baþarýyla gönderildi.
2025-02-06 23:20:46,733 - INFO - Tarayýcý kapatýldý.
2025-02-06 23:20:50,275 - INFO - Oy baþarýyla gönderildi.
2025-02-06 23:20:52,376 - INFO - Tarayýcý kapatýldý.
2025-02-06 23:20:55,379 - INFO - Oy baþarýyla gönderildi.
2025-02-06 23:20:57,464 - INFO - Tarayýcý kapatýldý.
2025-02-06 23:21:00,072 - INFO - Status: Stopping...
2025-02-06 23:21:00,141 - INFO - Oy baþarýyla gönderildi.
2025-02-06 23:21:02,213 - INFO - Tarayýcý kapatýldý.
2025-02-06 23:21:04,496 - INFO - Hata: ('Connection aborted.', ConnectionResetError(10054, 'Varolan bir baðlantý uzaktaki bir ana bilgisayar tarafýndan zorla kapatýldý', None, 10054, None))
2025-02-06 23:21:04,496 - INFO - Hata: ('Connection aborted.', ConnectionResetError(10054, 'Varolan bir baðlantý uzaktaki bir ana bilgisayar tarafýndan zorla kapatýldý', None, 10054, None))
