2025-11-26 01:42:23,708 [INFO] Sürücü: C:\Users\MONSTER\Desktop\Yeni klasör\VoteBot\chromedriver.exe
2025-11-26 01:42:23,709 [INFO] Chrome: C:\Program Files\Google\Chrome\Application\chrome.exe
2025-11-26 01:42:25,994 [INFO] Ön kontrol başarılı
2025-11-26 01:42:30,930 [INFO] Sürücü: C:\Users\MONSTER\Desktop\Yeni klasör\VoteBot\chromedriver.exe
2025-11-26 01:42:30,930 [INFO] Chrome: C:\Program Files\Google\Chrome\Application\chrome.exe
2025-11-26 01:42:30,931 [INFO] Bot başlatıldı
2025-11-26 01:42:34,766 [ERROR] ChromeDriver başlatılamadı: Message: session not created: This version of ChromeDriver only supports Chrome version 135
Current browser version is 142.0.7444.176 with binary path C:\Program Files\Google\Chrome\Application\chrome.exe; For documentation on this error, please visit: https://www.selenium.dev/documentation/webdriver/troubleshooting/errors#sessionnotcreatedexception
Stacktrace:
	GetHandleVerifier [0x00007FF610D05355+78597]
	GetHandleVerifier [0x00007FF610D053B0+78688]
	(No symbol) [0x00007FF610AB91AA]
	(No symbol) [0x00007FF610AFD1CF]
	(No symbol) [0x00007FF610AFC21B]
	(No symbol) [0x00007FF610AF65A8]
	(No symbol) [0x00007FF610AF1A5D]
	(No symbol) [0x00007FF610B451E5]
	(No symbol) [0x00007FF610B447A0]
	(No symbol) [0x00007FF610B36EC3]
	(No symbol) [0x00007FF610B003F8]
	(No symbol) [0x00007FF610B01163]
	GetHandleVerifier [0x00007FF610FAEF0D+2870973]
	GetHandleVerifier [0x00007FF610FA96B8+2848360]
	GetHandleVerifier [0x00007FF610FC6993+2967875]
	GetHandleVerifier [0x00007FF610D2019A+188746]
	GetHandleVerifier [0x00007FF610D2847F+222255]
	GetHandleVerifier [0x00007FF610D0D2D4+111236]
	GetHandleVerifier [0x00007FF610D0D482+111666]
	GetHandleVerifier [0x00007FF610CF35A9+5465]
	BaseThreadInitThunk [0x00007FF989EAE8D7+23]
	RtlUserThreadStart [0x00007FF98B80C53C+44]

2025-11-26 01:42:36,874 [INFO] Bot durduruluyor...
2025-11-26 01:52:10,720 [ERROR] Chrome versiyon okunamadı: Command '['C:\\Program Files\\Google\\Chrome\\Application\\chrome.exe', '--version']' timed out after 5 seconds
2025-11-26 01:52:10,720 [INFO] Sürücü: C:\Users\MONSTER\Desktop\Yeni klasör\VoteBot\chromedriver.exe
2025-11-26 01:52:10,720 [INFO] Chrome: C:\Program Files\Google\Chrome\Application\chrome.exe
2025-11-26 01:52:12,219 [INFO] Ön kontrol başarılı
2025-11-26 01:52:19,990 [ERROR] Chrome versiyon okunamadı: Command '['C:\\Program Files\\Google\\Chrome\\Application\\chrome.exe', '--version']' timed out after 5 seconds
2025-11-26 01:52:19,990 [INFO] Sürücü: C:\Users\MONSTER\Desktop\Yeni klasör\VoteBot\chromedriver.exe
2025-11-26 01:52:19,990 [INFO] Chrome: C:\Program Files\Google\Chrome\Application\chrome.exe
2025-11-26 01:52:19,990 [INFO] Bot başlatıldı
2025-11-26 01:52:25,529 [INFO] Oy verildi (batch 1/1)
2025-11-26 01:52:36,545 [INFO] Oy verildi (batch 1/1)
2025-11-26 01:52:47,766 [INFO] Oy verildi (batch 1/1)
2025-11-26 01:52:47,821 [INFO] Bot durduruluyor...
2025-11-26 01:52:58,801 [INFO] Ayarlar kaydedildi.
2025-11-26 01:53:05,947 [ERROR] Chrome versiyon okunamadı: Command '['C:\\Program Files\\Google\\Chrome\\Application\\chrome.exe', '--version']' timed out after 5 seconds
2025-11-26 01:53:05,947 [INFO] Sürücü: C:\Users\MONSTER\Desktop\Yeni klasör\VoteBot\chromedriver.exe
2025-11-26 01:53:05,947 [INFO] Chrome: C:\Program Files\Google\Chrome\Application\chrome.exe
2025-11-26 01:53:05,947 [INFO] Bot başlatıldı
2025-11-26 01:53:11,575 [INFO] Oy verildi (batch 1/5)
2025-11-26 01:53:19,277 [INFO] Oy verildi (batch 2/5)
2025-11-26 01:53:27,151 [INFO] Oy verildi (batch 3/5)
2025-11-26 01:53:38,096 [INFO] Oy verildi (batch 4/5)
2025-11-26 01:53:56,254 [INFO] Oy verildi (batch 5/5)
2025-11-26 01:54:13,955 [INFO] Oy verildi (batch 1/5)
2025-11-26 01:54:25,095 [INFO] Oy verildi (batch 2/5)
2025-11-26 01:54:34,944 [INFO] Oy verildi (batch 3/5)
2025-11-26 01:54:44,439 [INFO] Oy verildi (batch 4/5)
2025-11-26 01:54:51,900 [INFO] Oy verildi (batch 5/5)
2025-11-26 01:55:03,054 [INFO] Oy verildi (batch 1/5)
2025-11-26 01:55:11,285 [INFO] Oy verildi (batch 2/5)
2025-11-26 01:55:18,867 [INFO] Oy verildi (batch 3/5)
2025-11-26 01:55:26,744 [INFO] Oy verildi (batch 4/5)
2025-11-26 01:55:34,264 [INFO] Oy verildi (batch 5/5)
2025-11-26 01:55:45,253 [INFO] Oy verildi (batch 1/5)
2025-11-26 01:55:52,866 [INFO] Oy verildi (batch 2/5)
2025-11-26 01:56:01,022 [INFO] Oy verildi (batch 3/5)
2025-11-26 01:56:08,780 [INFO] Oy verildi (batch 4/5)
2025-11-26 01:56:16,695 [INFO] Oy verildi (batch 5/5)
2025-11-26 01:56:27,232 [INFO] Oy verildi (batch 1/5)
2025-11-26 01:56:35,022 [INFO] Oy verildi (batch 2/5)
2025-11-26 01:56:42,754 [INFO] Oy verildi (batch 3/5)
2025-11-26 01:56:51,061 [INFO] Oy verildi (batch 4/5)
2025-11-26 01:56:58,612 [INFO] Oy verildi (batch 5/5)
2025-11-26 01:57:09,548 [INFO] Oy verildi (batch 1/5)
2025-11-26 01:57:17,247 [INFO] Oy verildi (batch 2/5)
2025-11-26 01:57:24,972 [INFO] Oy verildi (batch 3/5)
2025-11-26 01:57:32,593 [INFO] Oy verildi (batch 4/5)
2025-11-26 01:57:40,437 [INFO] Oy verildi (batch 5/5)
2025-11-26 01:57:51,387 [INFO] Oy verildi (batch 1/5)
2025-11-26 01:57:59,024 [INFO] Oy verildi (batch 2/5)
2025-11-26 01:58:06,705 [INFO] Oy verildi (batch 3/5)
2025-11-26 01:58:14,447 [INFO] Oy verildi (batch 4/5)
2025-11-26 01:58:23,536 [INFO] Oy verildi (batch 5/5)
2025-11-26 01:58:34,418 [INFO] Oy verildi (batch 1/5)
2025-11-26 01:58:42,202 [INFO] Oy verildi (batch 2/5)
2025-11-26 01:58:49,823 [INFO] Oy verildi (batch 3/5)
2025-11-26 01:58:57,097 [INFO] Oy verildi (batch 4/5)
2025-11-26 01:59:04,994 [INFO] Oy verildi (batch 5/5)
2025-11-26 01:59:16,308 [INFO] Oy verildi (batch 1/5)
2025-11-26 01:59:23,769 [INFO] Oy verildi (batch 2/5)
2025-11-26 01:59:34,344 [INFO] Oy verildi (batch 3/5)
2025-11-26 01:59:56,062 [INFO] Oy verildi (batch 4/5)
2025-11-26 02:00:49,934 [INFO] Oy verildi (batch 5/5)
2025-11-26 02:01:01,305 [INFO] Oy verildi (batch 1/5)
2025-11-26 02:01:09,037 [INFO] Oy verildi (batch 2/5)
2025-11-26 02:01:17,185 [INFO] Oy verildi (batch 3/5)
2025-11-26 02:01:24,885 [INFO] Oy verildi (batch 4/5)
2025-11-26 02:01:33,810 [INFO] Oy verildi (batch 5/5)
2025-11-26 02:01:44,929 [INFO] Oy verildi (batch 1/5)
2025-11-26 02:01:52,461 [INFO] Oy verildi (batch 2/5)
2025-11-26 02:02:00,299 [INFO] Oy verildi (batch 3/5)
2025-11-26 02:02:07,661 [INFO] Oy verildi (batch 4/5)
2025-11-26 02:02:15,655 [INFO] Oy verildi (batch 5/5)
2025-11-26 02:02:26,542 [INFO] Oy verildi (batch 1/5)
2025-11-26 02:02:34,472 [INFO] Oy verildi (batch 2/5)
2025-11-26 02:02:42,846 [INFO] Oy verildi (batch 3/5)
2025-11-26 02:02:50,383 [INFO] Oy verildi (batch 4/5)
2025-11-26 02:02:52,502 [INFO] Ayarlar kaydedildi.
2025-11-26 02:02:58,653 [INFO] Sürücü: C:\Users\MONSTER\Desktop\Yeni klasör\VoteBot\chromedriver.exe
2025-11-26 02:02:58,653 [INFO] Chrome: C:\Program Files\Google\Chrome\Application\chrome.exe
2025-11-26 02:02:58,655 [INFO] Oy verildi (batch 5/5)
2025-11-26 02:03:00,326 [INFO] Ön kontrol başarılı
2025-11-26 02:03:05,907 [INFO] Log temizlendi
2025-11-26 02:03:09,671 [INFO] Oy verildi (batch 1/5)
2025-11-26 02:03:17,493 [INFO] Oy verildi (batch 2/5)
2025-11-26 02:03:25,330 [INFO] Oy verildi (batch 3/5)
2025-11-26 02:03:33,475 [INFO] Oy verildi (batch 4/5)
2025-11-26 02:03:40,931 [INFO] Oy verildi (batch 5/5)
2025-11-26 02:03:52,537 [INFO] Oy verildi (batch 1/5)
2025-11-26 02:04:00,838 [INFO] Oy verildi (batch 2/5)
2025-11-26 02:04:08,850 [INFO] Oy verildi (batch 3/5)
2025-11-26 02:04:16,689 [INFO] Oy verildi (batch 4/5)
2025-11-26 02:04:24,582 [INFO] Oy verildi (batch 5/5)
2025-11-26 02:04:35,408 [INFO] Oy verildi (batch 1/5)
2025-11-26 02:04:42,991 [INFO] Oy verildi (batch 2/5)
2025-11-26 02:04:50,594 [INFO] Oy verildi (batch 3/5)
2025-11-26 02:04:58,001 [INFO] Oy verildi (batch 4/5)
2025-11-26 02:05:05,655 [INFO] Oy verildi (batch 5/5)
