2025-01-17 22:03:26,395 - INFO - Status: Çalýþýyor
2025-01-17 22:04:10,208 - INFO - Oy baþarýyla gönderildi.
2025-01-17 22:04:11,340 - INFO - Oy baþarýyla gönderildi.
2025-01-17 22:04:12,291 - INFO - Tarayýcý kapatýldý.
2025-01-17 22:04:12,404 - INFO - Oy baþarýyla gönderildi.
2025-01-17 22:04:13,438 - INFO - Tarayýcý kapatýldý.
2025-01-17 22:04:14,405 - INFO - Oy baþarýyla gönderildi.
2025-01-17 22:04:14,480 - INFO - Tarayýcý kapatýldý.
2025-01-17 22:04:16,004 - INFO - Oy baþarýyla gönderildi.
2025-01-17 22:04:16,487 - INFO - Tarayýcý kapatýldý.
2025-01-17 22:04:18,130 - INFO - Tarayýcý kapatýldý.
2025-01-17 22:05:31,417 - INFO - Oy baþarýyla gönderildi.
2025-01-17 22:05:33,502 - INFO - Tarayýcý kapatýldý.
2025-01-17 22:05:39,275 - INFO - Oy baþarýyla gönderildi.
2025-01-17 22:05:41,372 - INFO - Tarayýcý kapatýldý.
2025-01-17 22:05:44,121 - INFO - Oy baþarýyla gönderildi.
2025-01-17 22:05:46,196 - INFO - Tarayýcý kapatýldý.
2025-01-17 22:06:04,509 - INFO - Oy baþarýyla gönderildi.
2025-01-17 22:06:06,265 - INFO - Oy baþarýyla gönderildi.
2025-01-17 22:06:06,594 - INFO - Tarayýcý kapatýldý.
2025-01-17 22:06:08,368 - INFO - Tarayýcý kapatýldý.
2025-01-17 22:06:38,582 - INFO - Oy baþarýyla gönderildi.
2025-01-17 22:06:40,665 - INFO - Tarayýcý kapatýldý.
2025-01-17 22:06:44,717 - INFO - Oy baþarýyla gönderildi.
2025-01-17 22:06:46,839 - INFO - Tarayýcý kapatýldý.
2025-01-17 22:07:21,598 - INFO - Oy baþarýyla gönderildi.
2025-01-17 22:07:23,264 - INFO - Oy baþarýyla gönderildi.
2025-01-17 22:07:23,681 - INFO - Tarayýcý kapatýldý.
2025-01-17 22:07:25,344 - INFO - Tarayýcý kapatýldý.
2025-01-17 22:07:27,383 - INFO - Oy baþarýyla gönderildi.
2025-01-17 22:07:29,528 - INFO - Tarayýcý kapatýldý.
2025-01-17 22:08:28,247 - INFO - Oy baþarýyla gönderildi.
2025-01-17 22:08:30,331 - INFO - Oy baþarýyla gönderildi.
2025-01-17 22:08:30,342 - INFO - Tarayýcý kapatýldý.
2025-01-17 22:08:32,422 - INFO - Tarayýcý kapatýldý.
2025-01-17 22:08:42,564 - INFO - Oy baþarýyla gönderildi.
2025-01-17 22:08:44,657 - INFO - Tarayýcý kapatýldý.
2025-01-17 22:08:50,773 - INFO - Oy baþarýyla gönderildi.
2025-01-17 22:08:52,867 - INFO - Tarayýcý kapatýldý.
2025-01-17 22:09:27,734 - INFO - Hata: HTTPConnectionPool(host='localhost', port=50874): Read timed out. (read timeout=120)
2025-01-17 22:09:47,480 - INFO - Tarayýcý kapatýldý.
2025-01-17 22:10:00,247 - INFO - Oy baþarýyla gönderildi.
2025-01-17 22:10:02,360 - INFO - Tarayýcý kapatýldý.
2025-01-17 22:10:18,128 - INFO - Oy baþarýyla gönderildi.
2025-01-17 22:10:20,232 - INFO - Tarayýcý kapatýldý.
2025-01-17 22:10:34,352 - INFO - Hata: HTTPConnectionPool(host='localhost', port=51112): Read timed out. (read timeout=120)
2025-01-17 22:10:48,710 - INFO - Hata: HTTPConnectionPool(host='localhost', port=51194): Read timed out. (read timeout=120)
2025-01-17 22:10:52,453 - INFO - Tarayýcý kapatýldý.
2025-01-17 22:11:39,875 - INFO - Oy baþarýyla gönderildi.
2025-01-17 22:11:41,984 - INFO - Tarayýcý kapatýldý.
2025-01-17 22:11:53,376 - INFO - Oy baþarýyla gönderildi.
2025-01-17 22:11:55,471 - INFO - Tarayýcý kapatýldý.
2025-01-17 22:12:00,046 - INFO - Oy baþarýyla gönderildi.
2025-01-17 22:12:02,187 - INFO - Tarayýcý kapatýldý.
2025-01-17 22:12:17,960 - INFO - Oy baþarýyla gönderildi.
2025-01-17 22:12:20,061 - INFO - Tarayýcý kapatýldý.
2025-01-17 22:12:34,365 - WARNING - Retrying (Retry(total=2, connect=None, read=None, redirect=None, status=None)) after connection broken by 'ReadTimeoutError("HTTPConnectionPool(host='localhost', port=51112): Read timed out. (read timeout=120)")': /session/94642ec1811c6e7313774d66cbc60b95
2025-01-17 22:12:38,934 - INFO - Oy baþarýyla gönderildi.
2025-01-17 22:12:41,030 - INFO - Tarayýcý kapatýldý.
2025-01-17 22:13:53,272 - INFO - Tarayýcý kapatýldý.
2025-01-17 22:13:53,272 - INFO - Oy baþarýyla gönderildi.
2025-01-17 22:13:53,272 - INFO - Oy baþarýyla gönderildi.
2025-01-17 22:13:54,835 - INFO - Oy baþarýyla gönderildi.
2025-01-17 22:13:55,385 - INFO - Tarayýcý kapatýldý.
2025-01-17 22:13:55,385 - INFO - Tarayýcý kapatýldý.
2025-01-17 22:13:56,922 - INFO - Tarayýcý kapatýldý.
2025-01-17 22:13:58,834 - INFO - Oy baþarýyla gönderildi.
2025-01-17 22:14:00,921 - INFO - Tarayýcý kapatýldý.
2025-01-17 22:15:09,196 - INFO - Oy baþarýyla gönderildi.
2025-01-17 22:15:09,820 - INFO - Oy baþarýyla gönderildi.
2025-01-17 22:15:11,328 - INFO - Tarayýcý kapatýldý.
2025-01-17 22:15:11,902 - INFO - Tarayýcý kapatýldý.
2025-01-17 22:15:19,566 - INFO - Oy baþarýyla gönderildi.
2025-01-17 22:15:21,702 - INFO - Tarayýcý kapatýldý.
2025-01-17 22:15:29,093 - INFO - Oy baþarýyla gönderildi.
2025-01-17 22:15:31,249 - INFO - Tarayýcý kapatýldý.
2025-01-17 22:15:59,464 - INFO - Hata: HTTPConnectionPool(host='localhost', port=52245): Read timed out. (read timeout=120)
2025-01-17 22:16:23,026 - INFO - Oy baþarýyla gönderildi.
2025-01-17 22:16:25,114 - INFO - Tarayýcý kapatýldý.
2025-01-17 22:16:52,698 - INFO - Oy baþarýyla gönderildi.
2025-01-17 22:16:54,790 - INFO - Tarayýcý kapatýldý.
2025-01-17 22:17:15,550 - INFO - Oy baþarýyla gönderildi.
2025-01-17 22:17:17,648 - INFO - Tarayýcý kapatýldý.
2025-01-17 22:17:33,944 - INFO - Oy baþarýyla gönderildi.
2025-01-17 22:17:35,304 - INFO - Hata: HTTPConnectionPool(host='localhost', port=52691): Read timed out. (read timeout=120)
2025-01-17 22:17:36,053 - INFO - Tarayýcý kapatýldý.
2025-01-17 22:17:59,489 - WARNING - Retrying (Retry(total=2, connect=None, read=None, redirect=None, status=None)) after connection broken by 'ReadTimeoutError("HTTPConnectionPool(host='localhost', port=52245): Read timed out. (read timeout=120)")': /session/7848980b2d1168c1cf7118cbd4669119
2025-01-17 22:18:11,644 - INFO - Oy baþarýyla gönderildi.
2025-01-17 22:18:13,752 - INFO - Tarayýcý kapatýldý.
2025-01-17 22:18:16,845 - INFO - Tarayýcý kapatýldý.
2025-01-17 22:18:20,651 - INFO - Oy baþarýyla gönderildi.
2025-01-17 22:18:22,751 - INFO - Tarayýcý kapatýldý.
2025-01-17 22:18:32,108 - INFO - Tarayýcý kapatýldý.
2025-01-17 22:18:58,918 - INFO - Hata: HTTPConnectionPool(host='localhost', port=52926): Read timed out. (read timeout=120)
2025-01-17 22:19:15,252 - INFO - Oy baþarýyla gönderildi.
2025-01-17 22:19:17,351 - INFO - Tarayýcý kapatýldý.
2025-01-17 22:19:31,120 - INFO - Hata: Message: 
Stacktrace:
	GetHandleVerifier [0x00007FF7FA2EFB05+28789]
	(No symbol) [0x00007FF7FA2586E0]
	(No symbol) [0x00007FF7FA0F592A]
	(No symbol) [0x00007FF7FA14930E]
	(No symbol) [0x00007FF7FA1495FC]
	(No symbol) [0x00007FF7FA1928A7]
	(No symbol) [0x00007FF7FA16F47F]
	(No symbol) [0x00007FF7FA18F654]
	(No symbol) [0x00007FF7FA16F1E3]
	(No symbol) [0x00007FF7FA13A938]
	(No symbol) [0x00007FF7FA13BAA1]
	GetHandleVerifier [0x00007FF7FA62933D+3410093]
	GetHandleVerifier [0x00007FF7FA63E7DD+3497293]
	GetHandleVerifier [0x00007FF7FA632A73+3448803]
	GetHandleVerifier [0x00007FF7FA3B7BBB+848171]
	(No symbol) [0x00007FF7FA263C3F]
	(No symbol) [0x00007FF7FA25F6E4]
	(No symbol) [0x00007FF7FA25F87D]
	(No symbol) [0x00007FF7FA24ED49]
	BaseThreadInitThunk [0x00007FF9AC94259D+29]
	RtlUserThreadStart [0x00007FF9AEACAF38+40]

2025-01-17 22:19:33,215 - INFO - Tarayýcý kapatýldý.
2025-01-17 22:19:44,714 - INFO - Oy baþarýyla gönderildi.
2025-01-17 22:19:47,318 - INFO - Tarayýcý kapatýldý.
2025-01-17 22:20:17,819 - INFO - Hata: HTTPConnectionPool(host='localhost', port=53173): Read timed out. (read timeout=120)
2025-01-17 22:20:36,558 - INFO - Oy baþarýyla gönderildi.
2025-01-17 22:20:38,682 - INFO - Tarayýcý kapatýldý.
2025-01-17 22:20:44,155 - INFO - Tarayýcý kapatýldý.
2025-01-17 22:20:45,985 - INFO - Oy baþarýyla gönderildi.
2025-01-17 22:20:48,081 - INFO - Tarayýcý kapatýldý.
2025-01-17 22:20:48,096 - INFO - Tarayýcý kapatýldý.
2025-01-17 22:20:53,464 - INFO - Oy baþarýyla gönderildi.
2025-01-17 22:20:55,580 - INFO - Tarayýcý kapatýldý.
2025-01-17 22:21:55,347 - INFO - Hata: Message: 
Stacktrace:
	GetHandleVerifier [0x00007FF7FA2EFB05+28789]
	(No symbol) [0x00007FF7FA2586E0]
	(No symbol) [0x00007FF7FA0F592A]
	(No symbol) [0x00007FF7FA14930E]
	(No symbol) [0x00007FF7FA1495FC]
	(No symbol) [0x00007FF7FA1928A7]
	(No symbol) [0x00007FF7FA16F47F]
	(No symbol) [0x00007FF7FA18F654]
	(No symbol) [0x00007FF7FA16F1E3]
	(No symbol) [0x00007FF7FA13A938]
	(No symbol) [0x00007FF7FA13BAA1]
	GetHandleVerifier [0x00007FF7FA62933D+3410093]
	GetHandleVerifier [0x00007FF7FA63E7DD+3497293]
	GetHandleVerifier [0x00007FF7FA632A73+3448803]
	GetHandleVerifier [0x00007FF7FA3B7BBB+848171]
	(No symbol) [0x00007FF7FA263C3F]
	(No symbol) [0x00007FF7FA25F6E4]
	(No symbol) [0x00007FF7FA25F87D]
	(No symbol) [0x00007FF7FA24ED49]
	BaseThreadInitThunk [0x00007FF9AC94259D+29]
	RtlUserThreadStart [0x00007FF9AEACAF38+40]

2025-01-17 22:21:57,453 - INFO - Tarayýcý kapatýldý.
2025-01-17 22:22:02,398 - INFO - Oy baþarýyla gönderildi.
2025-01-17 22:22:04,483 - INFO - Tarayýcý kapatýldý.
2025-01-17 22:22:10,687 - INFO - Oy baþarýyla gönderildi.
2025-01-17 22:22:12,777 - INFO - Tarayýcý kapatýldý.
2025-01-17 22:22:52,132 - INFO - Hata: HTTPConnectionPool(host='localhost', port=53749): Read timed out. (read timeout=120)
2025-01-17 22:23:09,673 - INFO - Tarayýcý kapatýldý.
2025-01-17 22:23:11,364 - INFO - Oy baþarýyla gönderildi.
2025-01-17 22:23:12,730 - INFO - Oy baþarýyla gönderildi.
2025-01-17 22:23:13,460 - INFO - Tarayýcý kapatýldý.
2025-01-17 22:23:14,142 - INFO - Oy baþarýyla gönderildi.
2025-01-17 22:23:14,820 - INFO - Tarayýcý kapatýldý.
2025-01-17 22:23:16,226 - INFO - Tarayýcý kapatýldý.
2025-01-17 22:23:25,422 - INFO - Oy baþarýyla gönderildi.
2025-01-17 22:23:27,549 - INFO - Tarayýcý kapatýldý.
2025-01-17 22:24:16,572 - INFO - Oy baþarýyla gönderildi.
2025-01-17 22:24:18,688 - INFO - Tarayýcý kapatýldý.
2025-01-17 22:24:25,682 - INFO - Oy baþarýyla gönderildi.
2025-01-17 22:24:27,768 - INFO - Tarayýcý kapatýldý.
2025-01-17 22:24:31,697 - INFO - Oy baþarýyla gönderildi.
2025-01-17 22:24:34,033 - INFO - Tarayýcý kapatýldý.
2025-01-17 22:24:56,989 - INFO - Oy baþarýyla gönderildi.
2025-01-17 22:24:59,127 - INFO - Tarayýcý kapatýldý.
2025-01-17 22:25:20,293 - INFO - Hata: HTTPConnectionPool(host='localhost', port=54349): Read timed out. (read timeout=120)
2025-01-17 22:25:25,131 - INFO - Oy baþarýyla gönderildi.
2025-01-17 22:25:27,242 - INFO - Tarayýcý kapatýldý.
2025-01-17 22:25:29,897 - INFO - Oy baþarýyla gönderildi.
2025-01-17 22:25:32,007 - INFO - Tarayýcý kapatýldý.
2025-01-17 22:25:32,968 - INFO - Oy baþarýyla gönderildi.
2025-01-17 22:25:35,747 - INFO - Tarayýcý kapatýldý.
2025-01-17 22:25:36,186 - INFO - Oy baþarýyla gönderildi.
2025-01-17 22:25:38,277 - INFO - Tarayýcý kapatýldý.
2025-01-17 22:26:32,756 - INFO - Oy baþarýyla gönderildi.
2025-01-17 22:26:33,054 - INFO - Oy baþarýyla gönderildi.
2025-01-17 22:26:34,841 - INFO - Tarayýcý kapatýldý.
2025-01-17 22:26:35,027 - INFO - Oy baþarýyla gönderildi.
2025-01-17 22:26:35,153 - INFO - Tarayýcý kapatýldý.
2025-01-17 22:26:37,127 - INFO - Tarayýcý kapatýldý.
2025-01-17 22:27:10,398 - INFO - Oy baþarýyla gönderildi.
2025-01-17 22:27:12,492 - INFO - Tarayýcý kapatýldý.
2025-01-17 22:27:15,213 - INFO - Oy baþarýyla gönderildi.
2025-01-17 22:27:17,104 - INFO - Oy baþarýyla gönderildi.
2025-01-17 22:27:17,294 - INFO - Tarayýcý kapatýldý.
2025-01-17 22:27:18,591 - INFO - Oy baþarýyla gönderildi.
2025-01-17 22:27:19,194 - INFO - Tarayýcý kapatýldý.
2025-01-17 22:27:20,307 - WARNING - Retrying (Retry(total=2, connect=None, read=None, redirect=None, status=None)) after connection broken by 'ReadTimeoutError("HTTPConnectionPool(host='localhost', port=54349): Read timed out. (read timeout=120)")': /session/176b1db7f08eb16fc1dabd0b48b2b313
2025-01-17 22:27:20,681 - INFO - Tarayýcý kapatýldý.
2025-01-17 22:28:05,457 - INFO - Oy baþarýyla gönderildi.
2025-01-17 22:28:07,543 - INFO - Tarayýcý kapatýldý.
2025-01-17 22:28:16,707 - INFO - Oy baþarýyla gönderildi.
2025-01-17 22:28:18,812 - INFO - Tarayýcý kapatýldý.
2025-01-17 22:28:22,390 - INFO - Tarayýcý kapatýldý.
2025-01-17 22:28:25,837 - INFO - Oy baþarýyla gönderildi.
2025-01-17 22:28:27,908 - INFO - Tarayýcý kapatýldý.
2025-01-17 22:28:32,287 - INFO - Oy baþarýyla gönderildi.
2025-01-17 22:28:34,370 - INFO - Tarayýcý kapatýldý.
2025-01-17 22:29:58,631 - INFO - Oy baþarýyla gönderildi.
2025-01-17 22:30:00,728 - INFO - Tarayýcý kapatýldý.
2025-01-17 22:30:01,486 - INFO - Oy baþarýyla gönderildi.
2025-01-17 22:30:03,584 - INFO - Tarayýcý kapatýldý.
2025-01-17 22:30:06,277 - INFO - Oy baþarýyla gönderildi.
2025-01-17 22:30:08,374 - INFO - Tarayýcý kapatýldý.
2025-01-17 22:30:11,610 - INFO - Hata: HTTPConnectionPool(host='localhost', port=55666): Read timed out. (read timeout=120)
2025-01-17 22:30:15,878 - INFO - Tarayýcý kapatýldý.
2025-01-17 22:30:22,799 - INFO - Hata: HTTPConnectionPool(host='localhost', port=55729): Read timed out. (read timeout=120)
2025-01-17 22:30:47,457 - INFO - Oy baþarýyla gönderildi.
2025-01-17 22:30:49,553 - INFO - Tarayýcý kapatýldý.
2025-01-17 22:30:59,094 - INFO - Oy baþarýyla gönderildi.
2025-01-17 22:30:59,295 - INFO - Oy baþarýyla gönderildi.
2025-01-17 22:31:01,204 - INFO - Tarayýcý kapatýldý.
2025-01-17 22:31:01,391 - INFO - Tarayýcý kapatýldý.
2025-01-17 22:32:16,482 - INFO - Oy baþarýyla gönderildi.
2025-01-17 22:32:18,580 - INFO - Tarayýcý kapatýldý.
2025-01-17 22:32:22,827 - WARNING - Retrying (Retry(total=2, connect=None, read=None, redirect=None, status=None)) after connection broken by 'ReadTimeoutError("HTTPConnectionPool(host='localhost', port=55729): Read timed out. (read timeout=120)")': /session/84f0cca7fb547de79df7517708b36bd1
2025-01-17 22:32:23,438 - INFO - Oy baþarýyla gönderildi.
2025-01-17 22:32:25,556 - INFO - Tarayýcý kapatýldý.
2025-01-17 22:32:33,559 - INFO - Oy baþarýyla gönderildi.
2025-01-17 22:32:35,653 - INFO - Tarayýcý kapatýldý.
2025-01-17 22:32:53,635 - INFO - Hata: HTTPConnectionPool(host='localhost', port=56352): Read timed out. (read timeout=120)
2025-01-17 22:33:18,574 - INFO - Oy baþarýyla gönderildi.
2025-01-17 22:33:20,691 - INFO - Tarayýcý kapatýldý.
2025-01-17 22:33:24,907 - INFO - Tarayýcý kapatýldý.
2025-01-17 22:33:24,908 - INFO - Oy baþarýyla gönderildi.
2025-01-17 22:33:25,909 - INFO - Oy baþarýyla gönderildi.
2025-01-17 22:33:26,915 - INFO - Tarayýcý kapatýldý.
2025-01-17 22:33:27,008 - INFO - Tarayýcý kapatýldý.
2025-01-17 22:33:27,977 - INFO - Tarayýcý kapatýldý.
2025-01-17 22:34:24,297 - INFO - Oy baþarýyla gönderildi.
2025-01-17 22:34:25,921 - INFO - Oy baþarýyla gönderildi.
2025-01-17 22:34:26,374 - INFO - Tarayýcý kapatýldý.
2025-01-17 22:34:28,008 - INFO - Tarayýcý kapatýldý.
2025-01-17 22:34:33,126 - INFO - Oy baþarýyla gönderildi.
2025-01-17 22:34:35,199 - INFO - Tarayýcý kapatýldý.
2025-01-17 22:34:36,632 - INFO - Oy baþarýyla gönderildi.
2025-01-17 22:34:38,707 - INFO - Tarayýcý kapatýldý.
2025-01-17 22:34:40,399 - INFO - Oy baþarýyla gönderildi.
2025-01-17 22:34:42,497 - INFO - Tarayýcý kapatýldý.
2025-01-17 22:35:19,997 - INFO - Oy baþarýyla gönderildi.
2025-01-17 22:35:22,125 - INFO - Tarayýcý kapatýldý.
2025-01-17 22:35:22,188 - INFO - Oy baþarýyla gönderildi.
2025-01-17 22:35:24,278 - INFO - Tarayýcý kapatýldý.
2025-01-17 22:35:28,309 - INFO - Oy baþarýyla gönderildi.
2025-01-17 22:35:29,595 - INFO - Oy baþarýyla gönderildi.
2025-01-17 22:35:30,394 - INFO - Tarayýcý kapatýldý.
2025-01-17 22:35:31,676 - INFO - Tarayýcý kapatýldý.
2025-01-17 22:35:38,198 - INFO - Oy baþarýyla gönderildi.
2025-01-17 22:35:40,274 - INFO - Tarayýcý kapatýldý.
2025-01-17 22:36:18,370 - INFO - Oy baþarýyla gönderildi.
2025-01-17 22:36:19,403 - INFO - Oy baþarýyla gönderildi.
2025-01-17 22:36:20,468 - INFO - Tarayýcý kapatýldý.
2025-01-17 22:36:21,514 - INFO - Tarayýcý kapatýldý.
2025-01-17 22:36:28,494 - INFO - Oy baþarýyla gönderildi.
2025-01-17 22:36:30,591 - INFO - Tarayýcý kapatýldý.
2025-01-17 22:36:33,426 - INFO - Oy baþarýyla gönderildi.
2025-01-17 22:36:35,535 - INFO - Tarayýcý kapatýldý.
2025-01-17 22:36:41,333 - INFO - Oy baþarýyla gönderildi.
2025-01-17 22:36:43,435 - INFO - Tarayýcý kapatýldý.
2025-01-17 22:37:23,351 - INFO - Oy baþarýyla gönderildi.
2025-01-17 22:37:24,660 - INFO - Oy baþarýyla gönderildi.
2025-01-17 22:37:25,467 - INFO - Tarayýcý kapatýldý.
2025-01-17 22:37:26,765 - INFO - Tarayýcý kapatýldý.
2025-01-17 22:37:30,774 - INFO - Oy baþarýyla gönderildi.
2025-01-17 22:37:32,005 - INFO - Oy baþarýyla gönderildi.
2025-01-17 22:37:32,866 - INFO - Tarayýcý kapatýldý.
2025-01-17 22:37:34,087 - INFO - Tarayýcý kapatýldý.
2025-01-17 22:37:36,153 - INFO - Oy baþarýyla gönderildi.
2025-01-17 22:37:38,254 - INFO - Tarayýcý kapatýldý.
2025-01-17 22:38:17,954 - INFO - Oy baþarýyla gönderildi.
2025-01-17 22:38:20,031 - INFO - Tarayýcý kapatýldý.
2025-01-17 22:38:21,226 - INFO - Oy baþarýyla gönderildi.
2025-01-17 22:38:23,315 - INFO - Tarayýcý kapatýldý.
2025-01-17 22:38:27,290 - INFO - Oy baþarýyla gönderildi.
2025-01-17 22:38:27,499 - INFO - Oy baþarýyla gönderildi.
2025-01-17 22:38:29,390 - INFO - Tarayýcý kapatýldý.
2025-01-17 22:38:29,590 - INFO - Tarayýcý kapatýldý.
2025-01-17 22:38:33,982 - INFO - Oy baþarýyla gönderildi.
2025-01-17 22:38:36,080 - INFO - Tarayýcý kapatýldý.
2025-01-17 22:38:59,015 - INFO - Oy baþarýyla gönderildi.
2025-01-17 22:39:01,125 - INFO - Tarayýcý kapatýldý.
2025-01-17 22:39:04,224 - INFO - Oy baþarýyla gönderildi.
2025-01-17 22:39:06,339 - INFO - Tarayýcý kapatýldý.
2025-01-17 22:39:25,941 - INFO - Oy baþarýyla gönderildi.
2025-01-17 22:39:28,028 - INFO - Tarayýcý kapatýldý.
2025-01-17 22:39:38,267 - INFO - Oy baþarýyla gönderildi.
2025-01-17 22:39:40,354 - INFO - Tarayýcý kapatýldý.
2025-01-17 22:39:48,226 - INFO - Oy baþarýyla gönderildi.
2025-01-17 22:39:50,319 - INFO - Tarayýcý kapatýldý.
2025-01-17 22:39:59,526 - INFO - Oy baþarýyla gönderildi.
2025-01-17 22:40:01,639 - INFO - Tarayýcý kapatýldý.
2025-01-17 22:40:21,273 - INFO - Oy baþarýyla gönderildi.
2025-01-17 22:40:23,370 - INFO - Tarayýcý kapatýldý.
2025-01-17 22:40:26,522 - INFO - Oy baþarýyla gönderildi.
2025-01-17 22:40:28,624 - INFO - Tarayýcý kapatýldý.
2025-01-17 22:40:49,755 - INFO - Oy baþarýyla gönderildi.
2025-01-17 22:40:51,854 - INFO - Tarayýcý kapatýldý.
2025-01-17 22:40:53,082 - INFO - Oy baþarýyla gönderildi.
2025-01-17 22:40:55,167 - INFO - Tarayýcý kapatýldý.
2025-01-17 22:41:05,186 - INFO - Hata: HTTPConnectionPool(host='localhost', port=58897): Read timed out. (read timeout=120)
2025-01-17 22:41:16,071 - INFO - Oy baþarýyla gönderildi.
2025-01-17 22:41:18,173 - INFO - Tarayýcý kapatýldý.
2025-01-17 22:41:25,686 - INFO - Oy baþarýyla gönderildi.
2025-01-17 22:41:28,442 - INFO - Tarayýcý kapatýldý.
2025-01-17 22:41:29,417 - INFO - Oy baþarýyla gönderildi.
2025-01-17 22:41:30,185 - INFO - Tarayýcý kapatýldý.
2025-01-17 22:41:31,540 - INFO - Tarayýcý kapatýldý.
2025-01-17 22:41:49,512 - INFO - Oy baþarýyla gönderildi.
2025-01-17 22:41:51,604 - INFO - Tarayýcý kapatýldý.
2025-01-17 22:42:42,232 - INFO - Oy baþarýyla gönderildi.
2025-01-17 22:42:44,324 - INFO - Tarayýcý kapatýldý.
2025-01-17 22:42:45,520 - INFO - Oy baþarýyla gönderildi.
2025-01-17 22:42:46,202 - INFO - Oy baþarýyla gönderildi.
2025-01-17 22:42:47,600 - INFO - Tarayýcý kapatýldý.
2025-01-17 22:42:48,297 - INFO - Tarayýcý kapatýldý.
2025-01-17 22:43:14,996 - INFO - Oy baþarýyla gönderildi.
2025-01-17 22:43:17,083 - INFO - Tarayýcý kapatýldý.
2025-01-17 22:43:52,995 - INFO - Oy baþarýyla gönderildi.
2025-01-17 22:43:55,126 - INFO - Tarayýcý kapatýldý.
2025-01-17 22:43:59,329 - INFO - Oy baþarýyla gönderildi.
2025-01-17 22:44:01,445 - INFO - Tarayýcý kapatýldý.
2025-01-17 22:44:10,754 - INFO - Oy baþarýyla gönderildi.
2025-01-17 22:44:12,862 - INFO - Tarayýcý kapatýldý.
2025-01-17 22:44:39,997 - INFO - Oy baþarýyla gönderildi.
2025-01-17 22:44:42,092 - INFO - Tarayýcý kapatýldý.
2025-01-17 22:44:46,034 - INFO - Oy baþarýyla gönderildi.
2025-01-17 22:44:46,747 - INFO - Oy baþarýyla gönderildi.
2025-01-17 22:44:48,155 - INFO - Tarayýcý kapatýldý.
2025-01-17 22:44:49,362 - INFO - Tarayýcý kapatýldý.
2025-01-17 22:45:20,364 - INFO - Oy baþarýyla gönderildi.
2025-01-17 22:45:20,658 - INFO - Oy baþarýyla gönderildi.
2025-01-17 22:45:21,227 - INFO - Hata: HTTPConnectionPool(host='localhost', port=60229): Read timed out. (read timeout=120)
2025-01-17 22:45:22,482 - INFO - Tarayýcý kapatýldý.
2025-01-17 22:45:22,779 - INFO - Tarayýcý kapatýldý.
2025-01-17 22:45:40,739 - INFO - Oy baþarýyla gönderildi.
2025-01-17 22:45:42,844 - INFO - Tarayýcý kapatýldý.
2025-01-17 22:45:45,679 - INFO - Oy baþarýyla gönderildi.
2025-01-17 22:45:47,787 - INFO - Tarayýcý kapatýldý.
2025-01-17 22:46:15,169 - INFO - Oy baþarýyla gönderildi.
2025-01-17 22:46:15,624 - INFO - Oy baþarýyla gönderildi.
2025-01-17 22:46:17,287 - INFO - Tarayýcý kapatýldý.
2025-01-17 22:46:17,720 - INFO - Tarayýcý kapatýldý.
2025-01-17 22:46:24,961 - INFO - Oy baþarýyla gönderildi.
2025-01-17 22:46:27,049 - INFO - Tarayýcý kapatýldý.
2025-01-17 22:46:27,954 - INFO - Oy baþarýyla gönderildi.
2025-01-17 22:46:30,072 - INFO - Tarayýcý kapatýldý.
2025-01-17 22:47:09,381 - INFO - Oy baþarýyla gönderildi.
2025-01-17 22:47:11,495 - INFO - Tarayýcý kapatýldý.
2025-01-17 22:47:19,708 - INFO - Oy baþarýyla gönderildi.
2025-01-17 22:47:21,241 - WARNING - Retrying (Retry(total=2, connect=None, read=None, redirect=None, status=None)) after connection broken by 'ReadTimeoutError("HTTPConnectionPool(host='localhost', port=60229): Read timed out. (read timeout=120)")': /session/0cab31b09fb76d424b87270810266abe
2025-01-17 22:47:21,799 - INFO - Tarayýcý kapatýldý.
2025-01-17 22:47:23,095 - INFO - Oy baþarýyla gönderildi.
2025-01-17 22:47:25,180 - INFO - Tarayýcý kapatýldý.
2025-01-17 22:47:29,402 - INFO - Oy baþarýyla gönderildi.
2025-01-17 22:47:31,513 - INFO - Tarayýcý kapatýldý.
2025-01-17 22:47:58,320 - INFO - Oy baþarýyla gönderildi.
2025-01-17 22:48:00,439 - INFO - Tarayýcý kapatýldý.
2025-01-17 22:48:09,319 - INFO - Oy baþarýyla gönderildi.
2025-01-17 22:48:11,306 - INFO - Oy baþarýyla gönderildi.
2025-01-17 22:48:11,423 - INFO - Tarayýcý kapatýldý.
2025-01-17 22:48:13,403 - INFO - Tarayýcý kapatýldý.
2025-01-17 22:48:23,347 - INFO - Tarayýcý kapatýldý.
2025-01-17 22:48:27,714 - INFO - Oy baþarýyla gönderildi.
2025-01-17 22:48:29,810 - INFO - Tarayýcý kapatýldý.
2025-01-17 22:48:58,540 - INFO - Oy baþarýyla gönderildi.
2025-01-17 22:49:00,658 - INFO - Tarayýcý kapatýldý.
2025-01-17 22:49:11,735 - INFO - Oy baþarýyla gönderildi.
2025-01-17 22:49:13,907 - INFO - Tarayýcý kapatýldý.
2025-01-17 22:49:31,333 - INFO - Oy baþarýyla gönderildi.
2025-01-17 22:49:33,419 - INFO - Tarayýcý kapatýldý.
2025-01-17 22:49:34,631 - INFO - Oy baþarýyla gönderildi.
2025-01-17 22:49:36,744 - INFO - Tarayýcý kapatýldý.
2025-01-17 22:50:18,293 - INFO - Oy baþarýyla gönderildi.
2025-01-17 22:50:19,126 - INFO - Oy baþarýyla gönderildi.
2025-01-17 22:50:20,384 - INFO - Tarayýcý kapatýldý.
2025-01-17 22:50:21,217 - INFO - Tarayýcý kapatýldý.
2025-01-17 22:50:22,481 - INFO - Oy baþarýyla gönderildi.
2025-01-17 22:50:24,575 - INFO - Tarayýcý kapatýldý.
2025-01-17 22:50:24,667 - INFO - Oy baþarýyla gönderildi.
2025-01-17 22:50:26,761 - INFO - Tarayýcý kapatýldý.
2025-01-17 22:50:27,408 - INFO - Hata: HTTPConnectionPool(host='localhost', port=61753): Read timed out. (read timeout=120)
2025-01-17 22:51:24,314 - INFO - Oy baþarýyla gönderildi.
2025-01-17 22:51:24,428 - INFO - Oy baþarýyla gönderildi.
2025-01-17 22:51:26,251 - INFO - Oy baþarýyla gönderildi.
2025-01-17 22:51:26,411 - INFO - Tarayýcý kapatýldý.
2025-01-17 22:51:26,534 - INFO - Tarayýcý kapatýldý.
2025-01-17 22:51:27,040 - INFO - Oy baþarýyla gönderildi.
2025-01-17 22:51:28,347 - INFO - Tarayýcý kapatýldý.
2025-01-17 22:51:29,138 - INFO - Tarayýcý kapatýldý.
2025-01-17 22:51:29,661 - INFO - Tarayýcý kapatýldý.
2025-01-17 22:52:28,505 - INFO - Oy baþarýyla gönderildi.
2025-01-17 22:52:29,434 - INFO - Oy baþarýyla gönderildi.
2025-01-17 22:52:30,025 - INFO - Oy baþarýyla gönderildi.
2025-01-17 22:52:30,583 - INFO - Tarayýcý kapatýldý.
2025-01-17 22:52:31,192 - INFO - Oy baþarýyla gönderildi.
2025-01-17 22:52:31,341 - INFO - Oy baþarýyla gönderildi.
2025-01-17 22:52:31,512 - INFO - Tarayýcý kapatýldý.
2025-01-17 22:52:32,101 - INFO - Tarayýcý kapatýldý.
2025-01-17 22:52:33,276 - INFO - Tarayýcý kapatýldý.
2025-01-17 22:52:33,416 - INFO - Tarayýcý kapatýldý.
2025-01-17 22:53:15,187 - INFO - Oy baþarýyla gönderildi.
2025-01-17 22:53:17,283 - INFO - Tarayýcý kapatýldý.
2025-01-17 22:53:20,600 - INFO - Oy baþarýyla gönderildi.
2025-01-17 22:53:20,761 - INFO - Oy baþarýyla gönderildi.
2025-01-17 22:53:22,680 - INFO - Tarayýcý kapatýldý.
2025-01-17 22:53:22,852 - INFO - Oy baþarýyla gönderildi.
2025-01-17 22:53:22,853 - INFO - Tarayýcý kapatýldý.
2025-01-17 22:53:23,764 - INFO - Oy baþarýyla gönderildi.
2025-01-17 22:53:24,931 - INFO - Tarayýcý kapatýldý.
2025-01-17 22:53:25,865 - INFO - Tarayýcý kapatýldý.
2025-01-17 22:54:08,587 - INFO - Oy baþarýyla gönderildi.
2025-01-17 22:54:10,700 - INFO - Tarayýcý kapatýldý.
2025-01-17 22:54:27,514 - INFO - Oy baþarýyla gönderildi.
2025-01-17 22:54:29,593 - INFO - Tarayýcý kapatýldý.
2025-01-17 22:54:36,316 - INFO - Oy baþarýyla gönderildi.
2025-01-17 22:54:39,019 - INFO - Tarayýcý kapatýldý.
2025-01-17 22:54:41,859 - INFO - Oy baþarýyla gönderildi.
2025-01-17 22:54:43,941 - INFO - Tarayýcý kapatýldý.
2025-01-17 22:54:44,157 - INFO - Oy baþarýyla gönderildi.
2025-01-17 22:54:46,250 - INFO - Tarayýcý kapatýldý.
2025-01-17 22:55:31,870 - INFO - Oy baþarýyla gönderildi.
2025-01-17 22:55:34,006 - INFO - Tarayýcý kapatýldý.
2025-01-17 22:55:49,848 - INFO - Oy baþarýyla gönderildi.
2025-01-17 22:55:51,198 - INFO - Oy baþarýyla gönderildi.
2025-01-17 22:55:51,932 - INFO - Tarayýcý kapatýldý.
2025-01-17 22:55:51,966 - INFO - Hata: Message: 
Stacktrace:
	GetHandleVerifier [0x00007FF7FA2EFB05+28789]
	(No symbol) [0x00007FF7FA2586E0]
	(No symbol) [0x00007FF7FA0F592A]
	(No symbol) [0x00007FF7FA14930E]
	(No symbol) [0x00007FF7FA1495FC]
	(No symbol) [0x00007FF7FA1928A7]
	(No symbol) [0x00007FF7FA16F47F]
	(No symbol) [0x00007FF7FA18F654]
	(No symbol) [0x00007FF7FA16F1E3]
	(No symbol) [0x00007FF7FA13A938]
	(No symbol) [0x00007FF7FA13BAA1]
	GetHandleVerifier [0x00007FF7FA62933D+3410093]
	GetHandleVerifier [0x00007FF7FA63E7DD+3497293]
	GetHandleVerifier [0x00007FF7FA632A73+3448803]
	GetHandleVerifier [0x00007FF7FA3B7BBB+848171]
	(No symbol) [0x00007FF7FA263C3F]
	(No symbol) [0x00007FF7FA25F6E4]
	(No symbol) [0x00007FF7FA25F87D]
	(No symbol) [0x00007FF7FA24ED49]
	BaseThreadInitThunk [0x00007FF9AC94259D+29]
	RtlUserThreadStart [0x00007FF9AEACAF38+40]

2025-01-17 22:55:53,285 - INFO - Tarayýcý kapatýldý.
2025-01-17 22:55:54,067 - INFO - Tarayýcý kapatýldý.
2025-01-17 22:56:24,127 - INFO - Oy baþarýyla gönderildi.
2025-01-17 22:56:26,222 - INFO - Tarayýcý kapatýldý.
2025-01-17 22:56:45,369 - INFO - Oy baþarýyla gönderildi.
2025-01-17 22:56:47,461 - INFO - Tarayýcý kapatýldý.
2025-01-17 22:56:48,348 - INFO - Oy baþarýyla gönderildi.
2025-01-17 22:56:49,020 - INFO - Oy baþarýyla gönderildi.
2025-01-17 22:56:50,447 - INFO - Tarayýcý kapatýldý.
2025-01-17 22:56:51,117 - INFO - Tarayýcý kapatýldý.
2025-01-17 22:57:33,204 - INFO - Oy baþarýyla gönderildi.
2025-01-17 22:57:35,335 - INFO - Tarayýcý kapatýldý.
2025-01-17 22:57:35,869 - INFO - Oy baþarýyla gönderildi.
2025-01-17 22:57:37,951 - INFO - Tarayýcý kapatýldý.
2025-01-17 22:57:41,857 - INFO - Oy baþarýyla gönderildi.
2025-01-17 22:57:43,548 - INFO - Oy baþarýyla gönderildi.
2025-01-17 22:57:43,957 - INFO - Tarayýcý kapatýldý.
2025-01-17 22:57:45,630 - INFO - Tarayýcý kapatýldý.
2025-01-17 22:58:24,273 - INFO - Oy baþarýyla gönderildi.
2025-01-17 22:58:26,362 - INFO - Tarayýcý kapatýldý.
2025-01-17 22:58:35,745 - INFO - Oy baþarýyla gönderildi.
2025-01-17 22:58:37,833 - INFO - Tarayýcý kapatýldý.
2025-01-17 22:58:39,884 - INFO - Oy baþarýyla gönderildi.
2025-01-17 22:58:41,983 - INFO - Tarayýcý kapatýldý.
2025-01-17 22:58:43,036 - INFO - Oy baþarýyla gönderildi.
2025-01-17 22:58:45,113 - INFO - Tarayýcý kapatýldý.
2025-01-17 22:59:00,711 - INFO - Oy baþarýyla gönderildi.
2025-01-17 22:59:02,903 - INFO - Tarayýcý kapatýldý.
2025-01-17 22:59:13,571 - INFO - Oy baþarýyla gönderildi.
2025-01-17 22:59:15,646 - INFO - Tarayýcý kapatýldý.
2025-01-17 22:59:29,388 - INFO - Oy baþarýyla gönderildi.
2025-01-17 22:59:31,476 - INFO - Tarayýcý kapatýldý.
2025-01-17 22:59:39,281 - INFO - Oy baþarýyla gönderildi.
2025-01-17 22:59:41,389 - INFO - Tarayýcý kapatýldý.
2025-01-17 23:00:06,862 - INFO - Oy baþarýyla gönderildi.
2025-01-17 23:00:08,958 - INFO - Tarayýcý kapatýldý.
2025-01-17 23:00:15,789 - INFO - Oy baþarýyla gönderildi.
2025-01-17 23:00:17,867 - INFO - Tarayýcý kapatýldý.
2025-01-17 23:00:32,016 - INFO - Oy baþarýyla gönderildi.
2025-01-17 23:00:34,108 - INFO - Tarayýcý kapatýldý.
2025-01-17 23:00:37,897 - INFO - Oy baþarýyla gönderildi.
2025-01-17 23:00:38,977 - INFO - Oy baþarýyla gönderildi.
2025-01-17 23:00:40,044 - INFO - Tarayýcý kapatýldý.
2025-01-17 23:00:41,079 - INFO - Tarayýcý kapatýldý.
2025-01-17 23:01:13,162 - INFO - Oy baþarýyla gönderildi.
2025-01-17 23:01:15,257 - INFO - Tarayýcý kapatýldý.
2025-01-17 23:01:32,359 - INFO - Oy baþarýyla gönderildi.
2025-01-17 23:01:34,443 - INFO - Tarayýcý kapatýldý.
2025-01-17 23:01:55,389 - INFO - Oy baþarýyla gönderildi.
2025-01-17 23:01:57,505 - INFO - Tarayýcý kapatýldý.
2025-01-17 23:02:03,031 - INFO - Oy baþarýyla gönderildi.
2025-01-17 23:02:05,141 - INFO - Tarayýcý kapatýldý.
2025-01-17 23:02:38,181 - INFO - Hata: HTTPConnectionPool(host='localhost', port=49266): Read timed out. (read timeout=120)
2025-01-17 23:02:48,164 - INFO - Tarayýcý kapatýldý.
2025-01-17 23:03:10,204 - INFO - Oy baþarýyla gönderildi.
2025-01-17 23:03:12,310 - INFO - Tarayýcý kapatýldý.
2025-01-17 23:03:28,286 - INFO - Oy baþarýyla gönderildi.
2025-01-17 23:03:30,400 - INFO - Tarayýcý kapatýldý.
2025-01-17 23:03:37,069 - INFO - Oy baþarýyla gönderildi.
2025-01-17 23:03:39,163 - INFO - Tarayýcý kapatýldý.
2025-01-17 23:03:53,195 - INFO - Oy baþarýyla gönderildi.
2025-01-17 23:03:53,581 - INFO - Oy baþarýyla gönderildi.
2025-01-17 23:03:55,273 - INFO - Tarayýcý kapatýldý.
2025-01-17 23:03:55,692 - INFO - Tarayýcý kapatýldý.
2025-01-17 23:05:06,210 - INFO - Oy baþarýyla gönderildi.
2025-01-17 23:05:07,773 - INFO - Oy baþarýyla gönderildi.
2025-01-17 23:05:08,320 - INFO - Tarayýcý kapatýldý.
2025-01-17 23:05:08,747 - INFO - Oy baþarýyla gönderildi.
2025-01-17 23:05:09,859 - INFO - Tarayýcý kapatýldý.
2025-01-17 23:05:10,839 - INFO - Tarayýcý kapatýldý.
2025-01-17 23:05:13,775 - INFO - Oy baþarýyla gönderildi.
2025-01-17 23:05:15,890 - INFO - Tarayýcý kapatýldý.
2025-01-17 23:05:16,432 - INFO - Hata: HTTPConnectionPool(host='localhost', port=49943): Read timed out. (read timeout=120)
2025-01-17 23:06:28,790 - INFO - Oy baþarýyla gönderildi.
2025-01-17 23:06:30,891 - INFO - Tarayýcý kapatýldý.
2025-01-17 23:06:34,232 - INFO - Oy baþarýyla gönderildi.
2025-01-17 23:06:36,323 - INFO - Tarayýcý kapatýldý.
2025-01-17 23:06:41,707 - INFO - Oy baþarýyla gönderildi.
2025-01-17 23:06:43,808 - INFO - Tarayýcý kapatýldý.
2025-01-17 23:07:12,396 - INFO - Hata: HTTPConnectionPool(host='localhost', port=50356): Read timed out. (read timeout=120)
2025-01-17 23:07:16,462 - WARNING - Retrying (Retry(total=2, connect=None, read=None, redirect=None, status=None)) after connection broken by 'ReadTimeoutError("HTTPConnectionPool(host='localhost', port=49943): Read timed out. (read timeout=120)")': /session/2b71c346e6406947fa1643020642f433
2025-01-17 23:07:30,523 - INFO - Oy baþarýyla gönderildi.
2025-01-17 23:07:32,634 - INFO - Tarayýcý kapatýldý.
2025-01-17 23:07:36,610 - INFO - Oy baþarýyla gönderildi.
2025-01-17 23:07:37,121 - INFO - Oy baþarýyla gönderildi.
2025-01-17 23:07:38,702 - INFO - Tarayýcý kapatýldý.
2025-01-17 23:07:39,217 - INFO - Tarayýcý kapatýldý.
2025-01-17 23:08:16,722 - INFO - Tarayýcý kapatýldý.
2025-01-17 23:08:24,485 - INFO - Oy baþarýyla gönderildi.
2025-01-17 23:08:24,519 - INFO - Oy baþarýyla gönderildi.
2025-01-17 23:08:26,596 - INFO - Tarayýcý kapatýldý.
2025-01-17 23:08:26,611 - INFO - Tarayýcý kapatýldý.
2025-01-17 23:08:28,054 - INFO - Oy baþarýyla gönderildi.
2025-01-17 23:08:30,136 - INFO - Tarayýcý kapatýldý.
2025-01-17 23:08:57,494 - INFO - Tarayýcý kapatýldý.
2025-01-17 23:09:01,895 - INFO - Oy baþarýyla gönderildi.
2025-01-17 23:09:03,981 - INFO - Tarayýcý kapatýldý.
2025-01-17 23:09:05,587 - INFO - Oy baþarýyla gönderildi.
2025-01-17 23:09:07,670 - INFO - Tarayýcý kapatýldý.
2025-01-17 23:09:08,506 - INFO - Oy baþarýyla gönderildi.
2025-01-17 23:09:10,592 - INFO - Tarayýcý kapatýldý.
2025-01-17 23:09:54,601 - INFO - Oy baþarýyla gönderildi.
2025-01-17 23:09:56,711 - INFO - Tarayýcý kapatýldý.
2025-01-17 23:10:22,571 - INFO - Oy baþarýyla gönderildi.
2025-01-17 23:10:24,670 - INFO - Tarayýcý kapatýldý.
2025-01-17 23:11:08,066 - INFO - Hata: HTTPConnectionPool(host='localhost', port=51363): Read timed out. (read timeout=120)
2025-01-17 23:11:11,703 - INFO - Hata: HTTPConnectionPool(host='localhost', port=51387): Read timed out. (read timeout=120)
2025-01-17 23:11:14,680 - INFO - Hata: HTTPConnectionPool(host='localhost', port=51417): Read timed out. (read timeout=120)
2025-01-17 23:11:14,957 - INFO - Tarayýcý kapatýldý.
2025-01-17 23:11:26,793 - INFO - Oy baþarýyla gönderildi.
2025-01-17 23:11:28,898 - INFO - Tarayýcý kapatýldý.
2025-01-17 23:11:35,236 - INFO - Tarayýcý kapatýldý.
2025-01-17 23:11:36,032 - INFO - Oy baþarýyla gönderildi.
2025-01-17 23:11:38,126 - INFO - Tarayýcý kapatýldý.
2025-01-17 23:11:53,053 - INFO - Tarayýcý kapatýldý.
2025-01-17 23:12:28,176 - INFO - Oy baþarýyla gönderildi.
2025-01-17 23:12:28,981 - INFO - Oy baþarýyla gönderildi.
2025-01-17 23:12:30,294 - INFO - Tarayýcý kapatýldý.
2025-01-17 23:12:31,084 - INFO - Tarayýcý kapatýldý.
2025-01-17 23:12:33,505 - INFO - Oy baþarýyla gönderildi.
2025-01-17 23:12:35,635 - INFO - Tarayýcý kapatýldý.
2025-01-17 23:12:41,563 - INFO - Oy baþarýyla gönderildi.
2025-01-17 23:12:43,645 - INFO - Tarayýcý kapatýldý.
2025-01-17 23:13:41,290 - INFO - Oy baþarýyla gönderildi.
2025-01-17 23:13:43,367 - INFO - Tarayýcý kapatýldý.
2025-01-17 23:13:51,539 - INFO - Oy baþarýyla gönderildi.
2025-01-17 23:13:52,725 - INFO - Oy baþarýyla gönderildi.
2025-01-17 23:13:53,627 - INFO - Tarayýcý kapatýldý.
2025-01-17 23:13:54,821 - INFO - Tarayýcý kapatýldý.
2025-01-17 23:14:01,342 - INFO - Oy baþarýyla gönderildi.
2025-01-17 23:14:03,421 - INFO - Tarayýcý kapatýldý.
2025-01-17 23:15:18,492 - INFO - Oy baþarýyla gönderildi.
2025-01-17 23:15:20,625 - INFO - Tarayýcý kapatýldý.
2025-01-17 23:15:23,025 - INFO - Oy baþarýyla gönderildi.
2025-01-17 23:15:25,040 - INFO - Oy baþarýyla gönderildi.
2025-01-17 23:15:25,116 - INFO - Tarayýcý kapatýldý.
2025-01-17 23:15:27,149 - INFO - Tarayýcý kapatýldý.
2025-01-17 23:15:34,933 - INFO - Oy baþarýyla gönderildi.
2025-01-17 23:15:37,015 - INFO - Tarayýcý kapatýldý.
2025-01-17 23:15:57,690 - INFO - Hata: HTTPConnectionPool(host='localhost', port=52512): Read timed out. (read timeout=120)
2025-01-17 23:16:31,489 - INFO - Oy baþarýyla gönderildi.
2025-01-17 23:16:33,577 - INFO - Tarayýcý kapatýldý.
2025-01-17 23:16:34,228 - INFO - Oy baþarýyla gönderildi.
2025-01-17 23:16:36,019 - INFO - Oy baþarýyla gönderildi.
2025-01-17 23:16:36,313 - INFO - Tarayýcý kapatýldý.
2025-01-17 23:16:37,422 - INFO - Oy baþarýyla gönderildi.
2025-01-17 23:16:38,119 - INFO - Tarayýcý kapatýldý.
2025-01-17 23:16:39,778 - INFO - Tarayýcý kapatýldý.
2025-01-17 23:17:29,630 - INFO - Oy baþarýyla gönderildi.
2025-01-17 23:17:31,734 - INFO - Tarayýcý kapatýldý.
2025-01-17 23:17:57,365 - INFO - Oy baþarýyla gönderildi.
2025-01-17 23:17:57,699 - WARNING - Retrying (Retry(total=2, connect=None, read=None, redirect=None, status=None)) after connection broken by 'ReadTimeoutError("HTTPConnectionPool(host='localhost', port=52512): Read timed out. (read timeout=120)")': /session/4b57f2aeedc22a33ad8b36dcb399ffac
2025-01-17 23:17:59,029 - INFO - Oy baþarýyla gönderildi.
2025-01-17 23:17:59,466 - INFO - Tarayýcý kapatýldý.
2025-01-17 23:18:01,125 - INFO - Tarayýcý kapatýldý.
2025-01-17 23:18:14,618 - INFO - Oy baþarýyla gönderildi.
2025-01-17 23:18:16,725 - INFO - Tarayýcý kapatýldý.
2025-01-17 23:18:38,094 - INFO - Oy baþarýyla gönderildi.
2025-01-17 23:18:40,196 - INFO - Tarayýcý kapatýldý.
2025-01-17 23:18:43,840 - INFO - Hata: HTTPConnectionPool(host='localhost', port=53199): Read timed out. (read timeout=120)
2025-01-17 23:18:45,292 - INFO - Oy baþarýyla gönderildi.
2025-01-17 23:18:47,383 - INFO - Tarayýcý kapatýldý.
2025-01-17 23:18:53,750 - INFO - Oy baþarýyla gönderildi.
2025-01-17 23:18:55,861 - INFO - Tarayýcý kapatýldý.
2025-01-17 23:18:59,821 - INFO - Tarayýcý kapatýldý.
2025-01-17 23:19:15,826 - INFO - Oy baþarýyla gönderildi.
2025-01-17 23:19:17,915 - INFO - Tarayýcý kapatýldý.
2025-01-17 23:19:26,316 - INFO - Oy baþarýyla gönderildi.
2025-01-17 23:19:28,411 - INFO - Tarayýcý kapatýldý.
2025-01-17 23:19:52,308 - INFO - Oy baþarýyla gönderildi.
2025-01-17 23:19:54,394 - INFO - Tarayýcý kapatýldý.
2025-01-17 23:20:12,555 - INFO - Oy baþarýyla gönderildi.
2025-01-17 23:20:14,637 - INFO - Tarayýcý kapatýldý.
2025-01-17 23:20:16,669 - INFO - Oy baþarýyla gönderildi.
2025-01-17 23:20:18,754 - INFO - Tarayýcý kapatýldý.
2025-01-17 23:20:24,262 - INFO - Oy baþarýyla gönderildi.
2025-01-17 23:20:26,377 - INFO - Tarayýcý kapatýldý.
2025-01-17 23:20:39,864 - INFO - Oy baþarýyla gönderildi.
2025-01-17 23:20:39,938 - INFO - Tarayýcý kapatýldý.
2025-01-17 23:20:41,973 - INFO - Tarayýcý kapatýldý.
2025-01-17 23:21:10,654 - INFO - Oy baþarýyla gönderildi.
2025-01-17 23:21:12,741 - INFO - Tarayýcý kapatýldý.
2025-01-17 23:21:17,779 - INFO - Oy baþarýyla gönderildi.
2025-01-17 23:21:18,042 - INFO - Oy baþarýyla gönderildi.
2025-01-17 23:21:19,950 - INFO - Tarayýcý kapatýldý.
2025-01-17 23:21:20,137 - INFO - Tarayýcý kapatýldý.
2025-01-17 23:21:34,777 - INFO - Oy baþarýyla gönderildi.
2025-01-17 23:21:39,934 - INFO - Tarayýcý kapatýldý.
2025-01-17 23:21:41,911 - INFO - Oy baþarýyla gönderildi.
2025-01-17 23:21:46,007 - INFO - Tarayýcý kapatýldý.
2025-01-17 23:22:54,473 - INFO - Oy baþarýyla gönderildi.
2025-01-17 23:22:56,575 - INFO - Tarayýcý kapatýldý.
2025-01-17 23:22:58,738 - INFO - Oy baþarýyla gönderildi.
2025-01-17 23:22:58,979 - INFO - Oy baþarýyla gönderildi.
2025-01-17 23:23:00,686 - INFO - Oy baþarýyla gönderildi.
2025-01-17 23:23:00,844 - INFO - Tarayýcý kapatýldý.
2025-01-17 23:23:01,079 - INFO - Tarayýcý kapatýldý.
2025-01-17 23:23:02,780 - INFO - Tarayýcý kapatýldý.
2025-01-17 23:23:09,858 - INFO - Hata: Message: 
Stacktrace:
	GetHandleVerifier [0x00007FF7FA2EFB05+28789]
	(No symbol) [0x00007FF7FA2586E0]
	(No symbol) [0x00007FF7FA0F592A]
	(No symbol) [0x00007FF7FA14930E]
	(No symbol) [0x00007FF7FA1495FC]
	(No symbol) [0x00007FF7FA1928A7]
	(No symbol) [0x00007FF7FA16F47F]
	(No symbol) [0x00007FF7FA18F654]
	(No symbol) [0x00007FF7FA16F1E3]
	(No symbol) [0x00007FF7FA13A938]
	(No symbol) [0x00007FF7FA13BAA1]
	GetHandleVerifier [0x00007FF7FA62933D+3410093]
	GetHandleVerifier [0x00007FF7FA63E7DD+3497293]
	GetHandleVerifier [0x00007FF7FA632A73+3448803]
	GetHandleVerifier [0x00007FF7FA3B7BBB+848171]
	(No symbol) [0x00007FF7FA263C3F]
	(No symbol) [0x00007FF7FA25F6E4]
	(No symbol) [0x00007FF7FA25F87D]
	(No symbol) [0x00007FF7FA24ED49]
	BaseThreadInitThunk [0x00007FF9AC94259D+29]
	RtlUserThreadStart [0x00007FF9AEACAF38+40]

2025-01-17 23:23:11,956 - INFO - Tarayýcý kapatýldý.
2025-01-17 23:24:05,354 - INFO - Oy baþarýyla gönderildi.
2025-01-17 23:24:06,087 - INFO - Oy baþarýyla gönderildi.
2025-01-17 23:24:07,437 - INFO - Tarayýcý kapatýldý.
2025-01-17 23:24:07,647 - INFO - Oy baþarýyla gönderildi.
2025-01-17 23:24:08,184 - INFO - Tarayýcý kapatýldý.
2025-01-17 23:24:09,748 - INFO - Tarayýcý kapatýldý.
2025-01-17 23:24:10,750 - INFO - Oy baþarýyla gönderildi.
2025-01-17 23:24:11,105 - INFO - Oy baþarýyla gönderildi.
2025-01-17 23:24:12,846 - INFO - Tarayýcý kapatýldý.
2025-01-17 23:24:13,296 - INFO - Tarayýcý kapatýldý.
2025-01-17 23:25:02,802 - INFO - Oy baþarýyla gönderildi.
2025-01-17 23:25:03,646 - INFO - Oy baþarýyla gönderildi.
2025-01-17 23:25:04,895 - INFO - Tarayýcý kapatýldý.
2025-01-17 23:25:05,763 - INFO - Tarayýcý kapatýldý.
2025-01-17 23:25:07,945 - INFO - Oy baþarýyla gönderildi.
2025-01-17 23:25:10,033 - INFO - Tarayýcý kapatýldý.
2025-01-17 23:25:14,396 - INFO - Oy baþarýyla gönderildi.
2025-01-17 23:25:15,153 - INFO - Oy baþarýyla gönderildi.
2025-01-17 23:25:16,491 - INFO - Tarayýcý kapatýldý.
2025-01-17 23:25:17,251 - INFO - Tarayýcý kapatýldý.
2025-01-17 23:26:05,798 - INFO - Oy baþarýyla gönderildi.
2025-01-17 23:26:07,889 - INFO - Tarayýcý kapatýldý.
2025-01-17 23:26:08,207 - INFO - Oy baþarýyla gönderildi.
2025-01-17 23:26:10,288 - INFO - Tarayýcý kapatýldý.
2025-01-17 23:26:16,240 - INFO - Oy baþarýyla gönderildi.
2025-01-17 23:26:16,943 - INFO - Oy baþarýyla gönderildi.
2025-01-17 23:26:18,349 - INFO - Tarayýcý kapatýldý.
2025-01-17 23:26:19,050 - INFO - Tarayýcý kapatýldý.
2025-01-17 23:26:36,106 - INFO - Oy baþarýyla gönderildi.
2025-01-17 23:26:38,203 - INFO - Tarayýcý kapatýldý.
2025-01-17 23:26:40,719 - INFO - Oy baþarýyla gönderildi.
2025-01-17 23:26:42,805 - INFO - Tarayýcý kapatýldý.
2025-01-17 23:26:55,969 - INFO - Oy baþarýyla gönderildi.
2025-01-17 23:26:58,047 - INFO - Tarayýcý kapatýldý.
2025-01-17 23:27:04,874 - INFO - Oy baþarýyla gönderildi.
2025-01-17 23:27:06,962 - INFO - Tarayýcý kapatýldý.
2025-01-17 23:27:19,240 - INFO - Oy baþarýyla gönderildi.
2025-01-17 23:27:21,344 - INFO - Tarayýcý kapatýldý.
2025-01-17 23:27:24,326 - INFO - Oy baþarýyla gönderildi.
2025-01-17 23:27:26,521 - INFO - Tarayýcý kapatýldý.
2025-01-17 23:27:35,577 - INFO - Hata: Message: 
Stacktrace:
	GetHandleVerifier [0x00007FF7FA2EFB05+28789]
	(No symbol) [0x00007FF7FA2586E0]
	(No symbol) [0x00007FF7FA0F592A]
	(No symbol) [0x00007FF7FA14930E]
	(No symbol) [0x00007FF7FA1495FC]
	(No symbol) [0x00007FF7FA1928A7]
	(No symbol) [0x00007FF7FA16F47F]
	(No symbol) [0x00007FF7FA18F654]
	(No symbol) [0x00007FF7FA16F1E3]
	(No symbol) [0x00007FF7FA13A938]
	(No symbol) [0x00007FF7FA13BAA1]
	GetHandleVerifier [0x00007FF7FA62933D+3410093]
	GetHandleVerifier [0x00007FF7FA63E7DD+3497293]
	GetHandleVerifier [0x00007FF7FA632A73+3448803]
	GetHandleVerifier [0x00007FF7FA3B7BBB+848171]
	(No symbol) [0x00007FF7FA263C3F]
	(No symbol) [0x00007FF7FA25F6E4]
	(No symbol) [0x00007FF7FA25F87D]
	(No symbol) [0x00007FF7FA24ED49]
	BaseThreadInitThunk [0x00007FF9AC94259D+29]
	RtlUserThreadStart [0x00007FF9AEACAF38+40]

2025-01-17 23:27:37,681 - INFO - Tarayýcý kapatýldý.
2025-01-17 23:28:00,953 - INFO - Oy baþarýyla gönderildi.
2025-01-17 23:28:03,043 - INFO - Tarayýcý kapatýldý.
2025-01-17 23:28:19,569 - INFO - Oy baþarýyla gönderildi.
2025-01-17 23:28:21,666 - INFO - Tarayýcý kapatýldý.
2025-01-17 23:28:24,900 - INFO - Oy baþarýyla gönderildi.
2025-01-17 23:28:26,990 - INFO - Tarayýcý kapatýldý.
2025-01-17 23:28:46,996 - INFO - Oy baþarýyla gönderildi.
2025-01-17 23:28:49,094 - INFO - Tarayýcý kapatýldý.
2025-01-17 23:28:49,228 - INFO - Oy baþarýyla gönderildi.
2025-01-17 23:28:51,348 - INFO - Tarayýcý kapatýldý.
2025-01-17 23:29:12,014 - INFO - Oy baþarýyla gönderildi.
2025-01-17 23:29:14,146 - INFO - Tarayýcý kapatýldý.
2025-01-17 23:29:15,643 - INFO - Oy baþarýyla gönderildi.
2025-01-17 23:29:17,747 - INFO - Tarayýcý kapatýldý.
2025-01-17 23:29:28,035 - INFO - Oy baþarýyla gönderildi.
2025-01-17 23:29:30,123 - INFO - Tarayýcý kapatýldý.
2025-01-17 23:29:36,491 - INFO - Oy baþarýyla gönderildi.
2025-01-17 23:29:38,583 - INFO - Tarayýcý kapatýldý.
2025-01-17 23:29:51,999 - INFO - Oy baþarýyla gönderildi.
2025-01-17 23:29:54,092 - INFO - Tarayýcý kapatýldý.
2025-01-17 23:30:31,179 - INFO - Oy baþarýyla gönderildi.
2025-01-17 23:30:33,278 - INFO - Tarayýcý kapatýldý.
2025-01-17 23:30:43,595 - INFO - Oy baþarýyla gönderildi.
2025-01-17 23:30:45,694 - INFO - Tarayýcý kapatýldý.
2025-01-17 23:31:08,920 - INFO - Hata: Message: 
Stacktrace:
	GetHandleVerifier [0x00007FF7FA2EFB05+28789]
	(No symbol) [0x00007FF7FA2586E0]
	(No symbol) [0x00007FF7FA0F592A]
	(No symbol) [0x00007FF7FA14930E]
	(No symbol) [0x00007FF7FA1495FC]
	(No symbol) [0x00007FF7FA1928A7]
	(No symbol) [0x00007FF7FA16F47F]
	(No symbol) [0x00007FF7FA18F654]
	(No symbol) [0x00007FF7FA16F1E3]
	(No symbol) [0x00007FF7FA13A938]
	(No symbol) [0x00007FF7FA13BAA1]
	GetHandleVerifier [0x00007FF7FA62933D+3410093]
	GetHandleVerifier [0x00007FF7FA63E7DD+3497293]
	GetHandleVerifier [0x00007FF7FA632A73+3448803]
	GetHandleVerifier [0x00007FF7FA3B7BBB+848171]
	(No symbol) [0x00007FF7FA263C3F]
	(No symbol) [0x00007FF7FA25F6E4]
	(No symbol) [0x00007FF7FA25F87D]
	(No symbol) [0x00007FF7FA24ED49]
	BaseThreadInitThunk [0x00007FF9AC94259D+29]
	RtlUserThreadStart [0x00007FF9AEACAF38+40]

2025-01-17 23:31:11,029 - INFO - Tarayýcý kapatýldý.
2025-01-17 23:31:14,918 - INFO - Oy baþarýyla gönderildi.
2025-01-17 23:31:17,078 - INFO - Tarayýcý kapatýldý.
2025-01-17 23:31:26,530 - INFO - Oy baþarýyla gönderildi.
2025-01-17 23:31:28,618 - INFO - Tarayýcý kapatýldý.
2025-01-17 23:31:31,245 - INFO - Oy baþarýyla gönderildi.
2025-01-17 23:31:31,259 - INFO - Oy baþarýyla gönderildi.
2025-01-17 23:31:33,377 - INFO - Tarayýcý kapatýldý.
2025-01-17 23:31:33,393 - INFO - Tarayýcý kapatýldý.
2025-01-17 23:31:47,246 - INFO - Oy baþarýyla gönderildi.
2025-01-17 23:31:49,329 - INFO - Tarayýcý kapatýldý.
2025-01-17 23:32:04,612 - INFO - Oy baþarýyla gönderildi.
2025-01-17 23:32:06,706 - INFO - Tarayýcý kapatýldý.
2025-01-17 23:32:12,693 - INFO - Oy baþarýyla gönderildi.
2025-01-17 23:32:14,779 - INFO - Tarayýcý kapatýldý.
2025-01-17 23:32:31,078 - INFO - Oy baþarýyla gönderildi.
2025-01-17 23:32:33,114 - INFO - Hata: Message: 
Stacktrace:
	GetHandleVerifier [0x00007FF7FA2EFB05+28789]
	(No symbol) [0x00007FF7FA2586E0]
	(No symbol) [0x00007FF7FA0F592A]
	(No symbol) [0x00007FF7FA14930E]
	(No symbol) [0x00007FF7FA1495FC]
	(No symbol) [0x00007FF7FA1928A7]
	(No symbol) [0x00007FF7FA16F47F]
	(No symbol) [0x00007FF7FA18F654]
	(No symbol) [0x00007FF7FA16F1E3]
	(No symbol) [0x00007FF7FA13A938]
	(No symbol) [0x00007FF7FA13BAA1]
	GetHandleVerifier [0x00007FF7FA62933D+3410093]
	GetHandleVerifier [0x00007FF7FA63E7DD+3497293]
	GetHandleVerifier [0x00007FF7FA632A73+3448803]
	GetHandleVerifier [0x00007FF7FA3B7BBB+848171]
	(No symbol) [0x00007FF7FA263C3F]
	(No symbol) [0x00007FF7FA25F6E4]
	(No symbol) [0x00007FF7FA25F87D]
	(No symbol) [0x00007FF7FA24ED49]
	BaseThreadInitThunk [0x00007FF9AC94259D+29]
	RtlUserThreadStart [0x00007FF9AEACAF38+40]

2025-01-17 23:32:33,175 - INFO - Tarayýcý kapatýldý.
2025-01-17 23:32:35,230 - INFO - Tarayýcý kapatýldý.
2025-01-17 23:32:48,676 - INFO - Oy baþarýyla gönderildi.
2025-01-17 23:32:50,765 - INFO - Tarayýcý kapatýldý.
2025-01-17 23:33:34,328 - INFO - Oy baþarýyla gönderildi.
2025-01-17 23:33:36,412 - INFO - Tarayýcý kapatýldý.
2025-01-17 23:33:43,953 - INFO - Oy baþarýyla gönderildi.
2025-01-17 23:33:46,098 - INFO - Tarayýcý kapatýldý.
2025-01-17 23:33:55,297 - INFO - Oy baþarýyla gönderildi.
2025-01-17 23:33:57,402 - INFO - Tarayýcý kapatýldý.
2025-01-17 23:33:59,570 - INFO - Oy baþarýyla gönderildi.
2025-01-17 23:34:01,669 - INFO - Tarayýcý kapatýldý.
2025-01-17 23:34:11,940 - INFO - Oy baþarýyla gönderildi.
2025-01-17 23:34:14,045 - INFO - Tarayýcý kapatýldý.
2025-01-17 23:34:43,257 - INFO - Oy baþarýyla gönderildi.
2025-01-17 23:34:45,372 - INFO - Tarayýcý kapatýldý.
2025-01-17 23:35:06,474 - INFO - Oy baþarýyla gönderildi.
2025-01-17 23:35:08,574 - INFO - Tarayýcý kapatýldý.
2025-01-17 23:35:14,019 - INFO - Oy baþarýyla gönderildi.
2025-01-17 23:35:16,105 - INFO - Tarayýcý kapatýldý.
2025-01-17 23:35:20,380 - INFO - Oy baþarýyla gönderildi.
2025-01-17 23:35:22,478 - INFO - Tarayýcý kapatýldý.
2025-01-17 23:35:27,749 - INFO - Oy baþarýyla gönderildi.
2025-01-17 23:35:29,856 - INFO - Tarayýcý kapatýldý.
2025-01-17 23:35:35,345 - INFO - Oy baþarýyla gönderildi.
2025-01-17 23:35:37,437 - INFO - Tarayýcý kapatýldý.
2025-01-17 23:36:09,524 - INFO - Oy baþarýyla gönderildi.
2025-01-17 23:36:11,700 - INFO - Tarayýcý kapatýldý.
2025-01-17 23:36:14,454 - INFO - Oy baþarýyla gönderildi.
2025-01-17 23:36:16,551 - INFO - Tarayýcý kapatýldý.
2025-01-17 23:36:17,968 - INFO - Oy baþarýyla gönderildi.
2025-01-17 23:36:21,635 - INFO - Tarayýcý kapatýldý.
2025-01-17 23:36:24,366 - INFO - Oy baþarýyla gönderildi.
2025-01-17 23:36:24,414 - INFO - Oy baþarýyla gönderildi.
2025-01-17 23:36:26,485 - INFO - Tarayýcý kapatýldý.
2025-01-17 23:36:26,518 - INFO - Tarayýcý kapatýldý.
2025-01-17 23:36:29,492 - INFO - Oy baþarýyla gönderildi.
2025-01-17 23:36:31,583 - INFO - Tarayýcý kapatýldý.
2025-01-17 23:36:33,844 - INFO - Oy baþarýyla gönderildi.
2025-01-17 23:36:35,921 - INFO - Tarayýcý kapatýldý.
2025-01-17 23:36:48,044 - INFO - Oy baþarýyla gönderildi.
2025-01-17 23:36:50,123 - INFO - Tarayýcý kapatýldý.
2025-01-17 23:36:51,173 - INFO - Oy baþarýyla gönderildi.
2025-01-17 23:36:52,851 - INFO - Oy baþarýyla gönderildi.
2025-01-17 23:36:53,251 - INFO - Tarayýcý kapatýldý.
2025-01-17 23:36:54,930 - INFO - Tarayýcý kapatýldý.
2025-01-17 23:36:56,591 - INFO - Oy baþarýyla gönderildi.
2025-01-17 23:36:58,695 - INFO - Tarayýcý kapatýldý.
2025-01-17 23:38:07,531 - INFO - Oy baþarýyla gönderildi.
2025-01-17 23:38:08,671 - INFO - Oy baþarýyla gönderildi.
2025-01-17 23:38:09,651 - INFO - Tarayýcý kapatýldý.
2025-01-17 23:38:10,771 - INFO - Tarayýcý kapatýldý.
2025-01-17 23:38:14,229 - INFO - Oy baþarýyla gönderildi.
2025-01-17 23:38:16,315 - INFO - Tarayýcý kapatýldý.
2025-01-17 23:38:17,506 - INFO - Oy baþarýyla gönderildi.
2025-01-17 23:38:19,598 - INFO - Tarayýcý kapatýldý.
2025-01-17 23:38:40,001 - INFO - Hata: HTTPConnectionPool(host='localhost', port=59687): Read timed out. (read timeout=120)
2025-01-17 23:38:45,411 - INFO - Oy baþarýyla gönderildi.
2025-01-17 23:38:47,528 - INFO - Tarayýcý kapatýldý.
2025-01-17 23:38:53,830 - INFO - Oy baþarýyla gönderildi.
2025-01-17 23:38:55,964 - INFO - Tarayýcý kapatýldý.
2025-01-17 23:39:12,042 - INFO - Oy baþarýyla gönderildi.
2025-01-17 23:39:14,163 - INFO - Tarayýcý kapatýldý.
2025-01-17 23:39:22,326 - INFO - Tarayýcý kapatýldý.
2025-01-17 23:39:25,884 - INFO - Oy baþarýyla gönderildi.
2025-01-17 23:39:27,960 - INFO - Tarayýcý kapatýldý.
2025-01-17 23:39:34,455 - INFO - Oy baþarýyla gönderildi.
2025-01-17 23:39:36,537 - INFO - Tarayýcý kapatýldý.
2025-01-17 23:39:37,729 - INFO - Oy baþarýyla gönderildi.
2025-01-17 23:39:38,961 - INFO - Oy baþarýyla gönderildi.
2025-01-17 23:39:39,817 - INFO - Tarayýcý kapatýldý.
2025-01-17 23:39:41,056 - INFO - Tarayýcý kapatýldý.
2025-01-17 23:39:42,673 - INFO - Oy baþarýyla gönderildi.
2025-01-17 23:39:44,754 - INFO - Tarayýcý kapatýldý.
2025-01-17 23:40:23,677 - INFO - Hata: HTTPConnectionPool(host='localhost', port=60218): Read timed out. (read timeout=120)
2025-01-17 23:40:49,867 - INFO - Tarayýcý kapatýldý.
2025-01-17 23:40:51,183 - INFO - Oy baþarýyla gönderildi.
2025-01-17 23:40:53,274 - INFO - Tarayýcý kapatýldý.
2025-01-17 23:41:10,361 - INFO - Oy baþarýyla gönderildi.
2025-01-17 23:41:11,008 - INFO - Oy baþarýyla gönderildi.
2025-01-17 23:41:12,496 - INFO - Tarayýcý kapatýldý.
2025-01-17 23:41:13,130 - INFO - Tarayýcý kapatýldý.
2025-01-17 23:41:37,117 - INFO - Oy baþarýyla gönderildi.
2025-01-17 23:41:37,429 - INFO - Oy baþarýyla gönderildi.
2025-01-17 23:41:38,691 - INFO - Oy baþarýyla gönderildi.
2025-01-17 23:41:39,238 - INFO - Tarayýcý kapatýldý.
2025-01-17 23:41:39,520 - INFO - Tarayýcý kapatýldý.
2025-01-17 23:41:40,774 - INFO - Tarayýcý kapatýldý.
2025-01-17 23:41:44,357 - INFO - Oy baþarýyla gönderildi.
2025-01-17 23:41:46,440 - INFO - Tarayýcý kapatýldý.
2025-01-17 23:42:27,267 - INFO - Oy baþarýyla gönderildi.
2025-01-17 23:42:29,339 - INFO - Tarayýcý kapatýldý.
2025-01-17 23:42:29,705 - INFO - Oy baþarýyla gönderildi.
2025-01-17 23:42:31,783 - INFO - Tarayýcý kapatýldý.
2025-01-17 23:42:35,087 - INFO - Oy baþarýyla gönderildi.
2025-01-17 23:42:36,517 - INFO - Oy baþarýyla gönderildi.
2025-01-17 23:42:37,187 - INFO - Tarayýcý kapatýldý.
2025-01-17 23:42:38,598 - INFO - Tarayýcý kapatýldý.
2025-01-17 23:43:35,440 - INFO - Oy baþarýyla gönderildi.
2025-01-17 23:43:37,514 - INFO - Tarayýcý kapatýldý.
2025-01-17 23:43:42,078 - INFO - Oy baþarýyla gönderildi.
2025-01-17 23:43:44,161 - INFO - Tarayýcý kapatýldý.
2025-01-17 23:43:44,894 - INFO - Oy baþarýyla gönderildi.
2025-01-17 23:43:46,988 - INFO - Tarayýcý kapatýldý.
2025-01-17 23:43:52,752 - INFO - Oy baþarýyla gönderildi.
2025-01-17 23:43:54,850 - INFO - Tarayýcý kapatýldý.
2025-01-17 23:44:49,429 - INFO - Oy baþarýyla gönderildi.
2025-01-17 23:44:51,139 - INFO - Oy baþarýyla gönderildi.
2025-01-17 23:44:51,518 - INFO - Tarayýcý kapatýldý.
2025-01-17 23:44:53,242 - INFO - Tarayýcý kapatýldý.
2025-01-17 23:44:53,471 - INFO - Oy baþarýyla gönderildi.
2025-01-17 23:44:55,574 - INFO - Tarayýcý kapatýldý.
2025-01-17 23:44:57,341 - INFO - Oy baþarýyla gönderildi.
2025-01-17 23:44:59,441 - INFO - Tarayýcý kapatýldý.
2025-01-17 23:46:02,907 - INFO - Oy baþarýyla gönderildi.
2025-01-17 23:46:04,998 - INFO - Tarayýcý kapatýldý.
2025-01-17 23:46:16,234 - INFO - Oy baþarýyla gönderildi.
2025-01-17 23:46:18,346 - INFO - Tarayýcý kapatýldý.
2025-01-17 23:46:20,510 - INFO - Oy baþarýyla gönderildi.
2025-01-17 23:46:22,601 - INFO - Tarayýcý kapatýldý.
2025-01-17 23:46:43,340 - INFO - Oy baþarýyla gönderildi.
2025-01-17 23:46:45,458 - INFO - Tarayýcý kapatýldý.
2025-01-17 23:47:03,508 - INFO - Hata: HTTPConnectionPool(host='localhost', port=62331): Read timed out. (read timeout=120)
2025-01-17 23:47:03,512 - INFO - Oy baþarýyla gönderildi.
2025-01-17 23:47:05,615 - INFO - Tarayýcý kapatýldý.
2025-01-17 23:47:07,360 - INFO - Tarayýcý kapatýldý.
2025-01-17 23:47:28,544 - INFO - Oy baþarýyla gönderildi.
2025-01-17 23:47:30,665 - INFO - Tarayýcý kapatýldý.
2025-01-17 23:47:50,546 - INFO - Oy baþarýyla gönderildi.
2025-01-17 23:47:52,666 - INFO - Tarayýcý kapatýldý.
2025-01-17 23:47:53,258 - INFO - Oy baþarýyla gönderildi.
2025-01-17 23:47:55,369 - INFO - Tarayýcý kapatýldý.
2025-01-17 23:47:56,750 - INFO - Oy baþarýyla gönderildi.
2025-01-17 23:47:58,880 - INFO - Tarayýcý kapatýldý.
2025-01-17 23:48:03,439 - INFO - Oy baþarýyla gönderildi.
2025-01-17 23:48:03,624 - INFO - Oy baþarýyla gönderildi.
2025-01-17 23:48:05,550 - INFO - Tarayýcý kapatýldý.
2025-01-17 23:48:05,703 - INFO - Tarayýcý kapatýldý.
2025-01-17 23:48:45,561 - INFO - Oy baþarýyla gönderildi.
2025-01-17 23:48:47,687 - INFO - Tarayýcý kapatýldý.
2025-01-17 23:48:54,610 - INFO - Oy baþarýyla gönderildi.
2025-01-17 23:48:56,706 - INFO - Tarayýcý kapatýldý.
2025-01-17 23:48:56,867 - INFO - Oy baþarýyla gönderildi.
2025-01-17 23:48:58,583 - INFO - Oy baþarýyla gönderildi.
2025-01-17 23:48:58,952 - INFO - Tarayýcý kapatýldý.
2025-01-17 23:49:00,656 - INFO - Tarayýcý kapatýldý.
2025-01-17 23:49:02,268 - INFO - Oy baþarýyla gönderildi.
2025-01-17 23:49:04,379 - INFO - Tarayýcý kapatýldý.
2025-01-17 23:49:31,526 - INFO - Oy baþarýyla gönderildi.
2025-01-17 23:49:33,634 - INFO - Tarayýcý kapatýldý.
2025-01-17 23:49:45,699 - INFO - Oy baþarýyla gönderildi.
2025-01-17 23:49:47,816 - INFO - Tarayýcý kapatýldý.
2025-01-17 23:49:51,053 - INFO - Oy baþarýyla gönderildi.
2025-01-17 23:49:52,619 - INFO - Oy baþarýyla gönderildi.
2025-01-17 23:49:53,155 - INFO - Tarayýcý kapatýldý.
2025-01-17 23:49:54,737 - INFO - Tarayýcý kapatýldý.
2025-01-17 23:49:55,109 - INFO - Oy baþarýyla gönderildi.
2025-01-17 23:49:57,248 - INFO - Tarayýcý kapatýldý.
2025-01-17 23:50:53,641 - INFO - Oy baþarýyla gönderildi.
2025-01-17 23:50:55,738 - INFO - Tarayýcý kapatýldý.
2025-01-17 23:50:59,907 - INFO - Oy baþarýyla gönderildi.
2025-01-17 23:51:01,991 - INFO - Tarayýcý kapatýldý.
2025-01-17 23:51:11,451 - INFO - Oy baþarýyla gönderildi.
2025-01-17 23:51:13,568 - INFO - Tarayýcý kapatýldý.
2025-01-17 23:51:17,999 - INFO - Oy baþarýyla gönderildi.
2025-01-17 23:51:20,122 - INFO - Tarayýcý kapatýldý.
2025-01-17 23:51:57,218 - INFO - Hata: HTTPConnectionPool(host='localhost', port=63892): Read timed out. (read timeout=120)
2025-01-17 23:52:20,331 - INFO - Oy baþarýyla gönderildi.
2025-01-17 23:52:21,902 - INFO - Oy baþarýyla gönderildi.
2025-01-17 23:52:22,443 - INFO - Tarayýcý kapatýldý.
2025-01-17 23:52:24,002 - INFO - Tarayýcý kapatýldý.
2025-01-17 23:52:25,274 - INFO - Oy baþarýyla gönderildi.
2025-01-17 23:52:25,820 - INFO - Oy baþarýyla gönderildi.
2025-01-17 23:52:27,376 - INFO - Tarayýcý kapatýldý.
2025-01-17 23:52:27,938 - INFO - Tarayýcý kapatýldý.
2025-01-17 23:52:28,539 - INFO - Tarayýcý kapatýldý.
2025-01-17 23:53:24,361 - INFO - Oy baþarýyla gönderildi.
2025-01-17 23:53:26,473 - INFO - Tarayýcý kapatýldý.
2025-01-17 23:53:29,768 - INFO - Oy baþarýyla gönderildi.
2025-01-17 23:53:31,887 - INFO - Tarayýcý kapatýldý.
2025-01-17 23:53:32,726 - INFO - Oy baþarýyla gönderildi.
2025-01-17 23:53:34,814 - INFO - Tarayýcý kapatýldý.
2025-01-17 23:53:35,766 - INFO - Oy baþarýyla gönderildi.
2025-01-17 23:53:38,058 - INFO - Tarayýcý kapatýldý.
2025-01-17 23:54:15,028 - INFO - Oy baþarýyla gönderildi.
2025-01-17 23:54:17,157 - INFO - Tarayýcý kapatýldý.
2025-01-17 23:54:25,295 - INFO - Oy baþarýyla gönderildi.
2025-01-17 23:54:26,259 - INFO - Oy baþarýyla gönderildi.
2025-01-17 23:54:27,390 - INFO - Tarayýcý kapatýldý.
2025-01-17 23:54:28,341 - INFO - Tarayýcý kapatýldý.
2025-01-17 23:54:35,975 - INFO - Oy baþarýyla gönderildi.
2025-01-17 23:54:38,078 - INFO - Tarayýcý kapatýldý.
2025-01-17 23:54:39,801 - INFO - Hata: Message: 
Stacktrace:
	GetHandleVerifier [0x00007FF7FA2EFB05+28789]
	(No symbol) [0x00007FF7FA2586E0]
	(No symbol) [0x00007FF7FA0F592A]
	(No symbol) [0x00007FF7FA14930E]
	(No symbol) [0x00007FF7FA1495FC]
	(No symbol) [0x00007FF7FA1928A7]
	(No symbol) [0x00007FF7FA16F47F]
	(No symbol) [0x00007FF7FA18F654]
	(No symbol) [0x00007FF7FA16F1E3]
	(No symbol) [0x00007FF7FA13A938]
	(No symbol) [0x00007FF7FA13BAA1]
	GetHandleVerifier [0x00007FF7FA62933D+3410093]
	GetHandleVerifier [0x00007FF7FA63E7DD+3497293]
	GetHandleVerifier [0x00007FF7FA632A73+3448803]
	GetHandleVerifier [0x00007FF7FA3B7BBB+848171]
	(No symbol) [0x00007FF7FA263C3F]
	(No symbol) [0x00007FF7FA25F6E4]
	(No symbol) [0x00007FF7FA25F87D]
	(No symbol) [0x00007FF7FA24ED49]
	BaseThreadInitThunk [0x00007FF9AC94259D+29]
	RtlUserThreadStart [0x00007FF9AEACAF38+40]

2025-01-17 23:54:41,913 - INFO - Tarayýcý kapatýldý.
2025-01-17 23:55:37,116 - INFO - Oy baþarýyla gönderildi.
2025-01-17 23:55:39,202 - INFO - Tarayýcý kapatýldý.
2025-01-17 23:55:40,375 - INFO - Oy baþarýyla gönderildi.
2025-01-17 23:55:42,488 - INFO - Tarayýcý kapatýldý.
2025-01-17 23:55:44,348 - INFO - Oy baþarýyla gönderildi.
2025-01-17 23:55:46,457 - INFO - Tarayýcý kapatýldý.
2025-01-17 23:55:53,777 - INFO - Oy baþarýyla gönderildi.
2025-01-17 23:55:55,867 - INFO - Tarayýcý kapatýldý.
2025-01-17 23:56:37,633 - INFO - Oy baþarýyla gönderildi.
2025-01-17 23:56:38,193 - INFO - Oy baþarýyla gönderildi.
2025-01-17 23:56:39,717 - INFO - Tarayýcý kapatýldý.
2025-01-17 23:56:40,273 - INFO - Tarayýcý kapatýldý.
2025-01-17 23:56:40,706 - INFO - Oy baþarýyla gönderildi.
2025-01-17 23:56:42,113 - INFO - Oy baþarýyla gönderildi.
2025-01-17 23:56:42,784 - INFO - Tarayýcý kapatýldý.
2025-01-17 23:56:44,197 - INFO - Tarayýcý kapatýldý.
2025-01-17 23:56:45,669 - INFO - Hata: HTTPConnectionPool(host='localhost', port=65279): Read timed out. (read timeout=120)
2025-01-17 23:57:30,322 - INFO - Oy baþarýyla gönderildi.
2025-01-17 23:57:30,801 - INFO - Oy baþarýyla gönderildi.
2025-01-17 23:57:32,445 - INFO - Tarayýcý kapatýldý.
2025-01-17 23:57:32,900 - INFO - Tarayýcý kapatýldý.
2025-01-17 23:57:35,993 - INFO - Oy baþarýyla gönderildi.
2025-01-17 23:57:38,095 - INFO - Tarayýcý kapatýldý.
2025-01-17 23:58:26,428 - INFO - Oy baþarýyla gönderildi.
2025-01-17 23:58:28,519 - INFO - Tarayýcý kapatýldý.
2025-01-17 23:58:31,703 - INFO - Oy baþarýyla gönderildi.
2025-01-17 23:58:32,415 - INFO - Oy baþarýyla gönderildi.
2025-01-17 23:58:33,795 - INFO - Tarayýcý kapatýldý.
2025-01-17 23:58:34,527 - INFO - Tarayýcý kapatýldý.
2025-01-17 23:58:45,688 - WARNING - Retrying (Retry(total=2, connect=None, read=None, redirect=None, status=None)) after connection broken by 'ReadTimeoutError("HTTPConnectionPool(host='localhost', port=65279): Read timed out. (read timeout=120)")': /session/c2871d4fb2d96b528d6a882ea3d3126f
2025-01-17 23:59:40,672 - INFO - Oy baþarýyla gönderildi.
2025-01-17 23:59:41,676 - INFO - Oy baþarýyla gönderildi.
2025-01-17 23:59:42,780 - INFO - Tarayýcý kapatýldý.
2025-01-17 23:59:42,976 - INFO - Hata: Message: 
Stacktrace:
	GetHandleVerifier [0x00007FF7FA2EFB05+28789]
	(No symbol) [0x00007FF7FA2586E0]
	(No symbol) [0x00007FF7FA0F592A]
	(No symbol) [0x00007FF7FA14930E]
	(No symbol) [0x00007FF7FA1495FC]
	(No symbol) [0x00007FF7FA1928A7]
	(No symbol) [0x00007FF7FA16F47F]
	(No symbol) [0x00007FF7FA18F654]
	(No symbol) [0x00007FF7FA16F1E3]
	(No symbol) [0x00007FF7FA13A938]
	(No symbol) [0x00007FF7FA13BAA1]
	GetHandleVerifier [0x00007FF7FA62933D+3410093]
	GetHandleVerifier [0x00007FF7FA63E7DD+3497293]
	GetHandleVerifier [0x00007FF7FA632A73+3448803]
	GetHandleVerifier [0x00007FF7FA3B7BBB+848171]
	(No symbol) [0x00007FF7FA263C3F]
	(No symbol) [0x00007FF7FA25F6E4]
	(No symbol) [0x00007FF7FA25F87D]
	(No symbol) [0x00007FF7FA24ED49]
	BaseThreadInitThunk [0x00007FF9AC94259D+29]
	RtlUserThreadStart [0x00007FF9AEACAF38+40]

2025-01-17 23:59:43,773 - INFO - Tarayýcý kapatýldý.
2025-01-17 23:59:45,078 - INFO - Tarayýcý kapatýldý.
2025-01-17 23:59:47,798 - INFO - Tarayýcý kapatýldý.
2025-01-18 00:00:22,935 - INFO - Oy baþarýyla gönderildi.
2025-01-18 00:00:25,026 - INFO - Tarayýcý kapatýldý.
2025-01-18 00:00:26,780 - INFO - Oy baþarýyla gönderildi.
2025-01-18 00:00:28,868 - INFO - Tarayýcý kapatýldý.
2025-01-18 00:00:34,785 - INFO - Oy baþarýyla gönderildi.
2025-01-18 00:00:36,872 - INFO - Tarayýcý kapatýldý.
2025-01-18 00:00:57,067 - INFO - Hata: Message: 
Stacktrace:
	GetHandleVerifier [0x00007FF7FA2EFB05+28789]
	(No symbol) [0x00007FF7FA2586E0]
	(No symbol) [0x00007FF7FA0F592A]
	(No symbol) [0x00007FF7FA14930E]
	(No symbol) [0x00007FF7FA1495FC]
	(No symbol) [0x00007FF7FA1928A7]
	(No symbol) [0x00007FF7FA16F47F]
	(No symbol) [0x00007FF7FA18F654]
	(No symbol) [0x00007FF7FA16F1E3]
	(No symbol) [0x00007FF7FA13A938]
	(No symbol) [0x00007FF7FA13BAA1]
	GetHandleVerifier [0x00007FF7FA62933D+3410093]
	GetHandleVerifier [0x00007FF7FA63E7DD+3497293]
	GetHandleVerifier [0x00007FF7FA632A73+3448803]
	GetHandleVerifier [0x00007FF7FA3B7BBB+848171]
	(No symbol) [0x00007FF7FA263C3F]
	(No symbol) [0x00007FF7FA25F6E4]
	(No symbol) [0x00007FF7FA25F87D]
	(No symbol) [0x00007FF7FA24ED49]
	BaseThreadInitThunk [0x00007FF9AC94259D+29]
	RtlUserThreadStart [0x00007FF9AEACAF38+40]

2025-01-18 00:00:59,211 - INFO - Tarayýcý kapatýldý.
2025-01-18 00:01:10,083 - INFO - Oy baþarýyla gönderildi.
2025-01-18 00:01:12,189 - INFO - Tarayýcý kapatýldý.
2025-01-18 00:01:23,681 - INFO - Oy baþarýyla gönderildi.
2025-01-18 00:01:25,778 - INFO - Tarayýcý kapatýldý.
2025-01-18 00:01:40,818 - INFO - Oy baþarýyla gönderildi.
2025-01-18 00:01:42,900 - INFO - Tarayýcý kapatýldý.
2025-01-18 00:01:53,711 - INFO - Oy baþarýyla gönderildi.
2025-01-18 00:01:55,796 - INFO - Tarayýcý kapatýldý.
2025-01-18 00:02:59,127 - INFO - Oy baþarýyla gönderildi.
2025-01-18 00:03:01,244 - INFO - Tarayýcý kapatýldý.
2025-01-18 00:03:03,293 - INFO - Hata: HTTPConnectionPool(host='localhost', port=50720): Read timed out. (read timeout=120)
2025-01-18 00:03:05,421 - INFO - Oy baþarýyla gönderildi.
2025-01-18 00:03:07,542 - INFO - Tarayýcý kapatýldý.
2025-01-18 00:03:08,229 - INFO - Oy baþarýyla gönderildi.
2025-01-18 00:03:10,339 - INFO - Tarayýcý kapatýldý.
2025-01-18 00:03:11,234 - INFO - Oy baþarýyla gönderildi.
2025-01-18 00:03:13,425 - INFO - Tarayýcý kapatýldý.
2025-01-18 00:03:19,863 - INFO - Tarayýcý kapatýldý.
2025-01-18 00:04:18,021 - INFO - Oy baþarýyla gönderildi.
2025-01-18 00:04:20,119 - INFO - Tarayýcý kapatýldý.
2025-01-18 00:04:28,979 - INFO - Oy baþarýyla gönderildi.
2025-01-18 00:04:29,471 - INFO - Oy baþarýyla gönderildi.
2025-01-18 00:04:31,073 - INFO - Tarayýcý kapatýldý.
2025-01-18 00:04:31,583 - INFO - Tarayýcý kapatýldý.
2025-01-18 00:04:40,200 - INFO - Oy baþarýyla gönderildi.
2025-01-18 00:04:42,329 - INFO - Tarayýcý kapatýldý.
2025-01-18 00:05:05,333 - INFO - Hata: HTTPConnectionPool(host='localhost', port=51172): Read timed out. (read timeout=120)
2025-01-18 00:05:34,955 - INFO - Oy baþarýyla gönderildi.
2025-01-18 00:05:37,063 - INFO - Tarayýcý kapatýldý.
2025-01-18 00:05:37,152 - INFO - Oy baþarýyla gönderildi.
2025-01-18 00:05:39,248 - INFO - Tarayýcý kapatýldý.
2025-01-18 00:05:39,663 - INFO - Oy baþarýyla gönderildi.
2025-01-18 00:05:41,188 - INFO - Oy baþarýyla gönderildi.
2025-01-18 00:05:41,750 - INFO - Tarayýcý kapatýldý.
2025-01-18 00:05:43,275 - INFO - Tarayýcý kapatýldý.
2025-01-18 00:06:19,644 - INFO - Tarayýcý kapatýldý.
2025-01-18 00:06:31,852 - INFO - Oy baþarýyla gönderildi.
2025-01-18 00:06:33,952 - INFO - Tarayýcý kapatýldý.
2025-01-18 00:06:44,594 - INFO - Oy baþarýyla gönderildi.
2025-01-18 00:06:46,680 - INFO - Tarayýcý kapatýldý.
2025-01-18 00:06:48,874 - INFO - Oy baþarýyla gönderildi.
2025-01-18 00:06:50,967 - INFO - Tarayýcý kapatýldý.
2025-01-18 00:07:13,766 - INFO - Oy baþarýyla gönderildi.
2025-01-18 00:07:15,865 - INFO - Tarayýcý kapatýldý.
2025-01-18 00:08:08,407 - INFO - Oy baþarýyla gönderildi.
2025-01-18 00:08:10,497 - INFO - Tarayýcý kapatýldý.
2025-01-18 00:08:23,729 - INFO - Hata: HTTPConnectionPool(host='localhost', port=52049): Read timed out. (read timeout=120)
2025-01-18 00:08:25,378 - INFO - Oy baþarýyla gönderildi.
2025-01-18 00:08:27,409 - INFO - Oy baþarýyla gönderildi.
2025-01-18 00:08:27,491 - INFO - Tarayýcý kapatýldý.
2025-01-18 00:08:28,617 - INFO - Oy baþarýyla gönderildi.
2025-01-18 00:08:29,528 - INFO - Tarayýcý kapatýldý.
2025-01-18 00:08:30,720 - INFO - Tarayýcý kapatýldý.
2025-01-18 00:09:19,907 - INFO - Oy baþarýyla gönderildi.
2025-01-18 00:09:20,390 - INFO - Oy baþarýyla gönderildi.
2025-01-18 00:09:22,013 - INFO - Tarayýcý kapatýldý.
2025-01-18 00:09:22,479 - INFO - Tarayýcý kapatýldý.
2025-01-18 00:09:24,494 - INFO - Oy baþarýyla gönderildi.
2025-01-18 00:09:26,604 - INFO - Tarayýcý kapatýldý.
2025-01-18 00:09:42,406 - INFO - Oy baþarýyla gönderildi.
2025-01-18 00:09:44,503 - INFO - Tarayýcý kapatýldý.
2025-01-18 00:10:04,426 - INFO - Oy baþarýyla gönderildi.
2025-01-18 00:10:06,525 - INFO - Tarayýcý kapatýldý.
2025-01-18 00:10:11,124 - INFO - Oy baþarýyla gönderildi.
2025-01-18 00:10:13,226 - INFO - Tarayýcý kapatýldý.
2025-01-18 00:10:14,320 - INFO - Oy baþarýyla gönderildi.
2025-01-18 00:10:16,409 - INFO - Tarayýcý kapatýldý.
2025-01-18 00:10:23,747 - WARNING - Retrying (Retry(total=2, connect=None, read=None, redirect=None, status=None)) after connection broken by 'ReadTimeoutError("HTTPConnectionPool(host='localhost', port=52049): Read timed out. (read timeout=120)")': /session/9fa32c22de8205dc46aa03c5329c3713
2025-01-18 00:10:39,589 - INFO - Oy baþarýyla gönderildi.
2025-01-18 00:10:41,694 - INFO - Tarayýcý kapatýldý.
2025-01-18 00:10:47,400 - INFO - Tarayýcý kapatýldý.
2025-01-18 00:11:06,761 - INFO - Oy baþarýyla gönderildi.
2025-01-18 00:11:08,858 - INFO - Tarayýcý kapatýldý.
2025-01-18 00:11:15,053 - INFO - Oy baþarýyla gönderildi.
2025-01-18 00:11:17,153 - INFO - Tarayýcý kapatýldý.
2025-01-18 00:11:36,180 - INFO - Oy baþarýyla gönderildi.
2025-01-18 00:11:38,331 - INFO - Tarayýcý kapatýldý.
2025-01-18 00:11:59,815 - INFO - Oy baþarýyla gönderildi.
2025-01-18 00:12:01,908 - INFO - Tarayýcý kapatýldý.
2025-01-18 00:12:46,504 - INFO - Hata: Message: 
Stacktrace:
	GetHandleVerifier [0x00007FF7FA2EFB05+28789]
	(No symbol) [0x00007FF7FA2586E0]
	(No symbol) [0x00007FF7FA0F592A]
	(No symbol) [0x00007FF7FA14930E]
	(No symbol) [0x00007FF7FA1495FC]
	(No symbol) [0x00007FF7FA1928A7]
	(No symbol) [0x00007FF7FA16F47F]
	(No symbol) [0x00007FF7FA18F654]
	(No symbol) [0x00007FF7FA16F1E3]
	(No symbol) [0x00007FF7FA13A938]
	(No symbol) [0x00007FF7FA13BAA1]
	GetHandleVerifier [0x00007FF7FA62933D+3410093]
	GetHandleVerifier [0x00007FF7FA63E7DD+3497293]
	GetHandleVerifier [0x00007FF7FA632A73+3448803]
	GetHandleVerifier [0x00007FF7FA3B7BBB+848171]
	(No symbol) [0x00007FF7FA263C3F]
	(No symbol) [0x00007FF7FA25F6E4]
	(No symbol) [0x00007FF7FA25F87D]
	(No symbol) [0x00007FF7FA24ED49]
	BaseThreadInitThunk [0x00007FF9AC94259D+29]
	RtlUserThreadStart [0x00007FF9AEACAF38+40]

2025-01-18 00:12:48,057 - INFO - Oy baþarýyla gönderildi.
2025-01-18 00:12:48,627 - INFO - Tarayýcý kapatýldý.
2025-01-18 00:12:49,994 - INFO - Oy baþarýyla gönderildi.
2025-01-18 00:12:50,191 - INFO - Tarayýcý kapatýldý.
2025-01-18 00:12:51,462 - INFO - Hata: HTTPConnectionPool(host='localhost', port=53257): Read timed out. (read timeout=120)
2025-01-18 00:12:52,078 - INFO - Tarayýcý kapatýldý.
2025-01-18 00:13:00,301 - INFO - Oy baþarýyla gönderildi.
2025-01-18 00:13:02,404 - INFO - Tarayýcý kapatýldý.
2025-01-18 00:13:03,502 - INFO - Tarayýcý kapatýldý.
2025-01-18 00:13:36,833 - INFO - Oy baþarýyla gönderildi.
2025-01-18 00:13:38,111 - INFO - Oy baþarýyla gönderildi.
2025-01-18 00:13:38,936 - INFO - Tarayýcý kapatýldý.
2025-01-18 00:13:40,208 - INFO - Tarayýcý kapatýldý.
2025-01-18 00:14:09,090 - INFO - Oy baþarýyla gönderildi.
2025-01-18 00:14:11,189 - INFO - Tarayýcý kapatýldý.
2025-01-18 00:14:24,398 - INFO - Oy baþarýyla gönderildi.
2025-01-18 00:14:26,492 - INFO - Tarayýcý kapatýldý.
2025-01-18 00:14:28,057 - INFO - Hata: Message: 
Stacktrace:
	GetHandleVerifier [0x00007FF7FA2EFB05+28789]
	(No symbol) [0x00007FF7FA2586E0]
	(No symbol) [0x00007FF7FA0F592A]
	(No symbol) [0x00007FF7FA14930E]
	(No symbol) [0x00007FF7FA1495FC]
	(No symbol) [0x00007FF7FA1928A7]
	(No symbol) [0x00007FF7FA16F47F]
	(No symbol) [0x00007FF7FA18F654]
	(No symbol) [0x00007FF7FA16F1E3]
	(No symbol) [0x00007FF7FA13A938]
	(No symbol) [0x00007FF7FA13BAA1]
	GetHandleVerifier [0x00007FF7FA62933D+3410093]
	GetHandleVerifier [0x00007FF7FA63E7DD+3497293]
	GetHandleVerifier [0x00007FF7FA632A73+3448803]
	GetHandleVerifier [0x00007FF7FA3B7BBB+848171]
	(No symbol) [0x00007FF7FA263C3F]
	(No symbol) [0x00007FF7FA25F6E4]
	(No symbol) [0x00007FF7FA25F87D]
	(No symbol) [0x00007FF7FA24ED49]
	BaseThreadInitThunk [0x00007FF9AC94259D+29]
	RtlUserThreadStart [0x00007FF9AEACAF38+40]

2025-01-18 00:14:30,157 - INFO - Tarayýcý kapatýldý.
2025-01-18 00:14:35,049 - INFO - Oy baþarýyla gönderildi.
2025-01-18 00:14:37,136 - INFO - Tarayýcý kapatýldý.
2025-01-18 00:15:19,874 - INFO - Oy baþarýyla gönderildi.
2025-01-18 00:15:21,980 - INFO - Tarayýcý kapatýldý.
2025-01-18 00:15:29,499 - INFO - Oy baþarýyla gönderildi.
2025-01-18 00:15:30,324 - INFO - Oy baþarýyla gönderildi.
2025-01-18 00:15:31,589 - INFO - Tarayýcý kapatýldý.
2025-01-18 00:15:31,681 - INFO - Oy baþarýyla gönderildi.
2025-01-18 00:15:32,414 - INFO - Tarayýcý kapatýldý.
2025-01-18 00:15:33,784 - INFO - Tarayýcý kapatýldý.
2025-01-18 00:16:19,564 - INFO - Oy baþarýyla gönderildi.
2025-01-18 00:16:21,661 - INFO - Tarayýcý kapatýldý.
2025-01-18 00:16:37,743 - INFO - Oy baþarýyla gönderildi.
2025-01-18 00:16:39,816 - INFO - Tarayýcý kapatýldý.
2025-01-18 00:16:42,725 - INFO - Oy baþarýyla gönderildi.
2025-01-18 00:16:44,805 - INFO - Tarayýcý kapatýldý.
2025-01-18 00:16:45,624 - INFO - Oy baþarýyla gönderildi.
2025-01-18 00:16:47,710 - INFO - Tarayýcý kapatýldý.
2025-01-18 00:17:24,054 - INFO - Oy baþarýyla gönderildi.
2025-01-18 00:17:26,186 - INFO - Tarayýcý kapatýldý.
2025-01-18 00:17:34,690 - INFO - Oy baþarýyla gönderildi.
2025-01-18 00:17:36,783 - INFO - Tarayýcý kapatýldý.
2025-01-18 00:17:57,060 - INFO - Oy baþarýyla gönderildi.
2025-01-18 00:17:59,184 - INFO - Tarayýcý kapatýldý.
2025-01-18 00:18:07,816 - INFO - Oy baþarýyla gönderildi.
2025-01-18 00:18:09,924 - INFO - Tarayýcý kapatýldý.
2025-01-18 00:18:14,272 - INFO - Oy baþarýyla gönderildi.
2025-01-18 00:18:16,366 - INFO - Tarayýcý kapatýldý.
2025-01-18 00:18:24,848 - INFO - Oy baþarýyla gönderildi.
2025-01-18 00:18:26,926 - INFO - Tarayýcý kapatýldý.
2025-01-18 00:18:38,391 - INFO - Oy baþarýyla gönderildi.
2025-01-18 00:18:40,485 - INFO - Tarayýcý kapatýldý.
2025-01-18 00:18:49,061 - INFO - Oy baþarýyla gönderildi.
2025-01-18 00:18:51,153 - INFO - Tarayýcý kapatýldý.
2025-01-18 00:18:57,452 - INFO - Oy baþarýyla gönderildi.
2025-01-18 00:18:59,538 - INFO - Tarayýcý kapatýldý.
2025-01-18 00:19:24,115 - INFO - Oy baþarýyla gönderildi.
2025-01-18 00:19:26,229 - INFO - Tarayýcý kapatýldý.
2025-01-18 00:19:35,817 - INFO - Oy baþarýyla gönderildi.
2025-01-18 00:19:37,920 - INFO - Tarayýcý kapatýldý.
2025-01-18 00:19:48,472 - INFO - Oy baþarýyla gönderildi.
2025-01-18 00:19:50,586 - INFO - Tarayýcý kapatýldý.
2025-01-18 00:20:05,547 - INFO - Oy baþarýyla gönderildi.
2025-01-18 00:20:07,667 - INFO - Tarayýcý kapatýldý.
2025-01-18 00:20:41,783 - INFO - Oy baþarýyla gönderildi.
2025-01-18 00:20:43,880 - INFO - Tarayýcý kapatýldý.
2025-01-18 00:20:50,012 - INFO - Oy baþarýyla gönderildi.
2025-01-18 00:20:52,123 - INFO - Tarayýcý kapatýldý.
2025-01-18 00:20:52,222 - INFO - Oy baþarýyla gönderildi.
2025-01-18 00:20:54,316 - INFO - Tarayýcý kapatýldý.
2025-01-18 00:21:07,499 - INFO - Oy baþarýyla gönderildi.
2025-01-18 00:21:09,581 - INFO - Tarayýcý kapatýldý.
2025-01-18 00:21:29,641 - INFO - Oy baþarýyla gönderildi.
2025-01-18 00:21:31,720 - INFO - Tarayýcý kapatýldý.
2025-01-18 00:21:48,924 - INFO - Oy baþarýyla gönderildi.
2025-01-18 00:21:51,021 - INFO - Tarayýcý kapatýldý.
2025-01-18 00:21:59,525 - INFO - Oy baþarýyla gönderildi.
2025-01-18 00:22:01,618 - INFO - Tarayýcý kapatýldý.
2025-01-18 00:22:06,789 - INFO - Oy baþarýyla gönderildi.
2025-01-18 00:22:08,894 - INFO - Tarayýcý kapatýldý.
2025-01-18 00:22:33,023 - INFO - Oy baþarýyla gönderildi.
2025-01-18 00:22:35,121 - INFO - Tarayýcý kapatýldý.
2025-01-18 00:22:53,277 - INFO - Oy baþarýyla gönderildi.
2025-01-18 00:22:55,367 - INFO - Tarayýcý kapatýldý.
2025-01-18 00:23:00,516 - INFO - Oy baþarýyla gönderildi.
2025-01-18 00:23:02,603 - INFO - Tarayýcý kapatýldý.
2025-01-18 00:23:13,540 - INFO - Oy baþarýyla gönderildi.
2025-01-18 00:23:15,634 - INFO - Tarayýcý kapatýldý.
2025-01-18 00:23:22,725 - INFO - Oy baþarýyla gönderildi.
2025-01-18 00:23:24,835 - INFO - Tarayýcý kapatýldý.
2025-01-18 00:23:39,203 - INFO - Oy baþarýyla gönderildi.
2025-01-18 00:23:41,306 - INFO - Tarayýcý kapatýldý.
2025-01-18 00:24:02,587 - INFO - Oy baþarýyla gönderildi.
2025-01-18 00:24:02,686 - INFO - Oy baþarýyla gönderildi.
2025-01-18 00:24:04,683 - INFO - Tarayýcý kapatýldý.
2025-01-18 00:24:04,774 - INFO - Tarayýcý kapatýldý.
2025-01-18 00:24:11,618 - INFO - Oy baþarýyla gönderildi.
2025-01-18 00:24:13,701 - INFO - Tarayýcý kapatýldý.
2025-01-18 00:24:20,954 - INFO - Oy baþarýyla gönderildi.
2025-01-18 00:24:23,037 - INFO - Tarayýcý kapatýldý.
2025-01-18 00:24:31,807 - INFO - Oy baþarýyla gönderildi.
2025-01-18 00:24:33,917 - INFO - Tarayýcý kapatýldý.
2025-01-18 00:25:23,268 - INFO - Oy baþarýyla gönderildi.
2025-01-18 00:25:25,367 - INFO - Tarayýcý kapatýldý.
2025-01-18 00:25:25,367 - INFO - Oy baþarýyla gönderildi.
2025-01-18 00:25:27,455 - INFO - Tarayýcý kapatýldý.
2025-01-18 00:25:39,232 - INFO - Oy baþarýyla gönderildi.
2025-01-18 00:25:41,345 - INFO - Tarayýcý kapatýldý.
2025-01-18 00:25:54,697 - INFO - Oy baþarýyla gönderildi.
2025-01-18 00:25:56,814 - INFO - Tarayýcý kapatýldý.
2025-01-18 00:26:08,741 - INFO - Hata: HTTPConnectionPool(host='localhost', port=57178): Read timed out. (read timeout=120)
2025-01-18 00:26:26,088 - INFO - Hata: Message: 
Stacktrace:
	GetHandleVerifier [0x00007FF7FA2EFB05+28789]
	(No symbol) [0x00007FF7FA2586E0]
	(No symbol) [0x00007FF7FA0F592A]
	(No symbol) [0x00007FF7FA14930E]
	(No symbol) [0x00007FF7FA1495FC]
	(No symbol) [0x00007FF7FA1928A7]
	(No symbol) [0x00007FF7FA16F47F]
	(No symbol) [0x00007FF7FA18F654]
	(No symbol) [0x00007FF7FA16F1E3]
	(No symbol) [0x00007FF7FA13A938]
	(No symbol) [0x00007FF7FA13BAA1]
	GetHandleVerifier [0x00007FF7FA62933D+3410093]
	GetHandleVerifier [0x00007FF7FA63E7DD+3497293]
	GetHandleVerifier [0x00007FF7FA632A73+3448803]
	GetHandleVerifier [0x00007FF7FA3B7BBB+848171]
	(No symbol) [0x00007FF7FA263C3F]
	(No symbol) [0x00007FF7FA25F6E4]
	(No symbol) [0x00007FF7FA25F87D]
	(No symbol) [0x00007FF7FA24ED49]
	BaseThreadInitThunk [0x00007FF9AC94259D+29]
	RtlUserThreadStart [0x00007FF9AEACAF38+40]

2025-01-18 00:26:28,233 - INFO - Tarayýcý kapatýldý.
2025-01-18 00:26:29,141 - INFO - Oy baþarýyla gönderildi.
2025-01-18 00:26:31,253 - INFO - Tarayýcý kapatýldý.
2025-01-18 00:26:32,462 - INFO - Oy baþarýyla gönderildi.
2025-01-18 00:26:34,554 - INFO - Tarayýcý kapatýldý.
2025-01-18 00:26:34,927 - INFO - Oy baþarýyla gönderildi.
2025-01-18 00:26:37,118 - INFO - Tarayýcý kapatýldý.
2025-01-18 00:26:42,112 - INFO - Tarayýcý kapatýldý.
2025-01-18 00:27:32,892 - INFO - Oy baþarýyla gönderildi.
2025-01-18 00:27:34,977 - INFO - Tarayýcý kapatýldý.
2025-01-18 00:27:36,630 - INFO - Oy baþarýyla gönderildi.
2025-01-18 00:27:38,738 - INFO - Tarayýcý kapatýldý.
2025-01-18 00:27:42,493 - INFO - Oy baþarýyla gönderildi.
2025-01-18 00:27:44,662 - INFO - Tarayýcý kapatýldý.
2025-01-18 00:27:48,344 - INFO - Oy baþarýyla gönderildi.
2025-01-18 00:27:49,616 - INFO - Hata: Message: 
Stacktrace:
	GetHandleVerifier [0x00007FF7FA2EFB05+28789]
	(No symbol) [0x00007FF7FA2586E0]
	(No symbol) [0x00007FF7FA0F592A]
	(No symbol) [0x00007FF7FA14930E]
	(No symbol) [0x00007FF7FA1495FC]
	(No symbol) [0x00007FF7FA1928A7]
	(No symbol) [0x00007FF7FA16F47F]
	(No symbol) [0x00007FF7FA18F654]
	(No symbol) [0x00007FF7FA16F1E3]
	(No symbol) [0x00007FF7FA13A938]
	(No symbol) [0x00007FF7FA13BAA1]
	GetHandleVerifier [0x00007FF7FA62933D+3410093]
	GetHandleVerifier [0x00007FF7FA63E7DD+3497293]
	GetHandleVerifier [0x00007FF7FA632A73+3448803]
	GetHandleVerifier [0x00007FF7FA3B7BBB+848171]
	(No symbol) [0x00007FF7FA263C3F]
	(No symbol) [0x00007FF7FA25F6E4]
	(No symbol) [0x00007FF7FA25F87D]
	(No symbol) [0x00007FF7FA24ED49]
	BaseThreadInitThunk [0x00007FF9AC94259D+29]
	RtlUserThreadStart [0x00007FF9AEACAF38+40]

2025-01-18 00:27:50,528 - INFO - Tarayýcý kapatýldý.
2025-01-18 00:27:51,706 - INFO - Tarayýcý kapatýldý.
2025-01-18 00:29:04,812 - INFO - Oy baþarýyla gönderildi.
2025-01-18 00:29:05,544 - INFO - Oy baþarýyla gönderildi.
2025-01-18 00:29:06,917 - INFO - Tarayýcý kapatýldý.
2025-01-18 00:29:07,663 - INFO - Tarayýcý kapatýldý.
2025-01-18 00:29:13,762 - INFO - Oy baþarýyla gönderildi.
2025-01-18 00:29:14,009 - INFO - Oy baþarýyla gönderildi.
2025-01-18 00:29:15,870 - INFO - Tarayýcý kapatýldý.
2025-01-18 00:29:16,120 - INFO - Tarayýcý kapatýldý.
2025-01-18 00:29:39,047 - INFO - Hata: HTTPConnectionPool(host='localhost', port=58248): Read timed out. (read timeout=120)
2025-01-18 00:29:43,372 - INFO - Tarayýcý kapatýldý.
2025-01-18 00:30:24,878 - INFO - Oy baþarýyla gönderildi.
2025-01-18 00:30:26,970 - INFO - Tarayýcý kapatýldý.
2025-01-18 00:30:28,561 - INFO - Oy baþarýyla gönderildi.
2025-01-18 00:30:30,128 - INFO - Oy baþarýyla gönderildi.
2025-01-18 00:30:30,663 - INFO - Tarayýcý kapatýldý.
2025-01-18 00:30:31,489 - INFO - Oy baþarýyla gönderildi.
2025-01-18 00:30:32,235 - INFO - Tarayýcý kapatýldý.
2025-01-18 00:30:33,587 - INFO - Tarayýcý kapatýldý.
2025-01-18 00:31:10,894 - INFO - Oy baþarýyla gönderildi.
2025-01-18 00:31:11,733 - INFO - Hata: HTTPConnectionPool(host='localhost', port=58646): Read timed out. (read timeout=120)
2025-01-18 00:31:12,987 - INFO - Tarayýcý kapatýldý.
2025-01-18 00:31:18,053 - INFO - Oy baþarýyla gönderildi.
2025-01-18 00:31:19,138 - INFO - Oy baþarýyla gönderildi.
2025-01-18 00:31:20,142 - INFO - Tarayýcý kapatýldý.
2025-01-18 00:31:21,226 - INFO - Tarayýcý kapatýldý.
2025-01-18 00:31:24,771 - INFO - Oy baþarýyla gönderildi.
2025-01-18 00:31:26,860 - INFO - Tarayýcý kapatýldý.
2025-01-18 00:32:12,504 - INFO - Tarayýcý kapatýldý.
2025-01-18 00:32:14,734 - INFO - Oy baþarýyla gönderildi.
2025-01-18 00:32:16,184 - INFO - Oy baþarýyla gönderildi.
2025-01-18 00:32:16,829 - INFO - Tarayýcý kapatýldý.
2025-01-18 00:32:18,419 - INFO - Tarayýcý kapatýldý.
2025-01-18 00:32:24,686 - INFO - Oy baþarýyla gönderildi.
2025-01-18 00:32:26,788 - INFO - Tarayýcý kapatýldý.
2025-01-18 00:32:43,813 - INFO - Hata: Message: 
Stacktrace:
	GetHandleVerifier [0x00007FF7FA2EFB05+28789]
	(No symbol) [0x00007FF7FA2586E0]
	(No symbol) [0x00007FF7FA0F592A]
	(No symbol) [0x00007FF7FA14930E]
	(No symbol) [0x00007FF7FA1495FC]
	(No symbol) [0x00007FF7FA1928A7]
	(No symbol) [0x00007FF7FA16F47F]
	(No symbol) [0x00007FF7FA18F654]
	(No symbol) [0x00007FF7FA16F1E3]
	(No symbol) [0x00007FF7FA13A938]
	(No symbol) [0x00007FF7FA13BAA1]
	GetHandleVerifier [0x00007FF7FA62933D+3410093]
	GetHandleVerifier [0x00007FF7FA63E7DD+3497293]
	GetHandleVerifier [0x00007FF7FA632A73+3448803]
	GetHandleVerifier [0x00007FF7FA3B7BBB+848171]
	(No symbol) [0x00007FF7FA263C3F]
	(No symbol) [0x00007FF7FA25F6E4]
	(No symbol) [0x00007FF7FA25F87D]
	(No symbol) [0x00007FF7FA24ED49]
	BaseThreadInitThunk [0x00007FF9AC94259D+29]
	RtlUserThreadStart [0x00007FF9AEACAF38+40]

2025-01-18 00:32:45,945 - INFO - Tarayýcý kapatýldý.
2025-01-18 00:33:34,528 - INFO - Oy baþarýyla gönderildi.
2025-01-18 00:33:36,643 - INFO - Tarayýcý kapatýldý.
2025-01-18 00:33:38,762 - INFO - Oy baþarýyla gönderildi.
2025-01-18 00:33:40,648 - INFO - Oy baþarýyla gönderildi.
2025-01-18 00:33:40,896 - INFO - Tarayýcý kapatýldý.
2025-01-18 00:33:43,626 - INFO - Tarayýcý kapatýldý.
2025-01-18 00:33:52,298 - INFO - Oy baþarýyla gönderildi.
2025-01-18 00:33:53,143 - INFO - Oy baþarýyla gönderildi.
2025-01-18 00:34:01,508 - INFO - Tarayýcý kapatýldý.
2025-01-18 00:34:03,810 - INFO - Tarayýcý kapatýldý.
2025-01-18 00:35:22,218 - INFO - Oy baþarýyla gönderildi.
2025-01-18 00:35:25,379 - INFO - Tarayýcý kapatýldý.
2025-01-18 00:35:32,080 - INFO - Oy baþarýyla gönderildi.
2025-01-18 00:35:32,578 - INFO - Oy baþarýyla gönderildi.
2025-01-18 00:35:34,186 - INFO - Tarayýcý kapatýldý.
2025-01-18 00:35:34,680 - INFO - Tarayýcý kapatýldý.
2025-01-18 00:35:40,949 - INFO - Hata: HTTPConnectionPool(host='localhost', port=59965): Read timed out. (read timeout=120)
2025-01-18 00:35:46,126 - INFO - Hata: HTTPConnectionPool(host='localhost', port=59981): Read timed out. (read timeout=120)
2025-01-18 00:35:53,931 - INFO - Tarayýcý kapatýldý.
2025-01-18 00:36:02,840 - INFO - Status: Stopping...
2025-01-18 00:36:04,686 - INFO - Tarayýcý kapatýldý.
