2025-03-25 12:54:08,332 - INFO - Status: Çalýþýyor
2025-03-25 12:54:12,454 - INFO - Hata: Message: session not created: This version of ChromeDriver only supports Chrome version 131
Current browser version is 134.0.6998.118 with binary path C:\Program Files\Google\Chrome\Application\chrome.exe
Stacktrace:
	GetHandleVerifier [0x00007FF76633FB05+28789]
	(No symbol) [0x00007FF7662A86E0]
	(No symbol) [0x00007FF76614592A]
	(No symbol) [0x00007FF766187682]
	(No symbol) [0x00007FF7661866EB]
	(No symbol) [0x00007FF766180A07]
	(No symbol) [0x00007FF76617BC59]
	(No symbol) [0x00007FF7661CA77C]
	(No symbol) [0x00007FF7661C9D60]
	(No symbol) [0x00007FF7661BF1E3]
	(No symbol) [0x00007FF76618A938]
	(No symbol) [0x00007FF76618BAA1]
	GetHandleVerifier [0x00007FF76667933D+3410093]
	GetHandleVerifier [0x00007FF76668E7DD+3497293]
	GetHandleVerifier [0x00007FF766682A73+3448803]
	GetHandleVerifier [0x00007FF766407BBB+848171]
	(No symbol) [0x00007FF7662B3C3F]
	(No symbol) [0x00007FF7662AF6E4]
	(No symbol) [0x00007FF7662AF87D]
	(No symbol) [0x00007FF76629ED49]
	BaseThreadInitThunk [0x00007FFABEA3259D+29]
	RtlUserThreadStart [0x00007FFABFC2AF38+40]

2025-03-25 12:54:12,454 - INFO - Hata: Message: session not created: This version of ChromeDriver only supports Chrome version 131
Current browser version is 134.0.6998.118 with binary path C:\Program Files\Google\Chrome\Application\chrome.exe
Stacktrace:
	GetHandleVerifier [0x00007FF76633FB05+28789]
	(No symbol) [0x00007FF7662A86E0]
	(No symbol) [0x00007FF76614592A]
	(No symbol) [0x00007FF766187682]
	(No symbol) [0x00007FF7661866EB]
	(No symbol) [0x00007FF766180A07]
	(No symbol) [0x00007FF76617BC59]
	(No symbol) [0x00007FF7661CA77C]
	(No symbol) [0x00007FF7661C9D60]
	(No symbol) [0x00007FF7661BF1E3]
	(No symbol) [0x00007FF76618A938]
	(No symbol) [0x00007FF76618BAA1]
	GetHandleVerifier [0x00007FF76667933D+3410093]
	GetHandleVerifier [0x00007FF76668E7DD+3497293]
	GetHandleVerifier [0x00007FF766682A73+3448803]
	GetHandleVerifier [0x00007FF766407BBB+848171]
	(No symbol) [0x00007FF7662B3C3F]
	(No symbol) [0x00007FF7662AF6E4]
	(No symbol) [0x00007FF7662AF87D]
	(No symbol) [0x00007FF76629ED49]
	BaseThreadInitThunk [0x00007FFABEA3259D+29]
	RtlUserThreadStart [0x00007FFABFC2AF38+40]

2025-03-25 12:54:12,454 - INFO - Hata: Message: session not created: This version of ChromeDriver only supports Chrome version 131
Current browser version is 134.0.6998.118 with binary path C:\Program Files\Google\Chrome\Application\chrome.exe
Stacktrace:
	GetHandleVerifier [0x00007FF76633FB05+28789]
	(No symbol) [0x00007FF7662A86E0]
	(No symbol) [0x00007FF76614592A]
	(No symbol) [0x00007FF766187682]
	(No symbol) [0x00007FF7661866EB]
	(No symbol) [0x00007FF766180A07]
	(No symbol) [0x00007FF76617BC59]
	(No symbol) [0x00007FF7661CA77C]
	(No symbol) [0x00007FF7661C9D60]
	(No symbol) [0x00007FF7661BF1E3]
	(No symbol) [0x00007FF76618A938]
	(No symbol) [0x00007FF76618BAA1]
	GetHandleVerifier [0x00007FF76667933D+3410093]
	GetHandleVerifier [0x00007FF76668E7DD+3497293]
	GetHandleVerifier [0x00007FF766682A73+3448803]
	GetHandleVerifier [0x00007FF766407BBB+848171]
	(No symbol) [0x00007FF7662B3C3F]
	(No symbol) [0x00007FF7662AF6E4]
	(No symbol) [0x00007FF7662AF87D]
	(No symbol) [0x00007FF76629ED49]
	BaseThreadInitThunk [0x00007FFABEA3259D+29]
	RtlUserThreadStart [0x00007FFABFC2AF38+40]

2025-03-25 12:54:12,454 - INFO - Hata: Message: session not created: This version of ChromeDriver only supports Chrome version 131
Current browser version is 134.0.6998.118 with binary path C:\Program Files\Google\Chrome\Application\chrome.exe
Stacktrace:
	GetHandleVerifier [0x00007FF76633FB05+28789]
	(No symbol) [0x00007FF7662A86E0]
	(No symbol) [0x00007FF76614592A]
	(No symbol) [0x00007FF766187682]
	(No symbol) [0x00007FF7661866EB]
	(No symbol) [0x00007FF766180A07]
	(No symbol) [0x00007FF76617BC59]
	(No symbol) [0x00007FF7661CA77C]
	(No symbol) [0x00007FF7661C9D60]
	(No symbol) [0x00007FF7661BF1E3]
	(No symbol) [0x00007FF76618A938]
	(No symbol) [0x00007FF76618BAA1]
	GetHandleVerifier [0x00007FF76667933D+3410093]
	GetHandleVerifier [0x00007FF76668E7DD+3497293]
	GetHandleVerifier [0x00007FF766682A73+3448803]
	GetHandleVerifier [0x00007FF766407BBB+848171]
	(No symbol) [0x00007FF7662B3C3F]
	(No symbol) [0x00007FF7662AF6E4]
	(No symbol) [0x00007FF7662AF87D]
	(No symbol) [0x00007FF76629ED49]
	BaseThreadInitThunk [0x00007FFABEA3259D+29]
	RtlUserThreadStart [0x00007FFABFC2AF38+40]

2025-03-25 12:54:12,454 - INFO - Hata: Message: session not created: This version of ChromeDriver only supports Chrome version 131
Current browser version is 134.0.6998.118 with binary path C:\Program Files\Google\Chrome\Application\chrome.exe
Stacktrace:
	GetHandleVerifier [0x00007FF76633FB05+28789]
	(No symbol) [0x00007FF7662A86E0]
	(No symbol) [0x00007FF76614592A]
	(No symbol) [0x00007FF766187682]
	(No symbol) [0x00007FF7661866EB]
	(No symbol) [0x00007FF766180A07]
	(No symbol) [0x00007FF76617BC59]
	(No symbol) [0x00007FF7661CA77C]
	(No symbol) [0x00007FF7661C9D60]
	(No symbol) [0x00007FF7661BF1E3]
	(No symbol) [0x00007FF76618A938]
	(No symbol) [0x00007FF76618BAA1]
	GetHandleVerifier [0x00007FF76667933D+3410093]
	GetHandleVerifier [0x00007FF76668E7DD+3497293]
	GetHandleVerifier [0x00007FF766682A73+3448803]
	GetHandleVerifier [0x00007FF766407BBB+848171]
	(No symbol) [0x00007FF7662B3C3F]
	(No symbol) [0x00007FF7662AF6E4]
	(No symbol) [0x00007FF7662AF87D]
	(No symbol) [0x00007FF76629ED49]
	BaseThreadInitThunk [0x00007FFABEA3259D+29]
	RtlUserThreadStart [0x00007FFABFC2AF38+40]

2025-03-25 12:54:13,319 - INFO - Status: Stopping...
