2025-01-24 23:26:37,264 - INFO - Status: Çalýþýyor
2025-01-24 23:27:22,003 - INFO - Oy baþarýyla gönderildi.
2025-01-24 23:27:24,122 - INFO - Tarayýcý kapatýldý.
2025-01-24 23:27:28,534 - INFO - Oy baþarýyla gönderildi.
2025-01-24 23:27:29,482 - INFO - Oy baþarýyla gönderildi.
2025-01-24 23:27:30,636 - INFO - Tarayýcý kapatýldý.
2025-01-24 23:27:31,585 - INFO - Tarayýcý kapatýldý.
2025-01-24 23:27:38,207 - INFO - Oy baþarýyla gönderildi.
2025-01-24 23:27:40,312 - INFO - Tarayýcý kapatýldý.
2025-01-24 23:27:41,779 - INFO - Oy baþarýyla gönderildi.
2025-01-24 23:27:43,878 - INFO - Tarayýcý kapatýldý.
2025-01-24 23:28:08,516 - INFO - Oy baþarýyla gönderildi.
2025-01-24 23:28:09,918 - INFO - Oy baþarýyla gönderildi.
2025-01-24 23:28:10,626 - INFO - Tarayýcý kapatýldý.
2025-01-24 23:28:12,021 - INFO - Tarayýcý kapatýldý.
2025-01-24 23:28:23,660 - INFO - Oy baþarýyla gönderildi.
2025-01-24 23:28:25,764 - INFO - Tarayýcý kapatýldý.
2025-01-24 23:28:27,611 - INFO - Oy baþarýyla gönderildi.
2025-01-24 23:28:29,723 - INFO - Tarayýcý kapatýldý.
2025-01-24 23:28:37,662 - INFO - Oy baþarýyla gönderildi.
2025-01-24 23:28:39,791 - INFO - Tarayýcý kapatýldý.
2025-01-24 23:29:10,821 - INFO - Oy baþarýyla gönderildi.
2025-01-24 23:29:12,994 - INFO - Tarayýcý kapatýldý.
2025-01-24 23:29:16,544 - INFO - Oy baþarýyla gönderildi.
2025-01-24 23:29:18,663 - INFO - Tarayýcý kapatýldý.
2025-01-24 23:29:31,035 - INFO - Oy baþarýyla gönderildi.
2025-01-24 23:29:31,296 - INFO - Oy baþarýyla gönderildi.
2025-01-24 23:29:31,604 - INFO - Oy baþarýyla gönderildi.
2025-01-24 23:29:33,207 - INFO - Tarayýcý kapatýldý.
2025-01-24 23:29:33,475 - INFO - Tarayýcý kapatýldý.
2025-01-24 23:29:33,755 - INFO - Tarayýcý kapatýldý.
2025-01-24 23:30:04,235 - INFO - Oy baþarýyla gönderildi.
2025-01-24 23:30:06,381 - INFO - Tarayýcý kapatýldý.
2025-01-24 23:30:14,385 - INFO - Oy baþarýyla gönderildi.
2025-01-24 23:30:16,501 - INFO - Tarayýcý kapatýldý.
2025-01-24 23:30:18,168 - INFO - Oy baþarýyla gönderildi.
2025-01-24 23:30:18,846 - INFO - Oy baþarýyla gönderildi.
2025-01-24 23:30:20,296 - INFO - Tarayýcý kapatýldý.
2025-01-24 23:30:20,982 - INFO - Tarayýcý kapatýldý.
2025-01-24 23:30:25,953 - INFO - Oy baþarýyla gönderildi.
2025-01-24 23:30:28,056 - INFO - Tarayýcý kapatýldý.
2025-01-24 23:30:40,037 - INFO - Oy baþarýyla gönderildi.
2025-01-24 23:30:42,170 - INFO - Tarayýcý kapatýldý.
2025-01-24 23:31:22,943 - INFO - Oy baþarýyla gönderildi.
2025-01-24 23:31:23,872 - INFO - Oy baþarýyla gönderildi.
2025-01-24 23:31:24,602 - INFO - Oy baþarýyla gönderildi.
2025-01-24 23:31:25,108 - INFO - Tarayýcý kapatýldý.
2025-01-24 23:31:25,995 - INFO - Tarayýcý kapatýldý.
2025-01-24 23:31:26,711 - INFO - Tarayýcý kapatýldý.
2025-01-24 23:31:27,083 - INFO - Oy baþarýyla gönderildi.
2025-01-24 23:31:29,224 - INFO - Tarayýcý kapatýldý.
2025-01-24 23:31:45,621 - INFO - Oy baþarýyla gönderildi.
2025-01-24 23:31:48,244 - INFO - Tarayýcý kapatýldý.
2025-01-24 23:32:26,807 - INFO - Oy baþarýyla gönderildi.
2025-01-24 23:32:28,124 - INFO - Oy baþarýyla gönderildi.
2025-01-24 23:32:29,726 - INFO - Tarayýcý kapatýldý.
2025-01-24 23:32:31,711 - INFO - Tarayýcý kapatýldý.
2025-01-24 23:32:32,067 - INFO - Oy baþarýyla gönderildi.
2025-01-24 23:32:32,411 - INFO - Oy baþarýyla gönderildi.
2025-01-24 23:32:34,461 - INFO - Tarayýcý kapatýldý.
2025-01-24 23:32:37,043 - INFO - Tarayýcý kapatýldý.
2025-01-24 23:32:39,603 - INFO - Oy baþarýyla gönderildi.
2025-01-24 23:32:45,315 - INFO - Tarayýcý kapatýldý.
2025-01-24 23:33:51,758 - INFO - Oy baþarýyla gönderildi.
2025-01-24 23:33:58,452 - INFO - Tarayýcý kapatýldý.
2025-01-24 23:34:01,194 - INFO - Oy baþarýyla gönderildi.
2025-01-24 23:34:01,372 - INFO - Oy baþarýyla gönderildi.
2025-01-24 23:34:05,044 - INFO - Oy baþarýyla gönderildi.
2025-01-24 23:34:06,032 - INFO - Oy baþarýyla gönderildi.
2025-01-24 23:34:06,881 - INFO - Tarayýcý kapatýldý.
2025-01-24 23:34:06,974 - INFO - Tarayýcý kapatýldý.
2025-01-24 23:34:12,676 - INFO - Tarayýcý kapatýldý.
2025-01-24 23:34:15,113 - INFO - Tarayýcý kapatýldý.
2025-01-24 23:35:33,236 - INFO - Oy baþarýyla gönderildi.
2025-01-24 23:35:34,278 - INFO - Oy baþarýyla gönderildi.
2025-01-24 23:35:35,596 - INFO - Tarayýcý kapatýldý.
2025-01-24 23:35:36,471 - INFO - Tarayýcý kapatýldý.
2025-01-24 23:35:39,636 - INFO - Oy baþarýyla gönderildi.
2025-01-24 23:35:42,516 - INFO - Tarayýcý kapatýldý.
2025-01-24 23:35:44,592 - INFO - Oy baþarýyla gönderildi.
2025-01-24 23:35:46,706 - INFO - Tarayýcý kapatýldý.
2025-01-24 23:35:56,861 - INFO - Hata: Message: 
Stacktrace:
	GetHandleVerifier [0x00007FF79593FB05+28789]
	(No symbol) [0x00007FF7958A86E0]
	(No symbol) [0x00007FF79574592A]
	(No symbol) [0x00007FF79579930E]
	(No symbol) [0x00007FF7957995FC]
	(No symbol) [0x00007FF7957E28A7]
	(No symbol) [0x00007FF7957BF47F]
	(No symbol) [0x00007FF7957DF654]
	(No symbol) [0x00007FF7957BF1E3]
	(No symbol) [0x00007FF79578A938]
	(No symbol) [0x00007FF79578BAA1]
	GetHandleVerifier [0x00007FF795C7933D+3410093]
	GetHandleVerifier [0x00007FF795C8E7DD+3497293]
	GetHandleVerifier [0x00007FF795C82A73+3448803]
	GetHandleVerifier [0x00007FF795A07BBB+848171]
	(No symbol) [0x00007FF7958B3C3F]
	(No symbol) [0x00007FF7958AF6E4]
	(No symbol) [0x00007FF7958AF87D]
	(No symbol) [0x00007FF79589ED49]
	BaseThreadInitThunk [0x00007FF9ED0C259D+29]
	RtlUserThreadStart [0x00007FF9EE9EAF38+40]

2025-01-24 23:35:58,996 - INFO - Tarayýcý kapatýldý.
2025-01-24 23:36:16,531 - INFO - Oy baþarýyla gönderildi.
2025-01-24 23:36:18,580 - INFO - Oy baþarýyla gönderildi.
2025-01-24 23:36:18,641 - INFO - Tarayýcý kapatýldý.
2025-01-24 23:36:20,674 - INFO - Tarayýcý kapatýldý.
2025-01-24 23:36:24,484 - INFO - Oy baþarýyla gönderildi.
2025-01-24 23:36:26,655 - INFO - Tarayýcý kapatýldý.
2025-01-24 23:36:42,553 - INFO - Oy baþarýyla gönderildi.
2025-01-24 23:36:44,662 - INFO - Tarayýcý kapatýldý.
2025-01-24 23:37:20,144 - INFO - Oy baþarýyla gönderildi.
2025-01-24 23:37:21,730 - INFO - Oy baþarýyla gönderildi.
2025-01-24 23:37:22,223 - INFO - Tarayýcý kapatýldý.
2025-01-24 23:37:23,825 - INFO - Tarayýcý kapatýldý.
2025-01-24 23:37:24,715 - INFO - Oy baþarýyla gönderildi.
2025-01-24 23:37:26,848 - INFO - Tarayýcý kapatýldý.
2025-01-24 23:37:44,312 - INFO - Hata: Message: 
Stacktrace:
	GetHandleVerifier [0x00007FF79593FB05+28789]
	(No symbol) [0x00007FF7958A86E0]
	(No symbol) [0x00007FF79574592A]
	(No symbol) [0x00007FF79579930E]
	(No symbol) [0x00007FF7957995FC]
	(No symbol) [0x00007FF7957E28A7]
	(No symbol) [0x00007FF7957BF47F]
	(No symbol) [0x00007FF7957DF654]
	(No symbol) [0x00007FF7957BF1E3]
	(No symbol) [0x00007FF79578A938]
	(No symbol) [0x00007FF79578BAA1]
	GetHandleVerifier [0x00007FF795C7933D+3410093]
	GetHandleVerifier [0x00007FF795C8E7DD+3497293]
	GetHandleVerifier [0x00007FF795C82A73+3448803]
	GetHandleVerifier [0x00007FF795A07BBB+848171]
	(No symbol) [0x00007FF7958B3C3F]
	(No symbol) [0x00007FF7958AF6E4]
	(No symbol) [0x00007FF7958AF87D]
	(No symbol) [0x00007FF79589ED49]
	BaseThreadInitThunk [0x00007FF9ED0C259D+29]
	RtlUserThreadStart [0x00007FF9EE9EAF38+40]

2025-01-24 23:37:46,424 - INFO - Tarayýcý kapatýldý.
2025-01-24 23:38:20,609 - INFO - Oy baþarýyla gönderildi.
2025-01-24 23:38:22,767 - INFO - Tarayýcý kapatýldý.
2025-01-24 23:38:29,488 - INFO - Oy baþarýyla gönderildi.
2025-01-24 23:38:30,638 - INFO - Oy baþarýyla gönderildi.
2025-01-24 23:38:31,603 - INFO - Tarayýcý kapatýldý.
2025-01-24 23:38:32,812 - INFO - Tarayýcý kapatýldý.
2025-01-24 23:38:56,505 - INFO - Status: Stopping...
2025-01-24 23:38:58,343 - INFO - Log cleared
2025-01-24 23:39:07,292 - INFO - Oy baþarýyla gönderildi.
2025-01-24 23:39:09,006 - INFO - Oy baþarýyla gönderildi.
2025-01-24 23:39:09,507 - INFO - Tarayýcý kapatýldý.
2025-01-24 23:39:11,135 - INFO - Tarayýcý kapatýldý.
2025-01-24 23:39:14,445 - INFO - Oy baþarýyla gönderildi.
2025-01-24 23:39:16,375 - INFO - Oy baþarýyla gönderildi.
2025-01-24 23:39:16,519 - INFO - Tarayýcý kapatýldý.
2025-01-24 23:39:18,480 - INFO - Tarayýcý kapatýldý.
2025-01-24 23:39:19,719 - INFO - Oy baþarýyla gönderildi.
2025-01-24 23:39:21,802 - INFO - Tarayýcý kapatýldý.
