2025-01-13 17:18:00,903 - INFO - Settings saved successfully
2025-01-13 17:18:01,537 - INFO - Status: Çalýþýyor
2025-01-13 17:18:39,842 - INFO - Oy baþarýyla gönderildi.
2025-01-13 17:18:40,469 - INFO - Oy baþarýyla gönderildi.
2025-01-13 17:18:41,080 - INFO - Oy baþarýyla gönderildi.
2025-01-13 17:18:41,933 - INFO - Tarayýcý kapatýldý.
2025-01-13 17:18:42,473 - INFO - Oy baþarýyla gönderildi.
2025-01-13 17:18:42,542 - INFO - Tarayýcý kapatýldý.
2025-01-13 17:18:43,181 - INFO - Tarayýcý kapatýldý.
2025-01-13 17:18:44,560 - INFO - Tarayýcý kapatýldý.
2025-01-13 17:18:46,159 - INFO - Hata: Message: 
Stacktrace:
	GetHandleVerifier [0x00007FF61AACFB05+28789]
	(No symbol) [0x00007FF61AA386E0]
	(No symbol) [0x00007FF61A8D592A]
	(No symbol) [0x00007FF61A92930E]
	(No symbol) [0x00007FF61A9295FC]
	(No symbol) [0x00007FF61A9728A7]
	(No symbol) [0x00007FF61A94F47F]
	(No symbol) [0x00007FF61A96F654]
	(No symbol) [0x00007FF61A94F1E3]
	(No symbol) [0x00007FF61A91A938]
	(No symbol) [0x00007FF61A91BAA1]
	GetHandleVerifier [0x00007FF61AE0933D+3410093]
	GetHandleVerifier [0x00007FF61AE1E7DD+3497293]
	GetHandleVerifier [0x00007FF61AE12A73+3448803]
	GetHandleVerifier [0x00007FF61AB97BBB+848171]
	(No symbol) [0x00007FF61AA43C3F]
	(No symbol) [0x00007FF61AA3F6E4]
	(No symbol) [0x00007FF61AA3F87D]
	(No symbol) [0x00007FF61AA2ED49]
	BaseThreadInitThunk [0x00007FF9EADE259D+29]
	RtlUserThreadStart [0x00007FF9EC9AAF38+40]

2025-01-13 17:18:48,251 - INFO - Tarayýcý kapatýldý.
2025-01-13 17:19:25,057 - INFO - Oy baþarýyla gönderildi.
2025-01-13 17:19:26,772 - INFO - Oy baþarýyla gönderildi.
2025-01-13 17:19:26,936 - INFO - Oy baþarýyla gönderildi.
2025-01-13 17:19:27,145 - INFO - Tarayýcý kapatýldý.
2025-01-13 17:19:27,299 - INFO - Oy baþarýyla gönderildi.
2025-01-13 17:19:28,332 - INFO - Oy baþarýyla gönderildi.
2025-01-13 17:19:28,873 - INFO - Tarayýcý kapatýldý.
2025-01-13 17:19:29,026 - INFO - Tarayýcý kapatýldý.
2025-01-13 17:19:29,381 - INFO - Tarayýcý kapatýldý.
2025-01-13 17:19:30,400 - INFO - Tarayýcý kapatýldý.
2025-01-13 17:20:02,477 - INFO - Oy baþarýyla gönderildi.
2025-01-13 17:20:04,577 - INFO - Tarayýcý kapatýldý.
2025-01-13 17:20:12,933 - INFO - Oy baþarýyla gönderildi.
2025-01-13 17:20:14,246 - INFO - Oy baþarýyla gönderildi.
2025-01-13 17:20:14,256 - INFO - Oy baþarýyla gönderildi.
2025-01-13 17:20:14,972 - INFO - Oy baþarýyla gönderildi.
2025-01-13 17:20:15,010 - INFO - Tarayýcý kapatýldý.
2025-01-13 17:20:16,334 - INFO - Tarayýcý kapatýldý.
2025-01-13 17:20:16,381 - INFO - Tarayýcý kapatýldý.
2025-01-13 17:20:17,050 - INFO - Tarayýcý kapatýldý.
2025-01-13 17:20:33,519 - INFO - Oy baþarýyla gönderildi.
2025-01-13 17:20:35,603 - INFO - Tarayýcý kapatýldý.
2025-01-13 17:20:52,223 - INFO - Oy baþarýyla gönderildi.
2025-01-13 17:20:54,322 - INFO - Tarayýcý kapatýldý.
2025-01-13 17:20:55,737 - INFO - Oy baþarýyla gönderildi.
2025-01-13 17:20:56,052 - INFO - Oy baþarýyla gönderildi.
2025-01-13 17:20:57,019 - INFO - Oy baþarýyla gönderildi.
2025-01-13 17:20:57,816 - INFO - Tarayýcý kapatýldý.
2025-01-13 17:20:58,124 - INFO - Tarayýcý kapatýldý.
2025-01-13 17:20:59,084 - INFO - Tarayýcý kapatýldý.
2025-01-13 17:21:06,077 - INFO - Oy baþarýyla gönderildi.
2025-01-13 17:21:08,182 - INFO - Tarayýcý kapatýldý.
2025-01-13 17:21:34,089 - INFO - Oy baþarýyla gönderildi.
2025-01-13 17:21:36,178 - INFO - Tarayýcý kapatýldý.
2025-01-13 17:21:39,735 - INFO - Status: Stopping...
2025-01-13 17:21:42,801 - INFO - Oy baþarýyla gönderildi.
2025-01-13 17:21:44,529 - INFO - Log cleared
2025-01-13 17:21:44,764 - INFO - Oy baþarýyla gönderildi.
2025-01-13 17:21:44,907 - INFO - Tarayýcý kapatýldý.
