2025-04-18 09:13:10,787 - INFO - Status: Çalýþýyor
2025-04-18 09:13:14,533 - INFO - Hata: Message: session not created: This version of ChromeDriver only supports Chrome version 131
Current browser version is 135.0.7049.96 with binary path C:\Program Files\Google\Chrome\Application\chrome.exe
Stacktrace:
	GetHandleVerifier [0x00007FF65263FB05+28789]
	(No symbol) [0x00007FF6525A86E0]
	(No symbol) [0x00007FF65244592A]
	(No symbol) [0x00007FF652487682]
	(No symbol) [0x00007FF6524866EB]
	(No symbol) [0x00007FF652480A07]
	(No symbol) [0x00007FF65247BC59]
	(No symbol) [0x00007FF6524CA77C]
	(No symbol) [0x00007FF6524C9D60]
	(No symbol) [0x00007FF6524BF1E3]
	(No symbol) [0x00007FF65248A938]
	(No symbol) [0x00007FF65248BAA1]
	GetHandleVerifier [0x00007FF65297933D+3410093]
	GetHandleVerifier [0x00007FF65298E7DD+3497293]
	GetHandleVerifier [0x00007FF652982A73+3448803]
	GetHandleVerifier [0x00007FF652707BBB+848171]
	(No symbol) [0x00007FF6525B3C3F]
	(No symbol) [0x00007FF6525AF6E4]
	(No symbol) [0x00007FF6525AF87D]
	(No symbol) [0x00007FF65259ED49]
	BaseThreadInitThunk [0x00007FFE02C8259D+29]
	RtlUserThreadStart [0x00007FFE038AAF38+40]

2025-04-18 09:13:14,533 - INFO - Hata: Message: session not created: This version of ChromeDriver only supports Chrome version 131
Current browser version is 135.0.7049.96 with binary path C:\Program Files\Google\Chrome\Application\chrome.exe
Stacktrace:
	GetHandleVerifier [0x00007FF65263FB05+28789]
	(No symbol) [0x00007FF6525A86E0]
	(No symbol) [0x00007FF65244592A]
	(No symbol) [0x00007FF652487682]
	(No symbol) [0x00007FF6524866EB]
	(No symbol) [0x00007FF652480A07]
	(No symbol) [0x00007FF65247BC59]
	(No symbol) [0x00007FF6524CA77C]
	(No symbol) [0x00007FF6524C9D60]
	(No symbol) [0x00007FF6524BF1E3]
	(No symbol) [0x00007FF65248A938]
	(No symbol) [0x00007FF65248BAA1]
	GetHandleVerifier [0x00007FF65297933D+3410093]
	GetHandleVerifier [0x00007FF65298E7DD+3497293]
	GetHandleVerifier [0x00007FF652982A73+3448803]
	GetHandleVerifier [0x00007FF652707BBB+848171]
	(No symbol) [0x00007FF6525B3C3F]
	(No symbol) [0x00007FF6525AF6E4]
	(No symbol) [0x00007FF6525AF87D]
	(No symbol) [0x00007FF65259ED49]
	BaseThreadInitThunk [0x00007FFE02C8259D+29]
	RtlUserThreadStart [0x00007FFE038AAF38+40]

2025-04-18 09:13:14,533 - INFO - Hata: Message: session not created: This version of ChromeDriver only supports Chrome version 131
Current browser version is 135.0.7049.96 with binary path C:\Program Files\Google\Chrome\Application\chrome.exe
Stacktrace:
	GetHandleVerifier [0x00007FF65263FB05+28789]
	(No symbol) [0x00007FF6525A86E0]
	(No symbol) [0x00007FF65244592A]
	(No symbol) [0x00007FF652487682]
	(No symbol) [0x00007FF6524866EB]
	(No symbol) [0x00007FF652480A07]
	(No symbol) [0x00007FF65247BC59]
	(No symbol) [0x00007FF6524CA77C]
	(No symbol) [0x00007FF6524C9D60]
	(No symbol) [0x00007FF6524BF1E3]
	(No symbol) [0x00007FF65248A938]
	(No symbol) [0x00007FF65248BAA1]
	GetHandleVerifier [0x00007FF65297933D+3410093]
	GetHandleVerifier [0x00007FF65298E7DD+3497293]
	GetHandleVerifier [0x00007FF652982A73+3448803]
	GetHandleVerifier [0x00007FF652707BBB+848171]
	(No symbol) [0x00007FF6525B3C3F]
	(No symbol) [0x00007FF6525AF6E4]
	(No symbol) [0x00007FF6525AF87D]
	(No symbol) [0x00007FF65259ED49]
	BaseThreadInitThunk [0x00007FFE02C8259D+29]
	RtlUserThreadStart [0x00007FFE038AAF38+40]

2025-04-18 09:13:14,533 - INFO - Hata: Message: session not created: This version of ChromeDriver only supports Chrome version 131
Current browser version is 135.0.7049.96 with binary path C:\Program Files\Google\Chrome\Application\chrome.exe
Stacktrace:
	GetHandleVerifier [0x00007FF65263FB05+28789]
	(No symbol) [0x00007FF6525A86E0]
	(No symbol) [0x00007FF65244592A]
	(No symbol) [0x00007FF652487682]
	(No symbol) [0x00007FF6524866EB]
	(No symbol) [0x00007FF652480A07]
	(No symbol) [0x00007FF65247BC59]
	(No symbol) [0x00007FF6524CA77C]
	(No symbol) [0x00007FF6524C9D60]
	(No symbol) [0x00007FF6524BF1E3]
	(No symbol) [0x00007FF65248A938]
	(No symbol) [0x00007FF65248BAA1]
	GetHandleVerifier [0x00007FF65297933D+3410093]
	GetHandleVerifier [0x00007FF65298E7DD+3497293]
	GetHandleVerifier [0x00007FF652982A73+3448803]
	GetHandleVerifier [0x00007FF652707BBB+848171]
	(No symbol) [0x00007FF6525B3C3F]
	(No symbol) [0x00007FF6525AF6E4]
	(No symbol) [0x00007FF6525AF87D]
	(No symbol) [0x00007FF65259ED49]
	BaseThreadInitThunk [0x00007FFE02C8259D+29]
	RtlUserThreadStart [0x00007FFE038AAF38+40]

2025-04-18 09:13:14,533 - INFO - Hata: Message: session not created: This version of ChromeDriver only supports Chrome version 131
Current browser version is 135.0.7049.96 with binary path C:\Program Files\Google\Chrome\Application\chrome.exe
Stacktrace:
	GetHandleVerifier [0x00007FF65263FB05+28789]
	(No symbol) [0x00007FF6525A86E0]
	(No symbol) [0x00007FF65244592A]
	(No symbol) [0x00007FF652487682]
	(No symbol) [0x00007FF6524866EB]
	(No symbol) [0x00007FF652480A07]
	(No symbol) [0x00007FF65247BC59]
	(No symbol) [0x00007FF6524CA77C]
	(No symbol) [0x00007FF6524C9D60]
	(No symbol) [0x00007FF6524BF1E3]
	(No symbol) [0x00007FF65248A938]
	(No symbol) [0x00007FF65248BAA1]
	GetHandleVerifier [0x00007FF65297933D+3410093]
	GetHandleVerifier [0x00007FF65298E7DD+3497293]
	GetHandleVerifier [0x00007FF652982A73+3448803]
	GetHandleVerifier [0x00007FF652707BBB+848171]
	(No symbol) [0x00007FF6525B3C3F]
	(No symbol) [0x00007FF6525AF6E4]
	(No symbol) [0x00007FF6525AF87D]
	(No symbol) [0x00007FF65259ED49]
	BaseThreadInitThunk [0x00007FFE02C8259D+29]
	RtlUserThreadStart [0x00007FFE038AAF38+40]

2025-04-18 09:13:25,382 - INFO - Hata: Message: session not created: This version of ChromeDriver only supports Chrome version 131
Current browser version is 135.0.7049.96 with binary path C:\Program Files\Google\Chrome\Application\chrome.exe
Stacktrace:
	GetHandleVerifier [0x00007FF65263FB05+28789]
	(No symbol) [0x00007FF6525A86E0]
	(No symbol) [0x00007FF65244592A]
	(No symbol) [0x00007FF652487682]
	(No symbol) [0x00007FF6524866EB]
	(No symbol) [0x00007FF652480A07]
	(No symbol) [0x00007FF65247BC59]
	(No symbol) [0x00007FF6524CA77C]
	(No symbol) [0x00007FF6524C9D60]
	(No symbol) [0x00007FF6524BF1E3]
	(No symbol) [0x00007FF65248A938]
	(No symbol) [0x00007FF65248BAA1]
	GetHandleVerifier [0x00007FF65297933D+3410093]
	GetHandleVerifier [0x00007FF65298E7DD+3497293]
	GetHandleVerifier [0x00007FF652982A73+3448803]
	GetHandleVerifier [0x00007FF652707BBB+848171]
	(No symbol) [0x00007FF6525B3C3F]
	(No symbol) [0x00007FF6525AF6E4]
	(No symbol) [0x00007FF6525AF87D]
	(No symbol) [0x00007FF65259ED49]
	BaseThreadInitThunk [0x00007FFE02C8259D+29]
	RtlUserThreadStart [0x00007FFE038AAF38+40]

2025-04-18 09:13:25,389 - INFO - Hata: Message: session not created: This version of ChromeDriver only supports Chrome version 131
Current browser version is 135.0.7049.96 with binary path C:\Program Files\Google\Chrome\Application\chrome.exe
Stacktrace:
	GetHandleVerifier [0x00007FF65263FB05+28789]
	(No symbol) [0x00007FF6525A86E0]
	(No symbol) [0x00007FF65244592A]
	(No symbol) [0x00007FF652487682]
	(No symbol) [0x00007FF6524866EB]
	(No symbol) [0x00007FF652480A07]
	(No symbol) [0x00007FF65247BC59]
	(No symbol) [0x00007FF6524CA77C]
	(No symbol) [0x00007FF6524C9D60]
	(No symbol) [0x00007FF6524BF1E3]
	(No symbol) [0x00007FF65248A938]
	(No symbol) [0x00007FF65248BAA1]
	GetHandleVerifier [0x00007FF65297933D+3410093]
	GetHandleVerifier [0x00007FF65298E7DD+3497293]
	GetHandleVerifier [0x00007FF652982A73+3448803]
	GetHandleVerifier [0x00007FF652707BBB+848171]
	(No symbol) [0x00007FF6525B3C3F]
	(No symbol) [0x00007FF6525AF6E4]
	(No symbol) [0x00007FF6525AF87D]
	(No symbol) [0x00007FF65259ED49]
	BaseThreadInitThunk [0x00007FFE02C8259D+29]
	RtlUserThreadStart [0x00007FFE038AAF38+40]

2025-04-18 09:13:25,399 - INFO - Hata: Message: session not created: This version of ChromeDriver only supports Chrome version 131
Current browser version is 135.0.7049.96 with binary path C:\Program Files\Google\Chrome\Application\chrome.exe
Stacktrace:
	GetHandleVerifier [0x00007FF65263FB05+28789]
	(No symbol) [0x00007FF6525A86E0]
	(No symbol) [0x00007FF65244592A]
	(No symbol) [0x00007FF652487682]
	(No symbol) [0x00007FF6524866EB]
	(No symbol) [0x00007FF652480A07]
	(No symbol) [0x00007FF65247BC59]
	(No symbol) [0x00007FF6524CA77C]
	(No symbol) [0x00007FF6524C9D60]
	(No symbol) [0x00007FF6524BF1E3]
	(No symbol) [0x00007FF65248A938]
	(No symbol) [0x00007FF65248BAA1]
	GetHandleVerifier [0x00007FF65297933D+3410093]
	GetHandleVerifier [0x00007FF65298E7DD+3497293]
	GetHandleVerifier [0x00007FF652982A73+3448803]
	GetHandleVerifier [0x00007FF652707BBB+848171]
	(No symbol) [0x00007FF6525B3C3F]
	(No symbol) [0x00007FF6525AF6E4]
	(No symbol) [0x00007FF6525AF87D]
	(No symbol) [0x00007FF65259ED49]
	BaseThreadInitThunk [0x00007FFE02C8259D+29]
	RtlUserThreadStart [0x00007FFE038AAF38+40]

2025-04-18 09:13:25,427 - INFO - Hata: Message: session not created: This version of ChromeDriver only supports Chrome version 131
Current browser version is 135.0.7049.96 with binary path C:\Program Files\Google\Chrome\Application\chrome.exe
Stacktrace:
	GetHandleVerifier [0x00007FF65263FB05+28789]
	(No symbol) [0x00007FF6525A86E0]
	(No symbol) [0x00007FF65244592A]
	(No symbol) [0x00007FF652487682]
	(No symbol) [0x00007FF6524866EB]
	(No symbol) [0x00007FF652480A07]
	(No symbol) [0x00007FF65247BC59]
	(No symbol) [0x00007FF6524CA77C]
	(No symbol) [0x00007FF6524C9D60]
	(No symbol) [0x00007FF6524BF1E3]
	(No symbol) [0x00007FF65248A938]
	(No symbol) [0x00007FF65248BAA1]
	GetHandleVerifier [0x00007FF65297933D+3410093]
	GetHandleVerifier [0x00007FF65298E7DD+3497293]
	GetHandleVerifier [0x00007FF652982A73+3448803]
	GetHandleVerifier [0x00007FF652707BBB+848171]
	(No symbol) [0x00007FF6525B3C3F]
	(No symbol) [0x00007FF6525AF6E4]
	(No symbol) [0x00007FF6525AF87D]
	(No symbol) [0x00007FF65259ED49]
	BaseThreadInitThunk [0x00007FFE02C8259D+29]
	RtlUserThreadStart [0x00007FFE038AAF38+40]

2025-04-18 09:13:25,445 - INFO - Hata: Message: session not created: This version of ChromeDriver only supports Chrome version 131
Current browser version is 135.0.7049.96 with binary path C:\Program Files\Google\Chrome\Application\chrome.exe
Stacktrace:
	GetHandleVerifier [0x00007FF65263FB05+28789]
	(No symbol) [0x00007FF6525A86E0]
	(No symbol) [0x00007FF65244592A]
	(No symbol) [0x00007FF652487682]
	(No symbol) [0x00007FF6524866EB]
	(No symbol) [0x00007FF652480A07]
	(No symbol) [0x00007FF65247BC59]
	(No symbol) [0x00007FF6524CA77C]
	(No symbol) [0x00007FF6524C9D60]
	(No symbol) [0x00007FF6524BF1E3]
	(No symbol) [0x00007FF65248A938]
	(No symbol) [0x00007FF65248BAA1]
	GetHandleVerifier [0x00007FF65297933D+3410093]
	GetHandleVerifier [0x00007FF65298E7DD+3497293]
	GetHandleVerifier [0x00007FF652982A73+3448803]
	GetHandleVerifier [0x00007FF652707BBB+848171]
	(No symbol) [0x00007FF6525B3C3F]
	(No symbol) [0x00007FF6525AF6E4]
	(No symbol) [0x00007FF6525AF87D]
	(No symbol) [0x00007FF65259ED49]
	BaseThreadInitThunk [0x00007FFE02C8259D+29]
	RtlUserThreadStart [0x00007FFE038AAF38+40]

2025-04-18 09:13:26,161 - INFO - Status: Stopping...
