2025-01-25 00:11:06,190 - INFO - Status: Çalýþýyor
2025-01-25 00:11:38,557 - INFO - Oy baþarýyla gönderildi.
2025-01-25 00:11:40,686 - INFO - Oy baþarýyla gönderildi.
2025-01-25 00:11:41,459 - INFO - Oy baþarýyla gönderildi.
2025-01-25 00:11:41,735 - INFO - Oy baþarýyla gönderildi.
2025-01-25 00:11:42,214 - INFO - Tarayýcý kapatýldý.
2025-01-25 00:11:42,991 - INFO - Tarayýcý kapatýldý.
2025-01-25 00:11:43,278 - INFO - Oy baþarýyla gönderildi.
2025-01-25 00:11:43,566 - INFO - Tarayýcý kapatýldý.
2025-01-25 00:11:43,816 - INFO - Tarayýcý kapatýldý.
2025-01-25 00:11:45,402 - INFO - Tarayýcý kapatýldý.
2025-01-25 00:12:17,738 - INFO - Oy baþarýyla gönderildi.
2025-01-25 00:12:19,835 - INFO - Tarayýcý kapatýldý.
2025-01-25 00:12:23,306 - INFO - Oy baþarýyla gönderildi.
2025-01-25 00:12:24,000 - INFO - Oy baþarýyla gönderildi.
2025-01-25 00:12:24,466 - INFO - Oy baþarýyla gönderildi.
2025-01-25 00:12:25,088 - INFO - Oy baþarýyla gönderildi.
2025-01-25 00:12:25,433 - INFO - Tarayýcý kapatýldý.
2025-01-25 00:12:26,086 - INFO - Tarayýcý kapatýldý.
2025-01-25 00:12:26,554 - INFO - Tarayýcý kapatýldý.
2025-01-25 00:12:27,175 - INFO - Tarayýcý kapatýldý.
2025-01-25 00:12:44,977 - INFO - Oy baþarýyla gönderildi.
2025-01-25 00:12:47,076 - INFO - Tarayýcý kapatýldý.
2025-01-25 00:12:54,474 - INFO - Oy baþarýyla gönderildi.
2025-01-25 00:12:55,809 - INFO - Oy baþarýyla gönderildi.
2025-01-25 00:12:56,565 - INFO - Tarayýcý kapatýldý.
2025-01-25 00:12:57,917 - INFO - Tarayýcý kapatýldý.
2025-01-25 00:13:00,925 - INFO - Oy baþarýyla gönderildi.
2025-01-25 00:13:01,147 - INFO - Oy baþarýyla gönderildi.
2025-01-25 00:13:03,227 - INFO - Tarayýcý kapatýldý.
2025-01-25 00:13:04,064 - INFO - Tarayýcý kapatýldý.
2025-01-25 00:13:10,762 - INFO - Oy baþarýyla gönderildi.
2025-01-25 00:13:12,857 - INFO - Tarayýcý kapatýldý.
2025-01-25 00:13:35,084 - INFO - Oy baþarýyla gönderildi.
2025-01-25 00:13:36,694 - INFO - Oy baþarýyla gönderildi.
2025-01-25 00:13:37,180 - INFO - Tarayýcý kapatýldý.
2025-01-25 00:13:37,305 - INFO - Oy baþarýyla gönderildi.
2025-01-25 00:13:38,813 - INFO - Tarayýcý kapatýldý.
2025-01-25 00:13:39,384 - INFO - Tarayýcý kapatýldý.
2025-01-25 00:13:41,557 - INFO - Oy baþarýyla gönderildi.
2025-01-25 00:13:42,980 - INFO - Oy baþarýyla gönderildi.
2025-01-25 00:13:43,661 - INFO - Tarayýcý kapatýldý.
2025-01-25 00:13:45,105 - INFO - Tarayýcý kapatýldý.
2025-01-25 00:14:08,699 - INFO - Oy baþarýyla gönderildi.
2025-01-25 00:14:10,793 - INFO - Tarayýcý kapatýldý.
2025-01-25 00:14:14,031 - INFO - Oy baþarýyla gönderildi.
2025-01-25 00:14:15,286 - INFO - Oy baþarýyla gönderildi.
2025-01-25 00:14:16,456 - INFO - Tarayýcý kapatýldý.
2025-01-25 00:14:16,654 - INFO - Oy baþarýyla gönderildi.
2025-01-25 00:14:17,387 - INFO - Tarayýcý kapatýldý.
2025-01-25 00:14:18,735 - INFO - Tarayýcý kapatýldý.
2025-01-25 00:14:19,194 - INFO - Oy baþarýyla gönderildi.
2025-01-25 00:14:21,766 - INFO - Tarayýcý kapatýldý.
2025-01-25 00:14:29,382 - INFO - Oy baþarýyla gönderildi.
2025-01-25 00:14:31,460 - INFO - Tarayýcý kapatýldý.
2025-01-25 00:14:52,386 - INFO - Oy baþarýyla gönderildi.
2025-01-25 00:14:54,501 - INFO - Tarayýcý kapatýldý.
2025-01-25 00:15:01,559 - INFO - Oy baþarýyla gönderildi.
2025-01-25 00:15:01,957 - INFO - Oy baþarýyla gönderildi.
2025-01-25 00:15:02,538 - INFO - Oy baþarýyla gönderildi.
2025-01-25 00:15:03,655 - INFO - Tarayýcý kapatýldý.
2025-01-25 00:15:04,056 - INFO - Tarayýcý kapatýldý.
2025-01-25 00:15:04,616 - INFO - Tarayýcý kapatýldý.
2025-01-25 00:15:06,712 - INFO - Oy baþarýyla gönderildi.
2025-01-25 00:15:08,793 - INFO - Tarayýcý kapatýldý.
2025-01-25 00:15:15,512 - INFO - Oy baþarýyla gönderildi.
2025-01-25 00:15:17,659 - INFO - Tarayýcý kapatýldý.
2025-01-25 00:15:31,968 - INFO - Oy baþarýyla gönderildi.
2025-01-25 00:15:33,369 - INFO - Oy baþarýyla gönderildi.
2025-01-25 00:15:34,092 - INFO - Tarayýcý kapatýldý.
2025-01-25 00:15:35,446 - INFO - Tarayýcý kapatýldý.
2025-01-25 00:15:36,527 - INFO - Oy baþarýyla gönderildi.
2025-01-25 00:15:38,607 - INFO - Tarayýcý kapatýldý.
2025-01-25 00:15:41,401 - INFO - Oy baþarýyla gönderildi.
2025-01-25 00:15:43,481 - INFO - Tarayýcý kapatýldý.
2025-01-25 00:15:46,388 - INFO - Oy baþarýyla gönderildi.
2025-01-25 00:15:48,478 - INFO - Tarayýcý kapatýldý.
2025-01-25 00:16:06,085 - INFO - Oy baþarýyla gönderildi.
2025-01-25 00:16:06,673 - INFO - Oy baþarýyla gönderildi.
2025-01-25 00:16:08,181 - INFO - Tarayýcý kapatýldý.
2025-01-25 00:16:08,784 - INFO - Tarayýcý kapatýldý.
2025-01-25 00:16:09,290 - INFO - Oy baþarýyla gönderildi.
2025-01-25 00:16:11,381 - INFO - Tarayýcý kapatýldý.
2025-01-25 00:16:16,666 - INFO - Oy baþarýyla gönderildi.
2025-01-25 00:16:18,751 - INFO - Tarayýcý kapatýldý.
2025-01-25 00:16:19,145 - INFO - Oy baþarýyla gönderildi.
2025-01-25 00:16:21,227 - INFO - Tarayýcý kapatýldý.
2025-01-25 00:16:43,782 - INFO - Oy baþarýyla gönderildi.
2025-01-25 00:16:45,870 - INFO - Tarayýcý kapatýldý.
2025-01-25 00:16:46,571 - INFO - Oy baþarýyla gönderildi.
2025-01-25 00:16:47,406 - INFO - Oy baþarýyla gönderildi.
2025-01-25 00:16:48,662 - INFO - Tarayýcý kapatýldý.
2025-01-25 00:16:49,534 - INFO - Tarayýcý kapatýldý.
2025-01-25 00:16:52,110 - INFO - Oy baþarýyla gönderildi.
2025-01-25 00:16:54,193 - INFO - Tarayýcý kapatýldý.
2025-01-25 00:17:06,582 - INFO - Oy baþarýyla gönderildi.
2025-01-25 00:17:08,668 - INFO - Tarayýcý kapatýldý.
2025-01-25 00:17:27,859 - INFO - Oy baþarýyla gönderildi.
2025-01-25 00:17:29,202 - INFO - Oy baþarýyla gönderildi.
2025-01-25 00:17:29,879 - INFO - Oy baþarýyla gönderildi.
2025-01-25 00:17:29,999 - INFO - Tarayýcý kapatýldý.
2025-01-25 00:17:31,318 - INFO - Tarayýcý kapatýldý.
2025-01-25 00:17:32,003 - INFO - Tarayýcý kapatýldý.
2025-01-25 00:17:33,908 - INFO - Oy baþarýyla gönderildi.
2025-01-25 00:17:36,003 - INFO - Tarayýcý kapatýldý.
2025-01-25 00:17:55,178 - INFO - Oy baþarýyla gönderildi.
2025-01-25 00:17:57,257 - INFO - Tarayýcý kapatýldý.
2025-01-25 00:17:57,346 - INFO - Oy baþarýyla gönderildi.
2025-01-25 00:17:59,454 - INFO - Tarayýcý kapatýldý.
2025-01-25 00:18:01,375 - INFO - Oy baþarýyla gönderildi.
2025-01-25 00:18:01,821 - INFO - Oy baþarýyla gönderildi.
2025-01-25 00:18:03,536 - INFO - Tarayýcý kapatýldý.
2025-01-25 00:18:03,891 - INFO - Tarayýcý kapatýldý.
2025-01-25 00:18:17,787 - INFO - Oy baþarýyla gönderildi.
2025-01-25 00:18:19,885 - INFO - Tarayýcý kapatýldý.
2025-01-25 00:18:37,151 - INFO - Oy baþarýyla gönderildi.
2025-01-25 00:18:37,998 - INFO - Oy baþarýyla gönderildi.
2025-01-25 00:18:39,246 - INFO - Tarayýcý kapatýldý.
2025-01-25 00:18:40,157 - INFO - Oy baþarýyla gönderildi.
2025-01-25 00:18:40,498 - INFO - Tarayýcý kapatýldý.
2025-01-25 00:18:42,234 - INFO - Tarayýcý kapatýldý.
2025-01-25 00:18:46,210 - INFO - Oy baþarýyla gönderildi.
2025-01-25 00:18:48,336 - INFO - Tarayýcý kapatýldý.
2025-01-25 00:19:04,261 - INFO - Oy baþarýyla gönderildi.
2025-01-25 00:19:06,204 - INFO - Oy baþarýyla gönderildi.
2025-01-25 00:19:06,337 - INFO - Tarayýcý kapatýldý.
2025-01-25 00:19:08,322 - INFO - Tarayýcý kapatýldý.
2025-01-25 00:19:09,147 - INFO - Oy baþarýyla gönderildi.
2025-01-25 00:19:10,229 - INFO - Oy baþarýyla gönderildi.
2025-01-25 00:19:11,230 - INFO - Tarayýcý kapatýldý.
2025-01-25 00:19:12,336 - INFO - Tarayýcý kapatýldý.
2025-01-25 00:19:25,861 - INFO - Oy baþarýyla gönderildi.
2025-01-25 00:19:27,991 - INFO - Tarayýcý kapatýldý.
2025-01-25 00:19:33,109 - INFO - Oy baþarýyla gönderildi.
2025-01-25 00:19:35,212 - INFO - Tarayýcý kapatýldý.
2025-01-25 00:19:35,903 - INFO - Oy baþarýyla gönderildi.
2025-01-25 00:19:37,999 - INFO - Tarayýcý kapatýldý.
2025-01-25 00:19:39,517 - INFO - Oy baþarýyla gönderildi.
2025-01-25 00:19:41,070 - INFO - Oy baþarýyla gönderildi.
2025-01-25 00:19:41,687 - INFO - Tarayýcý kapatýldý.
2025-01-25 00:19:43,141 - INFO - Tarayýcý kapatýldý.
2025-01-25 00:19:46,333 - INFO - Oy baþarýyla gönderildi.
2025-01-25 00:19:48,426 - INFO - Tarayýcý kapatýldý.
2025-01-25 00:20:00,713 - INFO - Oy baþarýyla gönderildi.
2025-01-25 00:20:02,826 - INFO - Tarayýcý kapatýldý.
2025-01-25 00:20:04,603 - INFO - Oy baþarýyla gönderildi.
2025-01-25 00:20:06,701 - INFO - Tarayýcý kapatýldý.
2025-01-25 00:20:07,528 - INFO - Oy baþarýyla gönderildi.
2025-01-25 00:20:08,536 - INFO - Oy baþarýyla gönderildi.
2025-01-25 00:20:09,629 - INFO - Tarayýcý kapatýldý.
2025-01-25 00:20:09,641 - INFO - Oy baþarýyla gönderildi.
2025-01-25 00:20:10,630 - INFO - Tarayýcý kapatýldý.
2025-01-25 00:20:12,529 - INFO - Tarayýcý kapatýldý.
2025-01-25 00:20:58,595 - INFO - Oy baþarýyla gönderildi.
2025-01-25 00:20:59,490 - INFO - Oy baþarýyla gönderildi.
2025-01-25 00:20:59,981 - INFO - Oy baþarýyla gönderildi.
2025-01-25 00:21:00,715 - INFO - Tarayýcý kapatýldý.
2025-01-25 00:21:01,568 - INFO - Tarayýcý kapatýldý.
2025-01-25 00:21:02,748 - INFO - Tarayýcý kapatýldý.
2025-01-25 00:21:04,592 - INFO - Oy baþarýyla gönderildi.
2025-01-25 00:21:06,806 - INFO - Tarayýcý kapatýldý.
2025-01-25 00:21:42,300 - INFO - Oy baþarýyla gönderildi.
2025-01-25 00:21:44,456 - INFO - Tarayýcý kapatýldý.
2025-01-25 00:21:45,019 - INFO - Oy baþarýyla gönderildi.
2025-01-25 00:21:45,504 - INFO - Oy baþarýyla gönderildi.
2025-01-25 00:21:46,216 - INFO - Oy baþarýyla gönderildi.
2025-01-25 00:21:47,146 - INFO - Tarayýcý kapatýldý.
2025-01-25 00:21:47,641 - INFO - Tarayýcý kapatýldý.
2025-01-25 00:21:48,312 - INFO - Tarayýcý kapatýldý.
2025-01-25 00:22:06,676 - INFO - Hata: ('Connection aborted.', ConnectionResetError(10054, 'Varolan bir baðlantý uzaktaki bir ana bilgisayar tarafýndan zorla kapatýldý', None, 10054, None))
2025-01-25 00:22:06,687 - INFO - Hata: ('Connection aborted.', ConnectionResetError(10054, 'Varolan bir baðlantý uzaktaki bir ana bilgisayar tarafýndan zorla kapatýldý', None, 10054, None))
2025-01-25 00:22:06,838 - INFO - Hata: ('Connection aborted.', ConnectionResetError(10054, 'Varolan bir baðlantý uzaktaki bir ana bilgisayar tarafýndan zorla kapatýldý', None, 10054, None))
2025-01-25 00:22:06,905 - INFO - Hata: ('Connection aborted.', ConnectionResetError(10054, 'Varolan bir baðlantý uzaktaki bir ana bilgisayar tarafýndan zorla kapatýldý', None, 10054, None))
2025-01-25 00:22:07,460 - INFO - Hata: HTTPConnectionPool(host='localhost', port=64212): Read timed out. (read timeout=120)
2025-01-25 00:22:10,003 - WARNING - Retrying (Retry(total=2, connect=None, read=None, redirect=None, status=None)) after connection broken by 'ConnectionResetError(10054, 'Varolan bir baðlantý uzaktaki bir ana bilgisayar tarafýndan zorla kapatýldý', None, 10054, None)': /session/6f090ec5a7b9d2051814298cc01f7432
