2025-04-18 10:11:45,683 - INFO - Status: Çalýþýyor
2025-04-18 10:12:06,384 - INFO - Hata: Message: 
Stacktrace:
	GetHandleVerifier [0x00007FF686F65355+78597]
	GetHandleVerifier [0x00007FF686F653B0+78688]
	(No symbol) [0x00007FF686D191AA]
	(No symbol) [0x00007FF686D6F149]
	(No symbol) [0x00007FF686D6F3FC]
	(No symbol) [0x00007FF686DC2467]
	(No symbol) [0x00007FF686D9712F]
	(No symbol) [0x00007FF686DBF2BB]
	(No symbol) [0x00007FF686D96EC3]
	(No symbol) [0x00007FF686D603F8]
	(No symbol) [0x00007FF686D61163]
	GetHandleVerifier [0x00007FF68720EF0D+2870973]
	GetHandleVerifier [0x00007FF6872096B8+2848360]
	GetHandleVerifier [0x00007FF687226993+2967875]
	GetHandleVerifier [0x00007FF686F8019A+188746]
	GetHandleVerifier [0x00007FF686F8847F+222255]
	GetHandleVerifier [0x00007FF686F6D2D4+111236]
	GetHandleVerifier [0x00007FF686F6D482+111666]
	GetHandleVerifier [0x00007FF686F535A9+5465]
	BaseThreadInitThunk [0x00007FFE02C8259D+29]
	RtlUserThreadStart [0x00007FFE038AAF38+40]

2025-04-18 10:12:06,683 - INFO - Hata: Message: 
Stacktrace:
	GetHandleVerifier [0x00007FF686F65355+78597]
	GetHandleVerifier [0x00007FF686F653B0+78688]
	(No symbol) [0x00007FF686D191AA]
	(No symbol) [0x00007FF686D6F149]
	(No symbol) [0x00007FF686D6F3FC]
	(No symbol) [0x00007FF686DC2467]
	(No symbol) [0x00007FF686D9712F]
	(No symbol) [0x00007FF686DBF2BB]
	(No symbol) [0x00007FF686D96EC3]
	(No symbol) [0x00007FF686D603F8]
	(No symbol) [0x00007FF686D61163]
	GetHandleVerifier [0x00007FF68720EF0D+2870973]
	GetHandleVerifier [0x00007FF6872096B8+2848360]
	GetHandleVerifier [0x00007FF687226993+2967875]
	GetHandleVerifier [0x00007FF686F8019A+188746]
	GetHandleVerifier [0x00007FF686F8847F+222255]
	GetHandleVerifier [0x00007FF686F6D2D4+111236]
	GetHandleVerifier [0x00007FF686F6D482+111666]
	GetHandleVerifier [0x00007FF686F535A9+5465]
	BaseThreadInitThunk [0x00007FFE02C8259D+29]
	RtlUserThreadStart [0x00007FFE038AAF38+40]

2025-04-18 10:12:06,737 - INFO - Hata: Message: 
Stacktrace:
	GetHandleVerifier [0x00007FF686F65355+78597]
	GetHandleVerifier [0x00007FF686F653B0+78688]
	(No symbol) [0x00007FF686D191AA]
	(No symbol) [0x00007FF686D6F149]
	(No symbol) [0x00007FF686D6F3FC]
	(No symbol) [0x00007FF686DC2467]
	(No symbol) [0x00007FF686D9712F]
	(No symbol) [0x00007FF686DBF2BB]
	(No symbol) [0x00007FF686D96EC3]
	(No symbol) [0x00007FF686D603F8]
	(No symbol) [0x00007FF686D61163]
	GetHandleVerifier [0x00007FF68720EF0D+2870973]
	GetHandleVerifier [0x00007FF6872096B8+2848360]
	GetHandleVerifier [0x00007FF687226993+2967875]
	GetHandleVerifier [0x00007FF686F8019A+188746]
	GetHandleVerifier [0x00007FF686F8847F+222255]
	GetHandleVerifier [0x00007FF686F6D2D4+111236]
	GetHandleVerifier [0x00007FF686F6D482+111666]
	GetHandleVerifier [0x00007FF686F535A9+5465]
	BaseThreadInitThunk [0x00007FFE02C8259D+29]
	RtlUserThreadStart [0x00007FFE038AAF38+40]

2025-04-18 10:12:06,911 - INFO - Hata: Message: 
Stacktrace:
	GetHandleVerifier [0x00007FF686F65355+78597]
	GetHandleVerifier [0x00007FF686F653B0+78688]
	(No symbol) [0x00007FF686D191AA]
	(No symbol) [0x00007FF686D6F149]
	(No symbol) [0x00007FF686D6F3FC]
	(No symbol) [0x00007FF686DC2467]
	(No symbol) [0x00007FF686D9712F]
	(No symbol) [0x00007FF686DBF2BB]
	(No symbol) [0x00007FF686D96EC3]
	(No symbol) [0x00007FF686D603F8]
	(No symbol) [0x00007FF686D61163]
	GetHandleVerifier [0x00007FF68720EF0D+2870973]
	GetHandleVerifier [0x00007FF6872096B8+2848360]
	GetHandleVerifier [0x00007FF687226993+2967875]
	GetHandleVerifier [0x00007FF686F8019A+188746]
	GetHandleVerifier [0x00007FF686F8847F+222255]
	GetHandleVerifier [0x00007FF686F6D2D4+111236]
	GetHandleVerifier [0x00007FF686F6D482+111666]
	GetHandleVerifier [0x00007FF686F535A9+5465]
	BaseThreadInitThunk [0x00007FFE02C8259D+29]
	RtlUserThreadStart [0x00007FFE038AAF38+40]

2025-04-18 10:12:07,097 - INFO - Hata: Message: 
Stacktrace:
	GetHandleVerifier [0x00007FF686F65355+78597]
	GetHandleVerifier [0x00007FF686F653B0+78688]
	(No symbol) [0x00007FF686D191AA]
	(No symbol) [0x00007FF686D6F149]
	(No symbol) [0x00007FF686D6F3FC]
	(No symbol) [0x00007FF686DC2467]
	(No symbol) [0x00007FF686D9712F]
	(No symbol) [0x00007FF686DBF2BB]
	(No symbol) [0x00007FF686D96EC3]
	(No symbol) [0x00007FF686D603F8]
	(No symbol) [0x00007FF686D61163]
	GetHandleVerifier [0x00007FF68720EF0D+2870973]
	GetHandleVerifier [0x00007FF6872096B8+2848360]
	GetHandleVerifier [0x00007FF687226993+2967875]
	GetHandleVerifier [0x00007FF686F8019A+188746]
	GetHandleVerifier [0x00007FF686F8847F+222255]
	GetHandleVerifier [0x00007FF686F6D2D4+111236]
	GetHandleVerifier [0x00007FF686F6D482+111666]
	GetHandleVerifier [0x00007FF686F535A9+5465]
	BaseThreadInitThunk [0x00007FFE02C8259D+29]
	RtlUserThreadStart [0x00007FFE038AAF38+40]

2025-04-18 10:12:08,707 - INFO - Tarayýcý kapatýldý.
2025-04-18 10:12:08,950 - INFO - Tarayýcý kapatýldý.
2025-04-18 10:12:08,988 - INFO - Tarayýcý kapatýldý.
2025-04-18 10:12:09,031 - INFO - Tarayýcý kapatýldý.
2025-04-18 10:12:09,308 - INFO - Tarayýcý kapatýldý.
2025-04-18 10:12:41,370 - INFO - Hata: Message: 
Stacktrace:
	GetHandleVerifier [0x00007FF686F65355+78597]
	GetHandleVerifier [0x00007FF686F653B0+78688]
	(No symbol) [0x00007FF686D191AA]
	(No symbol) [0x00007FF686D6F149]
	(No symbol) [0x00007FF686D6F3FC]
	(No symbol) [0x00007FF686DC2467]
	(No symbol) [0x00007FF686D9712F]
	(No symbol) [0x00007FF686DBF2BB]
	(No symbol) [0x00007FF686D96EC3]
	(No symbol) [0x00007FF686D603F8]
	(No symbol) [0x00007FF686D61163]
	GetHandleVerifier [0x00007FF68720EF0D+2870973]
	GetHandleVerifier [0x00007FF6872096B8+2848360]
	GetHandleVerifier [0x00007FF687226993+2967875]
	GetHandleVerifier [0x00007FF686F8019A+188746]
	GetHandleVerifier [0x00007FF686F8847F+222255]
	GetHandleVerifier [0x00007FF686F6D2D4+111236]
	GetHandleVerifier [0x00007FF686F6D482+111666]
	GetHandleVerifier [0x00007FF686F535A9+5465]
	BaseThreadInitThunk [0x00007FFE02C8259D+29]
	RtlUserThreadStart [0x00007FFE038AAF38+40]

2025-04-18 10:12:41,866 - INFO - Hata: Message: 
Stacktrace:
	GetHandleVerifier [0x00007FF686F65355+78597]
	GetHandleVerifier [0x00007FF686F653B0+78688]
	(No symbol) [0x00007FF686D191AA]
	(No symbol) [0x00007FF686D6F149]
	(No symbol) [0x00007FF686D6F3FC]
	(No symbol) [0x00007FF686DC2467]
	(No symbol) [0x00007FF686D9712F]
	(No symbol) [0x00007FF686DBF2BB]
	(No symbol) [0x00007FF686D96EC3]
	(No symbol) [0x00007FF686D603F8]
	(No symbol) [0x00007FF686D61163]
	GetHandleVerifier [0x00007FF68720EF0D+2870973]
	GetHandleVerifier [0x00007FF6872096B8+2848360]
	GetHandleVerifier [0x00007FF687226993+2967875]
	GetHandleVerifier [0x00007FF686F8019A+188746]
	GetHandleVerifier [0x00007FF686F8847F+222255]
	GetHandleVerifier [0x00007FF686F6D2D4+111236]
	GetHandleVerifier [0x00007FF686F6D482+111666]
	GetHandleVerifier [0x00007FF686F535A9+5465]
	BaseThreadInitThunk [0x00007FFE02C8259D+29]
	RtlUserThreadStart [0x00007FFE038AAF38+40]

2025-04-18 10:12:42,397 - INFO - Hata: Message: 
Stacktrace:
	GetHandleVerifier [0x00007FF686F65355+78597]
	GetHandleVerifier [0x00007FF686F653B0+78688]
	(No symbol) [0x00007FF686D191AA]
	(No symbol) [0x00007FF686D6F149]
	(No symbol) [0x00007FF686D6F3FC]
	(No symbol) [0x00007FF686DC2467]
	(No symbol) [0x00007FF686D9712F]
	(No symbol) [0x00007FF686DBF2BB]
	(No symbol) [0x00007FF686D96EC3]
	(No symbol) [0x00007FF686D603F8]
	(No symbol) [0x00007FF686D61163]
	GetHandleVerifier [0x00007FF68720EF0D+2870973]
	GetHandleVerifier [0x00007FF6872096B8+2848360]
	GetHandleVerifier [0x00007FF687226993+2967875]
	GetHandleVerifier [0x00007FF686F8019A+188746]
	GetHandleVerifier [0x00007FF686F8847F+222255]
	GetHandleVerifier [0x00007FF686F6D2D4+111236]
	GetHandleVerifier [0x00007FF686F6D482+111666]
	GetHandleVerifier [0x00007FF686F535A9+5465]
	BaseThreadInitThunk [0x00007FFE02C8259D+29]
	RtlUserThreadStart [0x00007FFE038AAF38+40]

2025-04-18 10:12:43,503 - INFO - Hata: Message: 
Stacktrace:
	GetHandleVerifier [0x00007FF686F65355+78597]
	GetHandleVerifier [0x00007FF686F653B0+78688]
	(No symbol) [0x00007FF686D191AA]
	(No symbol) [0x00007FF686D6F149]
	(No symbol) [0x00007FF686D6F3FC]
	(No symbol) [0x00007FF686DC2467]
	(No symbol) [0x00007FF686D9712F]
	(No symbol) [0x00007FF686DBF2BB]
	(No symbol) [0x00007FF686D96EC3]
	(No symbol) [0x00007FF686D603F8]
	(No symbol) [0x00007FF686D61163]
	GetHandleVerifier [0x00007FF68720EF0D+2870973]
	GetHandleVerifier [0x00007FF6872096B8+2848360]
	GetHandleVerifier [0x00007FF687226993+2967875]
	GetHandleVerifier [0x00007FF686F8019A+188746]
	GetHandleVerifier [0x00007FF686F8847F+222255]
	GetHandleVerifier [0x00007FF686F6D2D4+111236]
	GetHandleVerifier [0x00007FF686F6D482+111666]
	GetHandleVerifier [0x00007FF686F535A9+5465]
	BaseThreadInitThunk [0x00007FFE02C8259D+29]
	RtlUserThreadStart [0x00007FFE038AAF38+40]

2025-04-18 10:12:43,573 - INFO - Tarayýcý kapatýldý.
2025-04-18 10:12:43,985 - INFO - Tarayýcý kapatýldý.
2025-04-18 10:12:44,560 - INFO - Tarayýcý kapatýldý.
2025-04-18 10:12:45,925 - INFO - Tarayýcý kapatýldý.
2025-04-18 10:12:50,342 - INFO - Hata: Message: 
Stacktrace:
	GetHandleVerifier [0x00007FF686F65355+78597]
	GetHandleVerifier [0x00007FF686F653B0+78688]
	(No symbol) [0x00007FF686D191AA]
	(No symbol) [0x00007FF686D6F149]
	(No symbol) [0x00007FF686D6F3FC]
	(No symbol) [0x00007FF686DC2467]
	(No symbol) [0x00007FF686D9712F]
	(No symbol) [0x00007FF686DBF2BB]
	(No symbol) [0x00007FF686D96EC3]
	(No symbol) [0x00007FF686D603F8]
	(No symbol) [0x00007FF686D61163]
	GetHandleVerifier [0x00007FF68720EF0D+2870973]
	GetHandleVerifier [0x00007FF6872096B8+2848360]
	GetHandleVerifier [0x00007FF687226993+2967875]
	GetHandleVerifier [0x00007FF686F8019A+188746]
	GetHandleVerifier [0x00007FF686F8847F+222255]
	GetHandleVerifier [0x00007FF686F6D2D4+111236]
	GetHandleVerifier [0x00007FF686F6D482+111666]
	GetHandleVerifier [0x00007FF686F535A9+5465]
	BaseThreadInitThunk [0x00007FFE02C8259D+29]
	RtlUserThreadStart [0x00007FFE038AAF38+40]

2025-04-18 10:12:52,442 - INFO - Tarayýcý kapatýldý.
2025-04-18 10:13:03,099 - INFO - Hata: Message: 
Stacktrace:
	GetHandleVerifier [0x00007FF686F65355+78597]
	GetHandleVerifier [0x00007FF686F653B0+78688]
	(No symbol) [0x00007FF686D191AA]
	(No symbol) [0x00007FF686D6F149]
	(No symbol) [0x00007FF686D6F3FC]
	(No symbol) [0x00007FF686DC2467]
	(No symbol) [0x00007FF686D9712F]
	(No symbol) [0x00007FF686DBF2BB]
	(No symbol) [0x00007FF686D96EC3]
	(No symbol) [0x00007FF686D603F8]
	(No symbol) [0x00007FF686D61163]
	GetHandleVerifier [0x00007FF68720EF0D+2870973]
	GetHandleVerifier [0x00007FF6872096B8+2848360]
	GetHandleVerifier [0x00007FF687226993+2967875]
	GetHandleVerifier [0x00007FF686F8019A+188746]
	GetHandleVerifier [0x00007FF686F8847F+222255]
	GetHandleVerifier [0x00007FF686F6D2D4+111236]
	GetHandleVerifier [0x00007FF686F6D482+111666]
	GetHandleVerifier [0x00007FF686F535A9+5465]
	BaseThreadInitThunk [0x00007FFE02C8259D+29]
	RtlUserThreadStart [0x00007FFE038AAF38+40]

2025-04-18 10:13:04,465 - INFO - Hata: Message: 
Stacktrace:
	GetHandleVerifier [0x00007FF686F65355+78597]
	GetHandleVerifier [0x00007FF686F653B0+78688]
	(No symbol) [0x00007FF686D191AA]
	(No symbol) [0x00007FF686D6F149]
	(No symbol) [0x00007FF686D6F3FC]
	(No symbol) [0x00007FF686DC2467]
	(No symbol) [0x00007FF686D9712F]
	(No symbol) [0x00007FF686DBF2BB]
	(No symbol) [0x00007FF686D96EC3]
	(No symbol) [0x00007FF686D603F8]
	(No symbol) [0x00007FF686D61163]
	GetHandleVerifier [0x00007FF68720EF0D+2870973]
	GetHandleVerifier [0x00007FF6872096B8+2848360]
	GetHandleVerifier [0x00007FF687226993+2967875]
	GetHandleVerifier [0x00007FF686F8019A+188746]
	GetHandleVerifier [0x00007FF686F8847F+222255]
	GetHandleVerifier [0x00007FF686F6D2D4+111236]
	GetHandleVerifier [0x00007FF686F6D482+111666]
	GetHandleVerifier [0x00007FF686F535A9+5465]
	BaseThreadInitThunk [0x00007FFE02C8259D+29]
	RtlUserThreadStart [0x00007FFE038AAF38+40]

2025-04-18 10:13:05,246 - INFO - Tarayýcý kapatýldý.
2025-04-18 10:13:05,483 - INFO - Hata: Message: 
Stacktrace:
	GetHandleVerifier [0x00007FF686F65355+78597]
	GetHandleVerifier [0x00007FF686F653B0+78688]
	(No symbol) [0x00007FF686D191AA]
	(No symbol) [0x00007FF686D6F149]
	(No symbol) [0x00007FF686D6F3FC]
	(No symbol) [0x00007FF686DC2467]
	(No symbol) [0x00007FF686D9712F]
	(No symbol) [0x00007FF686DBF2BB]
	(No symbol) [0x00007FF686D96EC3]
	(No symbol) [0x00007FF686D603F8]
	(No symbol) [0x00007FF686D61163]
	GetHandleVerifier [0x00007FF68720EF0D+2870973]
	GetHandleVerifier [0x00007FF6872096B8+2848360]
	GetHandleVerifier [0x00007FF687226993+2967875]
	GetHandleVerifier [0x00007FF686F8019A+188746]
	GetHandleVerifier [0x00007FF686F8847F+222255]
	GetHandleVerifier [0x00007FF686F6D2D4+111236]
	GetHandleVerifier [0x00007FF686F6D482+111666]
	GetHandleVerifier [0x00007FF686F535A9+5465]
	BaseThreadInitThunk [0x00007FFE02C8259D+29]
	RtlUserThreadStart [0x00007FFE038AAF38+40]

2025-04-18 10:13:06,612 - INFO - Tarayýcý kapatýldý.
2025-04-18 10:13:07,165 - INFO - Hata: Message: 
Stacktrace:
	GetHandleVerifier [0x00007FF686F65355+78597]
	GetHandleVerifier [0x00007FF686F653B0+78688]
	(No symbol) [0x00007FF686D191AA]
	(No symbol) [0x00007FF686D6F149]
	(No symbol) [0x00007FF686D6F3FC]
	(No symbol) [0x00007FF686DC2467]
	(No symbol) [0x00007FF686D9712F]
	(No symbol) [0x00007FF686DBF2BB]
	(No symbol) [0x00007FF686D96EC3]
	(No symbol) [0x00007FF686D603F8]
	(No symbol) [0x00007FF686D61163]
	GetHandleVerifier [0x00007FF68720EF0D+2870973]
	GetHandleVerifier [0x00007FF6872096B8+2848360]
	GetHandleVerifier [0x00007FF687226993+2967875]
	GetHandleVerifier [0x00007FF686F8019A+188746]
	GetHandleVerifier [0x00007FF686F8847F+222255]
	GetHandleVerifier [0x00007FF686F6D2D4+111236]
	GetHandleVerifier [0x00007FF686F6D482+111666]
	GetHandleVerifier [0x00007FF686F535A9+5465]
	BaseThreadInitThunk [0x00007FFE02C8259D+29]
	RtlUserThreadStart [0x00007FFE038AAF38+40]

2025-04-18 10:13:08,671 - INFO - Tarayýcý kapatýldý.
2025-04-18 10:13:09,281 - INFO - Tarayýcý kapatýldý.
2025-04-18 10:13:14,627 - INFO - Hata: Message: 
Stacktrace:
	GetHandleVerifier [0x00007FF686F65355+78597]
	GetHandleVerifier [0x00007FF686F653B0+78688]
	(No symbol) [0x00007FF686D191AA]
	(No symbol) [0x00007FF686D6F149]
	(No symbol) [0x00007FF686D6F3FC]
	(No symbol) [0x00007FF686DC2467]
	(No symbol) [0x00007FF686D9712F]
	(No symbol) [0x00007FF686DBF2BB]
	(No symbol) [0x00007FF686D96EC3]
	(No symbol) [0x00007FF686D603F8]
	(No symbol) [0x00007FF686D61163]
	GetHandleVerifier [0x00007FF68720EF0D+2870973]
	GetHandleVerifier [0x00007FF6872096B8+2848360]
	GetHandleVerifier [0x00007FF687226993+2967875]
	GetHandleVerifier [0x00007FF686F8019A+188746]
	GetHandleVerifier [0x00007FF686F8847F+222255]
	GetHandleVerifier [0x00007FF686F6D2D4+111236]
	GetHandleVerifier [0x00007FF686F6D482+111666]
	GetHandleVerifier [0x00007FF686F535A9+5465]
	BaseThreadInitThunk [0x00007FFE02C8259D+29]
	RtlUserThreadStart [0x00007FFE038AAF38+40]

2025-04-18 10:13:16,724 - INFO - Tarayýcý kapatýldý.
2025-04-18 10:13:29,233 - INFO - Hata: Message: 
Stacktrace:
	GetHandleVerifier [0x00007FF686F65355+78597]
	GetHandleVerifier [0x00007FF686F653B0+78688]
	(No symbol) [0x00007FF686D191AA]
	(No symbol) [0x00007FF686D6F149]
	(No symbol) [0x00007FF686D6F3FC]
	(No symbol) [0x00007FF686DC2467]
	(No symbol) [0x00007FF686D9712F]
	(No symbol) [0x00007FF686DBF2BB]
	(No symbol) [0x00007FF686D96EC3]
	(No symbol) [0x00007FF686D603F8]
	(No symbol) [0x00007FF686D61163]
	GetHandleVerifier [0x00007FF68720EF0D+2870973]
	GetHandleVerifier [0x00007FF6872096B8+2848360]
	GetHandleVerifier [0x00007FF687226993+2967875]
	GetHandleVerifier [0x00007FF686F8019A+188746]
	GetHandleVerifier [0x00007FF686F8847F+222255]
	GetHandleVerifier [0x00007FF686F6D2D4+111236]
	GetHandleVerifier [0x00007FF686F6D482+111666]
	GetHandleVerifier [0x00007FF686F535A9+5465]
	BaseThreadInitThunk [0x00007FFE02C8259D+29]
	RtlUserThreadStart [0x00007FFE038AAF38+40]

2025-04-18 10:13:31,350 - INFO - Tarayýcý kapatýldý.
2025-04-18 10:13:47,950 - INFO - Hata: Message: 
Stacktrace:
	GetHandleVerifier [0x00007FF686F65355+78597]
	GetHandleVerifier [0x00007FF686F653B0+78688]
	(No symbol) [0x00007FF686D191AA]
	(No symbol) [0x00007FF686D6F149]
	(No symbol) [0x00007FF686D6F3FC]
	(No symbol) [0x00007FF686DC2467]
	(No symbol) [0x00007FF686D9712F]
	(No symbol) [0x00007FF686DBF2BB]
	(No symbol) [0x00007FF686D96EC3]
	(No symbol) [0x00007FF686D603F8]
	(No symbol) [0x00007FF686D61163]
	GetHandleVerifier [0x00007FF68720EF0D+2870973]
	GetHandleVerifier [0x00007FF6872096B8+2848360]
	GetHandleVerifier [0x00007FF687226993+2967875]
	GetHandleVerifier [0x00007FF686F8019A+188746]
	GetHandleVerifier [0x00007FF686F8847F+222255]
	GetHandleVerifier [0x00007FF686F6D2D4+111236]
	GetHandleVerifier [0x00007FF686F6D482+111666]
	GetHandleVerifier [0x00007FF686F535A9+5465]
	BaseThreadInitThunk [0x00007FFE02C8259D+29]
	RtlUserThreadStart [0x00007FFE038AAF38+40]

2025-04-18 10:13:50,043 - INFO - Tarayýcý kapatýldý.
2025-04-18 10:14:02,678 - INFO - Hata: Message: 
Stacktrace:
	GetHandleVerifier [0x00007FF686F65355+78597]
	GetHandleVerifier [0x00007FF686F653B0+78688]
	(No symbol) [0x00007FF686D191AA]
	(No symbol) [0x00007FF686D6F149]
	(No symbol) [0x00007FF686D6F3FC]
	(No symbol) [0x00007FF686DC2467]
	(No symbol) [0x00007FF686D9712F]
	(No symbol) [0x00007FF686DBF2BB]
	(No symbol) [0x00007FF686D96EC3]
	(No symbol) [0x00007FF686D603F8]
	(No symbol) [0x00007FF686D61163]
	GetHandleVerifier [0x00007FF68720EF0D+2870973]
	GetHandleVerifier [0x00007FF6872096B8+2848360]
	GetHandleVerifier [0x00007FF687226993+2967875]
	GetHandleVerifier [0x00007FF686F8019A+188746]
	GetHandleVerifier [0x00007FF686F8847F+222255]
	GetHandleVerifier [0x00007FF686F6D2D4+111236]
	GetHandleVerifier [0x00007FF686F6D482+111666]
	GetHandleVerifier [0x00007FF686F535A9+5465]
	BaseThreadInitThunk [0x00007FFE02C8259D+29]
	RtlUserThreadStart [0x00007FFE038AAF38+40]

2025-04-18 10:14:04,775 - INFO - Tarayýcý kapatýldý.
2025-04-18 10:14:05,046 - INFO - Hata: Message: 
Stacktrace:
	GetHandleVerifier [0x00007FF686F65355+78597]
	GetHandleVerifier [0x00007FF686F653B0+78688]
	(No symbol) [0x00007FF686D191AA]
	(No symbol) [0x00007FF686D6F149]
	(No symbol) [0x00007FF686D6F3FC]
	(No symbol) [0x00007FF686DC2467]
	(No symbol) [0x00007FF686D9712F]
	(No symbol) [0x00007FF686DBF2BB]
	(No symbol) [0x00007FF686D96EC3]
	(No symbol) [0x00007FF686D603F8]
	(No symbol) [0x00007FF686D61163]
	GetHandleVerifier [0x00007FF68720EF0D+2870973]
	GetHandleVerifier [0x00007FF6872096B8+2848360]
	GetHandleVerifier [0x00007FF687226993+2967875]
	GetHandleVerifier [0x00007FF686F8019A+188746]
	GetHandleVerifier [0x00007FF686F8847F+222255]
	GetHandleVerifier [0x00007FF686F6D2D4+111236]
	GetHandleVerifier [0x00007FF686F6D482+111666]
	GetHandleVerifier [0x00007FF686F535A9+5465]
	BaseThreadInitThunk [0x00007FFE02C8259D+29]
	RtlUserThreadStart [0x00007FFE038AAF38+40]

2025-04-18 10:14:07,185 - INFO - Tarayýcý kapatýldý.
2025-04-18 10:14:08,982 - INFO - Hata: Message: 
Stacktrace:
	GetHandleVerifier [0x00007FF686F65355+78597]
	GetHandleVerifier [0x00007FF686F653B0+78688]
	(No symbol) [0x00007FF686D191AA]
	(No symbol) [0x00007FF686D6F149]
	(No symbol) [0x00007FF686D6F3FC]
	(No symbol) [0x00007FF686DC2467]
	(No symbol) [0x00007FF686D9712F]
	(No symbol) [0x00007FF686DBF2BB]
	(No symbol) [0x00007FF686D96EC3]
	(No symbol) [0x00007FF686D603F8]
	(No symbol) [0x00007FF686D61163]
	GetHandleVerifier [0x00007FF68720EF0D+2870973]
	GetHandleVerifier [0x00007FF6872096B8+2848360]
	GetHandleVerifier [0x00007FF687226993+2967875]
	GetHandleVerifier [0x00007FF686F8019A+188746]
	GetHandleVerifier [0x00007FF686F8847F+222255]
	GetHandleVerifier [0x00007FF686F6D2D4+111236]
	GetHandleVerifier [0x00007FF686F6D482+111666]
	GetHandleVerifier [0x00007FF686F535A9+5465]
	BaseThreadInitThunk [0x00007FFE02C8259D+29]
	RtlUserThreadStart [0x00007FFE038AAF38+40]

2025-04-18 10:14:11,098 - INFO - Tarayýcý kapatýldý.
2025-04-18 10:14:11,745 - INFO - Hata: Message: 
Stacktrace:
	GetHandleVerifier [0x00007FF686F65355+78597]
	GetHandleVerifier [0x00007FF686F653B0+78688]
	(No symbol) [0x00007FF686D191AA]
	(No symbol) [0x00007FF686D6F149]
	(No symbol) [0x00007FF686D6F3FC]
	(No symbol) [0x00007FF686DC2467]
	(No symbol) [0x00007FF686D9712F]
	(No symbol) [0x00007FF686DBF2BB]
	(No symbol) [0x00007FF686D96EC3]
	(No symbol) [0x00007FF686D603F8]
	(No symbol) [0x00007FF686D61163]
	GetHandleVerifier [0x00007FF68720EF0D+2870973]
	GetHandleVerifier [0x00007FF6872096B8+2848360]
	GetHandleVerifier [0x00007FF687226993+2967875]
	GetHandleVerifier [0x00007FF686F8019A+188746]
	GetHandleVerifier [0x00007FF686F8847F+222255]
	GetHandleVerifier [0x00007FF686F6D2D4+111236]
	GetHandleVerifier [0x00007FF686F6D482+111666]
	GetHandleVerifier [0x00007FF686F535A9+5465]
	BaseThreadInitThunk [0x00007FFE02C8259D+29]
	RtlUserThreadStart [0x00007FFE038AAF38+40]

2025-04-18 10:14:13,823 - INFO - Tarayýcý kapatýldý.
2025-04-18 10:14:21,200 - INFO - Hata: Message: 
Stacktrace:
	GetHandleVerifier [0x00007FF686F65355+78597]
	GetHandleVerifier [0x00007FF686F653B0+78688]
	(No symbol) [0x00007FF686D191AA]
	(No symbol) [0x00007FF686D6F149]
	(No symbol) [0x00007FF686D6F3FC]
	(No symbol) [0x00007FF686DC2467]
	(No symbol) [0x00007FF686D9712F]
	(No symbol) [0x00007FF686DBF2BB]
	(No symbol) [0x00007FF686D96EC3]
	(No symbol) [0x00007FF686D603F8]
	(No symbol) [0x00007FF686D61163]
	GetHandleVerifier [0x00007FF68720EF0D+2870973]
	GetHandleVerifier [0x00007FF6872096B8+2848360]
	GetHandleVerifier [0x00007FF687226993+2967875]
	GetHandleVerifier [0x00007FF686F8019A+188746]
	GetHandleVerifier [0x00007FF686F8847F+222255]
	GetHandleVerifier [0x00007FF686F6D2D4+111236]
	GetHandleVerifier [0x00007FF686F6D482+111666]
	GetHandleVerifier [0x00007FF686F535A9+5465]
	BaseThreadInitThunk [0x00007FFE02C8259D+29]
	RtlUserThreadStart [0x00007FFE038AAF38+40]

2025-04-18 10:14:23,392 - INFO - Tarayýcý kapatýldý.
2025-04-18 10:14:31,842 - INFO - Hata: Message: 
Stacktrace:
	GetHandleVerifier [0x00007FF686F65355+78597]
	GetHandleVerifier [0x00007FF686F653B0+78688]
	(No symbol) [0x00007FF686D191AA]
	(No symbol) [0x00007FF686D6F149]
	(No symbol) [0x00007FF686D6F3FC]
	(No symbol) [0x00007FF686DC2467]
	(No symbol) [0x00007FF686D9712F]
	(No symbol) [0x00007FF686DBF2BB]
	(No symbol) [0x00007FF686D96EC3]
	(No symbol) [0x00007FF686D603F8]
	(No symbol) [0x00007FF686D61163]
	GetHandleVerifier [0x00007FF68720EF0D+2870973]
	GetHandleVerifier [0x00007FF6872096B8+2848360]
	GetHandleVerifier [0x00007FF687226993+2967875]
	GetHandleVerifier [0x00007FF686F8019A+188746]
	GetHandleVerifier [0x00007FF686F8847F+222255]
	GetHandleVerifier [0x00007FF686F6D2D4+111236]
	GetHandleVerifier [0x00007FF686F6D482+111666]
	GetHandleVerifier [0x00007FF686F535A9+5465]
	BaseThreadInitThunk [0x00007FFE02C8259D+29]
	RtlUserThreadStart [0x00007FFE038AAF38+40]

2025-04-18 10:14:31,986 - INFO - Hata: Message: 
Stacktrace:
	GetHandleVerifier [0x00007FF686F65355+78597]
	GetHandleVerifier [0x00007FF686F653B0+78688]
	(No symbol) [0x00007FF686D191AA]
	(No symbol) [0x00007FF686D6F149]
	(No symbol) [0x00007FF686D6F3FC]
	(No symbol) [0x00007FF686DC2467]
	(No symbol) [0x00007FF686D9712F]
	(No symbol) [0x00007FF686DBF2BB]
	(No symbol) [0x00007FF686D96EC3]
	(No symbol) [0x00007FF686D603F8]
	(No symbol) [0x00007FF686D61163]
	GetHandleVerifier [0x00007FF68720EF0D+2870973]
	GetHandleVerifier [0x00007FF6872096B8+2848360]
	GetHandleVerifier [0x00007FF687226993+2967875]
	GetHandleVerifier [0x00007FF686F8019A+188746]
	GetHandleVerifier [0x00007FF686F8847F+222255]
	GetHandleVerifier [0x00007FF686F6D2D4+111236]
	GetHandleVerifier [0x00007FF686F6D482+111666]
	GetHandleVerifier [0x00007FF686F535A9+5465]
	BaseThreadInitThunk [0x00007FFE02C8259D+29]
	RtlUserThreadStart [0x00007FFE038AAF38+40]

2025-04-18 10:14:33,958 - INFO - Tarayýcý kapatýldý.
2025-04-18 10:14:34,105 - INFO - Tarayýcý kapatýldý.
2025-04-18 10:14:34,595 - INFO - Hata: Message: 
Stacktrace:
	GetHandleVerifier [0x00007FF686F65355+78597]
	GetHandleVerifier [0x00007FF686F653B0+78688]
	(No symbol) [0x00007FF686D191AA]
	(No symbol) [0x00007FF686D6F149]
	(No symbol) [0x00007FF686D6F3FC]
	(No symbol) [0x00007FF686DC2467]
	(No symbol) [0x00007FF686D9712F]
	(No symbol) [0x00007FF686DBF2BB]
	(No symbol) [0x00007FF686D96EC3]
	(No symbol) [0x00007FF686D603F8]
	(No symbol) [0x00007FF686D61163]
	GetHandleVerifier [0x00007FF68720EF0D+2870973]
	GetHandleVerifier [0x00007FF6872096B8+2848360]
	GetHandleVerifier [0x00007FF687226993+2967875]
	GetHandleVerifier [0x00007FF686F8019A+188746]
	GetHandleVerifier [0x00007FF686F8847F+222255]
	GetHandleVerifier [0x00007FF686F6D2D4+111236]
	GetHandleVerifier [0x00007FF686F6D482+111666]
	GetHandleVerifier [0x00007FF686F535A9+5465]
	BaseThreadInitThunk [0x00007FFE02C8259D+29]
	RtlUserThreadStart [0x00007FFE038AAF38+40]

2025-04-18 10:14:35,000 - INFO - Hata: Message: 
Stacktrace:
	GetHandleVerifier [0x00007FF686F65355+78597]
	GetHandleVerifier [0x00007FF686F653B0+78688]
	(No symbol) [0x00007FF686D191AA]
	(No symbol) [0x00007FF686D6F149]
	(No symbol) [0x00007FF686D6F3FC]
	(No symbol) [0x00007FF686DC2467]
	(No symbol) [0x00007FF686D9712F]
	(No symbol) [0x00007FF686DBF2BB]
	(No symbol) [0x00007FF686D96EC3]
	(No symbol) [0x00007FF686D603F8]
	(No symbol) [0x00007FF686D61163]
	GetHandleVerifier [0x00007FF68720EF0D+2870973]
	GetHandleVerifier [0x00007FF6872096B8+2848360]
	GetHandleVerifier [0x00007FF687226993+2967875]
	GetHandleVerifier [0x00007FF686F8019A+188746]
	GetHandleVerifier [0x00007FF686F8847F+222255]
	GetHandleVerifier [0x00007FF686F6D2D4+111236]
	GetHandleVerifier [0x00007FF686F6D482+111666]
	GetHandleVerifier [0x00007FF686F535A9+5465]
	BaseThreadInitThunk [0x00007FFE02C8259D+29]
	RtlUserThreadStart [0x00007FFE038AAF38+40]

2025-04-18 10:14:36,756 - INFO - Tarayýcý kapatýldý.
2025-04-18 10:14:37,109 - INFO - Tarayýcý kapatýldý.
2025-04-18 10:14:45,552 - INFO - Hata: Message: 
Stacktrace:
	GetHandleVerifier [0x00007FF686F65355+78597]
	GetHandleVerifier [0x00007FF686F653B0+78688]
	(No symbol) [0x00007FF686D191AA]
	(No symbol) [0x00007FF686D6F149]
	(No symbol) [0x00007FF686D6F3FC]
	(No symbol) [0x00007FF686DC2467]
	(No symbol) [0x00007FF686D9712F]
	(No symbol) [0x00007FF686DBF2BB]
	(No symbol) [0x00007FF686D96EC3]
	(No symbol) [0x00007FF686D603F8]
	(No symbol) [0x00007FF686D61163]
	GetHandleVerifier [0x00007FF68720EF0D+2870973]
	GetHandleVerifier [0x00007FF6872096B8+2848360]
	GetHandleVerifier [0x00007FF687226993+2967875]
	GetHandleVerifier [0x00007FF686F8019A+188746]
	GetHandleVerifier [0x00007FF686F8847F+222255]
	GetHandleVerifier [0x00007FF686F6D2D4+111236]
	GetHandleVerifier [0x00007FF686F6D482+111666]
	GetHandleVerifier [0x00007FF686F535A9+5465]
	BaseThreadInitThunk [0x00007FFE02C8259D+29]
	RtlUserThreadStart [0x00007FFE038AAF38+40]

2025-04-18 10:14:47,659 - INFO - Tarayýcý kapatýldý.
2025-04-18 10:15:05,564 - INFO - Hata: Message: 
Stacktrace:
	GetHandleVerifier [0x00007FF686F65355+78597]
	GetHandleVerifier [0x00007FF686F653B0+78688]
	(No symbol) [0x00007FF686D191AA]
	(No symbol) [0x00007FF686D6F149]
	(No symbol) [0x00007FF686D6F3FC]
	(No symbol) [0x00007FF686DC2467]
	(No symbol) [0x00007FF686D9712F]
	(No symbol) [0x00007FF686DBF2BB]
	(No symbol) [0x00007FF686D96EC3]
	(No symbol) [0x00007FF686D603F8]
	(No symbol) [0x00007FF686D61163]
	GetHandleVerifier [0x00007FF68720EF0D+2870973]
	GetHandleVerifier [0x00007FF6872096B8+2848360]
	GetHandleVerifier [0x00007FF687226993+2967875]
	GetHandleVerifier [0x00007FF686F8019A+188746]
	GetHandleVerifier [0x00007FF686F8847F+222255]
	GetHandleVerifier [0x00007FF686F6D2D4+111236]
	GetHandleVerifier [0x00007FF686F6D482+111666]
	GetHandleVerifier [0x00007FF686F535A9+5465]
	BaseThreadInitThunk [0x00007FFE02C8259D+29]
	RtlUserThreadStart [0x00007FFE038AAF38+40]

2025-04-18 10:15:06,823 - INFO - Hata: Message: 
Stacktrace:
	GetHandleVerifier [0x00007FF686F65355+78597]
	GetHandleVerifier [0x00007FF686F653B0+78688]
	(No symbol) [0x00007FF686D191AA]
	(No symbol) [0x00007FF686D6F149]
	(No symbol) [0x00007FF686D6F3FC]
	(No symbol) [0x00007FF686DC2467]
	(No symbol) [0x00007FF686D9712F]
	(No symbol) [0x00007FF686DBF2BB]
	(No symbol) [0x00007FF686D96EC3]
	(No symbol) [0x00007FF686D603F8]
	(No symbol) [0x00007FF686D61163]
	GetHandleVerifier [0x00007FF68720EF0D+2870973]
	GetHandleVerifier [0x00007FF6872096B8+2848360]
	GetHandleVerifier [0x00007FF687226993+2967875]
	GetHandleVerifier [0x00007FF686F8019A+188746]
	GetHandleVerifier [0x00007FF686F8847F+222255]
	GetHandleVerifier [0x00007FF686F6D2D4+111236]
	GetHandleVerifier [0x00007FF686F6D482+111666]
	GetHandleVerifier [0x00007FF686F535A9+5465]
	BaseThreadInitThunk [0x00007FFE02C8259D+29]
	RtlUserThreadStart [0x00007FFE038AAF38+40]

2025-04-18 10:15:07,658 - INFO - Tarayýcý kapatýldý.
2025-04-18 10:15:08,931 - INFO - Tarayýcý kapatýldý.
2025-04-18 10:15:08,989 - INFO - Hata: Message: 
Stacktrace:
	GetHandleVerifier [0x00007FF686F65355+78597]
	GetHandleVerifier [0x00007FF686F653B0+78688]
	(No symbol) [0x00007FF686D191AA]
	(No symbol) [0x00007FF686D6F149]
	(No symbol) [0x00007FF686D6F3FC]
	(No symbol) [0x00007FF686DC2467]
	(No symbol) [0x00007FF686D9712F]
	(No symbol) [0x00007FF686DBF2BB]
	(No symbol) [0x00007FF686D96EC3]
	(No symbol) [0x00007FF686D603F8]
	(No symbol) [0x00007FF686D61163]
	GetHandleVerifier [0x00007FF68720EF0D+2870973]
	GetHandleVerifier [0x00007FF6872096B8+2848360]
	GetHandleVerifier [0x00007FF687226993+2967875]
	GetHandleVerifier [0x00007FF686F8019A+188746]
	GetHandleVerifier [0x00007FF686F8847F+222255]
	GetHandleVerifier [0x00007FF686F6D2D4+111236]
	GetHandleVerifier [0x00007FF686F6D482+111666]
	GetHandleVerifier [0x00007FF686F535A9+5465]
	BaseThreadInitThunk [0x00007FFE02C8259D+29]
	RtlUserThreadStart [0x00007FFE038AAF38+40]

2025-04-18 10:15:10,858 - INFO - Hata: Message: 
Stacktrace:
	GetHandleVerifier [0x00007FF686F65355+78597]
	GetHandleVerifier [0x00007FF686F653B0+78688]
	(No symbol) [0x00007FF686D191AA]
	(No symbol) [0x00007FF686D6F149]
	(No symbol) [0x00007FF686D6F3FC]
	(No symbol) [0x00007FF686DC2467]
	(No symbol) [0x00007FF686D9712F]
	(No symbol) [0x00007FF686DBF2BB]
	(No symbol) [0x00007FF686D96EC3]
	(No symbol) [0x00007FF686D603F8]
	(No symbol) [0x00007FF686D61163]
	GetHandleVerifier [0x00007FF68720EF0D+2870973]
	GetHandleVerifier [0x00007FF6872096B8+2848360]
	GetHandleVerifier [0x00007FF687226993+2967875]
	GetHandleVerifier [0x00007FF686F8019A+188746]
	GetHandleVerifier [0x00007FF686F8847F+222255]
	GetHandleVerifier [0x00007FF686F6D2D4+111236]
	GetHandleVerifier [0x00007FF686F6D482+111666]
	GetHandleVerifier [0x00007FF686F535A9+5465]
	BaseThreadInitThunk [0x00007FFE02C8259D+29]
	RtlUserThreadStart [0x00007FFE038AAF38+40]

2025-04-18 10:15:11,060 - INFO - Tarayýcý kapatýldý.
2025-04-18 10:15:13,186 - INFO - Tarayýcý kapatýldý.
2025-04-18 10:15:17,704 - INFO - Hata: Message: 
Stacktrace:
	GetHandleVerifier [0x00007FF686F65355+78597]
	GetHandleVerifier [0x00007FF686F653B0+78688]
	(No symbol) [0x00007FF686D191AA]
	(No symbol) [0x00007FF686D6F149]
	(No symbol) [0x00007FF686D6F3FC]
	(No symbol) [0x00007FF686DC2467]
	(No symbol) [0x00007FF686D9712F]
	(No symbol) [0x00007FF686DBF2BB]
	(No symbol) [0x00007FF686D96EC3]
	(No symbol) [0x00007FF686D603F8]
	(No symbol) [0x00007FF686D61163]
	GetHandleVerifier [0x00007FF68720EF0D+2870973]
	GetHandleVerifier [0x00007FF6872096B8+2848360]
	GetHandleVerifier [0x00007FF687226993+2967875]
	GetHandleVerifier [0x00007FF686F8019A+188746]
	GetHandleVerifier [0x00007FF686F8847F+222255]
	GetHandleVerifier [0x00007FF686F6D2D4+111236]
	GetHandleVerifier [0x00007FF686F6D482+111666]
	GetHandleVerifier [0x00007FF686F535A9+5465]
	BaseThreadInitThunk [0x00007FFE02C8259D+29]
	RtlUserThreadStart [0x00007FFE038AAF38+40]

2025-04-18 10:15:19,781 - INFO - Tarayýcý kapatýldý.
2025-04-18 10:15:26,061 - INFO - Hata: Message: 
Stacktrace:
	GetHandleVerifier [0x00007FF686F65355+78597]
	GetHandleVerifier [0x00007FF686F653B0+78688]
	(No symbol) [0x00007FF686D191AA]
	(No symbol) [0x00007FF686D6F149]
	(No symbol) [0x00007FF686D6F3FC]
	(No symbol) [0x00007FF686DC2467]
	(No symbol) [0x00007FF686D9712F]
	(No symbol) [0x00007FF686DBF2BB]
	(No symbol) [0x00007FF686D96EC3]
	(No symbol) [0x00007FF686D603F8]
	(No symbol) [0x00007FF686D61163]
	GetHandleVerifier [0x00007FF68720EF0D+2870973]
	GetHandleVerifier [0x00007FF6872096B8+2848360]
	GetHandleVerifier [0x00007FF687226993+2967875]
	GetHandleVerifier [0x00007FF686F8019A+188746]
	GetHandleVerifier [0x00007FF686F8847F+222255]
	GetHandleVerifier [0x00007FF686F6D2D4+111236]
	GetHandleVerifier [0x00007FF686F6D482+111666]
	GetHandleVerifier [0x00007FF686F535A9+5465]
	BaseThreadInitThunk [0x00007FFE02C8259D+29]
	RtlUserThreadStart [0x00007FFE038AAF38+40]

2025-04-18 10:15:28,177 - INFO - Tarayýcý kapatýldý.
2025-04-18 10:15:39,447 - INFO - Hata: Message: 
Stacktrace:
	GetHandleVerifier [0x00007FF686F65355+78597]
	GetHandleVerifier [0x00007FF686F653B0+78688]
	(No symbol) [0x00007FF686D191AA]
	(No symbol) [0x00007FF686D6F149]
	(No symbol) [0x00007FF686D6F3FC]
	(No symbol) [0x00007FF686DC2467]
	(No symbol) [0x00007FF686D9712F]
	(No symbol) [0x00007FF686DBF2BB]
	(No symbol) [0x00007FF686D96EC3]
	(No symbol) [0x00007FF686D603F8]
	(No symbol) [0x00007FF686D61163]
	GetHandleVerifier [0x00007FF68720EF0D+2870973]
	GetHandleVerifier [0x00007FF6872096B8+2848360]
	GetHandleVerifier [0x00007FF687226993+2967875]
	GetHandleVerifier [0x00007FF686F8019A+188746]
	GetHandleVerifier [0x00007FF686F8847F+222255]
	GetHandleVerifier [0x00007FF686F6D2D4+111236]
	GetHandleVerifier [0x00007FF686F6D482+111666]
	GetHandleVerifier [0x00007FF686F535A9+5465]
	BaseThreadInitThunk [0x00007FFE02C8259D+29]
	RtlUserThreadStart [0x00007FFE038AAF38+40]

2025-04-18 10:15:41,579 - INFO - Tarayýcý kapatýldý.
2025-04-18 10:15:43,560 - INFO - Hata: Message: 
Stacktrace:
	GetHandleVerifier [0x00007FF686F65355+78597]
	GetHandleVerifier [0x00007FF686F653B0+78688]
	(No symbol) [0x00007FF686D191AA]
	(No symbol) [0x00007FF686D6F149]
	(No symbol) [0x00007FF686D6F3FC]
	(No symbol) [0x00007FF686DC2467]
	(No symbol) [0x00007FF686D9712F]
	(No symbol) [0x00007FF686DBF2BB]
	(No symbol) [0x00007FF686D96EC3]
	(No symbol) [0x00007FF686D603F8]
	(No symbol) [0x00007FF686D61163]
	GetHandleVerifier [0x00007FF68720EF0D+2870973]
	GetHandleVerifier [0x00007FF6872096B8+2848360]
	GetHandleVerifier [0x00007FF687226993+2967875]
	GetHandleVerifier [0x00007FF686F8019A+188746]
	GetHandleVerifier [0x00007FF686F8847F+222255]
	GetHandleVerifier [0x00007FF686F6D2D4+111236]
	GetHandleVerifier [0x00007FF686F6D482+111666]
	GetHandleVerifier [0x00007FF686F535A9+5465]
	BaseThreadInitThunk [0x00007FFE02C8259D+29]
	RtlUserThreadStart [0x00007FFE038AAF38+40]

2025-04-18 10:15:44,053 - INFO - Hata: Message: 
Stacktrace:
	GetHandleVerifier [0x00007FF686F65355+78597]
	GetHandleVerifier [0x00007FF686F653B0+78688]
	(No symbol) [0x00007FF686D191AA]
	(No symbol) [0x00007FF686D6F149]
	(No symbol) [0x00007FF686D6F3FC]
	(No symbol) [0x00007FF686DC2467]
	(No symbol) [0x00007FF686D9712F]
	(No symbol) [0x00007FF686DBF2BB]
	(No symbol) [0x00007FF686D96EC3]
	(No symbol) [0x00007FF686D603F8]
	(No symbol) [0x00007FF686D61163]
	GetHandleVerifier [0x00007FF68720EF0D+2870973]
	GetHandleVerifier [0x00007FF6872096B8+2848360]
	GetHandleVerifier [0x00007FF687226993+2967875]
	GetHandleVerifier [0x00007FF686F8019A+188746]
	GetHandleVerifier [0x00007FF686F8847F+222255]
	GetHandleVerifier [0x00007FF686F6D2D4+111236]
	GetHandleVerifier [0x00007FF686F6D482+111666]
	GetHandleVerifier [0x00007FF686F535A9+5465]
	BaseThreadInitThunk [0x00007FFE02C8259D+29]
	RtlUserThreadStart [0x00007FFE038AAF38+40]

2025-04-18 10:15:45,646 - INFO - Tarayýcý kapatýldý.
2025-04-18 10:15:45,914 - INFO - Hata: Message: 
Stacktrace:
	GetHandleVerifier [0x00007FF686F65355+78597]
	GetHandleVerifier [0x00007FF686F653B0+78688]
	(No symbol) [0x00007FF686D191AA]
	(No symbol) [0x00007FF686D6F149]
	(No symbol) [0x00007FF686D6F3FC]
	(No symbol) [0x00007FF686DC2467]
	(No symbol) [0x00007FF686D9712F]
	(No symbol) [0x00007FF686DBF2BB]
	(No symbol) [0x00007FF686D96EC3]
	(No symbol) [0x00007FF686D603F8]
	(No symbol) [0x00007FF686D61163]
	GetHandleVerifier [0x00007FF68720EF0D+2870973]
	GetHandleVerifier [0x00007FF6872096B8+2848360]
	GetHandleVerifier [0x00007FF687226993+2967875]
	GetHandleVerifier [0x00007FF686F8019A+188746]
	GetHandleVerifier [0x00007FF686F8847F+222255]
	GetHandleVerifier [0x00007FF686F6D2D4+111236]
	GetHandleVerifier [0x00007FF686F6D482+111666]
	GetHandleVerifier [0x00007FF686F535A9+5465]
	BaseThreadInitThunk [0x00007FFE02C8259D+29]
	RtlUserThreadStart [0x00007FFE038AAF38+40]

2025-04-18 10:15:47,226 - INFO - Tarayýcý kapatýldý.
2025-04-18 10:15:47,993 - INFO - Tarayýcý kapatýldý.
2025-04-18 10:15:49,339 - INFO - Hata: Message: 
Stacktrace:
	GetHandleVerifier [0x00007FF686F65355+78597]
	GetHandleVerifier [0x00007FF686F653B0+78688]
	(No symbol) [0x00007FF686D191AA]
	(No symbol) [0x00007FF686D6F149]
	(No symbol) [0x00007FF686D6F3FC]
	(No symbol) [0x00007FF686DC2467]
	(No symbol) [0x00007FF686D9712F]
	(No symbol) [0x00007FF686DBF2BB]
	(No symbol) [0x00007FF686D96EC3]
	(No symbol) [0x00007FF686D603F8]
	(No symbol) [0x00007FF686D61163]
	GetHandleVerifier [0x00007FF68720EF0D+2870973]
	GetHandleVerifier [0x00007FF6872096B8+2848360]
	GetHandleVerifier [0x00007FF687226993+2967875]
	GetHandleVerifier [0x00007FF686F8019A+188746]
	GetHandleVerifier [0x00007FF686F8847F+222255]
	GetHandleVerifier [0x00007FF686F6D2D4+111236]
	GetHandleVerifier [0x00007FF686F6D482+111666]
	GetHandleVerifier [0x00007FF686F535A9+5465]
	BaseThreadInitThunk [0x00007FFE02C8259D+29]
	RtlUserThreadStart [0x00007FFE038AAF38+40]

2025-04-18 10:15:51,527 - INFO - Tarayýcý kapatýldý.
2025-04-18 10:16:02,098 - INFO - Hata: Message: 
Stacktrace:
	GetHandleVerifier [0x00007FF686F65355+78597]
	GetHandleVerifier [0x00007FF686F653B0+78688]
	(No symbol) [0x00007FF686D191AA]
	(No symbol) [0x00007FF686D6F149]
	(No symbol) [0x00007FF686D6F3FC]
	(No symbol) [0x00007FF686DC2467]
	(No symbol) [0x00007FF686D9712F]
	(No symbol) [0x00007FF686DBF2BB]
	(No symbol) [0x00007FF686D96EC3]
	(No symbol) [0x00007FF686D603F8]
	(No symbol) [0x00007FF686D61163]
	GetHandleVerifier [0x00007FF68720EF0D+2870973]
	GetHandleVerifier [0x00007FF6872096B8+2848360]
	GetHandleVerifier [0x00007FF687226993+2967875]
	GetHandleVerifier [0x00007FF686F8019A+188746]
	GetHandleVerifier [0x00007FF686F8847F+222255]
	GetHandleVerifier [0x00007FF686F6D2D4+111236]
	GetHandleVerifier [0x00007FF686F6D482+111666]
	GetHandleVerifier [0x00007FF686F535A9+5465]
	BaseThreadInitThunk [0x00007FFE02C8259D+29]
	RtlUserThreadStart [0x00007FFE038AAF38+40]

2025-04-18 10:16:04,264 - INFO - Tarayýcý kapatýldý.
2025-04-18 10:16:04,722 - INFO - Hata: Message: 
Stacktrace:
	GetHandleVerifier [0x00007FF686F65355+78597]
	GetHandleVerifier [0x00007FF686F653B0+78688]
	(No symbol) [0x00007FF686D191AA]
	(No symbol) [0x00007FF686D6F149]
	(No symbol) [0x00007FF686D6F3FC]
	(No symbol) [0x00007FF686DC2467]
	(No symbol) [0x00007FF686D9712F]
	(No symbol) [0x00007FF686DBF2BB]
	(No symbol) [0x00007FF686D96EC3]
	(No symbol) [0x00007FF686D603F8]
	(No symbol) [0x00007FF686D61163]
	GetHandleVerifier [0x00007FF68720EF0D+2870973]
	GetHandleVerifier [0x00007FF6872096B8+2848360]
	GetHandleVerifier [0x00007FF687226993+2967875]
	GetHandleVerifier [0x00007FF686F8019A+188746]
	GetHandleVerifier [0x00007FF686F8847F+222255]
	GetHandleVerifier [0x00007FF686F6D2D4+111236]
	GetHandleVerifier [0x00007FF686F6D482+111666]
	GetHandleVerifier [0x00007FF686F535A9+5465]
	BaseThreadInitThunk [0x00007FFE02C8259D+29]
	RtlUserThreadStart [0x00007FFE038AAF38+40]

2025-04-18 10:16:06,841 - INFO - Tarayýcý kapatýldý.
2025-04-18 10:16:07,820 - INFO - Hata: Message: 
Stacktrace:
	GetHandleVerifier [0x00007FF686F65355+78597]
	GetHandleVerifier [0x00007FF686F653B0+78688]
	(No symbol) [0x00007FF686D191AA]
	(No symbol) [0x00007FF686D6F149]
	(No symbol) [0x00007FF686D6F3FC]
	(No symbol) [0x00007FF686DC2467]
	(No symbol) [0x00007FF686D9712F]
	(No symbol) [0x00007FF686DBF2BB]
	(No symbol) [0x00007FF686D96EC3]
	(No symbol) [0x00007FF686D603F8]
	(No symbol) [0x00007FF686D61163]
	GetHandleVerifier [0x00007FF68720EF0D+2870973]
	GetHandleVerifier [0x00007FF6872096B8+2848360]
	GetHandleVerifier [0x00007FF687226993+2967875]
	GetHandleVerifier [0x00007FF686F8019A+188746]
	GetHandleVerifier [0x00007FF686F8847F+222255]
	GetHandleVerifier [0x00007FF686F6D2D4+111236]
	GetHandleVerifier [0x00007FF686F6D482+111666]
	GetHandleVerifier [0x00007FF686F535A9+5465]
	BaseThreadInitThunk [0x00007FFE02C8259D+29]
	RtlUserThreadStart [0x00007FFE038AAF38+40]

2025-04-18 10:16:08,787 - INFO - Hata: Message: 
Stacktrace:
	GetHandleVerifier [0x00007FF686F65355+78597]
	GetHandleVerifier [0x00007FF686F653B0+78688]
	(No symbol) [0x00007FF686D191AA]
	(No symbol) [0x00007FF686D6F149]
	(No symbol) [0x00007FF686D6F3FC]
	(No symbol) [0x00007FF686DC2467]
	(No symbol) [0x00007FF686D9712F]
	(No symbol) [0x00007FF686DBF2BB]
	(No symbol) [0x00007FF686D96EC3]
	(No symbol) [0x00007FF686D603F8]
	(No symbol) [0x00007FF686D61163]
	GetHandleVerifier [0x00007FF68720EF0D+2870973]
	GetHandleVerifier [0x00007FF6872096B8+2848360]
	GetHandleVerifier [0x00007FF687226993+2967875]
	GetHandleVerifier [0x00007FF686F8019A+188746]
	GetHandleVerifier [0x00007FF686F8847F+222255]
	GetHandleVerifier [0x00007FF686F6D2D4+111236]
	GetHandleVerifier [0x00007FF686F6D482+111666]
	GetHandleVerifier [0x00007FF686F535A9+5465]
	BaseThreadInitThunk [0x00007FFE02C8259D+29]
	RtlUserThreadStart [0x00007FFE038AAF38+40]

2025-04-18 10:16:09,990 - INFO - Tarayýcý kapatýldý.
2025-04-18 10:16:10,876 - INFO - Tarayýcý kapatýldý.
2025-04-18 10:16:12,399 - INFO - Hata: Message: 
Stacktrace:
	GetHandleVerifier [0x00007FF686F65355+78597]
	GetHandleVerifier [0x00007FF686F653B0+78688]
	(No symbol) [0x00007FF686D191AA]
	(No symbol) [0x00007FF686D6F149]
	(No symbol) [0x00007FF686D6F3FC]
	(No symbol) [0x00007FF686DC2467]
	(No symbol) [0x00007FF686D9712F]
	(No symbol) [0x00007FF686DBF2BB]
	(No symbol) [0x00007FF686D96EC3]
	(No symbol) [0x00007FF686D603F8]
	(No symbol) [0x00007FF686D61163]
	GetHandleVerifier [0x00007FF68720EF0D+2870973]
	GetHandleVerifier [0x00007FF6872096B8+2848360]
	GetHandleVerifier [0x00007FF687226993+2967875]
	GetHandleVerifier [0x00007FF686F8019A+188746]
	GetHandleVerifier [0x00007FF686F8847F+222255]
	GetHandleVerifier [0x00007FF686F6D2D4+111236]
	GetHandleVerifier [0x00007FF686F6D482+111666]
	GetHandleVerifier [0x00007FF686F535A9+5465]
	BaseThreadInitThunk [0x00007FFE02C8259D+29]
	RtlUserThreadStart [0x00007FFE038AAF38+40]

2025-04-18 10:16:14,553 - INFO - Tarayýcý kapatýldý.
2025-04-18 10:16:24,714 - INFO - Hata: Message: 
Stacktrace:
	GetHandleVerifier [0x00007FF686F65355+78597]
	GetHandleVerifier [0x00007FF686F653B0+78688]
	(No symbol) [0x00007FF686D191AA]
	(No symbol) [0x00007FF686D6F149]
	(No symbol) [0x00007FF686D6F3FC]
	(No symbol) [0x00007FF686DC2467]
	(No symbol) [0x00007FF686D9712F]
	(No symbol) [0x00007FF686DBF2BB]
	(No symbol) [0x00007FF686D96EC3]
	(No symbol) [0x00007FF686D603F8]
	(No symbol) [0x00007FF686D61163]
	GetHandleVerifier [0x00007FF68720EF0D+2870973]
	GetHandleVerifier [0x00007FF6872096B8+2848360]
	GetHandleVerifier [0x00007FF687226993+2967875]
	GetHandleVerifier [0x00007FF686F8019A+188746]
	GetHandleVerifier [0x00007FF686F8847F+222255]
	GetHandleVerifier [0x00007FF686F6D2D4+111236]
	GetHandleVerifier [0x00007FF686F6D482+111666]
	GetHandleVerifier [0x00007FF686F535A9+5465]
	BaseThreadInitThunk [0x00007FFE02C8259D+29]
	RtlUserThreadStart [0x00007FFE038AAF38+40]

2025-04-18 10:16:26,981 - INFO - Tarayýcý kapatýldý.
2025-04-18 10:16:28,141 - INFO - Hata: Message: 
Stacktrace:
	GetHandleVerifier [0x00007FF686F65355+78597]
	GetHandleVerifier [0x00007FF686F653B0+78688]
	(No symbol) [0x00007FF686D191AA]
	(No symbol) [0x00007FF686D6F149]
	(No symbol) [0x00007FF686D6F3FC]
	(No symbol) [0x00007FF686DC2467]
	(No symbol) [0x00007FF686D9712F]
	(No symbol) [0x00007FF686DBF2BB]
	(No symbol) [0x00007FF686D96EC3]
	(No symbol) [0x00007FF686D603F8]
	(No symbol) [0x00007FF686D61163]
	GetHandleVerifier [0x00007FF68720EF0D+2870973]
	GetHandleVerifier [0x00007FF6872096B8+2848360]
	GetHandleVerifier [0x00007FF687226993+2967875]
	GetHandleVerifier [0x00007FF686F8019A+188746]
	GetHandleVerifier [0x00007FF686F8847F+222255]
	GetHandleVerifier [0x00007FF686F6D2D4+111236]
	GetHandleVerifier [0x00007FF686F6D482+111666]
	GetHandleVerifier [0x00007FF686F535A9+5465]
	BaseThreadInitThunk [0x00007FFE02C8259D+29]
	RtlUserThreadStart [0x00007FFE038AAF38+40]

2025-04-18 10:16:29,212 - INFO - Hata: Message: 
Stacktrace:
	GetHandleVerifier [0x00007FF686F65355+78597]
	GetHandleVerifier [0x00007FF686F653B0+78688]
	(No symbol) [0x00007FF686D191AA]
	(No symbol) [0x00007FF686D6F149]
	(No symbol) [0x00007FF686D6F3FC]
	(No symbol) [0x00007FF686DC2467]
	(No symbol) [0x00007FF686D9712F]
	(No symbol) [0x00007FF686DBF2BB]
	(No symbol) [0x00007FF686D96EC3]
	(No symbol) [0x00007FF686D603F8]
	(No symbol) [0x00007FF686D61163]
	GetHandleVerifier [0x00007FF68720EF0D+2870973]
	GetHandleVerifier [0x00007FF6872096B8+2848360]
	GetHandleVerifier [0x00007FF687226993+2967875]
	GetHandleVerifier [0x00007FF686F8019A+188746]
	GetHandleVerifier [0x00007FF686F8847F+222255]
	GetHandleVerifier [0x00007FF686F6D2D4+111236]
	GetHandleVerifier [0x00007FF686F6D482+111666]
	GetHandleVerifier [0x00007FF686F535A9+5465]
	BaseThreadInitThunk [0x00007FFE02C8259D+29]
	RtlUserThreadStart [0x00007FFE038AAF38+40]

2025-04-18 10:16:30,260 - INFO - Tarayýcý kapatýldý.
2025-04-18 10:16:31,322 - INFO - Tarayýcý kapatýldý.
2025-04-18 10:16:31,739 - INFO - Hata: Message: 
Stacktrace:
	GetHandleVerifier [0x00007FF686F65355+78597]
	GetHandleVerifier [0x00007FF686F653B0+78688]
	(No symbol) [0x00007FF686D191AA]
	(No symbol) [0x00007FF686D6F149]
	(No symbol) [0x00007FF686D6F3FC]
	(No symbol) [0x00007FF686DC2467]
	(No symbol) [0x00007FF686D9712F]
	(No symbol) [0x00007FF686DBF2BB]
	(No symbol) [0x00007FF686D96EC3]
	(No symbol) [0x00007FF686D603F8]
	(No symbol) [0x00007FF686D61163]
	GetHandleVerifier [0x00007FF68720EF0D+2870973]
	GetHandleVerifier [0x00007FF6872096B8+2848360]
	GetHandleVerifier [0x00007FF687226993+2967875]
	GetHandleVerifier [0x00007FF686F8019A+188746]
	GetHandleVerifier [0x00007FF686F8847F+222255]
	GetHandleVerifier [0x00007FF686F6D2D4+111236]
	GetHandleVerifier [0x00007FF686F6D482+111666]
	GetHandleVerifier [0x00007FF686F535A9+5465]
	BaseThreadInitThunk [0x00007FFE02C8259D+29]
	RtlUserThreadStart [0x00007FFE038AAF38+40]

2025-04-18 10:16:33,823 - INFO - Tarayýcý kapatýldý.
2025-04-18 10:16:47,994 - INFO - Hata: Message: 
Stacktrace:
	GetHandleVerifier [0x00007FF686F65355+78597]
	GetHandleVerifier [0x00007FF686F653B0+78688]
	(No symbol) [0x00007FF686D191AA]
	(No symbol) [0x00007FF686D6F149]
	(No symbol) [0x00007FF686D6F3FC]
	(No symbol) [0x00007FF686DC2467]
	(No symbol) [0x00007FF686D9712F]
	(No symbol) [0x00007FF686DBF2BB]
	(No symbol) [0x00007FF686D96EC3]
	(No symbol) [0x00007FF686D603F8]
	(No symbol) [0x00007FF686D61163]
	GetHandleVerifier [0x00007FF68720EF0D+2870973]
	GetHandleVerifier [0x00007FF6872096B8+2848360]
	GetHandleVerifier [0x00007FF687226993+2967875]
	GetHandleVerifier [0x00007FF686F8019A+188746]
	GetHandleVerifier [0x00007FF686F8847F+222255]
	GetHandleVerifier [0x00007FF686F6D2D4+111236]
	GetHandleVerifier [0x00007FF686F6D482+111666]
	GetHandleVerifier [0x00007FF686F535A9+5465]
	BaseThreadInitThunk [0x00007FFE02C8259D+29]
	RtlUserThreadStart [0x00007FFE038AAF38+40]

2025-04-18 10:16:49,624 - INFO - Hata: Message: 
Stacktrace:
	GetHandleVerifier [0x00007FF686F65355+78597]
	GetHandleVerifier [0x00007FF686F653B0+78688]
	(No symbol) [0x00007FF686D191AA]
	(No symbol) [0x00007FF686D6F149]
	(No symbol) [0x00007FF686D6F3FC]
	(No symbol) [0x00007FF686DC2467]
	(No symbol) [0x00007FF686D9712F]
	(No symbol) [0x00007FF686DBF2BB]
	(No symbol) [0x00007FF686D96EC3]
	(No symbol) [0x00007FF686D603F8]
	(No symbol) [0x00007FF686D61163]
	GetHandleVerifier [0x00007FF68720EF0D+2870973]
	GetHandleVerifier [0x00007FF6872096B8+2848360]
	GetHandleVerifier [0x00007FF687226993+2967875]
	GetHandleVerifier [0x00007FF686F8019A+188746]
	GetHandleVerifier [0x00007FF686F8847F+222255]
	GetHandleVerifier [0x00007FF686F6D2D4+111236]
	GetHandleVerifier [0x00007FF686F6D482+111666]
	GetHandleVerifier [0x00007FF686F535A9+5465]
	BaseThreadInitThunk [0x00007FFE02C8259D+29]
	RtlUserThreadStart [0x00007FFE038AAF38+40]

2025-04-18 10:16:50,101 - INFO - Tarayýcý kapatýldý.
2025-04-18 10:16:51,592 - INFO - Hata: Message: 
Stacktrace:
	GetHandleVerifier [0x00007FF686F65355+78597]
	GetHandleVerifier [0x00007FF686F653B0+78688]
	(No symbol) [0x00007FF686D191AA]
	(No symbol) [0x00007FF686D6F149]
	(No symbol) [0x00007FF686D6F3FC]
	(No symbol) [0x00007FF686DC2467]
	(No symbol) [0x00007FF686D9712F]
	(No symbol) [0x00007FF686DBF2BB]
	(No symbol) [0x00007FF686D96EC3]
	(No symbol) [0x00007FF686D603F8]
	(No symbol) [0x00007FF686D61163]
	GetHandleVerifier [0x00007FF68720EF0D+2870973]
	GetHandleVerifier [0x00007FF6872096B8+2848360]
	GetHandleVerifier [0x00007FF687226993+2967875]
	GetHandleVerifier [0x00007FF686F8019A+188746]
	GetHandleVerifier [0x00007FF686F8847F+222255]
	GetHandleVerifier [0x00007FF686F6D2D4+111236]
	GetHandleVerifier [0x00007FF686F6D482+111666]
	GetHandleVerifier [0x00007FF686F535A9+5465]
	BaseThreadInitThunk [0x00007FFE02C8259D+29]
	RtlUserThreadStart [0x00007FFE038AAF38+40]

2025-04-18 10:16:51,739 - INFO - Tarayýcý kapatýldý.
2025-04-18 10:16:52,142 - INFO - Hata: Message: 
Stacktrace:
	GetHandleVerifier [0x00007FF686F65355+78597]
	GetHandleVerifier [0x00007FF686F653B0+78688]
	(No symbol) [0x00007FF686D191AA]
	(No symbol) [0x00007FF686D6F149]
	(No symbol) [0x00007FF686D6F3FC]
	(No symbol) [0x00007FF686DC2467]
	(No symbol) [0x00007FF686D9712F]
	(No symbol) [0x00007FF686DBF2BB]
	(No symbol) [0x00007FF686D96EC3]
	(No symbol) [0x00007FF686D603F8]
	(No symbol) [0x00007FF686D61163]
	GetHandleVerifier [0x00007FF68720EF0D+2870973]
	GetHandleVerifier [0x00007FF6872096B8+2848360]
	GetHandleVerifier [0x00007FF687226993+2967875]
	GetHandleVerifier [0x00007FF686F8019A+188746]
	GetHandleVerifier [0x00007FF686F8847F+222255]
	GetHandleVerifier [0x00007FF686F6D2D4+111236]
	GetHandleVerifier [0x00007FF686F6D482+111666]
	GetHandleVerifier [0x00007FF686F535A9+5465]
	BaseThreadInitThunk [0x00007FFE02C8259D+29]
	RtlUserThreadStart [0x00007FFE038AAF38+40]

2025-04-18 10:16:53,675 - INFO - Tarayýcý kapatýldý.
2025-04-18 10:16:54,224 - INFO - Tarayýcý kapatýldý.
2025-04-18 10:17:10,077 - INFO - Hata: Message: 
Stacktrace:
	GetHandleVerifier [0x00007FF686F65355+78597]
	GetHandleVerifier [0x00007FF686F653B0+78688]
	(No symbol) [0x00007FF686D191AA]
	(No symbol) [0x00007FF686D6F149]
	(No symbol) [0x00007FF686D6F3FC]
	(No symbol) [0x00007FF686DC2467]
	(No symbol) [0x00007FF686D9712F]
	(No symbol) [0x00007FF686DBF2BB]
	(No symbol) [0x00007FF686D96EC3]
	(No symbol) [0x00007FF686D603F8]
	(No symbol) [0x00007FF686D61163]
	GetHandleVerifier [0x00007FF68720EF0D+2870973]
	GetHandleVerifier [0x00007FF6872096B8+2848360]
	GetHandleVerifier [0x00007FF687226993+2967875]
	GetHandleVerifier [0x00007FF686F8019A+188746]
	GetHandleVerifier [0x00007FF686F8847F+222255]
	GetHandleVerifier [0x00007FF686F6D2D4+111236]
	GetHandleVerifier [0x00007FF686F6D482+111666]
	GetHandleVerifier [0x00007FF686F535A9+5465]
	BaseThreadInitThunk [0x00007FFE02C8259D+29]
	RtlUserThreadStart [0x00007FFE038AAF38+40]

2025-04-18 10:17:12,168 - INFO - Tarayýcý kapatýldý.
2025-04-18 10:17:12,438 - INFO - Hata: Message: 
Stacktrace:
	GetHandleVerifier [0x00007FF686F65355+78597]
	GetHandleVerifier [0x00007FF686F653B0+78688]
	(No symbol) [0x00007FF686D191AA]
	(No symbol) [0x00007FF686D6F149]
	(No symbol) [0x00007FF686D6F3FC]
	(No symbol) [0x00007FF686DC2467]
	(No symbol) [0x00007FF686D9712F]
	(No symbol) [0x00007FF686DBF2BB]
	(No symbol) [0x00007FF686D96EC3]
	(No symbol) [0x00007FF686D603F8]
	(No symbol) [0x00007FF686D61163]
	GetHandleVerifier [0x00007FF68720EF0D+2870973]
	GetHandleVerifier [0x00007FF6872096B8+2848360]
	GetHandleVerifier [0x00007FF687226993+2967875]
	GetHandleVerifier [0x00007FF686F8019A+188746]
	GetHandleVerifier [0x00007FF686F8847F+222255]
	GetHandleVerifier [0x00007FF686F6D2D4+111236]
	GetHandleVerifier [0x00007FF686F6D482+111666]
	GetHandleVerifier [0x00007FF686F535A9+5465]
	BaseThreadInitThunk [0x00007FFE02C8259D+29]
	RtlUserThreadStart [0x00007FFE038AAF38+40]

2025-04-18 10:17:14,553 - INFO - Tarayýcý kapatýldý.
2025-04-18 10:17:14,730 - INFO - Hata: Message: 
Stacktrace:
	GetHandleVerifier [0x00007FF686F65355+78597]
	GetHandleVerifier [0x00007FF686F653B0+78688]
	(No symbol) [0x00007FF686D191AA]
	(No symbol) [0x00007FF686D6F149]
	(No symbol) [0x00007FF686D6F3FC]
	(No symbol) [0x00007FF686DC2467]
	(No symbol) [0x00007FF686D9712F]
	(No symbol) [0x00007FF686DBF2BB]
	(No symbol) [0x00007FF686D96EC3]
	(No symbol) [0x00007FF686D603F8]
	(No symbol) [0x00007FF686D61163]
	GetHandleVerifier [0x00007FF68720EF0D+2870973]
	GetHandleVerifier [0x00007FF6872096B8+2848360]
	GetHandleVerifier [0x00007FF687226993+2967875]
	GetHandleVerifier [0x00007FF686F8019A+188746]
	GetHandleVerifier [0x00007FF686F8847F+222255]
	GetHandleVerifier [0x00007FF686F6D2D4+111236]
	GetHandleVerifier [0x00007FF686F6D482+111666]
	GetHandleVerifier [0x00007FF686F535A9+5465]
	BaseThreadInitThunk [0x00007FFE02C8259D+29]
	RtlUserThreadStart [0x00007FFE038AAF38+40]

2025-04-18 10:17:15,372 - INFO - Hata: Message: 
Stacktrace:
	GetHandleVerifier [0x00007FF686F65355+78597]
	GetHandleVerifier [0x00007FF686F653B0+78688]
	(No symbol) [0x00007FF686D191AA]
	(No symbol) [0x00007FF686D6F149]
	(No symbol) [0x00007FF686D6F3FC]
	(No symbol) [0x00007FF686DC2467]
	(No symbol) [0x00007FF686D9712F]
	(No symbol) [0x00007FF686DBF2BB]
	(No symbol) [0x00007FF686D96EC3]
	(No symbol) [0x00007FF686D603F8]
	(No symbol) [0x00007FF686D61163]
	GetHandleVerifier [0x00007FF68720EF0D+2870973]
	GetHandleVerifier [0x00007FF6872096B8+2848360]
	GetHandleVerifier [0x00007FF687226993+2967875]
	GetHandleVerifier [0x00007FF686F8019A+188746]
	GetHandleVerifier [0x00007FF686F8847F+222255]
	GetHandleVerifier [0x00007FF686F6D2D4+111236]
	GetHandleVerifier [0x00007FF686F6D482+111666]
	GetHandleVerifier [0x00007FF686F535A9+5465]
	BaseThreadInitThunk [0x00007FFE02C8259D+29]
	RtlUserThreadStart [0x00007FFE038AAF38+40]

2025-04-18 10:17:16,812 - INFO - Tarayýcý kapatýldý.
2025-04-18 10:17:17,446 - INFO - Tarayýcý kapatýldý.
2025-04-18 10:17:33,762 - INFO - Hata: Message: 
Stacktrace:
	GetHandleVerifier [0x00007FF686F65355+78597]
	GetHandleVerifier [0x00007FF686F653B0+78688]
	(No symbol) [0x00007FF686D191AA]
	(No symbol) [0x00007FF686D6F149]
	(No symbol) [0x00007FF686D6F3FC]
	(No symbol) [0x00007FF686DC2467]
	(No symbol) [0x00007FF686D9712F]
	(No symbol) [0x00007FF686DBF2BB]
	(No symbol) [0x00007FF686D96EC3]
	(No symbol) [0x00007FF686D603F8]
	(No symbol) [0x00007FF686D61163]
	GetHandleVerifier [0x00007FF68720EF0D+2870973]
	GetHandleVerifier [0x00007FF6872096B8+2848360]
	GetHandleVerifier [0x00007FF687226993+2967875]
	GetHandleVerifier [0x00007FF686F8019A+188746]
	GetHandleVerifier [0x00007FF686F8847F+222255]
	GetHandleVerifier [0x00007FF686F6D2D4+111236]
	GetHandleVerifier [0x00007FF686F6D482+111666]
	GetHandleVerifier [0x00007FF686F535A9+5465]
	BaseThreadInitThunk [0x00007FFE02C8259D+29]
	RtlUserThreadStart [0x00007FFE038AAF38+40]

2025-04-18 10:17:35,864 - INFO - Tarayýcý kapatýldý.
2025-04-18 10:17:36,169 - INFO - Hata: Message: 
Stacktrace:
	GetHandleVerifier [0x00007FF686F65355+78597]
	GetHandleVerifier [0x00007FF686F653B0+78688]
	(No symbol) [0x00007FF686D191AA]
	(No symbol) [0x00007FF686D6F149]
	(No symbol) [0x00007FF686D6F3FC]
	(No symbol) [0x00007FF686DC2467]
	(No symbol) [0x00007FF686D9712F]
	(No symbol) [0x00007FF686DBF2BB]
	(No symbol) [0x00007FF686D96EC3]
	(No symbol) [0x00007FF686D603F8]
	(No symbol) [0x00007FF686D61163]
	GetHandleVerifier [0x00007FF68720EF0D+2870973]
	GetHandleVerifier [0x00007FF6872096B8+2848360]
	GetHandleVerifier [0x00007FF687226993+2967875]
	GetHandleVerifier [0x00007FF686F8019A+188746]
	GetHandleVerifier [0x00007FF686F8847F+222255]
	GetHandleVerifier [0x00007FF686F6D2D4+111236]
	GetHandleVerifier [0x00007FF686F6D482+111666]
	GetHandleVerifier [0x00007FF686F535A9+5465]
	BaseThreadInitThunk [0x00007FFE02C8259D+29]
	RtlUserThreadStart [0x00007FFE038AAF38+40]

2025-04-18 10:17:37,820 - INFO - Hata: Message: 
Stacktrace:
	GetHandleVerifier [0x00007FF686F65355+78597]
	GetHandleVerifier [0x00007FF686F653B0+78688]
	(No symbol) [0x00007FF686D191AA]
	(No symbol) [0x00007FF686D6F149]
	(No symbol) [0x00007FF686D6F3FC]
	(No symbol) [0x00007FF686DC2467]
	(No symbol) [0x00007FF686D9712F]
	(No symbol) [0x00007FF686DBF2BB]
	(No symbol) [0x00007FF686D96EC3]
	(No symbol) [0x00007FF686D603F8]
	(No symbol) [0x00007FF686D61163]
	GetHandleVerifier [0x00007FF68720EF0D+2870973]
	GetHandleVerifier [0x00007FF6872096B8+2848360]
	GetHandleVerifier [0x00007FF687226993+2967875]
	GetHandleVerifier [0x00007FF686F8019A+188746]
	GetHandleVerifier [0x00007FF686F8847F+222255]
	GetHandleVerifier [0x00007FF686F6D2D4+111236]
	GetHandleVerifier [0x00007FF686F6D482+111666]
	GetHandleVerifier [0x00007FF686F535A9+5465]
	BaseThreadInitThunk [0x00007FFE02C8259D+29]
	RtlUserThreadStart [0x00007FFE038AAF38+40]

2025-04-18 10:17:38,253 - INFO - Tarayýcý kapatýldý.
2025-04-18 10:17:38,505 - INFO - Hata: Message: 
Stacktrace:
	GetHandleVerifier [0x00007FF686F65355+78597]
	GetHandleVerifier [0x00007FF686F653B0+78688]
	(No symbol) [0x00007FF686D191AA]
	(No symbol) [0x00007FF686D6F149]
	(No symbol) [0x00007FF686D6F3FC]
	(No symbol) [0x00007FF686DC2467]
	(No symbol) [0x00007FF686D9712F]
	(No symbol) [0x00007FF686DBF2BB]
	(No symbol) [0x00007FF686D96EC3]
	(No symbol) [0x00007FF686D603F8]
	(No symbol) [0x00007FF686D61163]
	GetHandleVerifier [0x00007FF68720EF0D+2870973]
	GetHandleVerifier [0x00007FF6872096B8+2848360]
	GetHandleVerifier [0x00007FF687226993+2967875]
	GetHandleVerifier [0x00007FF686F8019A+188746]
	GetHandleVerifier [0x00007FF686F8847F+222255]
	GetHandleVerifier [0x00007FF686F6D2D4+111236]
	GetHandleVerifier [0x00007FF686F6D482+111666]
	GetHandleVerifier [0x00007FF686F535A9+5465]
	BaseThreadInitThunk [0x00007FFE02C8259D+29]
	RtlUserThreadStart [0x00007FFE038AAF38+40]

2025-04-18 10:17:39,910 - INFO - Tarayýcý kapatýldý.
2025-04-18 10:17:40,607 - INFO - Tarayýcý kapatýldý.
2025-04-18 10:17:54,674 - INFO - Hata: Message: 
Stacktrace:
	GetHandleVerifier [0x00007FF686F65355+78597]
	GetHandleVerifier [0x00007FF686F653B0+78688]
	(No symbol) [0x00007FF686D191AA]
	(No symbol) [0x00007FF686D6F149]
	(No symbol) [0x00007FF686D6F3FC]
	(No symbol) [0x00007FF686DC2467]
	(No symbol) [0x00007FF686D9712F]
	(No symbol) [0x00007FF686DBF2BB]
	(No symbol) [0x00007FF686D96EC3]
	(No symbol) [0x00007FF686D603F8]
	(No symbol) [0x00007FF686D61163]
	GetHandleVerifier [0x00007FF68720EF0D+2870973]
	GetHandleVerifier [0x00007FF6872096B8+2848360]
	GetHandleVerifier [0x00007FF687226993+2967875]
	GetHandleVerifier [0x00007FF686F8019A+188746]
	GetHandleVerifier [0x00007FF686F8847F+222255]
	GetHandleVerifier [0x00007FF686F6D2D4+111236]
	GetHandleVerifier [0x00007FF686F6D482+111666]
	GetHandleVerifier [0x00007FF686F535A9+5465]
	BaseThreadInitThunk [0x00007FFE02C8259D+29]
	RtlUserThreadStart [0x00007FFE038AAF38+40]

2025-04-18 10:17:57,259 - INFO - Tarayýcý kapatýldý.
2025-04-18 10:17:57,404 - INFO - Hata: Message: 
Stacktrace:
	GetHandleVerifier [0x00007FF686F65355+78597]
	GetHandleVerifier [0x00007FF686F653B0+78688]
	(No symbol) [0x00007FF686D191AA]
	(No symbol) [0x00007FF686D6F149]
	(No symbol) [0x00007FF686D6F3FC]
	(No symbol) [0x00007FF686DC2467]
	(No symbol) [0x00007FF686D9712F]
	(No symbol) [0x00007FF686DBF2BB]
	(No symbol) [0x00007FF686D96EC3]
	(No symbol) [0x00007FF686D603F8]
	(No symbol) [0x00007FF686D61163]
	GetHandleVerifier [0x00007FF68720EF0D+2870973]
	GetHandleVerifier [0x00007FF6872096B8+2848360]
	GetHandleVerifier [0x00007FF687226993+2967875]
	GetHandleVerifier [0x00007FF686F8019A+188746]
	GetHandleVerifier [0x00007FF686F8847F+222255]
	GetHandleVerifier [0x00007FF686F6D2D4+111236]
	GetHandleVerifier [0x00007FF686F6D482+111666]
	GetHandleVerifier [0x00007FF686F535A9+5465]
	BaseThreadInitThunk [0x00007FFE02C8259D+29]
	RtlUserThreadStart [0x00007FFE038AAF38+40]

2025-04-18 10:17:59,617 - INFO - Tarayýcý kapatýldý.
2025-04-18 10:17:59,874 - INFO - Hata: Message: 
Stacktrace:
	GetHandleVerifier [0x00007FF686F65355+78597]
	GetHandleVerifier [0x00007FF686F653B0+78688]
	(No symbol) [0x00007FF686D191AA]
	(No symbol) [0x00007FF686D6F149]
	(No symbol) [0x00007FF686D6F3FC]
	(No symbol) [0x00007FF686DC2467]
	(No symbol) [0x00007FF686D9712F]
	(No symbol) [0x00007FF686DBF2BB]
	(No symbol) [0x00007FF686D96EC3]
	(No symbol) [0x00007FF686D603F8]
	(No symbol) [0x00007FF686D61163]
	GetHandleVerifier [0x00007FF68720EF0D+2870973]
	GetHandleVerifier [0x00007FF6872096B8+2848360]
	GetHandleVerifier [0x00007FF687226993+2967875]
	GetHandleVerifier [0x00007FF686F8019A+188746]
	GetHandleVerifier [0x00007FF686F8847F+222255]
	GetHandleVerifier [0x00007FF686F6D2D4+111236]
	GetHandleVerifier [0x00007FF686F6D482+111666]
	GetHandleVerifier [0x00007FF686F535A9+5465]
	BaseThreadInitThunk [0x00007FFE02C8259D+29]
	RtlUserThreadStart [0x00007FFE038AAF38+40]

2025-04-18 10:18:02,047 - INFO - Tarayýcý kapatýldý.
2025-04-18 10:18:02,676 - INFO - Hata: Message: 
Stacktrace:
	GetHandleVerifier [0x00007FF686F65355+78597]
	GetHandleVerifier [0x00007FF686F653B0+78688]
	(No symbol) [0x00007FF686D191AA]
	(No symbol) [0x00007FF686D6F149]
	(No symbol) [0x00007FF686D6F3FC]
	(No symbol) [0x00007FF686DC2467]
	(No symbol) [0x00007FF686D9712F]
	(No symbol) [0x00007FF686DBF2BB]
	(No symbol) [0x00007FF686D96EC3]
	(No symbol) [0x00007FF686D603F8]
	(No symbol) [0x00007FF686D61163]
	GetHandleVerifier [0x00007FF68720EF0D+2870973]
	GetHandleVerifier [0x00007FF6872096B8+2848360]
	GetHandleVerifier [0x00007FF687226993+2967875]
	GetHandleVerifier [0x00007FF686F8019A+188746]
	GetHandleVerifier [0x00007FF686F8847F+222255]
	GetHandleVerifier [0x00007FF686F6D2D4+111236]
	GetHandleVerifier [0x00007FF686F6D482+111666]
	GetHandleVerifier [0x00007FF686F535A9+5465]
	BaseThreadInitThunk [0x00007FFE02C8259D+29]
	RtlUserThreadStart [0x00007FFE038AAF38+40]

2025-04-18 10:18:04,823 - INFO - Tarayýcý kapatýldý.
2025-04-18 10:18:19,499 - INFO - Hata: Message: 
Stacktrace:
	GetHandleVerifier [0x00007FF686F65355+78597]
	GetHandleVerifier [0x00007FF686F653B0+78688]
	(No symbol) [0x00007FF686D191AA]
	(No symbol) [0x00007FF686D6F149]
	(No symbol) [0x00007FF686D6F3FC]
	(No symbol) [0x00007FF686DC2467]
	(No symbol) [0x00007FF686D9712F]
	(No symbol) [0x00007FF686DBF2BB]
	(No symbol) [0x00007FF686D96EC3]
	(No symbol) [0x00007FF686D603F8]
	(No symbol) [0x00007FF686D61163]
	GetHandleVerifier [0x00007FF68720EF0D+2870973]
	GetHandleVerifier [0x00007FF6872096B8+2848360]
	GetHandleVerifier [0x00007FF687226993+2967875]
	GetHandleVerifier [0x00007FF686F8019A+188746]
	GetHandleVerifier [0x00007FF686F8847F+222255]
	GetHandleVerifier [0x00007FF686F6D2D4+111236]
	GetHandleVerifier [0x00007FF686F6D482+111666]
	GetHandleVerifier [0x00007FF686F535A9+5465]
	BaseThreadInitThunk [0x00007FFE02C8259D+29]
	RtlUserThreadStart [0x00007FFE038AAF38+40]

2025-04-18 10:18:20,084 - INFO - Hata: Message: 
Stacktrace:
	GetHandleVerifier [0x00007FF686F65355+78597]
	GetHandleVerifier [0x00007FF686F653B0+78688]
	(No symbol) [0x00007FF686D191AA]
	(No symbol) [0x00007FF686D6F149]
	(No symbol) [0x00007FF686D6F3FC]
	(No symbol) [0x00007FF686DC2467]
	(No symbol) [0x00007FF686D9712F]
	(No symbol) [0x00007FF686DBF2BB]
	(No symbol) [0x00007FF686D96EC3]
	(No symbol) [0x00007FF686D603F8]
	(No symbol) [0x00007FF686D61163]
	GetHandleVerifier [0x00007FF68720EF0D+2870973]
	GetHandleVerifier [0x00007FF6872096B8+2848360]
	GetHandleVerifier [0x00007FF687226993+2967875]
	GetHandleVerifier [0x00007FF686F8019A+188746]
	GetHandleVerifier [0x00007FF686F8847F+222255]
	GetHandleVerifier [0x00007FF686F6D2D4+111236]
	GetHandleVerifier [0x00007FF686F6D482+111666]
	GetHandleVerifier [0x00007FF686F535A9+5465]
	BaseThreadInitThunk [0x00007FFE02C8259D+29]
	RtlUserThreadStart [0x00007FFE038AAF38+40]

2025-04-18 10:18:21,583 - INFO - Tarayýcý kapatýldý.
2025-04-18 10:18:22,170 - INFO - Tarayýcý kapatýldý.
2025-04-18 10:18:22,453 - INFO - Hata: Message: 
Stacktrace:
	GetHandleVerifier [0x00007FF686F65355+78597]
	GetHandleVerifier [0x00007FF686F653B0+78688]
	(No symbol) [0x00007FF686D191AA]
	(No symbol) [0x00007FF686D6F149]
	(No symbol) [0x00007FF686D6F3FC]
	(No symbol) [0x00007FF686DC2467]
	(No symbol) [0x00007FF686D9712F]
	(No symbol) [0x00007FF686DBF2BB]
	(No symbol) [0x00007FF686D96EC3]
	(No symbol) [0x00007FF686D603F8]
	(No symbol) [0x00007FF686D61163]
	GetHandleVerifier [0x00007FF68720EF0D+2870973]
	GetHandleVerifier [0x00007FF6872096B8+2848360]
	GetHandleVerifier [0x00007FF687226993+2967875]
	GetHandleVerifier [0x00007FF686F8019A+188746]
	GetHandleVerifier [0x00007FF686F8847F+222255]
	GetHandleVerifier [0x00007FF686F6D2D4+111236]
	GetHandleVerifier [0x00007FF686F6D482+111666]
	GetHandleVerifier [0x00007FF686F535A9+5465]
	BaseThreadInitThunk [0x00007FFE02C8259D+29]
	RtlUserThreadStart [0x00007FFE038AAF38+40]

2025-04-18 10:18:24,542 - INFO - Tarayýcý kapatýldý.
2025-04-18 10:18:25,578 - INFO - Hata: Message: 
Stacktrace:
	GetHandleVerifier [0x00007FF686F65355+78597]
	GetHandleVerifier [0x00007FF686F653B0+78688]
	(No symbol) [0x00007FF686D191AA]
	(No symbol) [0x00007FF686D6F149]
	(No symbol) [0x00007FF686D6F3FC]
	(No symbol) [0x00007FF686DC2467]
	(No symbol) [0x00007FF686D9712F]
	(No symbol) [0x00007FF686DBF2BB]
	(No symbol) [0x00007FF686D96EC3]
	(No symbol) [0x00007FF686D603F8]
	(No symbol) [0x00007FF686D61163]
	GetHandleVerifier [0x00007FF68720EF0D+2870973]
	GetHandleVerifier [0x00007FF6872096B8+2848360]
	GetHandleVerifier [0x00007FF687226993+2967875]
	GetHandleVerifier [0x00007FF686F8019A+188746]
	GetHandleVerifier [0x00007FF686F8847F+222255]
	GetHandleVerifier [0x00007FF686F6D2D4+111236]
	GetHandleVerifier [0x00007FF686F6D482+111666]
	GetHandleVerifier [0x00007FF686F535A9+5465]
	BaseThreadInitThunk [0x00007FFE02C8259D+29]
	RtlUserThreadStart [0x00007FFE038AAF38+40]

2025-04-18 10:18:27,661 - INFO - Tarayýcý kapatýldý.
2025-04-18 10:18:41,734 - INFO - Hata: Message: 
Stacktrace:
	GetHandleVerifier [0x00007FF686F65355+78597]
	GetHandleVerifier [0x00007FF686F653B0+78688]
	(No symbol) [0x00007FF686D191AA]
	(No symbol) [0x00007FF686D6F149]
	(No symbol) [0x00007FF686D6F3FC]
	(No symbol) [0x00007FF686DC2467]
	(No symbol) [0x00007FF686D9712F]
	(No symbol) [0x00007FF686DBF2BB]
	(No symbol) [0x00007FF686D96EC3]
	(No symbol) [0x00007FF686D603F8]
	(No symbol) [0x00007FF686D61163]
	GetHandleVerifier [0x00007FF68720EF0D+2870973]
	GetHandleVerifier [0x00007FF6872096B8+2848360]
	GetHandleVerifier [0x00007FF687226993+2967875]
	GetHandleVerifier [0x00007FF686F8019A+188746]
	GetHandleVerifier [0x00007FF686F8847F+222255]
	GetHandleVerifier [0x00007FF686F6D2D4+111236]
	GetHandleVerifier [0x00007FF686F6D482+111666]
	GetHandleVerifier [0x00007FF686F535A9+5465]
	BaseThreadInitThunk [0x00007FFE02C8259D+29]
	RtlUserThreadStart [0x00007FFE038AAF38+40]

2025-04-18 10:18:44,502 - INFO - Hata: Message: 
Stacktrace:
	GetHandleVerifier [0x00007FF686F65355+78597]
	GetHandleVerifier [0x00007FF686F653B0+78688]
	(No symbol) [0x00007FF686D191AA]
	(No symbol) [0x00007FF686D6F149]
	(No symbol) [0x00007FF686D6F3FC]
	(No symbol) [0x00007FF686DC2467]
	(No symbol) [0x00007FF686D9712F]
	(No symbol) [0x00007FF686DBF2BB]
	(No symbol) [0x00007FF686D96EC3]
	(No symbol) [0x00007FF686D603F8]
	(No symbol) [0x00007FF686D61163]
	GetHandleVerifier [0x00007FF68720EF0D+2870973]
	GetHandleVerifier [0x00007FF6872096B8+2848360]
	GetHandleVerifier [0x00007FF687226993+2967875]
	GetHandleVerifier [0x00007FF686F8019A+188746]
	GetHandleVerifier [0x00007FF686F8847F+222255]
	GetHandleVerifier [0x00007FF686F6D2D4+111236]
	GetHandleVerifier [0x00007FF686F6D482+111666]
	GetHandleVerifier [0x00007FF686F535A9+5465]
	BaseThreadInitThunk [0x00007FFE02C8259D+29]
	RtlUserThreadStart [0x00007FFE038AAF38+40]

2025-04-18 10:18:45,924 - INFO - Tarayýcý kapatýldý.
2025-04-18 10:18:46,996 - INFO - Hata: Message: 
Stacktrace:
	GetHandleVerifier [0x00007FF686F65355+78597]
	GetHandleVerifier [0x00007FF686F653B0+78688]
	(No symbol) [0x00007FF686D191AA]
	(No symbol) [0x00007FF686D6F149]
	(No symbol) [0x00007FF686D6F3FC]
	(No symbol) [0x00007FF686DC2467]
	(No symbol) [0x00007FF686D9712F]
	(No symbol) [0x00007FF686DBF2BB]
	(No symbol) [0x00007FF686D96EC3]
	(No symbol) [0x00007FF686D603F8]
	(No symbol) [0x00007FF686D61163]
	GetHandleVerifier [0x00007FF68720EF0D+2870973]
	GetHandleVerifier [0x00007FF6872096B8+2848360]
	GetHandleVerifier [0x00007FF687226993+2967875]
	GetHandleVerifier [0x00007FF686F8019A+188746]
	GetHandleVerifier [0x00007FF686F8847F+222255]
	GetHandleVerifier [0x00007FF686F6D2D4+111236]
	GetHandleVerifier [0x00007FF686F6D482+111666]
	GetHandleVerifier [0x00007FF686F535A9+5465]
	BaseThreadInitThunk [0x00007FFE02C8259D+29]
	RtlUserThreadStart [0x00007FFE038AAF38+40]

2025-04-18 10:18:48,933 - INFO - Tarayýcý kapatýldý.
2025-04-18 10:18:49,618 - INFO - Tarayýcý kapatýldý.
2025-04-18 10:18:58,354 - INFO - Hata: Message: 
Stacktrace:
	GetHandleVerifier [0x00007FF686F65355+78597]
	GetHandleVerifier [0x00007FF686F653B0+78688]
	(No symbol) [0x00007FF686D191AA]
	(No symbol) [0x00007FF686D6F149]
	(No symbol) [0x00007FF686D6F3FC]
	(No symbol) [0x00007FF686DC2467]
	(No symbol) [0x00007FF686D9712F]
	(No symbol) [0x00007FF686DBF2BB]
	(No symbol) [0x00007FF686D96EC3]
	(No symbol) [0x00007FF686D603F8]
	(No symbol) [0x00007FF686D61163]
	GetHandleVerifier [0x00007FF68720EF0D+2870973]
	GetHandleVerifier [0x00007FF6872096B8+2848360]
	GetHandleVerifier [0x00007FF687226993+2967875]
	GetHandleVerifier [0x00007FF686F8019A+188746]
	GetHandleVerifier [0x00007FF686F8847F+222255]
	GetHandleVerifier [0x00007FF686F6D2D4+111236]
	GetHandleVerifier [0x00007FF686F6D482+111666]
	GetHandleVerifier [0x00007FF686F535A9+5465]
	BaseThreadInitThunk [0x00007FFE02C8259D+29]
	RtlUserThreadStart [0x00007FFE038AAF38+40]

2025-04-18 10:18:59,520 - INFO - Hata: Message: 
Stacktrace:
	GetHandleVerifier [0x00007FF686F65355+78597]
	GetHandleVerifier [0x00007FF686F653B0+78688]
	(No symbol) [0x00007FF686D191AA]
	(No symbol) [0x00007FF686D6F149]
	(No symbol) [0x00007FF686D6F3FC]
	(No symbol) [0x00007FF686DC2467]
	(No symbol) [0x00007FF686D9712F]
	(No symbol) [0x00007FF686DBF2BB]
	(No symbol) [0x00007FF686D96EC3]
	(No symbol) [0x00007FF686D603F8]
	(No symbol) [0x00007FF686D61163]
	GetHandleVerifier [0x00007FF68720EF0D+2870973]
	GetHandleVerifier [0x00007FF6872096B8+2848360]
	GetHandleVerifier [0x00007FF687226993+2967875]
	GetHandleVerifier [0x00007FF686F8019A+188746]
	GetHandleVerifier [0x00007FF686F8847F+222255]
	GetHandleVerifier [0x00007FF686F6D2D4+111236]
	GetHandleVerifier [0x00007FF686F6D482+111666]
	GetHandleVerifier [0x00007FF686F535A9+5465]
	BaseThreadInitThunk [0x00007FFE02C8259D+29]
	RtlUserThreadStart [0x00007FFE038AAF38+40]

2025-04-18 10:19:01,620 - INFO - Tarayýcý kapatýldý.
2025-04-18 10:19:01,655 - INFO - Tarayýcý kapatýldý.
2025-04-18 10:19:17,489 - INFO - Hata: Message: 
Stacktrace:
	GetHandleVerifier [0x00007FF686F65355+78597]
	GetHandleVerifier [0x00007FF686F653B0+78688]
	(No symbol) [0x00007FF686D191AA]
	(No symbol) [0x00007FF686D6F149]
	(No symbol) [0x00007FF686D6F3FC]
	(No symbol) [0x00007FF686DC2467]
	(No symbol) [0x00007FF686D9712F]
	(No symbol) [0x00007FF686DBF2BB]
	(No symbol) [0x00007FF686D96EC3]
	(No symbol) [0x00007FF686D603F8]
	(No symbol) [0x00007FF686D61163]
	GetHandleVerifier [0x00007FF68720EF0D+2870973]
	GetHandleVerifier [0x00007FF6872096B8+2848360]
	GetHandleVerifier [0x00007FF687226993+2967875]
	GetHandleVerifier [0x00007FF686F8019A+188746]
	GetHandleVerifier [0x00007FF686F8847F+222255]
	GetHandleVerifier [0x00007FF686F6D2D4+111236]
	GetHandleVerifier [0x00007FF686F6D482+111666]
	GetHandleVerifier [0x00007FF686F535A9+5465]
	BaseThreadInitThunk [0x00007FFE02C8259D+29]
	RtlUserThreadStart [0x00007FFE038AAF38+40]

2025-04-18 10:19:17,985 - INFO - Hata: Message: 
Stacktrace:
	GetHandleVerifier [0x00007FF686F65355+78597]
	GetHandleVerifier [0x00007FF686F653B0+78688]
	(No symbol) [0x00007FF686D191AA]
	(No symbol) [0x00007FF686D6F149]
	(No symbol) [0x00007FF686D6F3FC]
	(No symbol) [0x00007FF686DC2467]
	(No symbol) [0x00007FF686D9712F]
	(No symbol) [0x00007FF686DBF2BB]
	(No symbol) [0x00007FF686D96EC3]
	(No symbol) [0x00007FF686D603F8]
	(No symbol) [0x00007FF686D61163]
	GetHandleVerifier [0x00007FF68720EF0D+2870973]
	GetHandleVerifier [0x00007FF6872096B8+2848360]
	GetHandleVerifier [0x00007FF687226993+2967875]
	GetHandleVerifier [0x00007FF686F8019A+188746]
	GetHandleVerifier [0x00007FF686F8847F+222255]
	GetHandleVerifier [0x00007FF686F6D2D4+111236]
	GetHandleVerifier [0x00007FF686F6D482+111666]
	GetHandleVerifier [0x00007FF686F535A9+5465]
	BaseThreadInitThunk [0x00007FFE02C8259D+29]
	RtlUserThreadStart [0x00007FFE038AAF38+40]

2025-04-18 10:19:19,249 - INFO - Hata: Message: 
Stacktrace:
	GetHandleVerifier [0x00007FF686F65355+78597]
	GetHandleVerifier [0x00007FF686F653B0+78688]
	(No symbol) [0x00007FF686D191AA]
	(No symbol) [0x00007FF686D6F149]
	(No symbol) [0x00007FF686D6F3FC]
	(No symbol) [0x00007FF686DC2467]
	(No symbol) [0x00007FF686D9712F]
	(No symbol) [0x00007FF686DBF2BB]
	(No symbol) [0x00007FF686D96EC3]
	(No symbol) [0x00007FF686D603F8]
	(No symbol) [0x00007FF686D61163]
	GetHandleVerifier [0x00007FF68720EF0D+2870973]
	GetHandleVerifier [0x00007FF6872096B8+2848360]
	GetHandleVerifier [0x00007FF687226993+2967875]
	GetHandleVerifier [0x00007FF686F8019A+188746]
	GetHandleVerifier [0x00007FF686F8847F+222255]
	GetHandleVerifier [0x00007FF686F6D2D4+111236]
	GetHandleVerifier [0x00007FF686F6D482+111666]
	GetHandleVerifier [0x00007FF686F535A9+5465]
	BaseThreadInitThunk [0x00007FFE02C8259D+29]
	RtlUserThreadStart [0x00007FFE038AAF38+40]

2025-04-18 10:19:19,581 - INFO - Tarayýcý kapatýldý.
2025-04-18 10:19:20,082 - INFO - Tarayýcý kapatýldý.
2025-04-18 10:19:21,329 - INFO - Tarayýcý kapatýldý.
2025-04-18 10:19:25,733 - INFO - Hata: Message: 
Stacktrace:
	GetHandleVerifier [0x00007FF686F65355+78597]
	GetHandleVerifier [0x00007FF686F653B0+78688]
	(No symbol) [0x00007FF686D191AA]
	(No symbol) [0x00007FF686D6F149]
	(No symbol) [0x00007FF686D6F3FC]
	(No symbol) [0x00007FF686DC2467]
	(No symbol) [0x00007FF686D9712F]
	(No symbol) [0x00007FF686DBF2BB]
	(No symbol) [0x00007FF686D96EC3]
	(No symbol) [0x00007FF686D603F8]
	(No symbol) [0x00007FF686D61163]
	GetHandleVerifier [0x00007FF68720EF0D+2870973]
	GetHandleVerifier [0x00007FF6872096B8+2848360]
	GetHandleVerifier [0x00007FF687226993+2967875]
	GetHandleVerifier [0x00007FF686F8019A+188746]
	GetHandleVerifier [0x00007FF686F8847F+222255]
	GetHandleVerifier [0x00007FF686F6D2D4+111236]
	GetHandleVerifier [0x00007FF686F6D482+111666]
	GetHandleVerifier [0x00007FF686F535A9+5465]
	BaseThreadInitThunk [0x00007FFE02C8259D+29]
	RtlUserThreadStart [0x00007FFE038AAF38+40]

2025-04-18 10:19:25,954 - INFO - Hata: Message: 
Stacktrace:
	GetHandleVerifier [0x00007FF686F65355+78597]
	GetHandleVerifier [0x00007FF686F653B0+78688]
	(No symbol) [0x00007FF686D191AA]
	(No symbol) [0x00007FF686D6F149]
	(No symbol) [0x00007FF686D6F3FC]
	(No symbol) [0x00007FF686DC2467]
	(No symbol) [0x00007FF686D9712F]
	(No symbol) [0x00007FF686DBF2BB]
	(No symbol) [0x00007FF686D96EC3]
	(No symbol) [0x00007FF686D603F8]
	(No symbol) [0x00007FF686D61163]
	GetHandleVerifier [0x00007FF68720EF0D+2870973]
	GetHandleVerifier [0x00007FF6872096B8+2848360]
	GetHandleVerifier [0x00007FF687226993+2967875]
	GetHandleVerifier [0x00007FF686F8019A+188746]
	GetHandleVerifier [0x00007FF686F8847F+222255]
	GetHandleVerifier [0x00007FF686F6D2D4+111236]
	GetHandleVerifier [0x00007FF686F6D482+111666]
	GetHandleVerifier [0x00007FF686F535A9+5465]
	BaseThreadInitThunk [0x00007FFE02C8259D+29]
	RtlUserThreadStart [0x00007FFE038AAF38+40]

2025-04-18 10:19:27,811 - INFO - Tarayýcý kapatýldý.
2025-04-18 10:19:28,025 - INFO - Tarayýcý kapatýldý.
2025-04-18 10:19:29,431 - INFO - Status: Stopping...
2025-04-18 10:19:32,387 - INFO - Log cleared
