2025-01-21 16:27:25,617 - INFO - Status: Çalýþýyor
2025-01-21 16:28:28,497 - INFO - Oy baþarýyla gönderildi.
2025-01-21 16:28:30,621 - INFO - Tarayýcý kapatýldý.
2025-01-21 16:28:33,425 - INFO - Oy baþarýyla gönderildi.
2025-01-21 16:28:35,562 - INFO - Tarayýcý kapatýldý.
2025-01-21 16:28:37,144 - INFO - Hata: Message: 
Stacktrace:
	GetHandleVerifier [0x00007FF63A10FB05+28789]
	(No symbol) [0x00007FF63A0786E0]
	(No symbol) [0x00007FF639F1592A]
	(No symbol) [0x00007FF639F6930E]
	(No symbol) [0x00007FF639F695FC]
	(No symbol) [0x00007FF639FB28A7]
	(No symbol) [0x00007FF639F8F47F]
	(No symbol) [0x00007FF639FAF654]
	(No symbol) [0x00007FF639F8F1E3]
	(No symbol) [0x00007FF639F5A938]
	(No symbol) [0x00007FF639F5BAA1]
	GetHandleVerifier [0x00007FF63A44933D+3410093]
	GetHandleVerifier [0x00007FF63A45E7DD+3497293]
	GetHandleVerifier [0x00007FF63A452A73+3448803]
	GetHandleVerifier [0x00007FF63A1D7BBB+848171]
	(No symbol) [0x00007FF63A083C3F]
	(No symbol) [0x00007FF63A07F6E4]
	(No symbol) [0x00007FF63A07F87D]
	(No symbol) [0x00007FF63A06ED49]
	BaseThreadInitThunk [0x00007FFE3A07259D+29]
	RtlUserThreadStart [0x00007FFE3AECAF38+40]

2025-01-21 16:28:39,233 - INFO - Tarayýcý kapatýldý.
2025-01-21 16:29:27,695 - INFO - Hata: HTTPConnectionPool(host='localhost', port=53172): Read timed out. (read timeout=120)
2025-01-21 16:29:27,943 - INFO - Hata: HTTPConnectionPool(host='localhost', port=53170): Read timed out. (read timeout=120)
2025-01-21 16:29:28,143 - INFO - Oy baþarýyla gönderildi.
2025-01-21 16:29:28,200 - INFO - Oy baþarýyla gönderildi.
2025-01-21 16:29:28,825 - INFO - Oy baþarýyla gönderildi.
2025-01-21 16:29:30,248 - INFO - Tarayýcý kapatýldý.
2025-01-21 16:29:30,295 - INFO - Tarayýcý kapatýldý.
2025-01-21 16:29:30,933 - INFO - Tarayýcý kapatýldý.
2025-01-21 16:29:32,761 - INFO - Tarayýcý kapatýldý.
2025-01-21 16:30:33,171 - INFO - Oy baþarýyla gönderildi.
2025-01-21 16:30:34,182 - INFO - Oy baþarýyla gönderildi.
2025-01-21 16:30:35,190 - INFO - Oy baþarýyla gönderildi.
2025-01-21 16:30:35,254 - INFO - Tarayýcý kapatýldý.
2025-01-21 16:30:36,265 - INFO - Tarayýcý kapatýldý.
2025-01-21 16:30:37,274 - INFO - Tarayýcý kapatýldý.
2025-01-21 16:30:40,689 - INFO - Oy baþarýyla gönderildi.
2025-01-21 16:30:42,764 - INFO - Tarayýcý kapatýldý.
2025-01-21 16:31:04,798 - INFO - Tarayýcý kapatýldý.
2025-01-21 16:31:36,965 - INFO - Oy baþarýyla gönderildi.
2025-01-21 16:31:39,051 - INFO - Tarayýcý kapatýldý.
2025-01-21 16:31:40,584 - INFO - Oy baþarýyla gönderildi.
2025-01-21 16:31:42,664 - INFO - Tarayýcý kapatýldý.
2025-01-21 16:31:45,295 - INFO - Oy baþarýyla gönderildi.
2025-01-21 16:31:47,624 - INFO - Tarayýcý kapatýldý.
2025-01-21 16:32:05,898 - INFO - Oy baþarýyla gönderildi.
2025-01-21 16:32:07,993 - INFO - Tarayýcý kapatýldý.
2025-01-21 16:32:59,221 - INFO - Oy baþarýyla gönderildi.
2025-01-21 16:33:01,326 - INFO - Tarayýcý kapatýldý.
2025-01-21 16:33:01,994 - INFO - Oy baþarýyla gönderildi.
2025-01-21 16:33:02,144 - INFO - Oy baþarýyla gönderildi.
2025-01-21 16:33:04,125 - INFO - Tarayýcý kapatýldý.
2025-01-21 16:33:04,249 - INFO - Tarayýcý kapatýldý.
2025-01-21 16:33:04,547 - INFO - Oy baþarýyla gönderildi.
2025-01-21 16:33:06,630 - INFO - Tarayýcý kapatýldý.
2025-01-21 16:33:16,574 - INFO - Oy baþarýyla gönderildi.
2025-01-21 16:33:18,675 - INFO - Tarayýcý kapatýldý.
2025-01-21 16:34:10,480 - INFO - Oy baþarýyla gönderildi.
2025-01-21 16:34:12,592 - INFO - Tarayýcý kapatýldý.
2025-01-21 16:34:14,264 - INFO - Oy baþarýyla gönderildi.
2025-01-21 16:34:16,368 - INFO - Tarayýcý kapatýldý.
2025-01-21 16:34:17,412 - INFO - Oy baþarýyla gönderildi.
2025-01-21 16:34:18,539 - INFO - Oy baþarýyla gönderildi.
2025-01-21 16:34:19,526 - INFO - Tarayýcý kapatýldý.
2025-01-21 16:34:20,629 - INFO - Tarayýcý kapatýldý.
2025-01-21 16:34:38,963 - INFO - Oy baþarýyla gönderildi.
2025-01-21 16:34:41,059 - INFO - Tarayýcý kapatýldý.
2025-01-21 16:35:28,341 - INFO - Oy baþarýyla gönderildi.
2025-01-21 16:35:30,444 - INFO - Tarayýcý kapatýldý.
2025-01-21 16:35:32,319 - INFO - Oy baþarýyla gönderildi.
2025-01-21 16:35:34,382 - INFO - Oy baþarýyla gönderildi.
2025-01-21 16:35:34,406 - INFO - Tarayýcý kapatýldý.
2025-01-21 16:35:36,554 - INFO - Tarayýcý kapatýldý.
2025-01-21 16:35:46,726 - INFO - Oy baþarýyla gönderildi.
2025-01-21 16:35:48,825 - INFO - Tarayýcý kapatýldý.
2025-01-21 16:36:16,653 - INFO - Hata: HTTPConnectionPool(host='localhost', port=55104): Read timed out. (read timeout=120)
2025-01-21 16:36:30,560 - INFO - Oy baþarýyla gönderildi.
2025-01-21 16:36:32,666 - INFO - Tarayýcý kapatýldý.
2025-01-21 16:36:40,432 - INFO - Oy baþarýyla gönderildi.
2025-01-21 16:36:42,520 - INFO - Tarayýcý kapatýldý.
2025-01-21 16:36:44,394 - INFO - Oy baþarýyla gönderildi.
2025-01-21 16:36:46,501 - INFO - Tarayýcý kapatýldý.
2025-01-21 16:37:29,354 - INFO - Oy baþarýyla gönderildi.
2025-01-21 16:37:31,447 - INFO - Tarayýcý kapatýldý.
2025-01-21 16:37:50,127 - INFO - Oy baþarýyla gönderildi.
2025-01-21 16:37:51,411 - INFO - Tarayýcý kapatýldý.
2025-01-21 16:37:52,751 - INFO - Tarayýcý kapatýldý.
2025-01-21 16:37:53,079 - INFO - Oy baþarýyla gönderildi.
2025-01-21 16:37:55,211 - INFO - Tarayýcý kapatýldý.
2025-01-21 16:37:59,887 - INFO - Oy baþarýyla gönderildi.
2025-01-21 16:38:01,977 - INFO - Tarayýcý kapatýldý.
2025-01-21 16:38:52,418 - INFO - Oy baþarýyla gönderildi.
2025-01-21 16:38:54,504 - INFO - Tarayýcý kapatýldý.
2025-01-21 16:38:57,568 - INFO - Oy baþarýyla gönderildi.
2025-01-21 16:38:58,481 - INFO - Oy baþarýyla gönderildi.
2025-01-21 16:38:59,651 - INFO - Tarayýcý kapatýldý.
2025-01-21 16:39:00,566 - INFO - Tarayýcý kapatýldý.
2025-01-21 16:39:02,862 - INFO - Oy baþarýyla gönderildi.
2025-01-21 16:39:04,935 - INFO - Tarayýcý kapatýldý.
2025-01-21 16:39:35,176 - INFO - Oy baþarýyla gönderildi.
2025-01-21 16:39:37,284 - INFO - Tarayýcý kapatýldý.
2025-01-21 16:39:40,145 - INFO - Oy baþarýyla gönderildi.
2025-01-21 16:39:42,260 - INFO - Tarayýcý kapatýldý.
2025-01-21 16:40:16,963 - INFO - Oy baþarýyla gönderildi.
2025-01-21 16:40:19,042 - INFO - Tarayýcý kapatýldý.
2025-01-21 16:40:24,527 - INFO - Oy baþarýyla gönderildi.
2025-01-21 16:40:26,607 - INFO - Tarayýcý kapatýldý.
2025-01-21 16:40:50,550 - INFO - Oy baþarýyla gönderildi.
2025-01-21 16:40:52,646 - INFO - Tarayýcý kapatýldý.
2025-01-21 16:41:06,682 - INFO - Oy baþarýyla gönderildi.
2025-01-21 16:41:08,769 - INFO - Tarayýcý kapatýldý.
2025-01-21 16:41:08,987 - INFO - Hata: HTTPConnectionPool(host='localhost', port=56471): Read timed out. (read timeout=120)
2025-01-21 16:41:12,650 - INFO - Oy baþarýyla gönderildi.
2025-01-21 16:41:14,770 - INFO - Tarayýcý kapatýldý.
2025-01-21 16:41:43,867 - INFO - Oy baþarýyla gönderildi.
2025-01-21 16:41:45,988 - INFO - Tarayýcý kapatýldý.
2025-01-21 16:41:46,315 - INFO - Hata: HTTPConnectionPool(host='localhost', port=56657): Read timed out. (read timeout=120)
2025-01-21 16:41:54,927 - INFO - Tarayýcý kapatýldý.
2025-01-21 16:41:57,989 - INFO - Oy baþarýyla gönderildi.
2025-01-21 16:42:00,074 - INFO - Tarayýcý kapatýldý.
2025-01-21 16:42:12,225 - INFO - Oy baþarýyla gönderildi.
2025-01-21 16:42:14,309 - INFO - Tarayýcý kapatýldý.
2025-01-21 16:42:48,314 - INFO - Oy baþarýyla gönderildi.
2025-01-21 16:42:50,408 - INFO - Tarayýcý kapatýldý.
2025-01-21 16:43:01,357 - INFO - Oy baþarýyla gönderildi.
2025-01-21 16:43:03,467 - INFO - Tarayýcý kapatýldý.
2025-01-21 16:43:05,281 - INFO - Oy baþarýyla gönderildi.
2025-01-21 16:43:07,370 - INFO - Tarayýcý kapatýldý.
2025-01-21 16:43:27,061 - INFO - Oy baþarýyla gönderildi.
2025-01-21 16:43:29,169 - INFO - Tarayýcý kapatýldý.
2025-01-21 16:43:46,318 - WARNING - Retrying (Retry(total=2, connect=None, read=None, redirect=None, status=None)) after connection broken by 'ReadTimeoutError("HTTPConnectionPool(host='localhost', port=56657): Read timed out. (read timeout=120)")': /session/cd177837b55730f365d20aae5e573943
2025-01-21 16:43:58,043 - INFO - Oy baþarýyla gönderildi.
2025-01-21 16:44:00,154 - INFO - Tarayýcý kapatýldý.
2025-01-21 16:44:01,161 - INFO - Oy baþarýyla gönderildi.
2025-01-21 16:44:03,244 - INFO - Tarayýcý kapatýldý.
2025-01-21 16:44:14,903 - INFO - Oy baþarýyla gönderildi.
2025-01-21 16:44:17,045 - INFO - Tarayýcý kapatýldý.
2025-01-21 16:44:22,592 - INFO - Oy baþarýyla gönderildi.
2025-01-21 16:44:24,682 - INFO - Tarayýcý kapatýldý.
2025-01-21 16:44:48,408 - INFO - Tarayýcý kapatýldý.
2025-01-21 16:44:51,958 - INFO - Oy baþarýyla gönderildi.
2025-01-21 16:44:54,044 - INFO - Tarayýcý kapatýldý.
2025-01-21 16:45:21,637 - INFO - Oy baþarýyla gönderildi.
2025-01-21 16:45:23,710 - INFO - Tarayýcý kapatýldý.
2025-01-21 16:45:24,710 - INFO - Oy baþarýyla gönderildi.
2025-01-21 16:45:26,790 - INFO - Tarayýcý kapatýldý.
2025-01-21 16:45:55,013 - INFO - Oy baþarýyla gönderildi.
2025-01-21 16:45:57,121 - INFO - Tarayýcý kapatýldý.
2025-01-21 16:46:00,512 - INFO - Oy baþarýyla gönderildi.
2025-01-21 16:46:02,597 - INFO - Tarayýcý kapatýldý.
2025-01-21 16:46:15,470 - INFO - Oy baþarýyla gönderildi.
2025-01-21 16:46:17,563 - INFO - Tarayýcý kapatýldý.
2025-01-21 16:46:36,040 - INFO - Oy baþarýyla gönderildi.
2025-01-21 16:46:38,122 - INFO - Tarayýcý kapatýldý.
2025-01-21 16:46:50,228 - INFO - Oy baþarýyla gönderildi.
2025-01-21 16:46:52,325 - INFO - Tarayýcý kapatýldý.
2025-01-21 16:46:59,383 - INFO - Oy baþarýyla gönderildi.
2025-01-21 16:47:01,477 - INFO - Tarayýcý kapatýldý.
2025-01-21 16:47:33,134 - INFO - Oy baþarýyla gönderildi.
2025-01-21 16:47:35,427 - INFO - Tarayýcý kapatýldý.
2025-01-21 16:47:36,066 - INFO - Oy baþarýyla gönderildi.
2025-01-21 16:47:38,156 - INFO - Tarayýcý kapatýldý.
2025-01-21 16:47:40,946 - INFO - Oy baþarýyla gönderildi.
2025-01-21 16:47:43,025 - INFO - Tarayýcý kapatýldý.
2025-01-21 16:47:54,400 - INFO - Oy baþarýyla gönderildi.
2025-01-21 16:47:56,474 - INFO - Tarayýcý kapatýldý.
2025-01-21 16:48:15,429 - INFO - Oy baþarýyla gönderildi.
2025-01-21 16:48:17,528 - INFO - Tarayýcý kapatýldý.
2025-01-21 16:49:03,540 - INFO - Oy baþarýyla gönderildi.
2025-01-21 16:49:05,620 - INFO - Tarayýcý kapatýldý.
2025-01-21 16:49:22,874 - INFO - Oy baþarýyla gönderildi.
2025-01-21 16:49:24,995 - INFO - Tarayýcý kapatýldý.
2025-01-21 16:49:25,540 - INFO - Oy baþarýyla gönderildi.
2025-01-21 16:49:27,626 - INFO - Tarayýcý kapatýldý.
2025-01-21 16:49:42,211 - INFO - Hata: HTTPConnectionPool(host='localhost', port=58849): Read timed out. (read timeout=120)
2025-01-21 16:49:47,071 - INFO - Hata: HTTPConnectionPool(host='localhost', port=58882): Read timed out. (read timeout=120)
2025-01-21 16:49:53,404 - INFO - Tarayýcý kapatýldý.
2025-01-21 16:49:55,290 - INFO - Tarayýcý kapatýldý.
2025-01-21 16:49:57,688 - INFO - Oy baþarýyla gönderildi.
2025-01-21 16:49:59,783 - INFO - Tarayýcý kapatýldý.
2025-01-21 16:50:21,003 - INFO - Oy baþarýyla gönderildi.
2025-01-21 16:50:23,127 - INFO - Tarayýcý kapatýldý.
2025-01-21 16:50:32,081 - INFO - Oy baþarýyla gönderildi.
2025-01-21 16:50:34,179 - INFO - Tarayýcý kapatýldý.
2025-01-21 16:51:03,022 - INFO - Oy baþarýyla gönderildi.
2025-01-21 16:51:05,664 - INFO - Tarayýcý kapatýldý.
2025-01-21 16:51:18,356 - INFO - Hata: Message: 
Stacktrace:
	GetHandleVerifier [0x00007FF63A10FB05+28789]
	(No symbol) [0x00007FF63A0786E0]
	(No symbol) [0x00007FF639F1592A]
	(No symbol) [0x00007FF639F6930E]
	(No symbol) [0x00007FF639F695FC]
	(No symbol) [0x00007FF639FB28A7]
	(No symbol) [0x00007FF639F8F47F]
	(No symbol) [0x00007FF639FAF654]
	(No symbol) [0x00007FF639F8F1E3]
	(No symbol) [0x00007FF639F5A938]
	(No symbol) [0x00007FF639F5BAA1]
	GetHandleVerifier [0x00007FF63A44933D+3410093]
	GetHandleVerifier [0x00007FF63A45E7DD+3497293]
	GetHandleVerifier [0x00007FF63A452A73+3448803]
	GetHandleVerifier [0x00007FF63A1D7BBB+848171]
	(No symbol) [0x00007FF63A083C3F]
	(No symbol) [0x00007FF63A07F6E4]
	(No symbol) [0x00007FF63A07F87D]
	(No symbol) [0x00007FF63A06ED49]
	BaseThreadInitThunk [0x00007FFE3A07259D+29]
	RtlUserThreadStart [0x00007FFE3AECAF38+40]

2025-01-21 16:51:19,552 - INFO - Oy baþarýyla gönderildi.
2025-01-21 16:51:20,457 - INFO - Tarayýcý kapatýldý.
2025-01-21 16:51:21,622 - INFO - Tarayýcý kapatýldý.
2025-01-21 16:51:24,237 - INFO - Oy baþarýyla gönderildi.
2025-01-21 16:51:26,151 - INFO - Oy baþarýyla gönderildi.
2025-01-21 16:51:26,623 - INFO - Tarayýcý kapatýldý.
2025-01-21 16:51:28,230 - INFO - Tarayýcý kapatýldý.
2025-01-21 16:52:29,053 - INFO - Oy baþarýyla gönderildi.
2025-01-21 16:52:31,158 - INFO - Tarayýcý kapatýldý.
2025-01-21 16:52:32,754 - INFO - Oy baþarýyla gönderildi.
2025-01-21 16:52:34,845 - INFO - Tarayýcý kapatýldý.
2025-01-21 16:52:37,463 - INFO - Oy baþarýyla gönderildi.
2025-01-21 16:52:39,539 - INFO - Tarayýcý kapatýldý.
2025-01-21 16:52:42,845 - INFO - Oy baþarýyla gönderildi.
2025-01-21 16:52:44,920 - INFO - Tarayýcý kapatýldý.
2025-01-21 16:52:51,364 - INFO - Oy baþarýyla gönderildi.
2025-01-21 16:52:53,460 - INFO - Tarayýcý kapatýldý.
2025-01-21 16:53:50,911 - INFO - Oy baþarýyla gönderildi.
2025-01-21 16:53:53,002 - INFO - Tarayýcý kapatýldý.
2025-01-21 16:53:54,389 - INFO - Oy baþarýyla gönderildi.
2025-01-21 16:53:55,738 - INFO - Oy baþarýyla gönderildi.
2025-01-21 16:53:56,485 - INFO - Tarayýcý kapatýldý.
2025-01-21 16:53:57,830 - INFO - Tarayýcý kapatýldý.
2025-01-21 16:53:59,482 - INFO - Oy baþarýyla gönderildi.
2025-01-21 16:54:01,581 - INFO - Tarayýcý kapatýldý.
2025-01-21 16:54:04,036 - INFO - Oy baþarýyla gönderildi.
2025-01-21 16:54:06,152 - INFO - Tarayýcý kapatýldý.
2025-01-21 16:54:52,182 - INFO - Oy baþarýyla gönderildi.
2025-01-21 16:54:52,200 - INFO - Oy baþarýyla gönderildi.
2025-01-21 16:54:54,283 - INFO - Tarayýcý kapatýldý.
2025-01-21 16:54:54,283 - INFO - Tarayýcý kapatýldý.
2025-01-21 16:54:55,048 - INFO - Oy baþarýyla gönderildi.
2025-01-21 16:54:57,135 - INFO - Tarayýcý kapatýldý.
2025-01-21 16:55:00,084 - INFO - Oy baþarýyla gönderildi.
2025-01-21 16:55:00,218 - INFO - Oy baþarýyla gönderildi.
2025-01-21 16:55:02,170 - INFO - Tarayýcý kapatýldý.
2025-01-21 16:55:02,310 - INFO - Tarayýcý kapatýldý.
2025-01-21 16:56:13,197 - INFO - Oy baþarýyla gönderildi.
2025-01-21 16:56:15,285 - INFO - Tarayýcý kapatýldý.
2025-01-21 16:56:25,793 - INFO - Oy baþarýyla gönderildi.
2025-01-21 16:56:27,884 - INFO - Tarayýcý kapatýldý.
2025-01-21 16:56:42,491 - INFO - Hata: Message: 
Stacktrace:
	GetHandleVerifier [0x00007FF63A10FB05+28789]
	(No symbol) [0x00007FF63A0786E0]
	(No symbol) [0x00007FF639F1592A]
	(No symbol) [0x00007FF639F6930E]
	(No symbol) [0x00007FF639F695FC]
	(No symbol) [0x00007FF639FB28A7]
	(No symbol) [0x00007FF639F8F47F]
	(No symbol) [0x00007FF639FAF654]
	(No symbol) [0x00007FF639F8F1E3]
	(No symbol) [0x00007FF639F5A938]
	(No symbol) [0x00007FF639F5BAA1]
	GetHandleVerifier [0x00007FF63A44933D+3410093]
	GetHandleVerifier [0x00007FF63A45E7DD+3497293]
	GetHandleVerifier [0x00007FF63A452A73+3448803]
	GetHandleVerifier [0x00007FF63A1D7BBB+848171]
	(No symbol) [0x00007FF63A083C3F]
	(No symbol) [0x00007FF63A07F6E4]
	(No symbol) [0x00007FF63A07F87D]
	(No symbol) [0x00007FF63A06ED49]
	BaseThreadInitThunk [0x00007FFE3A07259D+29]
	RtlUserThreadStart [0x00007FFE3AECAF38+40]

2025-01-21 16:56:44,592 - INFO - Tarayýcý kapatýldý.
2025-01-21 16:56:52,015 - INFO - Oy baþarýyla gönderildi.
2025-01-21 16:56:54,109 - INFO - Tarayýcý kapatýldý.
2025-01-21 16:57:01,107 - INFO - Hata: HTTPConnectionPool(host='localhost', port=60992): Read timed out. (read timeout=120)
2025-01-21 16:57:06,010 - INFO - Oy baþarýyla gönderildi.
2025-01-21 16:57:08,094 - INFO - Tarayýcý kapatýldý.
2025-01-21 16:57:32,405 - INFO - Oy baþarýyla gönderildi.
2025-01-21 16:57:34,504 - INFO - Tarayýcý kapatýldý.
2025-01-21 16:57:42,437 - INFO - Oy baþarýyla gönderildi.
2025-01-21 16:57:44,527 - INFO - Tarayýcý kapatýldý.
2025-01-21 16:58:28,611 - INFO - Oy baþarýyla gönderildi.
2025-01-21 16:58:30,697 - INFO - Tarayýcý kapatýldý.
2025-01-21 16:58:34,725 - INFO - Oy baþarýyla gönderildi.
2025-01-21 16:58:36,839 - INFO - Tarayýcý kapatýldý.
2025-01-21 16:58:45,727 - INFO - Status: Stopping...
2025-01-21 16:58:47,912 - INFO - Oy baþarýyla gönderildi.
2025-01-21 16:58:50,022 - INFO - Tarayýcý kapatýldý.
2025-01-21 16:58:52,246 - INFO - Oy baþarýyla gönderildi.
2025-01-21 16:58:54,328 - INFO - Tarayýcý kapatýldý.
2025-01-21 16:59:01,121 - WARNING - Retrying (Retry(total=2, connect=None, read=None, redirect=None, status=None)) after connection broken by 'ReadTimeoutError("HTTPConnectionPool(host='localhost', port=60992): Read timed out. (read timeout=120)")': /session/e140d2b0f6ff9fc5b64cbf23ac6743ae
2025-01-21 16:59:03,628 - INFO - Oy baþarýyla gönderildi.
2025-01-21 16:59:05,492 - INFO - Oy baþarýyla gönderildi.
2025-01-21 16:59:05,706 - INFO - Tarayýcý kapatýldý.
2025-01-21 16:59:07,593 - INFO - Tarayýcý kapatýldý.
2025-01-21 17:00:03,206 - INFO - Tarayýcý kapatýldý.
