2025-01-27 00:12:21,631 - INFO - Status: Çalýþýyor
2025-01-27 00:13:00,258 - INFO - Oy baþarýyla gönderildi.
2025-01-27 00:13:01,282 - INFO - Oy baþarýyla gönderildi.
2025-01-27 00:13:01,893 - INFO - Oy baþarýyla gönderildi.
2025-01-27 00:13:02,350 - INFO - Tarayýcý kapatýldý.
2025-01-27 00:13:03,355 - INFO - Tarayýcý kapatýldý.
2025-01-27 00:13:03,960 - INFO - Tarayýcý kapatýldý.
2025-01-27 00:13:05,768 - INFO - Oy baþarýyla gönderildi.
2025-01-27 00:13:06,767 - INFO - Oy baþarýyla gönderildi.
2025-01-27 00:13:07,850 - INFO - Tarayýcý kapatýldý.
2025-01-27 00:13:08,857 - INFO - Tarayýcý kapatýldý.
2025-01-27 00:13:34,008 - INFO - Oy baþarýyla gönderildi.
2025-01-27 00:13:36,116 - INFO - Tarayýcý kapatýldý.
2025-01-27 00:13:40,063 - INFO - Oy baþarýyla gönderildi.
2025-01-27 00:13:42,151 - INFO - Tarayýcý kapatýldý.
2025-01-27 00:13:44,120 - INFO - Oy baþarýyla gönderildi.
2025-01-27 00:13:46,208 - INFO - Tarayýcý kapatýldý.
2025-01-27 00:13:47,267 - INFO - Oy baþarýyla gönderildi.
2025-01-27 00:13:49,348 - INFO - Tarayýcý kapatýldý.
2025-01-27 00:13:56,103 - INFO - Oy baþarýyla gönderildi.
2025-01-27 00:13:58,211 - INFO - Tarayýcý kapatýldý.
2025-01-27 00:14:02,620 - INFO - Oy baþarýyla gönderildi.
2025-01-27 00:14:04,709 - INFO - Tarayýcý kapatýldý.
2025-01-27 00:14:19,194 - INFO - Oy baþarýyla gönderildi.
2025-01-27 00:14:21,287 - INFO - Tarayýcý kapatýldý.
2025-01-27 00:14:23,803 - INFO - Oy baþarýyla gönderildi.
2025-01-27 00:14:25,898 - INFO - Tarayýcý kapatýldý.
2025-01-27 00:14:31,850 - INFO - Oy baþarýyla gönderildi.
2025-01-27 00:14:33,543 - INFO - Oy baþarýyla gönderildi.
2025-01-27 00:14:33,962 - INFO - Tarayýcý kapatýldý.
2025-01-27 00:14:34,463 - INFO - Oy baþarýyla gönderildi.
2025-01-27 00:14:35,632 - INFO - Tarayýcý kapatýldý.
2025-01-27 00:14:36,533 - INFO - Tarayýcý kapatýldý.
2025-01-27 00:14:48,682 - INFO - Oy baþarýyla gönderildi.
2025-01-27 00:14:50,773 - INFO - Tarayýcý kapatýldý.
2025-01-27 00:15:01,269 - INFO - Oy baþarýyla gönderildi.
2025-01-27 00:15:03,371 - INFO - Tarayýcý kapatýldý.
2025-01-27 00:15:16,630 - INFO - Oy baþarýyla gönderildi.
2025-01-27 00:15:16,969 - INFO - Oy baþarýyla gönderildi.
2025-01-27 00:15:17,777 - INFO - Oy baþarýyla gönderildi.
2025-01-27 00:15:18,724 - INFO - Tarayýcý kapatýldý.
2025-01-27 00:15:19,078 - INFO - Tarayýcý kapatýldý.
2025-01-27 00:15:19,871 - INFO - Tarayýcý kapatýldý.
2025-01-27 00:15:27,598 - INFO - Oy baþarýyla gönderildi.
2025-01-27 00:15:29,685 - INFO - Tarayýcý kapatýldý.
2025-01-27 00:15:31,686 - INFO - Hata: Message: 
Stacktrace:
	GetHandleVerifier [0x00007FF76D84FB05+28789]
	(No symbol) [0x00007FF76D7B86E0]
	(No symbol) [0x00007FF76D65592A]
	(No symbol) [0x00007FF76D6A930E]
	(No symbol) [0x00007FF76D6A95FC]
	(No symbol) [0x00007FF76D6F28A7]
	(No symbol) [0x00007FF76D6CF47F]
	(No symbol) [0x00007FF76D6EF654]
	(No symbol) [0x00007FF76D6CF1E3]
	(No symbol) [0x00007FF76D69A938]
	(No symbol) [0x00007FF76D69BAA1]
	GetHandleVerifier [0x00007FF76DB8933D+3410093]
	GetHandleVerifier [0x00007FF76DB9E7DD+3497293]
	GetHandleVerifier [0x00007FF76DB92A73+3448803]
	GetHandleVerifier [0x00007FF76D917BBB+848171]
	(No symbol) [0x00007FF76D7C3C3F]
	(No symbol) [0x00007FF76D7BF6E4]
	(No symbol) [0x00007FF76D7BF87D]
	(No symbol) [0x00007FF76D7AED49]
	BaseThreadInitThunk [0x00007FFB141E259D+29]
	RtlUserThreadStart [0x00007FFB1554AF38+40]

2025-01-27 00:15:33,783 - INFO - Tarayýcý kapatýldý.
2025-01-27 00:15:48,770 - INFO - Oy baþarýyla gönderildi.
2025-01-27 00:15:50,858 - INFO - Tarayýcý kapatýldý.
2025-01-27 00:15:54,425 - INFO - Oy baþarýyla gönderildi.
2025-01-27 00:15:54,757 - INFO - Oy baþarýyla gönderildi.
2025-01-27 00:15:56,523 - INFO - Tarayýcý kapatýldý.
2025-01-27 00:15:56,881 - INFO - Tarayýcý kapatýldý.
2025-01-27 00:16:01,311 - INFO - Oy baþarýyla gönderildi.
2025-01-27 00:16:03,391 - INFO - Tarayýcý kapatýldý.
2025-01-27 00:16:06,749 - INFO - Oy baþarýyla gönderildi.
2025-01-27 00:16:08,848 - INFO - Tarayýcý kapatýldý.
2025-01-27 00:16:24,207 - INFO - Oy baþarýyla gönderildi.
2025-01-27 00:16:26,289 - INFO - Tarayýcý kapatýldý.
2025-01-27 00:16:27,108 - INFO - Oy baþarýyla gönderildi.
2025-01-27 00:16:28,117 - INFO - Oy baþarýyla gönderildi.
2025-01-27 00:16:29,200 - INFO - Tarayýcý kapatýldý.
2025-01-27 00:16:30,238 - INFO - Tarayýcý kapatýldý.
2025-01-27 00:16:31,704 - INFO - Oy baþarýyla gönderildi.
2025-01-27 00:16:33,194 - INFO - Oy baþarýyla gönderildi.
2025-01-27 00:16:33,782 - INFO - Tarayýcý kapatýldý.
2025-01-27 00:16:35,303 - INFO - Tarayýcý kapatýldý.
2025-01-27 00:17:02,230 - INFO - Oy baþarýyla gönderildi.
2025-01-27 00:17:04,848 - INFO - Tarayýcý kapatýldý.
2025-01-27 00:17:05,336 - INFO - Oy baþarýyla gönderildi.
2025-01-27 00:17:05,802 - INFO - Oy baþarýyla gönderildi.
2025-01-27 00:17:07,044 - INFO - Oy baþarýyla gönderildi.
2025-01-27 00:17:07,427 - INFO - Tarayýcý kapatýldý.
2025-01-27 00:17:07,750 - INFO - Oy baþarýyla gönderildi.
2025-01-27 00:17:07,879 - INFO - Tarayýcý kapatýldý.
2025-01-27 00:17:09,123 - INFO - Tarayýcý kapatýldý.
2025-01-27 00:17:09,822 - INFO - Tarayýcý kapatýldý.
2025-01-27 00:17:27,054 - INFO - Hata: ('Connection aborted.', ConnectionResetError(10054, 'Varolan bir baðlantý uzaktaki bir ana bilgisayar tarafýndan zorla kapatýldý', None, 10054, None))
2025-01-27 00:17:27,055 - INFO - Hata: ('Connection aborted.', ConnectionResetError(10054, 'Varolan bir baðlantý uzaktaki bir ana bilgisayar tarafýndan zorla kapatýldý', None, 10054, None))
