2025-01-17 15:34:28,609 - INFO - Status: Çalýþýyor
2025-01-17 15:34:54,466 - INFO - Oy baþarýyla gönderildi.
2025-01-17 15:34:54,468 - INFO - Oy baþarýyla gönderildi.
2025-01-17 15:34:55,588 - INFO - Oy baþarýyla gönderildi.
2025-01-17 15:34:55,720 - INFO - Oy baþarýyla gönderildi.
2025-01-17 15:34:56,652 - INFO - Tarayýcý kapatýldý.
2025-01-17 15:34:56,666 - INFO - Tarayýcý kapatýldý.
2025-01-17 15:34:57,040 - INFO - Oy baþarýyla gönderildi.
2025-01-17 15:34:57,781 - INFO - Tarayýcý kapatýldý.
2025-01-17 15:34:57,997 - INFO - Tarayýcý kapatýldý.
2025-01-17 15:34:59,247 - INFO - Tarayýcý kapatýldý.
2025-01-17 15:35:31,012 - INFO - Oy baþarýyla gönderildi.
2025-01-17 15:35:32,893 - INFO - Oy baþarýyla gönderildi.
2025-01-17 15:35:33,201 - INFO - Oy baþarýyla gönderildi.
2025-01-17 15:35:34,679 - INFO - Tarayýcý kapatýldý.
2025-01-17 15:35:35,022 - INFO - Tarayýcý kapatýldý.
2025-01-17 15:35:35,409 - INFO - Oy baþarýyla gönderildi.
2025-01-17 15:35:35,913 - INFO - Tarayýcý kapatýldý.
2025-01-17 15:35:37,494 - INFO - Tarayýcý kapatýldý.
2025-01-17 15:35:38,615 - INFO - Oy baþarýyla gönderildi.
2025-01-17 15:35:40,749 - INFO - Tarayýcý kapatýldý.
2025-01-17 15:36:12,370 - INFO - Oy baþarýyla gönderildi.
2025-01-17 15:36:14,347 - INFO - Hata: Message: 
Stacktrace:
	GetHandleVerifier [0x00007FF7FA2EFB05+28789]
	(No symbol) [0x00007FF7FA2586E0]
	(No symbol) [0x00007FF7FA0F592A]
	(No symbol) [0x00007FF7FA14930E]
	(No symbol) [0x00007FF7FA1495FC]
	(No symbol) [0x00007FF7FA1928A7]
	(No symbol) [0x00007FF7FA16F47F]
	(No symbol) [0x00007FF7FA18F654]
	(No symbol) [0x00007FF7FA16F1E3]
	(No symbol) [0x00007FF7FA13A938]
	(No symbol) [0x00007FF7FA13BAA1]
	GetHandleVerifier [0x00007FF7FA62933D+3410093]
	GetHandleVerifier [0x00007FF7FA63E7DD+3497293]
	GetHandleVerifier [0x00007FF7FA632A73+3448803]
	GetHandleVerifier [0x00007FF7FA3B7BBB+848171]
	(No symbol) [0x00007FF7FA263C3F]
	(No symbol) [0x00007FF7FA25F6E4]
	(No symbol) [0x00007FF7FA25F87D]
	(No symbol) [0x00007FF7FA24ED49]
	BaseThreadInitThunk [0x00007FF9AC94259D+29]
	RtlUserThreadStart [0x00007FF9AEACAF38+40]

2025-01-17 15:36:14,504 - INFO - Tarayýcý kapatýldý.
2025-01-17 15:36:17,581 - INFO - Tarayýcý kapatýldý.
2025-01-17 15:36:29,189 - INFO - Oy baþarýyla gönderildi.
2025-01-17 15:36:29,301 - INFO - Oy baþarýyla gönderildi.
2025-01-17 15:36:29,939 - INFO - Oy baþarýyla gönderildi.
2025-01-17 15:36:31,288 - INFO - Tarayýcý kapatýldý.
2025-01-17 15:36:31,413 - INFO - Tarayýcý kapatýldý.
2025-01-17 15:36:32,177 - INFO - Tarayýcý kapatýldý.
2025-01-17 15:36:33,129 - INFO - Oy baþarýyla gönderildi.
2025-01-17 15:36:36,608 - INFO - Tarayýcý kapatýldý.
2025-01-17 15:36:38,091 - INFO - Oy baþarýyla gönderildi.
2025-01-17 15:36:48,887 - INFO - Tarayýcý kapatýldý.
2025-01-17 15:37:22,519 - INFO - Oy baþarýyla gönderildi.
2025-01-17 15:37:25,554 - INFO - Oy baþarýyla gönderildi.
2025-01-17 15:37:27,250 - INFO - Oy baþarýyla gönderildi.
2025-01-17 15:37:27,640 - INFO - Oy baþarýyla gönderildi.
2025-01-17 15:37:35,004 - INFO - Tarayýcý kapatýldý.
2025-01-17 15:37:35,112 - INFO - Tarayýcý kapatýldý.
2025-01-17 15:37:35,127 - INFO - Tarayýcý kapatýldý.
2025-01-17 15:37:35,203 - INFO - Tarayýcý kapatýldý.
2025-01-17 15:37:45,193 - INFO - Oy baþarýyla gönderildi.
2025-01-17 15:37:49,090 - INFO - Tarayýcý kapatýldý.
2025-01-17 15:38:23,674 - INFO - Oy baþarýyla gönderildi.
2025-01-17 15:38:24,449 - INFO - Oy baþarýyla gönderildi.
2025-01-17 15:38:24,930 - INFO - Oy baþarýyla gönderildi.
2025-01-17 15:38:25,069 - INFO - Oy baþarýyla gönderildi.
2025-01-17 15:38:26,214 - INFO - Tarayýcý kapatýldý.
2025-01-17 15:38:26,377 - INFO - Oy baþarýyla gönderildi.
2025-01-17 15:38:26,589 - INFO - Tarayýcý kapatýldý.
2025-01-17 15:38:27,034 - INFO - Tarayýcý kapatýldý.
2025-01-17 15:38:27,188 - INFO - Tarayýcý kapatýldý.
2025-01-17 15:38:28,461 - INFO - Tarayýcý kapatýldý.
2025-01-17 15:39:06,009 - INFO - Oy baþarýyla gönderildi.
2025-01-17 15:39:08,085 - INFO - Tarayýcý kapatýldý.
2025-01-17 15:39:08,815 - INFO - Oy baþarýyla gönderildi.
2025-01-17 15:39:09,114 - INFO - Oy baþarýyla gönderildi.
2025-01-17 15:39:10,020 - INFO - Oy baþarýyla gönderildi.
2025-01-17 15:39:10,036 - INFO - Oy baþarýyla gönderildi.
2025-01-17 15:39:10,895 - INFO - Tarayýcý kapatýldý.
2025-01-17 15:39:11,204 - INFO - Tarayýcý kapatýldý.
2025-01-17 15:39:12,140 - INFO - Tarayýcý kapatýldý.
2025-01-17 15:39:12,140 - INFO - Tarayýcý kapatýldý.
2025-01-17 15:39:26,835 - INFO - Oy baþarýyla gönderildi.
2025-01-17 15:39:28,931 - INFO - Tarayýcý kapatýldý.
2025-01-17 15:39:37,592 - INFO - Oy baþarýyla gönderildi.
2025-01-17 15:39:37,691 - INFO - Oy baþarýyla gönderildi.
2025-01-17 15:39:39,532 - INFO - Oy baþarýyla gönderildi.
2025-01-17 15:39:39,682 - INFO - Tarayýcý kapatýldý.
2025-01-17 15:39:39,775 - INFO - Tarayýcý kapatýldý.
2025-01-17 15:39:40,260 - INFO - Oy baþarýyla gönderildi.
2025-01-17 15:39:41,605 - INFO - Tarayýcý kapatýldý.
2025-01-17 15:39:42,334 - INFO - Tarayýcý kapatýldý.
2025-01-17 15:39:43,962 - INFO - Oy baþarýyla gönderildi.
2025-01-17 15:39:46,059 - INFO - Tarayýcý kapatýldý.
2025-01-17 15:39:58,898 - INFO - Oy baþarýyla gönderildi.
2025-01-17 15:40:01,005 - INFO - Tarayýcý kapatýldý.
2025-01-17 15:40:06,450 - INFO - Oy baþarýyla gönderildi.
2025-01-17 15:40:07,118 - INFO - Oy baþarýyla gönderildi.
2025-01-17 15:40:07,146 - INFO - Oy baþarýyla gönderildi.
2025-01-17 15:40:07,625 - INFO - Oy baþarýyla gönderildi.
2025-01-17 15:40:08,527 - INFO - Tarayýcý kapatýldý.
2025-01-17 15:40:09,219 - INFO - Tarayýcý kapatýldý.
2025-01-17 15:40:09,234 - INFO - Tarayýcý kapatýldý.
2025-01-17 15:40:09,702 - INFO - Tarayýcý kapatýldý.
2025-01-17 15:40:15,494 - INFO - Oy baþarýyla gönderildi.
2025-01-17 15:40:17,617 - INFO - Tarayýcý kapatýldý.
2025-01-17 15:40:27,861 - INFO - Oy baþarýyla gönderildi.
2025-01-17 15:40:29,961 - INFO - Tarayýcý kapatýldý.
2025-01-17 15:40:31,139 - INFO - Oy baþarýyla gönderildi.
2025-01-17 15:40:33,186 - INFO - Oy baþarýyla gönderildi.
2025-01-17 15:40:33,228 - INFO - Tarayýcý kapatýldý.
2025-01-17 15:40:33,865 - INFO - Oy baþarýyla gönderildi.
2025-01-17 15:40:35,269 - INFO - Tarayýcý kapatýldý.
2025-01-17 15:40:35,947 - INFO - Tarayýcý kapatýldý.
2025-01-17 15:40:43,123 - INFO - Oy baþarýyla gönderildi.
2025-01-17 15:40:45,232 - INFO - Tarayýcý kapatýldý.
2025-01-17 15:40:52,707 - INFO - Oy baþarýyla gönderildi.
2025-01-17 15:40:54,810 - INFO - Tarayýcý kapatýldý.
2025-01-17 15:40:55,290 - INFO - Oy baþarýyla gönderildi.
2025-01-17 15:40:57,107 - INFO - Oy baþarýyla gönderildi.
2025-01-17 15:40:57,394 - INFO - Tarayýcý kapatýldý.
2025-01-17 15:40:59,250 - INFO - Tarayýcý kapatýldý.
2025-01-17 15:40:59,520 - INFO - Oy baþarýyla gönderildi.
2025-01-17 15:41:01,624 - INFO - Tarayýcý kapatýldý.
2025-01-17 15:41:12,014 - INFO - Oy baþarýyla gönderildi.
2025-01-17 15:41:14,130 - INFO - Tarayýcý kapatýldý.
2025-01-17 15:41:19,629 - INFO - Oy baþarýyla gönderildi.
2025-01-17 15:41:20,704 - INFO - Oy baþarýyla gönderildi.
2025-01-17 15:41:21,702 - INFO - Tarayýcý kapatýldý.
2025-01-17 15:41:22,772 - INFO - Tarayýcý kapatýldý.
2025-01-17 15:41:23,690 - INFO - Oy baþarýyla gönderildi.
2025-01-17 15:41:25,775 - INFO - Tarayýcý kapatýldý.
2025-01-17 15:41:26,356 - INFO - Oy baþarýyla gönderildi.
2025-01-17 15:41:28,433 - INFO - Tarayýcý kapatýldý.
2025-01-17 15:41:37,988 - INFO - Oy baþarýyla gönderildi.
2025-01-17 15:41:40,065 - INFO - Tarayýcý kapatýldý.
2025-01-17 15:41:45,788 - INFO - Oy baþarýyla gönderildi.
2025-01-17 15:41:46,272 - INFO - Oy baþarýyla gönderildi.
2025-01-17 15:41:47,860 - INFO - Tarayýcý kapatýldý.
2025-01-17 15:41:48,355 - INFO - Tarayýcý kapatýldý.
2025-01-17 15:41:54,945 - INFO - Oy baþarýyla gönderildi.
2025-01-17 15:41:55,464 - INFO - Oy baþarýyla gönderildi.
2025-01-17 15:41:57,045 - INFO - Tarayýcý kapatýldý.
2025-01-17 15:41:57,538 - INFO - Tarayýcý kapatýldý.
2025-01-17 15:42:15,120 - INFO - Oy baþarýyla gönderildi.
2025-01-17 15:42:16,491 - INFO - Oy baþarýyla gönderildi.
2025-01-17 15:42:17,217 - INFO - Tarayýcý kapatýldý.
2025-01-17 15:42:17,282 - INFO - Oy baþarýyla gönderildi.
2025-01-17 15:42:18,571 - INFO - Tarayýcý kapatýldý.
2025-01-17 15:42:19,678 - INFO - Tarayýcý kapatýldý.
2025-01-17 15:42:19,932 - INFO - Oy baþarýyla gönderildi.
2025-01-17 15:42:20,384 - INFO - Oy baþarýyla gönderildi.
2025-01-17 15:42:22,013 - INFO - Tarayýcý kapatýldý.
2025-01-17 15:42:22,466 - INFO - Tarayýcý kapatýldý.
2025-01-17 15:42:34,882 - INFO - Oy baþarýyla gönderildi.
2025-01-17 15:42:36,988 - INFO - Tarayýcý kapatýldý.
2025-01-17 15:42:41,253 - INFO - Oy baþarýyla gönderildi.
2025-01-17 15:42:43,343 - INFO - Tarayýcý kapatýldý.
2025-01-17 15:42:44,979 - INFO - Oy baþarýyla gönderildi.
2025-01-17 15:42:45,561 - INFO - Oy baþarýyla gönderildi.
2025-01-17 15:42:47,059 - INFO - Tarayýcý kapatýldý.
2025-01-17 15:42:47,635 - INFO - Tarayýcý kapatýldý.
2025-01-17 15:42:50,435 - INFO - Oy baþarýyla gönderildi.
2025-01-17 15:42:51,886 - INFO - Oy baþarýyla gönderildi.
2025-01-17 15:42:52,502 - INFO - Tarayýcý kapatýldý.
2025-01-17 15:42:53,966 - INFO - Tarayýcý kapatýldý.
2025-01-17 15:42:56,607 - INFO - Oy baþarýyla gönderildi.
2025-01-17 15:42:58,701 - INFO - Tarayýcý kapatýldý.
2025-01-17 15:43:05,134 - INFO - Oy baþarýyla gönderildi.
2025-01-17 15:43:07,223 - INFO - Tarayýcý kapatýldý.
2025-01-17 15:43:12,657 - INFO - Oy baþarýyla gönderildi.
2025-01-17 15:43:12,913 - INFO - Oy baþarýyla gönderildi.
2025-01-17 15:43:14,763 - INFO - Tarayýcý kapatýldý.
2025-01-17 15:43:14,997 - INFO - Tarayýcý kapatýldý.
2025-01-17 15:43:16,692 - INFO - Oy baþarýyla gönderildi.
2025-01-17 15:43:18,205 - INFO - Oy baþarýyla gönderildi.
2025-01-17 15:43:18,764 - INFO - Tarayýcý kapatýldý.
2025-01-17 15:43:20,274 - INFO - Tarayýcý kapatýldý.
2025-01-17 15:43:22,224 - INFO - Oy baþarýyla gönderildi.
2025-01-17 15:43:24,297 - INFO - Tarayýcý kapatýldý.
2025-01-17 15:43:37,020 - INFO - Oy baþarýyla gönderildi.
2025-01-17 15:43:40,057 - INFO - Tarayýcý kapatýldý.
2025-01-17 15:43:48,483 - INFO - Hata: Message: 
Stacktrace:
	GetHandleVerifier [0x00007FF7FA2EFB05+28789]
	(No symbol) [0x00007FF7FA2586E0]
	(No symbol) [0x00007FF7FA0F592A]
	(No symbol) [0x00007FF7FA14930E]
	(No symbol) [0x00007FF7FA1495FC]
	(No symbol) [0x00007FF7FA1928A7]
	(No symbol) [0x00007FF7FA16F47F]
	(No symbol) [0x00007FF7FA18F654]
	(No symbol) [0x00007FF7FA16F1E3]
	(No symbol) [0x00007FF7FA13A938]
	(No symbol) [0x00007FF7FA13BAA1]
	GetHandleVerifier [0x00007FF7FA62933D+3410093]
	GetHandleVerifier [0x00007FF7FA63E7DD+3497293]
	GetHandleVerifier [0x00007FF7FA632A73+3448803]
	GetHandleVerifier [0x00007FF7FA3B7BBB+848171]
	(No symbol) [0x00007FF7FA263C3F]
	(No symbol) [0x00007FF7FA25F6E4]
	(No symbol) [0x00007FF7FA25F87D]
	(No symbol) [0x00007FF7FA24ED49]
	BaseThreadInitThunk [0x00007FF9AC94259D+29]
	RtlUserThreadStart [0x00007FF9AEACAF38+40]

2025-01-17 15:43:51,538 - INFO - Tarayýcý kapatýldý.
2025-01-17 15:43:51,621 - INFO - Oy baþarýyla gönderildi.
2025-01-17 15:43:52,895 - INFO - Oy baþarýyla gönderildi.
2025-01-17 15:43:53,717 - INFO - Tarayýcý kapatýldý.
2025-01-17 15:43:53,718 - INFO - Oy baþarýyla gönderildi.
2025-01-17 15:43:55,544 - INFO - Tarayýcý kapatýldý.
2025-01-17 15:43:56,839 - INFO - Tarayýcý kapatýldý.
2025-01-17 15:43:59,526 - INFO - Oy baþarýyla gönderildi.
2025-01-17 15:44:03,080 - INFO - Tarayýcý kapatýldý.
2025-01-17 15:44:12,523 - INFO - Oy baþarýyla gönderildi.
2025-01-17 15:44:14,662 - INFO - Tarayýcý kapatýldý.
2025-01-17 15:44:22,648 - INFO - Oy baþarýyla gönderildi.
2025-01-17 15:44:23,100 - INFO - Oy baþarýyla gönderildi.
2025-01-17 15:44:23,542 - INFO - Oy baþarýyla gönderildi.
2025-01-17 15:44:24,650 - INFO - Oy baþarýyla gönderildi.
2025-01-17 15:44:24,730 - INFO - Tarayýcý kapatýldý.
2025-01-17 15:44:25,196 - INFO - Tarayýcý kapatýldý.
2025-01-17 15:44:25,634 - INFO - Tarayýcý kapatýldý.
2025-01-17 15:44:26,740 - INFO - Tarayýcý kapatýldý.
2025-01-17 15:44:27,956 - INFO - Oy baþarýyla gönderildi.
2025-01-17 15:44:30,055 - INFO - Tarayýcý kapatýldý.
2025-01-17 15:44:48,951 - INFO - Oy baþarýyla gönderildi.
2025-01-17 15:44:50,183 - INFO - Oy baþarýyla gönderildi.
2025-01-17 15:44:51,049 - INFO - Tarayýcý kapatýldý.
2025-01-17 15:44:52,269 - INFO - Tarayýcý kapatýldý.
2025-01-17 15:44:52,601 - INFO - Oy baþarýyla gönderildi.
2025-01-17 15:44:53,940 - INFO - Oy baþarýyla gönderildi.
2025-01-17 15:44:54,676 - INFO - Tarayýcý kapatýldý.
2025-01-17 15:44:56,551 - INFO - Tarayýcý kapatýldý.
2025-01-17 15:44:58,165 - INFO - Oy baþarýyla gönderildi.
2025-01-17 15:45:00,267 - INFO - Tarayýcý kapatýldý.
2025-01-17 15:45:18,150 - INFO - Oy baþarýyla gönderildi.
2025-01-17 15:45:18,489 - INFO - Oy baþarýyla gönderildi.
2025-01-17 15:45:20,232 - INFO - Tarayýcý kapatýldý.
2025-01-17 15:45:20,573 - INFO - Tarayýcý kapatýldý.
2025-01-17 15:45:21,168 - INFO - Oy baþarýyla gönderildi.
2025-01-17 15:45:22,246 - INFO - Oy baþarýyla gönderildi.
2025-01-17 15:45:22,779 - INFO - Oy baþarýyla gönderildi.
2025-01-17 15:45:23,247 - INFO - Tarayýcý kapatýldý.
2025-01-17 15:45:24,324 - INFO - Tarayýcý kapatýldý.
2025-01-17 15:45:24,860 - INFO - Tarayýcý kapatýldý.
2025-01-17 15:45:45,646 - INFO - Oy baþarýyla gönderildi.
2025-01-17 15:45:45,982 - INFO - Oy baþarýyla gönderildi.
2025-01-17 15:45:47,744 - INFO - Tarayýcý kapatýldý.
2025-01-17 15:45:48,068 - INFO - Tarayýcý kapatýldý.
2025-01-17 15:45:49,341 - INFO - Oy baþarýyla gönderildi.
2025-01-17 15:45:49,479 - INFO - Oy baþarýyla gönderildi.
2025-01-17 15:45:50,132 - INFO - Oy baþarýyla gönderildi.
2025-01-17 15:45:51,434 - INFO - Tarayýcý kapatýldý.
2025-01-17 15:45:51,575 - INFO - Tarayýcý kapatýldý.
2025-01-17 15:45:52,213 - INFO - Tarayýcý kapatýldý.
2025-01-17 15:46:05,452 - INFO - Oy baþarýyla gönderildi.
2025-01-17 15:46:07,544 - INFO - Tarayýcý kapatýldý.
2025-01-17 15:46:11,563 - INFO - Oy baþarýyla gönderildi.
2025-01-17 15:46:12,512 - INFO - Oy baþarýyla gönderildi.
