2025-01-27 20:33:47,591 - INFO - Status: Çalýþýyor
2025-01-27 20:35:02,638 - INFO - Oy baþarýyla gönderildi.
2025-01-27 20:35:04,724 - INFO - Tarayýcý kapatýldý.
2025-01-27 20:35:07,204 - INFO - Oy baþarýyla gönderildi.
2025-01-27 20:35:09,293 - INFO - Tarayýcý kapatýldý.
2025-01-27 20:35:09,583 - INFO - Oy baþarýyla gönderildi.
2025-01-27 20:35:09,668 - INFO - Oy baþarýyla gönderildi.
2025-01-27 20:35:10,706 - INFO - Oy baþarýyla gönderildi.
2025-01-27 20:35:11,676 - INFO - Tarayýcý kapatýldý.
2025-01-27 20:35:11,753 - INFO - Tarayýcý kapatýldý.
2025-01-27 20:35:12,784 - INFO - Tarayýcý kapatýldý.
2025-01-27 20:36:03,006 - INFO - Oy baþarýyla gönderildi.
2025-01-27 20:36:05,487 - INFO - Tarayýcý kapatýldý.
2025-01-27 20:36:07,034 - INFO - Oy baþarýyla gönderildi.
2025-01-27 20:36:07,244 - INFO - Oy baþarýyla gönderildi.
2025-01-27 20:36:09,123 - INFO - Tarayýcý kapatýldý.
2025-01-27 20:36:09,329 - INFO - Tarayýcý kapatýldý.
2025-01-27 20:36:13,320 - INFO - Oy baþarýyla gönderildi.
2025-01-27 20:36:14,838 - INFO - Oy baþarýyla gönderildi.
2025-01-27 20:36:17,044 - INFO - Tarayýcý kapatýldý.
2025-01-27 20:36:18,756 - INFO - Tarayýcý kapatýldý.
2025-01-27 20:37:04,631 - INFO - Oy baþarýyla gönderildi.
2025-01-27 20:37:06,895 - INFO - Tarayýcý kapatýldý.
2025-01-27 20:37:31,483 - INFO - Oy baþarýyla gönderildi.
2025-01-27 20:37:33,595 - INFO - Tarayýcý kapatýldý.
2025-01-27 20:37:35,394 - INFO - Oy baþarýyla gönderildi.
2025-01-27 20:37:37,505 - INFO - Tarayýcý kapatýldý.
2025-01-27 20:37:44,717 - INFO - Oy baþarýyla gönderildi.
2025-01-27 20:37:47,130 - INFO - Tarayýcý kapatýldý.
2025-01-27 20:38:03,912 - INFO - Oy baþarýyla gönderildi.
2025-01-27 20:38:06,016 - INFO - Tarayýcý kapatýldý.
2025-01-27 20:38:30,514 - INFO - Oy baþarýyla gönderildi.
2025-01-27 20:38:32,001 - INFO - Oy baþarýyla gönderildi.
2025-01-27 20:38:32,605 - INFO - Tarayýcý kapatýldý.
2025-01-27 20:38:34,112 - INFO - Tarayýcý kapatýldý.
2025-01-27 20:38:34,724 - INFO - Oy baþarýyla gönderildi.
2025-01-27 20:38:36,801 - INFO - Tarayýcý kapatýldý.
2025-01-27 20:39:12,009 - INFO - Oy baþarýyla gönderildi.
2025-01-27 20:39:14,112 - INFO - Tarayýcý kapatýldý.
2025-01-27 20:39:16,421 - INFO - Oy baþarýyla gönderildi.
2025-01-27 20:39:18,527 - INFO - Tarayýcý kapatýldý.
2025-01-27 20:39:31,123 - INFO - Oy baþarýyla gönderildi.
2025-01-27 20:39:33,211 - INFO - Tarayýcý kapatýldý.
2025-01-27 20:39:38,265 - INFO - Oy baþarýyla gönderildi.
2025-01-27 20:39:40,368 - INFO - Tarayýcý kapatýldý.
2025-01-27 20:40:01,445 - INFO - Oy baþarýyla gönderildi.
2025-01-27 20:40:03,567 - INFO - Tarayýcý kapatýldý.
2025-01-27 20:40:43,668 - INFO - Oy baþarýyla gönderildi.
2025-01-27 20:40:45,779 - INFO - Tarayýcý kapatýldý.
2025-01-27 20:40:48,385 - INFO - Oy baþarýyla gönderildi.
2025-01-27 20:40:50,501 - INFO - Tarayýcý kapatýldý.
2025-01-27 20:40:52,153 - INFO - Oy baþarýyla gönderildi.
2025-01-27 20:40:54,243 - INFO - Tarayýcý kapatýldý.
2025-01-27 20:40:59,380 - INFO - Oy baþarýyla gönderildi.
2025-01-27 20:41:01,454 - INFO - Tarayýcý kapatýldý.
2025-01-27 20:41:19,606 - INFO - Oy baþarýyla gönderildi.
2025-01-27 20:41:21,704 - INFO - Tarayýcý kapatýldý.
2025-01-27 20:42:00,868 - INFO - Oy baþarýyla gönderildi.
2025-01-27 20:42:02,987 - INFO - Tarayýcý kapatýldý.
2025-01-27 20:42:20,764 - INFO - Oy baþarýyla gönderildi.
2025-01-27 20:42:22,852 - INFO - Tarayýcý kapatýldý.
2025-01-27 20:42:26,238 - INFO - Oy baþarýyla gönderildi.
2025-01-27 20:42:27,448 - INFO - Oy baþarýyla gönderildi.
2025-01-27 20:42:28,332 - INFO - Tarayýcý kapatýldý.
2025-01-27 20:42:29,528 - INFO - Tarayýcý kapatýldý.
2025-01-27 20:42:54,554 - INFO - Hata: HTTPConnectionPool(host='localhost', port=57816): Read timed out. (read timeout=120)
2025-01-27 20:43:05,405 - INFO - Oy baþarýyla gönderildi.
2025-01-27 20:43:05,836 - INFO - Oy baþarýyla gönderildi.
2025-01-27 20:43:07,515 - INFO - Tarayýcý kapatýldý.
2025-01-27 20:43:07,950 - INFO - Tarayýcý kapatýldý.
2025-01-27 20:43:13,345 - INFO - Oy baþarýyla gönderildi.
2025-01-27 20:43:15,430 - INFO - Tarayýcý kapatýldý.
2025-01-27 20:43:15,650 - INFO - Oy baþarýyla gönderildi.
2025-01-27 20:43:17,775 - INFO - Tarayýcý kapatýldý.
2025-01-27 20:44:51,959 - INFO - Tarayýcý kapatýldý.
2025-01-27 20:44:51,959 - INFO - Oy baþarýyla gönderildi.
2025-01-27 20:44:51,959 - INFO - Oy baþarýyla gönderildi.
2025-01-27 20:44:51,960 - INFO - Oy baþarýyla gönderildi.
2025-01-27 20:44:51,960 - INFO - Oy baþarýyla gönderildi.
2025-01-27 20:44:54,121 - INFO - Tarayýcý kapatýldý.
2025-01-27 20:44:54,122 - INFO - Tarayýcý kapatýldý.
2025-01-27 20:44:54,137 - INFO - Tarayýcý kapatýldý.
2025-01-27 20:44:54,153 - INFO - Tarayýcý kapatýldý.
2025-01-27 20:45:55,505 - INFO - Oy baþarýyla gönderildi.
2025-01-27 20:45:57,608 - INFO - Tarayýcý kapatýldý.
2025-01-27 20:45:58,578 - INFO - Oy baþarýyla gönderildi.
2025-01-27 20:46:00,691 - INFO - Tarayýcý kapatýldý.
2025-01-27 20:46:01,533 - INFO - Oy baþarýyla gönderildi.
2025-01-27 20:46:02,364 - INFO - Oy baþarýyla gönderildi.
2025-01-27 20:46:03,675 - INFO - Tarayýcý kapatýldý.
2025-01-27 20:46:04,471 - INFO - Tarayýcý kapatýldý.
2025-01-27 20:46:58,375 - INFO - Hata: HTTPConnectionPool(host='localhost', port=58848): Read timed out. (read timeout=120)
2025-01-27 20:47:06,727 - INFO - Oy baþarýyla gönderildi.
2025-01-27 20:47:07,704 - INFO - Oy baþarýyla gönderildi.
2025-01-27 20:47:08,840 - INFO - Tarayýcý kapatýldý.
2025-01-27 20:47:09,656 - INFO - Oy baþarýyla gönderildi.
2025-01-27 20:47:09,790 - INFO - Tarayýcý kapatýldý.
2025-01-27 20:47:11,759 - INFO - Tarayýcý kapatýldý.
2025-01-27 20:47:14,544 - INFO - Oy baþarýyla gönderildi.
2025-01-27 20:47:16,623 - INFO - Tarayýcý kapatýldý.
2025-01-27 20:48:11,721 - INFO - Oy baþarýyla gönderildi.
2025-01-27 20:48:13,821 - INFO - Tarayýcý kapatýldý.
2025-01-27 20:48:18,881 - INFO - Oy baþarýyla gönderildi.
2025-01-27 20:48:20,965 - INFO - Tarayýcý kapatýldý.
2025-01-27 20:48:27,214 - INFO - Oy baþarýyla gönderildi.
2025-01-27 20:48:30,871 - INFO - Tarayýcý kapatýldý.
2025-01-27 20:48:40,471 - INFO - Hata: Message: 
Stacktrace:
	GetHandleVerifier [0x00007FF66465FB05+28789]
	(No symbol) [0x00007FF6645C86E0]
	(No symbol) [0x00007FF66446592A]
	(No symbol) [0x00007FF6644B930E]
	(No symbol) [0x00007FF6644B95FC]
	(No symbol) [0x00007FF6645028A7]
	(No symbol) [0x00007FF6644DF47F]
	(No symbol) [0x00007FF6644FF654]
	(No symbol) [0x00007FF6644DF1E3]
	(No symbol) [0x00007FF6644AA938]
	(No symbol) [0x00007FF6644ABAA1]
	GetHandleVerifier [0x00007FF66499933D+3410093]
	GetHandleVerifier [0x00007FF6649AE7DD+3497293]
	GetHandleVerifier [0x00007FF6649A2A73+3448803]
	GetHandleVerifier [0x00007FF664727BBB+848171]
	(No symbol) [0x00007FF6645D3C3F]
	(No symbol) [0x00007FF6645CF6E4]
	(No symbol) [0x00007FF6645CF87D]
	(No symbol) [0x00007FF6645BED49]
	BaseThreadInitThunk [0x00007FF8EEB3259D+29]
	RtlUserThreadStart [0x00007FF8F0BAAF38+40]

2025-01-27 20:48:42,590 - INFO - Tarayýcý kapatýldý.
2025-01-27 20:48:58,380 - WARNING - Retrying (Retry(total=2, connect=None, read=None, redirect=None, status=None)) after connection broken by 'ReadTimeoutError("HTTPConnectionPool(host='localhost', port=58848): Read timed out. (read timeout=120)")': /session/e2d63480f2db66ae59849eeb3d85d242
2025-01-27 20:49:14,664 - INFO - Oy baþarýyla gönderildi.
2025-01-27 20:49:15,976 - INFO - Oy baþarýyla gönderildi.
2025-01-27 20:49:16,755 - INFO - Tarayýcý kapatýldý.
2025-01-27 20:49:18,079 - INFO - Tarayýcý kapatýldý.
2025-01-27 20:49:46,514 - INFO - Oy baþarýyla gönderildi.
2025-01-27 20:49:48,614 - INFO - Tarayýcý kapatýldý.
2025-01-27 20:49:50,586 - INFO - Oy baþarýyla gönderildi.
2025-01-27 20:49:52,690 - INFO - Tarayýcý kapatýldý.
2025-01-27 20:50:00,469 - INFO - Tarayýcý kapatýldý.
2025-01-27 20:51:00,926 - INFO - Oy baþarýyla gönderildi.
2025-01-27 20:51:03,029 - INFO - Tarayýcý kapatýldý.
2025-01-27 20:51:10,830 - INFO - Oy baþarýyla gönderildi.
2025-01-27 20:51:16,293 - INFO - Tarayýcý kapatýldý.
2025-01-27 20:51:18,378 - INFO - Oy baþarýyla gönderildi.
2025-01-27 20:51:20,886 - INFO - Hata: HTTPConnectionPool(host='localhost', port=60067): Read timed out. (read timeout=120)
2025-01-27 20:51:21,242 - INFO - Tarayýcý kapatýldý.
2025-01-27 20:51:24,220 - INFO - Tarayýcý kapatýldý.
2025-01-27 20:51:29,439 - INFO - Oy baþarýyla gönderildi.
2025-01-27 20:51:31,721 - INFO - Tarayýcý kapatýldý.
2025-01-27 20:52:45,299 - INFO - Oy baþarýyla gönderildi.
2025-01-27 20:52:45,300 - INFO - Oy baþarýyla gönderildi.
2025-01-27 20:52:47,986 - INFO - Tarayýcý kapatýldý.
2025-01-27 20:52:47,986 - INFO - Tarayýcý kapatýldý.
2025-01-27 20:52:48,826 - INFO - Oy baþarýyla gönderildi.
2025-01-27 20:52:50,919 - INFO - Tarayýcý kapatýldý.
2025-01-27 20:53:04,003 - INFO - Oy baþarýyla gönderildi.
2025-01-27 20:53:06,101 - INFO - Tarayýcý kapatýldý.
2025-01-27 20:53:09,008 - INFO - Oy baþarýyla gönderildi.
2025-01-27 20:53:11,097 - INFO - Tarayýcý kapatýldý.
2025-01-27 20:53:59,541 - INFO - Oy baþarýyla gönderildi.
2025-01-27 20:54:01,446 - INFO - Oy baþarýyla gönderildi.
2025-01-27 20:54:01,618 - INFO - Tarayýcý kapatýldý.
2025-01-27 20:54:03,524 - INFO - Tarayýcý kapatýldý.
2025-01-27 20:54:03,832 - INFO - Oy baþarýyla gönderildi.
2025-01-27 20:54:05,919 - INFO - Tarayýcý kapatýldý.
2025-01-27 20:54:10,648 - INFO - Oy baþarýyla gönderildi.
2025-01-27 20:54:12,733 - INFO - Tarayýcý kapatýldý.
2025-01-27 20:54:19,074 - INFO - Oy baþarýyla gönderildi.
2025-01-27 20:54:21,195 - INFO - Tarayýcý kapatýldý.
2025-01-27 20:54:49,810 - INFO - Oy baþarýyla gönderildi.
2025-01-27 20:54:51,913 - INFO - Tarayýcý kapatýldý.
2025-01-27 20:55:08,707 - INFO - Oy baþarýyla gönderildi.
2025-01-27 20:55:10,803 - INFO - Tarayýcý kapatýldý.
2025-01-27 20:55:18,588 - INFO - Hata: Message: 
Stacktrace:
	GetHandleVerifier [0x00007FF66465FB05+28789]
	(No symbol) [0x00007FF6645C86E0]
	(No symbol) [0x00007FF66446592A]
	(No symbol) [0x00007FF6644B930E]
	(No symbol) [0x00007FF6644B95FC]
	(No symbol) [0x00007FF6645028A7]
	(No symbol) [0x00007FF6644DF47F]
	(No symbol) [0x00007FF6644FF654]
	(No symbol) [0x00007FF6644DF1E3]
	(No symbol) [0x00007FF6644AA938]
	(No symbol) [0x00007FF6644ABAA1]
	GetHandleVerifier [0x00007FF66499933D+3410093]
	GetHandleVerifier [0x00007FF6649AE7DD+3497293]
	GetHandleVerifier [0x00007FF6649A2A73+3448803]
	GetHandleVerifier [0x00007FF664727BBB+848171]
	(No symbol) [0x00007FF6645D3C3F]
	(No symbol) [0x00007FF6645CF6E4]
	(No symbol) [0x00007FF6645CF87D]
	(No symbol) [0x00007FF6645BED49]
	BaseThreadInitThunk [0x00007FF8EEB3259D+29]
	RtlUserThreadStart [0x00007FF8F0BAAF38+40]

2025-01-27 20:55:20,717 - INFO - Tarayýcý kapatýldý.
2025-01-27 20:55:24,641 - INFO - Oy baþarýyla gönderildi.
2025-01-27 20:55:26,731 - INFO - Tarayýcý kapatýldý.
2025-01-27 20:55:41,170 - INFO - Oy baþarýyla gönderildi.
2025-01-27 20:55:43,257 - INFO - Tarayýcý kapatýldý.
2025-01-27 20:56:04,897 - INFO - Oy baþarýyla gönderildi.
2025-01-27 20:56:07,276 - INFO - Tarayýcý kapatýldý.
2025-01-27 20:56:45,455 - INFO - Oy baþarýyla gönderildi.
2025-01-27 20:56:46,028 - INFO - Oy baþarýyla gönderildi.
2025-01-27 20:56:47,557 - INFO - Tarayýcý kapatýldý.
2025-01-27 20:56:48,117 - INFO - Tarayýcý kapatýldý.
2025-01-27 20:56:55,115 - INFO - Oy baþarýyla gönderildi.
2025-01-27 20:56:57,200 - INFO - Tarayýcý kapatýldý.
2025-01-27 20:57:12,973 - INFO - Hata: Message: 
Stacktrace:
	GetHandleVerifier [0x00007FF66465FB05+28789]
	(No symbol) [0x00007FF6645C86E0]
	(No symbol) [0x00007FF66446592A]
	(No symbol) [0x00007FF6644B930E]
	(No symbol) [0x00007FF6644B95FC]
	(No symbol) [0x00007FF6645028A7]
	(No symbol) [0x00007FF6644DF47F]
	(No symbol) [0x00007FF6644FF654]
	(No symbol) [0x00007FF6644DF1E3]
	(No symbol) [0x00007FF6644AA938]
	(No symbol) [0x00007FF6644ABAA1]
	GetHandleVerifier [0x00007FF66499933D+3410093]
	GetHandleVerifier [0x00007FF6649AE7DD+3497293]
	GetHandleVerifier [0x00007FF6649A2A73+3448803]
	GetHandleVerifier [0x00007FF664727BBB+848171]
	(No symbol) [0x00007FF6645D3C3F]
	(No symbol) [0x00007FF6645CF6E4]
	(No symbol) [0x00007FF6645CF87D]
	(No symbol) [0x00007FF6645BED49]
	BaseThreadInitThunk [0x00007FF8EEB3259D+29]
	RtlUserThreadStart [0x00007FF8F0BAAF38+40]

2025-01-27 20:57:15,065 - INFO - Tarayýcý kapatýldý.
2025-01-27 20:57:29,888 - INFO - Oy baþarýyla gönderildi.
2025-01-27 20:57:31,985 - INFO - Tarayýcý kapatýldý.
2025-01-27 20:57:59,743 - INFO - Oy baþarýyla gönderildi.
2025-01-27 20:58:01,836 - INFO - Tarayýcý kapatýldý.
2025-01-27 20:58:08,696 - INFO - Oy baþarýyla gönderildi.
2025-01-27 20:58:10,785 - INFO - Tarayýcý kapatýldý.
2025-01-27 20:58:28,625 - INFO - Oy baþarýyla gönderildi.
2025-01-27 20:58:30,723 - INFO - Tarayýcý kapatýldý.
2025-01-27 20:58:42,925 - INFO - Oy baþarýyla gönderildi.
2025-01-27 20:58:45,021 - INFO - Tarayýcý kapatýldý.
2025-01-27 20:59:19,126 - INFO - Hata: HTTPConnectionPool(host='localhost', port=62229): Read timed out. (read timeout=120)
2025-01-27 20:59:32,987 - INFO - Tarayýcý kapatýldý.
2025-01-27 20:59:37,146 - INFO - Oy baþarýyla gönderildi.
2025-01-27 20:59:39,238 - INFO - Tarayýcý kapatýldý.
2025-01-27 20:59:39,755 - INFO - Oy baþarýyla gönderildi.
2025-01-27 20:59:41,852 - INFO - Tarayýcý kapatýldý.
2025-01-27 21:00:19,058 - INFO - Oy baþarýyla gönderildi.
2025-01-27 21:00:21,168 - INFO - Tarayýcý kapatýldý.
2025-01-27 21:00:33,747 - INFO - Oy baþarýyla gönderildi.
2025-01-27 21:00:34,785 - INFO - Hata: HTTPConnectionPool(host='localhost', port=62550): Read timed out. (read timeout=120)
2025-01-27 21:00:36,359 - INFO - Tarayýcý kapatýldý.
2025-01-27 21:00:42,534 - INFO - Oy baþarýyla gönderildi.
2025-01-27 21:00:44,617 - INFO - Tarayýcý kapatýldý.
2025-01-27 21:00:46,867 - INFO - Oy baþarýyla gönderildi.
2025-01-27 21:00:48,950 - INFO - Tarayýcý kapatýldý.
2025-01-27 21:00:57,042 - INFO - Oy baþarýyla gönderildi.
2025-01-27 21:00:59,141 - INFO - Tarayýcý kapatýldý.
2025-01-27 21:01:27,684 - INFO - Oy baþarýyla gönderildi.
2025-01-27 21:01:29,788 - INFO - Tarayýcý kapatýldý.
2025-01-27 21:01:39,336 - INFO - Tarayýcý kapatýldý.
2025-01-27 21:01:44,653 - INFO - Oy baþarýyla gönderildi.
2025-01-27 21:01:46,734 - INFO - Tarayýcý kapatýldý.
2025-01-27 21:02:17,148 - INFO - Oy baþarýyla gönderildi.
2025-01-27 21:02:19,284 - INFO - Tarayýcý kapatýldý.
2025-01-27 21:02:40,467 - INFO - Oy baþarýyla gönderildi.
2025-01-27 21:02:41,865 - INFO - Oy baþarýyla gönderildi.
2025-01-27 21:02:42,566 - INFO - Tarayýcý kapatýldý.
2025-01-27 21:02:43,965 - INFO - Tarayýcý kapatýldý.
2025-01-27 21:02:49,849 - INFO - Oy baþarýyla gönderildi.
2025-01-27 21:02:51,933 - INFO - Tarayýcý kapatýldý.
2025-01-27 21:03:43,132 - INFO - Oy baþarýyla gönderildi.
2025-01-27 21:03:45,223 - INFO - Tarayýcý kapatýldý.
2025-01-27 21:03:46,945 - INFO - Oy baþarýyla gönderildi.
2025-01-27 21:03:49,043 - INFO - Tarayýcý kapatýldý.
2025-01-27 21:03:54,702 - INFO - Oy baþarýyla gönderildi.
2025-01-27 21:03:56,789 - INFO - Tarayýcý kapatýldý.
2025-01-27 21:04:00,097 - INFO - Oy baþarýyla gönderildi.
2025-01-27 21:04:02,194 - INFO - Tarayýcý kapatýldý.
2025-01-27 21:04:33,112 - INFO - Oy baþarýyla gönderildi.
2025-01-27 21:04:35,208 - INFO - Tarayýcý kapatýldý.
2025-01-27 21:04:37,980 - INFO - Oy baþarýyla gönderildi.
2025-01-27 21:04:40,013 - INFO - Oy baþarýyla gönderildi.
2025-01-27 21:04:40,064 - INFO - Tarayýcý kapatýldý.
2025-01-27 21:04:42,104 - INFO - Tarayýcý kapatýldý.
2025-01-27 21:04:48,040 - INFO - Hata: HTTPConnectionPool(host='localhost', port=63725): Read timed out. (read timeout=120)
2025-01-27 21:04:59,835 - INFO - Oy baþarýyla gönderildi.
2025-01-27 21:05:01,919 - INFO - Tarayýcý kapatýldý.
2025-01-27 21:05:32,046 - INFO - Oy baþarýyla gönderildi.
2025-01-27 21:05:32,401 - INFO - Oy baþarýyla gönderildi.
2025-01-27 21:05:34,161 - INFO - Tarayýcý kapatýldý.
2025-01-27 21:05:34,488 - INFO - Tarayýcý kapatýldý.
2025-01-27 21:05:50,232 - INFO - Oy baþarýyla gönderildi.
2025-01-27 21:05:52,303 - INFO - Tarayýcý kapatýldý.
2025-01-27 21:06:01,386 - INFO - Oy baþarýyla gönderildi.
2025-01-27 21:06:03,520 - INFO - Tarayýcý kapatýldý.
2025-01-27 21:06:48,066 - WARNING - Retrying (Retry(total=2, connect=None, read=None, redirect=None, status=None)) after connection broken by 'ReadTimeoutError("HTTPConnectionPool(host='localhost', port=63725): Read timed out. (read timeout=120)")': /session/ac44e6158c531059f252e8b02bba2442
2025-01-27 21:06:52,222 - INFO - Oy baþarýyla gönderildi.
2025-01-27 21:06:55,340 - INFO - Tarayýcý kapatýldý.
2025-01-27 21:07:00,503 - INFO - Oy baþarýyla gönderildi.
2025-01-27 21:07:00,703 - INFO - Oy baþarýyla gönderildi.
2025-01-27 21:07:02,641 - INFO - Tarayýcý kapatýldý.
2025-01-27 21:07:02,795 - INFO - Tarayýcý kapatýldý.
2025-01-27 21:07:11,337 - INFO - Oy baþarýyla gönderildi.
2025-01-27 21:07:13,460 - INFO - Tarayýcý kapatýldý.
2025-01-27 21:07:50,190 - INFO - Tarayýcý kapatýldý.
2025-01-27 21:07:52,172 - INFO - Oy baþarýyla gönderildi.
2025-01-27 21:07:54,274 - INFO - Tarayýcý kapatýldý.
2025-01-27 21:08:17,285 - INFO - Oy baþarýyla gönderildi.
2025-01-27 21:08:19,383 - INFO - Tarayýcý kapatýldý.
2025-01-27 21:08:20,986 - INFO - Oy baþarýyla gönderildi.
2025-01-27 21:08:23,101 - INFO - Tarayýcý kapatýldý.
2025-01-27 21:08:31,887 - INFO - Oy baþarýyla gönderildi.
2025-01-27 21:08:33,978 - INFO - Tarayýcý kapatýldý.
2025-01-27 21:08:46,384 - INFO - Oy baþarýyla gönderildi.
2025-01-27 21:08:48,984 - INFO - Tarayýcý kapatýldý.
2025-01-27 21:09:09,207 - INFO - Oy baþarýyla gönderildi.
2025-01-27 21:09:11,776 - INFO - Tarayýcý kapatýldý.
2025-01-27 21:09:20,977 - INFO - Oy baþarýyla gönderildi.
2025-01-27 21:09:23,670 - INFO - Tarayýcý kapatýldý.
2025-01-27 21:09:40,949 - INFO - Oy baþarýyla gönderildi.
2025-01-27 21:09:43,028 - INFO - Tarayýcý kapatýldý.
2025-01-27 21:09:57,554 - INFO - Oy baþarýyla gönderildi.
2025-01-27 21:09:59,654 - INFO - Tarayýcý kapatýldý.
2025-01-27 21:10:19,304 - INFO - Oy baþarýyla gönderildi.
2025-01-27 21:10:21,414 - INFO - Tarayýcý kapatýldý.
2025-01-27 21:10:55,683 - INFO - Oy baþarýyla gönderildi.
2025-01-27 21:10:57,486 - INFO - Oy baþarýyla gönderildi.
2025-01-27 21:10:57,783 - INFO - Tarayýcý kapatýldý.
2025-01-27 21:10:59,618 - INFO - Tarayýcý kapatýldý.
2025-01-27 21:11:04,067 - INFO - Oy baþarýyla gönderildi.
2025-01-27 21:11:06,163 - INFO - Tarayýcý kapatýldý.
2025-01-27 21:11:16,169 - INFO - Hata: HTTPConnectionPool(host='localhost', port=65493): Read timed out. (read timeout=120)
2025-01-27 21:11:19,637 - INFO - Oy baþarýyla gönderildi.
2025-01-27 21:11:21,744 - INFO - Tarayýcý kapatýldý.
2025-01-27 21:11:22,660 - INFO - Tarayýcý kapatýldý.
2025-01-27 21:11:48,930 - INFO - Oy baþarýyla gönderildi.
2025-01-27 21:11:51,036 - INFO - Tarayýcý kapatýldý.
2025-01-27 21:12:03,920 - INFO - Oy baþarýyla gönderildi.
2025-01-27 21:12:04,541 - INFO - Oy baþarýyla gönderildi.
2025-01-27 21:12:06,007 - INFO - Tarayýcý kapatýldý.
2025-01-27 21:12:06,628 - INFO - Tarayýcý kapatýldý.
2025-01-27 21:12:23,084 - INFO - Oy baþarýyla gönderildi.
2025-01-27 21:12:25,174 - INFO - Tarayýcý kapatýldý.
2025-01-27 21:13:06,666 - INFO - Oy baþarýyla gönderildi.
2025-01-27 21:13:08,393 - INFO - Oy baþarýyla gönderildi.
2025-01-27 21:13:08,764 - INFO - Tarayýcý kapatýldý.
2025-01-27 21:13:10,498 - INFO - Tarayýcý kapatýldý.
2025-01-27 21:13:12,641 - INFO - Oy baþarýyla gönderildi.
2025-01-27 21:13:14,740 - INFO - Tarayýcý kapatýldý.
2025-01-27 21:13:25,823 - INFO - Hata: HTTPConnectionPool(host='localhost', port=49672): Read timed out. (read timeout=120)
2025-01-27 21:13:26,291 - INFO - Oy baþarýyla gönderildi.
2025-01-27 21:13:28,385 - INFO - Tarayýcý kapatýldý.
2025-01-27 21:14:06,296 - INFO - Oy baþarýyla gönderildi.
2025-01-27 21:14:08,390 - INFO - Tarayýcý kapatýldý.
2025-01-27 21:14:10,937 - INFO - Oy baþarýyla gönderildi.
2025-01-27 21:14:13,027 - INFO - Tarayýcý kapatýldý.
2025-01-27 21:14:29,192 - INFO - Oy baþarýyla gönderildi.
2025-01-27 21:14:31,292 - INFO - Tarayýcý kapatýldý.
2025-01-27 21:14:33,821 - INFO - Tarayýcý kapatýldý.
2025-01-27 21:14:37,460 - INFO - Oy baþarýyla gönderildi.
2025-01-27 21:14:39,598 - INFO - Tarayýcý kapatýldý.
2025-01-27 21:14:49,355 - INFO - Oy baþarýyla gönderildi.
2025-01-27 21:14:51,451 - INFO - Tarayýcý kapatýldý.
2025-01-27 21:15:36,707 - INFO - Oy baþarýyla gönderildi.
2025-01-27 21:15:38,792 - INFO - Tarayýcý kapatýldý.
2025-01-27 21:15:43,521 - INFO - Oy baþarýyla gönderildi.
2025-01-27 21:15:45,617 - INFO - Tarayýcý kapatýldý.
2025-01-27 21:15:45,957 - INFO - Oy baþarýyla gönderildi.
2025-01-27 21:15:48,054 - INFO - Tarayýcý kapatýldý.
2025-01-27 21:15:54,118 - INFO - Oy baþarýyla gönderildi.
2025-01-27 21:15:56,194 - INFO - Tarayýcý kapatýldý.
2025-01-27 21:16:43,216 - INFO - Oy baþarýyla gönderildi.
2025-01-27 21:16:45,301 - INFO - Tarayýcý kapatýldý.
2025-01-27 21:17:00,080 - INFO - Oy baþarýyla gönderildi.
2025-01-27 21:17:02,153 - INFO - Oy baþarýyla gönderildi.
2025-01-27 21:17:02,178 - INFO - Tarayýcý kapatýldý.
2025-01-27 21:17:03,294 - INFO - Oy baþarýyla gönderildi.
2025-01-27 21:17:04,262 - INFO - Tarayýcý kapatýldý.
2025-01-27 21:17:05,625 - INFO - Tarayýcý kapatýldý.
2025-01-27 21:18:01,946 - INFO - Oy baþarýyla gönderildi.
2025-01-27 21:18:04,030 - INFO - Tarayýcý kapatýldý.
2025-01-27 21:18:05,651 - INFO - Oy baþarýyla gönderildi.
2025-01-27 21:18:06,928 - INFO - Oy baþarýyla gönderildi.
2025-01-27 21:18:07,739 - INFO - Tarayýcý kapatýldý.
2025-01-27 21:18:09,015 - INFO - Tarayýcý kapatýldý.
2025-01-27 21:18:10,007 - INFO - Oy baþarýyla gönderildi.
2025-01-27 21:18:12,136 - INFO - Tarayýcý kapatýldý.
2025-01-27 21:18:26,244 - INFO - Oy baþarýyla gönderildi.
2025-01-27 21:18:28,341 - INFO - Tarayýcý kapatýldý.
2025-01-27 21:19:24,793 - INFO - Oy baþarýyla gönderildi.
2025-01-27 21:19:26,893 - INFO - Tarayýcý kapatýldý.
2025-01-27 21:19:30,831 - INFO - Oy baþarýyla gönderildi.
2025-01-27 21:19:32,966 - INFO - Tarayýcý kapatýldý.
2025-01-27 21:19:33,326 - INFO - Oy baþarýyla gönderildi.
2025-01-27 21:19:35,443 - INFO - Tarayýcý kapatýldý.
2025-01-27 21:19:39,680 - INFO - Oy baþarýyla gönderildi.
2025-01-27 21:19:41,783 - INFO - Tarayýcý kapatýldý.
2025-01-27 21:20:08,075 - INFO - Hata: HTTPConnectionPool(host='localhost', port=51586): Read timed out. (read timeout=120)
2025-01-27 21:20:29,883 - INFO - Oy baþarýyla gönderildi.
2025-01-27 21:20:31,966 - INFO - Tarayýcý kapatýldý.
2025-01-27 21:20:35,963 - INFO - Oy baþarýyla gönderildi.
2025-01-27 21:20:38,075 - INFO - Tarayýcý kapatýldý.
2025-01-27 21:20:48,444 - INFO - Oy baþarýyla gönderildi.
2025-01-27 21:20:50,539 - INFO - Tarayýcý kapatýldý.
2025-01-27 21:20:53,361 - INFO - Oy baþarýyla gönderildi.
2025-01-27 21:20:55,458 - INFO - Tarayýcý kapatýldý.
2025-01-27 21:21:07,005 - INFO - Oy baþarýyla gönderildi.
2025-01-27 21:21:09,096 - INFO - Tarayýcý kapatýldý.
2025-01-27 21:21:18,656 - INFO - Oy baþarýyla gönderildi.
2025-01-27 21:21:20,797 - INFO - Tarayýcý kapatýldý.
2025-01-27 21:21:44,862 - INFO - Oy baþarýyla gönderildi.
2025-01-27 21:21:46,950 - INFO - Tarayýcý kapatýldý.
2025-01-27 21:22:08,092 - WARNING - Retrying (Retry(total=2, connect=None, read=None, redirect=None, status=None)) after connection broken by 'ReadTimeoutError("HTTPConnectionPool(host='localhost', port=51586): Read timed out. (read timeout=120)")': /session/843e83e093afc30e1e5eda26bc417a95
2025-01-27 21:22:15,435 - INFO - Oy baþarýyla gönderildi.
2025-01-27 21:22:17,542 - INFO - Tarayýcý kapatýldý.
2025-01-27 21:22:22,161 - INFO - Oy baþarýyla gönderildi.
2025-01-27 21:22:24,258 - INFO - Tarayýcý kapatýldý.
2025-01-27 21:22:31,740 - INFO - Oy baþarýyla gönderildi.
2025-01-27 21:22:32,773 - INFO - Oy baþarýyla gönderildi.
2025-01-27 21:22:33,845 - INFO - Tarayýcý kapatýldý.
2025-01-27 21:22:34,886 - INFO - Tarayýcý kapatýldý.
2025-01-27 21:23:10,174 - INFO - Tarayýcý kapatýldý.
2025-01-27 21:23:12,337 - INFO - Oy baþarýyla gönderildi.
2025-01-27 21:23:14,431 - INFO - Tarayýcý kapatýldý.
2025-01-27 21:23:21,683 - INFO - Oy baþarýyla gönderildi.
2025-01-27 21:23:23,777 - INFO - Tarayýcý kapatýldý.
2025-01-27 21:24:09,889 - INFO - Oy baþarýyla gönderildi.
2025-01-27 21:24:10,331 - INFO - Oy baþarýyla gönderildi.
2025-01-27 21:24:14,314 - INFO - Tarayýcý kapatýldý.
2025-01-27 21:24:15,140 - INFO - Tarayýcý kapatýldý.
2025-01-27 21:24:21,164 - INFO - Oy baþarýyla gönderildi.
2025-01-27 21:24:22,697 - INFO - Oy baþarýyla gönderildi.
2025-01-27 21:24:28,647 - INFO - Tarayýcý kapatýldý.
2025-01-27 21:24:28,959 - INFO - Tarayýcý kapatýldý.
2025-01-27 21:24:30,711 - INFO - Oy baþarýyla gönderildi.
2025-01-27 21:24:34,375 - INFO - Tarayýcý kapatýldý.
2025-01-27 21:25:15,307 - INFO - Oy baþarýyla gönderildi.
2025-01-27 21:25:17,409 - INFO - Tarayýcý kapatýldý.
2025-01-27 21:25:35,294 - INFO - Oy baþarýyla gönderildi.
2025-01-27 21:25:37,463 - INFO - Tarayýcý kapatýldý.
2025-01-27 21:25:47,975 - INFO - Oy baþarýyla gönderildi.
2025-01-27 21:25:50,088 - INFO - Tarayýcý kapatýldý.
2025-01-27 21:25:53,320 - INFO - Oy baþarýyla gönderildi.
2025-01-27 21:25:55,447 - INFO - Tarayýcý kapatýldý.
2025-01-27 21:26:04,875 - INFO - Oy baþarýyla gönderildi.
2025-01-27 21:26:06,991 - INFO - Tarayýcý kapatýldý.
2025-01-27 21:26:35,453 - INFO - Hata: HTTPConnectionPool(host='localhost', port=53348): Read timed out. (read timeout=120)
2025-01-27 21:26:39,892 - INFO - Oy baþarýyla gönderildi.
2025-01-27 21:26:42,006 - INFO - Tarayýcý kapatýldý.
2025-01-27 21:26:46,850 - INFO - Oy baþarýyla gönderildi.
2025-01-27 21:26:48,940 - INFO - Tarayýcý kapatýldý.
2025-01-27 21:26:58,889 - INFO - Oy baþarýyla gönderildi.
2025-01-27 21:27:00,976 - INFO - Tarayýcý kapatýldý.
2025-01-27 21:27:08,632 - INFO - Oy baþarýyla gönderildi.
2025-01-27 21:27:10,744 - INFO - Tarayýcý kapatýldý.
2025-01-27 21:27:24,845 - INFO - Oy baþarýyla gönderildi.
2025-01-27 21:27:25,275 - INFO - Oy baþarýyla gönderildi.
2025-01-27 21:27:27,003 - INFO - Tarayýcý kapatýldý.
2025-01-27 21:27:27,003 - INFO - Tarayýcý kapatýldý.
2025-01-27 21:27:27,323 - INFO - Oy baþarýyla gönderildi.
2025-01-27 21:27:27,357 - INFO - Tarayýcý kapatýldý.
2025-01-27 21:27:29,411 - INFO - Tarayýcý kapatýldý.
2025-01-27 21:28:21,340 - INFO - Oy baþarýyla gönderildi.
2025-01-27 21:28:23,652 - INFO - Tarayýcý kapatýldý.
2025-01-27 21:29:31,146 - INFO - Hata: HTTPConnectionPool(host='localhost', port=54276): Read timed out. (read timeout=120)
2025-01-27 21:29:31,471 - INFO - Hata: HTTPConnectionPool(host='localhost', port=54280): Read timed out. (read timeout=120)
2025-01-27 21:29:33,480 - INFO - Hata: HTTPConnectionPool(host='localhost', port=54315): Read timed out. (read timeout=120)
2025-01-27 21:30:04,488 - INFO - Tarayýcý kapatýldý.
2025-01-27 21:30:25,864 - INFO - Tarayýcý kapatýldý.
2025-01-27 21:30:27,713 - INFO - Hata: HTTPConnectionPool(host='localhost', port=54534): Read timed out. (read timeout=120)
2025-01-27 21:31:31,155 - WARNING - Retrying (Retry(total=2, connect=None, read=None, redirect=None, status=None)) after connection broken by 'ReadTimeoutError("HTTPConnectionPool(host='localhost', port=54276): Read timed out. (read timeout=120)")': /session/efa2ea84317956f2beb3208c7da0c7b1
2025-01-27 21:31:33,300 - INFO - Oy baþarýyla gönderildi.
2025-01-27 21:31:35,399 - INFO - Tarayýcý kapatýldý.
2025-01-27 21:32:22,692 - INFO - Oy baþarýyla gönderildi.
2025-01-27 21:32:24,783 - INFO - Tarayýcý kapatýldý.
2025-01-27 21:32:27,581 - INFO - Tarayýcý kapatýldý.
2025-01-27 21:32:29,929 - INFO - Hata: HTTPConnectionPool(host='localhost', port=54829): Read timed out. (read timeout=120)
2025-01-27 21:32:31,282 - INFO - Hata: HTTPConnectionPool(host='localhost', port=54275): Read timed out. (read timeout=120)
2025-01-27 21:32:33,240 - INFO - Tarayýcý kapatýldý.
2025-01-27 21:32:33,506 - INFO - Tarayýcý kapatýldý.
2025-01-27 21:32:38,836 - INFO - Oy baþarýyla gönderildi.
2025-01-27 21:32:40,950 - INFO - Tarayýcý kapatýldý.
2025-01-27 21:32:47,067 - INFO - Oy baþarýyla gönderildi.
2025-01-27 21:32:49,157 - INFO - Tarayýcý kapatýldý.
2025-01-27 21:32:52,016 - INFO - Oy baþarýyla gönderildi.
2025-01-27 21:32:54,129 - INFO - Tarayýcý kapatýldý.
2025-01-27 21:32:55,344 - INFO - Oy baþarýyla gönderildi.
2025-01-27 21:32:56,243 - INFO - Oy baþarýyla gönderildi.
2025-01-27 21:32:57,417 - INFO - Tarayýcý kapatýldý.
2025-01-27 21:32:58,378 - INFO - Tarayýcý kapatýldý.
2025-01-27 21:33:03,383 - INFO - Oy baþarýyla gönderildi.
2025-01-27 21:33:05,496 - INFO - Tarayýcý kapatýldý.
2025-01-27 21:33:12,117 - INFO - Oy baþarýyla gönderildi.
2025-01-27 21:33:14,226 - INFO - Tarayýcý kapatýldý.
2025-01-27 21:33:17,580 - INFO - Oy baþarýyla gönderildi.
2025-01-27 21:33:19,671 - INFO - Tarayýcý kapatýldý.
2025-01-27 21:33:20,515 - INFO - Oy baþarýyla gönderildi.
2025-01-27 21:33:22,603 - INFO - Tarayýcý kapatýldý.
2025-01-27 21:33:23,329 - INFO - Oy baþarýyla gönderildi.
2025-01-27 21:33:25,463 - INFO - Tarayýcý kapatýldý.
2025-01-27 21:33:28,240 - INFO - Oy baþarýyla gönderildi.
2025-01-27 21:33:30,383 - INFO - Tarayýcý kapatýldý.
2025-01-27 21:33:33,785 - INFO - Oy baþarýyla gönderildi.
2025-01-27 21:33:35,871 - INFO - Tarayýcý kapatýldý.
2025-01-27 21:33:42,353 - INFO - Oy baþarýyla gönderildi.
2025-01-27 21:33:44,443 - INFO - Tarayýcý kapatýldý.
2025-01-27 21:33:46,322 - INFO - Oy baþarýyla gönderildi.
2025-01-27 21:33:48,423 - INFO - Tarayýcý kapatýldý.
2025-01-27 21:33:51,262 - INFO - Oy baþarýyla gönderildi.
2025-01-27 21:33:51,969 - INFO - Oy baþarýyla gönderildi.
2025-01-27 21:33:53,358 - INFO - Tarayýcý kapatýldý.
2025-01-27 21:33:54,089 - INFO - Tarayýcý kapatýldý.
2025-01-27 21:33:58,062 - INFO - Oy baþarýyla gönderildi.
2025-01-27 21:34:00,154 - INFO - Tarayýcý kapatýldý.
2025-01-27 21:34:02,472 - INFO - Oy baþarýyla gönderildi.
2025-01-27 21:34:04,549 - INFO - Tarayýcý kapatýldý.
2025-01-27 21:34:15,525 - INFO - Oy baþarýyla gönderildi.
2025-01-27 21:34:16,345 - INFO - Oy baþarýyla gönderildi.
2025-01-27 21:34:17,630 - INFO - Tarayýcý kapatýldý.
2025-01-27 21:34:18,437 - INFO - Tarayýcý kapatýldý.
2025-01-27 21:34:20,333 - INFO - Oy baþarýyla gönderildi.
2025-01-27 21:34:20,661 - INFO - Oy baþarýyla gönderildi.
2025-01-27 21:34:22,439 - INFO - Tarayýcý kapatýldý.
2025-01-27 21:34:22,765 - INFO - Tarayýcý kapatýldý.
2025-01-27 21:34:29,939 - WARNING - Retrying (Retry(total=2, connect=None, read=None, redirect=None, status=None)) after connection broken by 'ReadTimeoutError("HTTPConnectionPool(host='localhost', port=54829): Read timed out. (read timeout=120)")': /session/96a382ef18a45553063442e5b58c409a
2025-01-27 21:34:39,856 - INFO - Oy baþarýyla gönderildi.
2025-01-27 21:34:39,879 - INFO - Oy baþarýyla gönderildi.
2025-01-27 21:34:41,020 - INFO - Oy baþarýyla gönderildi.
2025-01-27 21:34:41,969 - INFO - Tarayýcý kapatýldý.
2025-01-27 21:34:41,984 - INFO - Tarayýcý kapatýldý.
2025-01-27 21:34:42,097 - INFO - Oy baþarýyla gönderildi.
2025-01-27 21:34:43,102 - INFO - Tarayýcý kapatýldý.
2025-01-27 21:34:44,171 - INFO - Tarayýcý kapatýldý.
2025-01-27 21:35:01,062 - INFO - Oy baþarýyla gönderildi.
2025-01-27 21:35:03,261 - INFO - Tarayýcý kapatýldý.
2025-01-27 21:35:06,486 - INFO - Oy baþarýyla gönderildi.
2025-01-27 21:35:07,469 - INFO - Oy baþarýyla gönderildi.
2025-01-27 21:35:08,513 - INFO - Oy baþarýyla gönderildi.
2025-01-27 21:35:08,571 - INFO - Tarayýcý kapatýldý.
2025-01-27 21:35:09,825 - INFO - Tarayýcý kapatýldý.
2025-01-27 21:35:10,864 - INFO - Tarayýcý kapatýldý.
2025-01-27 21:35:24,443 - INFO - Oy baþarýyla gönderildi.
2025-01-27 21:35:26,760 - INFO - Tarayýcý kapatýldý.
2025-01-27 21:35:32,311 - INFO - Tarayýcý kapatýldý.
2025-01-27 21:35:37,504 - INFO - Oy baþarýyla gönderildi.
2025-01-27 21:35:38,304 - INFO - Oy baþarýyla gönderildi.
2025-01-27 21:35:38,823 - INFO - Oy baþarýyla gönderildi.
2025-01-27 21:35:45,170 - INFO - Tarayýcý kapatýldý.
2025-01-27 21:35:45,296 - INFO - Tarayýcý kapatýldý.
2025-01-27 21:35:47,837 - INFO - Oy baþarýyla gönderildi.
2025-01-27 21:35:49,516 - INFO - Tarayýcý kapatýldý.
2025-01-27 21:35:50,076 - INFO - Tarayýcý kapatýldý.
2025-01-27 21:35:52,848 - INFO - Oy baþarýyla gönderildi.
2025-01-27 21:35:57,531 - INFO - Tarayýcý kapatýldý.
2025-01-27 21:36:18,234 - INFO - Oy baþarýyla gönderildi.
2025-01-27 21:36:19,383 - INFO - Oy baþarýyla gönderildi.
2025-01-27 21:36:20,347 - INFO - Tarayýcý kapatýldý.
2025-01-27 21:36:21,557 - INFO - Oy baþarýyla gönderildi.
2025-01-27 21:36:21,732 - INFO - Tarayýcý kapatýldý.
2025-01-27 21:36:21,928 - INFO - Oy baþarýyla gönderildi.
2025-01-27 21:36:23,249 - INFO - Oy baþarýyla gönderildi.
2025-01-27 21:36:23,652 - INFO - Tarayýcý kapatýldý.
2025-01-27 21:36:24,039 - INFO - Tarayýcý kapatýldý.
2025-01-27 21:36:25,328 - INFO - Tarayýcý kapatýldý.
2025-01-27 21:36:35,756 - INFO - Oy baþarýyla gönderildi.
2025-01-27 21:36:37,858 - INFO - Tarayýcý kapatýldý.
2025-01-27 21:36:44,020 - INFO - Oy baþarýyla gönderildi.
2025-01-27 21:36:46,111 - INFO - Tarayýcý kapatýldý.
2025-01-27 21:36:50,296 - INFO - Oy baþarýyla gönderildi.
2025-01-27 21:36:50,870 - INFO - Oy baþarýyla gönderildi.
2025-01-27 21:36:51,453 - INFO - Oy baþarýyla gönderildi.
2025-01-27 21:36:52,385 - INFO - Tarayýcý kapatýldý.
2025-01-27 21:36:52,945 - INFO - Tarayýcý kapatýldý.
2025-01-27 21:36:53,535 - INFO - Tarayýcý kapatýldý.
2025-01-27 21:36:56,796 - INFO - Oy baþarýyla gönderildi.
2025-01-27 21:36:58,887 - INFO - Tarayýcý kapatýldý.
2025-01-27 21:37:01,042 - INFO - Oy baþarýyla gönderildi.
2025-01-27 21:37:03,127 - INFO - Tarayýcý kapatýldý.
2025-01-27 21:37:16,108 - INFO - Oy baþarýyla gönderildi.
2025-01-27 21:37:18,101 - INFO - Oy baþarýyla gönderildi.
2025-01-27 21:37:18,232 - INFO - Tarayýcý kapatýldý.
2025-01-27 21:37:20,185 - INFO - Tarayýcý kapatýldý.
2025-01-27 21:37:20,807 - INFO - Oy baþarýyla gönderildi.
2025-01-27 21:37:21,755 - INFO - Oy baþarýyla gönderildi.
2025-01-27 21:37:22,517 - INFO - Oy baþarýyla gönderildi.
2025-01-27 21:37:22,886 - INFO - Tarayýcý kapatýldý.
2025-01-27 21:37:23,848 - INFO - Tarayýcý kapatýldý.
2025-01-27 21:37:24,613 - INFO - Tarayýcý kapatýldý.
2025-01-27 21:37:31,788 - INFO - Oy baþarýyla gönderildi.
2025-01-27 21:37:33,867 - INFO - Tarayýcý kapatýldý.
2025-01-27 21:37:42,604 - INFO - Oy baþarýyla gönderildi.
2025-01-27 21:37:44,706 - INFO - Tarayýcý kapatýldý.
2025-01-27 21:37:45,903 - INFO - Oy baþarýyla gönderildi.
2025-01-27 21:37:46,350 - INFO - Oy baþarýyla gönderildi.
2025-01-27 21:37:47,993 - INFO - Tarayýcý kapatýldý.
2025-01-27 21:37:48,456 - INFO - Tarayýcý kapatýldý.
2025-01-27 21:37:49,236 - INFO - Oy baþarýyla gönderildi.
2025-01-27 21:37:51,315 - INFO - Tarayýcý kapatýldý.
2025-01-27 21:38:01,419 - INFO - Oy baþarýyla gönderildi.
2025-01-27 21:38:03,514 - INFO - Tarayýcý kapatýldý.
2025-01-27 21:38:11,507 - INFO - Oy baþarýyla gönderildi.
2025-01-27 21:38:12,340 - INFO - Oy baþarýyla gönderildi.
2025-01-27 21:38:13,590 - INFO - Tarayýcý kapatýldý.
2025-01-27 21:38:14,063 - INFO - Oy baþarýyla gönderildi.
2025-01-27 21:38:14,432 - INFO - Tarayýcý kapatýldý.
2025-01-27 21:38:16,142 - INFO - Tarayýcý kapatýldý.
2025-01-27 21:38:17,935 - INFO - Oy baþarýyla gönderildi.
2025-01-27 21:38:20,020 - INFO - Tarayýcý kapatýldý.
2025-01-27 21:38:32,312 - INFO - Oy baþarýyla gönderildi.
2025-01-27 21:38:34,402 - INFO - Tarayýcý kapatýldý.
2025-01-27 21:38:38,431 - INFO - Oy baþarýyla gönderildi.
2025-01-27 21:38:39,636 - INFO - Oy baþarýyla gönderildi.
2025-01-27 21:38:39,812 - INFO - Oy baþarýyla gönderildi.
2025-01-27 21:38:40,522 - INFO - Tarayýcý kapatýldý.
2025-01-27 21:38:41,735 - INFO - Tarayýcý kapatýldý.
2025-01-27 21:38:41,891 - INFO - Tarayýcý kapatýldý.
2025-01-27 21:38:47,729 - INFO - Oy baþarýyla gönderildi.
2025-01-27 21:38:49,818 - INFO - Tarayýcý kapatýldý.
2025-01-27 21:38:58,017 - INFO - Oy baþarýyla gönderildi.
2025-01-27 21:39:00,109 - INFO - Tarayýcý kapatýldý.
2025-01-27 21:39:06,095 - INFO - Oy baþarýyla gönderildi.
2025-01-27 21:39:06,852 - INFO - Oy baþarýyla gönderildi.
2025-01-27 21:39:08,195 - INFO - Tarayýcý kapatýldý.
2025-01-27 21:39:08,942 - INFO - Tarayýcý kapatýldý.
2025-01-27 21:39:09,408 - INFO - Oy baþarýyla gönderildi.
2025-01-27 21:39:11,678 - INFO - Tarayýcý kapatýldý.
2025-01-27 21:39:13,794 - INFO - Oy baþarýyla gönderildi.
2025-01-27 21:39:15,865 - INFO - Tarayýcý kapatýldý.
2025-01-27 21:39:30,057 - INFO - Oy baþarýyla gönderildi.
2025-01-27 21:39:30,133 - INFO - Oy baþarýyla gönderildi.
2025-01-27 21:39:32,148 - INFO - Tarayýcý kapatýldý.
2025-01-27 21:39:32,227 - INFO - Tarayýcý kapatýldý.
2025-01-27 21:39:33,507 - INFO - Oy baþarýyla gönderildi.
2025-01-27 21:39:35,608 - INFO - Tarayýcý kapatýldý.
2025-01-27 21:39:35,940 - INFO - Oy baþarýyla gönderildi.
2025-01-27 21:39:38,193 - INFO - Tarayýcý kapatýldý.
2025-01-27 21:39:51,780 - INFO - Oy baþarýyla gönderildi.
2025-01-27 21:39:53,875 - INFO - Tarayýcý kapatýldý.
2025-01-27 21:39:57,440 - INFO - Oy baþarýyla gönderildi.
2025-01-27 21:39:59,169 - INFO - Oy baþarýyla gönderildi.
2025-01-27 21:39:59,557 - INFO - Tarayýcý kapatýldý.
2025-01-27 21:40:00,938 - INFO - Oy baþarýyla gönderildi.
2025-01-27 21:40:01,258 - INFO - Tarayýcý kapatýldý.
2025-01-27 21:40:03,011 - INFO - Tarayýcý kapatýldý.
2025-01-27 21:40:06,409 - INFO - Oy baþarýyla gönderildi.
2025-01-27 21:40:08,484 - INFO - Tarayýcý kapatýldý.
2025-01-27 21:40:15,152 - INFO - Oy baþarýyla gönderildi.
2025-01-27 21:40:17,229 - INFO - Tarayýcý kapatýldý.
2025-01-27 21:40:23,886 - INFO - Oy baþarýyla gönderildi.
2025-01-27 21:40:25,699 - INFO - Oy baþarýyla gönderildi.
2025-01-27 21:40:25,969 - INFO - Tarayýcý kapatýldý.
2025-01-27 21:40:26,895 - INFO - Oy baþarýyla gönderildi.
2025-01-27 21:40:27,916 - INFO - Tarayýcý kapatýldý.
2025-01-27 21:40:28,972 - INFO - Tarayýcý kapatýldý.
2025-01-27 21:40:30,852 - INFO - Oy baþarýyla gönderildi.
2025-01-27 21:40:32,941 - INFO - Tarayýcý kapatýldý.
2025-01-27 21:40:42,260 - INFO - Oy baþarýyla gönderildi.
2025-01-27 21:40:44,353 - INFO - Tarayýcý kapatýldý.
2025-01-27 21:40:49,304 - INFO - Oy baþarýyla gönderildi.
2025-01-27 21:40:51,385 - INFO - Tarayýcý kapatýldý.
2025-01-27 21:41:04,174 - INFO - Oy baþarýyla gönderildi.
2025-01-27 21:41:06,288 - INFO - Tarayýcý kapatýldý.
2025-01-27 21:41:06,672 - INFO - Oy baþarýyla gönderildi.
2025-01-27 21:41:08,762 - INFO - Tarayýcý kapatýldý.
2025-01-27 21:41:15,508 - INFO - Oy baþarýyla gönderildi.
2025-01-27 21:41:17,595 - INFO - Tarayýcý kapatýldý.
2025-01-27 21:41:20,871 - INFO - Oy baþarýyla gönderildi.
2025-01-27 21:41:23,378 - INFO - Tarayýcý kapatýldý.
2025-01-27 21:41:32,008 - INFO - Oy baþarýyla gönderildi.
2025-01-27 21:41:34,150 - INFO - Tarayýcý kapatýldý.
2025-01-27 21:41:41,045 - INFO - Oy baþarýyla gönderildi.
2025-01-27 21:41:41,938 - INFO - Oy baþarýyla gönderildi.
2025-01-27 21:41:43,124 - INFO - Tarayýcý kapatýldý.
2025-01-27 21:41:43,229 - INFO - Oy baþarýyla gönderildi.
2025-01-27 21:41:44,022 - INFO - Tarayýcý kapatýldý.
2025-01-27 21:41:45,314 - INFO - Tarayýcý kapatýldý.
2025-01-27 21:41:46,334 - INFO - Oy baþarýyla gönderildi.
2025-01-27 21:41:48,254 - INFO - Oy baþarýyla gönderildi.
2025-01-27 21:41:48,423 - INFO - Tarayýcý kapatýldý.
2025-01-27 21:41:50,341 - INFO - Tarayýcý kapatýldý.
2025-01-27 21:41:56,427 - INFO - Oy baþarýyla gönderildi.
2025-01-27 21:41:58,511 - INFO - Tarayýcý kapatýldý.
2025-01-27 21:42:10,930 - INFO - Oy baþarýyla gönderildi.
2025-01-27 21:42:12,331 - INFO - Oy baþarýyla gönderildi.
2025-01-27 21:42:13,031 - INFO - Tarayýcý kapatýldý.
2025-01-27 21:42:13,072 - INFO - Oy baþarýyla gönderildi.
2025-01-27 21:42:14,432 - INFO - Tarayýcý kapatýldý.
2025-01-27 21:42:15,163 - INFO - Tarayýcý kapatýldý.
2025-01-27 21:42:16,028 - INFO - Oy baþarýyla gönderildi.
2025-01-27 21:42:17,284 - INFO - Oy baþarýyla gönderildi.
2025-01-27 21:42:18,121 - INFO - Tarayýcý kapatýldý.
2025-01-27 21:42:19,371 - INFO - Tarayýcý kapatýldý.
2025-01-27 21:42:27,836 - INFO - Oy baþarýyla gönderildi.
2025-01-27 21:42:29,928 - INFO - Tarayýcý kapatýldý.
2025-01-27 21:42:40,117 - INFO - Oy baþarýyla gönderildi.
2025-01-27 21:42:41,161 - INFO - Oy baþarýyla gönderildi.
2025-01-27 21:42:42,209 - INFO - Tarayýcý kapatýldý.
2025-01-27 21:42:43,249 - INFO - Tarayýcý kapatýldý.
2025-01-27 21:42:46,541 - INFO - Oy baþarýyla gönderildi.
2025-01-27 21:42:47,273 - INFO - Oy baþarýyla gönderildi.
2025-01-27 21:42:47,660 - INFO - Oy baþarýyla gönderildi.
2025-01-27 21:42:48,627 - INFO - Tarayýcý kapatýldý.
2025-01-27 21:42:49,356 - INFO - Tarayýcý kapatýldý.
2025-01-27 21:42:50,367 - INFO - Tarayýcý kapatýldý.
2025-01-27 21:42:59,168 - INFO - Oy baþarýyla gönderildi.
2025-01-27 21:43:01,250 - INFO - Tarayýcý kapatýldý.
2025-01-27 21:43:02,594 - INFO - Oy baþarýyla gönderildi.
2025-01-27 21:43:04,685 - INFO - Tarayýcý kapatýldý.
2025-01-27 21:43:18,421 - INFO - Oy baþarýyla gönderildi.
2025-01-27 21:43:20,530 - INFO - Tarayýcý kapatýldý.
2025-01-27 21:43:23,343 - INFO - Oy baþarýyla gönderildi.
2025-01-27 21:43:25,445 - INFO - Tarayýcý kapatýldý.
2025-01-27 21:43:25,770 - INFO - Oy baþarýyla gönderildi.
2025-01-27 21:43:25,926 - INFO - Oy baþarýyla gönderildi.
2025-01-27 21:43:26,508 - INFO - Oy baþarýyla gönderildi.
2025-01-27 21:43:27,885 - INFO - Tarayýcý kapatýldý.
2025-01-27 21:43:28,026 - INFO - Tarayýcý kapatýldý.
2025-01-27 21:43:28,598 - INFO - Tarayýcý kapatýldý.
2025-01-27 21:43:31,949 - INFO - Oy baþarýyla gönderildi.
2025-01-27 21:43:34,092 - INFO - Tarayýcý kapatýldý.
2025-01-27 21:43:44,083 - INFO - Oy baþarýyla gönderildi.
2025-01-27 21:43:46,180 - INFO - Tarayýcý kapatýldý.
2025-01-27 21:43:54,457 - INFO - Oy baþarýyla gönderildi.
2025-01-27 21:43:54,557 - INFO - Oy baþarýyla gönderildi.
2025-01-27 21:43:56,546 - INFO - Tarayýcý kapatýldý.
2025-01-27 21:43:56,639 - INFO - Tarayýcý kapatýldý.
2025-01-27 21:43:57,083 - INFO - Oy baþarýyla gönderildi.
2025-01-27 21:43:57,352 - INFO - Oy baþarýyla gönderildi.
2025-01-27 21:43:59,158 - INFO - Tarayýcý kapatýldý.
2025-01-27 21:43:59,436 - INFO - Tarayýcý kapatýldý.
2025-01-27 21:44:02,096 - INFO - Oy baþarýyla gönderildi.
2025-01-27 21:44:04,179 - INFO - Tarayýcý kapatýldý.
2025-01-27 21:44:22,108 - INFO - Oy baþarýyla gönderildi.
2025-01-27 21:44:24,207 - INFO - Tarayýcý kapatýldý.
2025-01-27 21:44:24,748 - INFO - Oy baþarýyla gönderildi.
2025-01-27 21:44:25,233 - INFO - Oy baþarýyla gönderildi.
2025-01-27 21:44:26,823 - INFO - Tarayýcý kapatýldý.
2025-01-27 21:44:27,322 - INFO - Tarayýcý kapatýldý.
2025-01-27 21:44:27,640 - INFO - Hata: Message: 
Stacktrace:
	GetHandleVerifier [0x00007FF66465FB05+28789]
	(No symbol) [0x00007FF6645C86E0]
	(No symbol) [0x00007FF66446592A]
	(No symbol) [0x00007FF6644B930E]
	(No symbol) [0x00007FF6644B95FC]
	(No symbol) [0x00007FF6645028A7]
	(No symbol) [0x00007FF6644DF47F]
	(No symbol) [0x00007FF6644FF654]
	(No symbol) [0x00007FF6644DF1E3]
	(No symbol) [0x00007FF6644AA938]
	(No symbol) [0x00007FF6644ABAA1]
	GetHandleVerifier [0x00007FF66499933D+3410093]
	GetHandleVerifier [0x00007FF6649AE7DD+3497293]
	GetHandleVerifier [0x00007FF6649A2A73+3448803]
	GetHandleVerifier [0x00007FF664727BBB+848171]
	(No symbol) [0x00007FF6645D3C3F]
	(No symbol) [0x00007FF6645CF6E4]
	(No symbol) [0x00007FF6645CF87D]
	(No symbol) [0x00007FF6645BED49]
	BaseThreadInitThunk [0x00007FF8EEB3259D+29]
	RtlUserThreadStart [0x00007FF8F0BAAF38+40]

2025-01-27 21:44:29,132 - INFO - Oy baþarýyla gönderildi.
2025-01-27 21:44:29,727 - INFO - Tarayýcý kapatýldý.
2025-01-27 21:44:31,224 - INFO - Tarayýcý kapatýldý.
2025-01-27 21:44:37,585 - INFO - Oy baþarýyla gönderildi.
2025-01-27 21:44:39,655 - INFO - Tarayýcý kapatýldý.
2025-01-27 21:44:56,570 - INFO - Oy baþarýyla gönderildi.
2025-01-27 21:44:57,181 - INFO - Oy baþarýyla gönderildi.
2025-01-27 21:44:57,849 - INFO - Oy baþarýyla gönderildi.
2025-01-27 21:44:58,650 - INFO - Tarayýcý kapatýldý.
2025-01-27 21:44:58,770 - INFO - Oy baþarýyla gönderildi.
2025-01-27 21:44:59,257 - INFO - Tarayýcý kapatýldý.
2025-01-27 21:44:59,940 - INFO - Tarayýcý kapatýldý.
2025-01-27 21:45:00,858 - INFO - Tarayýcý kapatýldý.
2025-01-27 21:45:03,169 - INFO - Oy baþarýyla gönderildi.
2025-01-27 21:45:05,268 - INFO - Tarayýcý kapatýldý.
2025-01-27 21:45:26,299 - INFO - Oy baþarýyla gönderildi.
2025-01-27 21:45:28,410 - INFO - Tarayýcý kapatýldý.
2025-01-27 21:45:28,569 - INFO - Oy baþarýyla gönderildi.
2025-01-27 21:45:29,779 - INFO - Oy baþarýyla gönderildi.
2025-01-27 21:45:30,642 - INFO - Tarayýcý kapatýldý.
2025-01-27 21:45:30,948 - INFO - Oy baþarýyla gönderildi.
2025-01-27 21:45:31,856 - INFO - Tarayýcý kapatýldý.
2025-01-27 21:45:33,041 - INFO - Tarayýcý kapatýldý.
2025-01-27 21:45:36,398 - INFO - Hata: Message: 
Stacktrace:
	GetHandleVerifier [0x00007FF66465FB05+28789]
	(No symbol) [0x00007FF6645C86E0]
	(No symbol) [0x00007FF66446592A]
	(No symbol) [0x00007FF6644B930E]
	(No symbol) [0x00007FF6644B95FC]
	(No symbol) [0x00007FF6645028A7]
	(No symbol) [0x00007FF6644DF47F]
	(No symbol) [0x00007FF6644FF654]
	(No symbol) [0x00007FF6644DF1E3]
	(No symbol) [0x00007FF6644AA938]
	(No symbol) [0x00007FF6644ABAA1]
	GetHandleVerifier [0x00007FF66499933D+3410093]
	GetHandleVerifier [0x00007FF6649AE7DD+3497293]
	GetHandleVerifier [0x00007FF6649A2A73+3448803]
	GetHandleVerifier [0x00007FF664727BBB+848171]
	(No symbol) [0x00007FF6645D3C3F]
	(No symbol) [0x00007FF6645CF6E4]
	(No symbol) [0x00007FF6645CF87D]
	(No symbol) [0x00007FF6645BED49]
	BaseThreadInitThunk [0x00007FF8EEB3259D+29]
	RtlUserThreadStart [0x00007FF8F0BAAF38+40]

2025-01-27 21:45:41,728 - INFO - Tarayýcý kapatýldý.
2025-01-27 21:45:56,260 - INFO - Oy baþarýyla gönderildi.
2025-01-27 21:46:00,728 - INFO - Tarayýcý kapatýldý.
2025-01-27 21:46:02,880 - INFO - Oy baþarýyla gönderildi.
2025-01-27 21:46:05,273 - INFO - Tarayýcý kapatýldý.
2025-01-27 21:46:07,778 - INFO - Oy baþarýyla gönderildi.
2025-01-27 21:46:08,403 - INFO - Oy baþarýyla gönderildi.
2025-01-27 21:46:11,833 - INFO - Oy baþarýyla gönderildi.
2025-01-27 21:46:12,527 - INFO - Tarayýcý kapatýldý.
2025-01-27 21:46:12,589 - INFO - Tarayýcý kapatýldý.
2025-01-27 21:46:13,932 - INFO - Tarayýcý kapatýldý.
2025-01-27 21:46:21,246 - INFO - Oy baþarýyla gönderildi.
2025-01-27 21:46:23,350 - INFO - Tarayýcý kapatýldý.
2025-01-27 21:46:30,178 - INFO - Oy baþarýyla gönderildi.
2025-01-27 21:46:32,303 - INFO - Tarayýcý kapatýldý.
2025-01-27 21:46:33,899 - INFO - Oy baþarýyla gönderildi.
2025-01-27 21:46:35,985 - INFO - Tarayýcý kapatýldý.
2025-01-27 21:46:37,698 - INFO - Oy baþarýyla gönderildi.
2025-01-27 21:46:37,867 - INFO - Oy baþarýyla gönderildi.
2025-01-27 21:46:39,782 - INFO - Tarayýcý kapatýldý.
2025-01-27 21:46:39,952 - INFO - Tarayýcý kapatýldý.
2025-01-27 21:46:46,153 - INFO - Oy baþarýyla gönderildi.
2025-01-27 21:46:48,229 - INFO - Tarayýcý kapatýldý.
2025-01-27 21:46:56,063 - INFO - Oy baþarýyla gönderildi.
2025-01-27 21:46:58,141 - INFO - Tarayýcý kapatýldý.
2025-01-27 21:46:59,379 - INFO - Oy baþarýyla gönderildi.
2025-01-27 21:47:00,174 - INFO - Oy baþarýyla gönderildi.
2025-01-27 21:47:01,468 - INFO - Tarayýcý kapatýldý.
2025-01-27 21:47:02,266 - INFO - Tarayýcý kapatýldý.
2025-01-27 21:47:03,143 - INFO - Oy baþarýyla gönderildi.
2025-01-27 21:47:05,236 - INFO - Tarayýcý kapatýldý.
2025-01-27 21:47:09,714 - INFO - Oy baþarýyla gönderildi.
2025-01-27 21:47:11,782 - INFO - Tarayýcý kapatýldý.
2025-01-27 21:47:21,354 - INFO - Oy baþarýyla gönderildi.
2025-01-27 21:47:23,484 - INFO - Tarayýcý kapatýldý.
2025-01-27 21:47:24,664 - INFO - Oy baþarýyla gönderildi.
2025-01-27 21:47:24,722 - INFO - Oy baþarýyla gönderildi.
2025-01-27 21:47:26,780 - INFO - Tarayýcý kapatýldý.
2025-01-27 21:47:26,812 - INFO - Tarayýcý kapatýldý.
2025-01-27 21:47:27,864 - INFO - Oy baþarýyla gönderildi.
2025-01-27 21:47:29,931 - INFO - Tarayýcý kapatýldý.
2025-01-27 21:47:37,466 - INFO - Oy baþarýyla gönderildi.
2025-01-27 21:47:39,554 - INFO - Tarayýcý kapatýldý.
2025-01-27 21:47:46,715 - INFO - Oy baþarýyla gönderildi.
2025-01-27 21:47:48,113 - INFO - Oy baþarýyla gönderildi.
2025-01-27 21:47:48,800 - INFO - Tarayýcý kapatýldý.
2025-01-27 21:47:50,185 - INFO - Tarayýcý kapatýldý.
2025-01-27 21:47:51,056 - INFO - Oy baþarýyla gönderildi.
2025-01-27 21:47:53,133 - INFO - Tarayýcý kapatýldý.
2025-01-27 21:47:55,148 - INFO - Oy baþarýyla gönderildi.
2025-01-27 21:47:57,223 - INFO - Tarayýcý kapatýldý.
2025-01-27 21:48:06,698 - INFO - Oy baþarýyla gönderildi.
2025-01-27 21:48:08,789 - INFO - Tarayýcý kapatýldý.
2025-01-27 21:48:14,603 - INFO - Oy baþarýyla gönderildi.
2025-01-27 21:48:15,093 - INFO - Oy baþarýyla gönderildi.
2025-01-27 21:48:16,678 - INFO - Tarayýcý kapatýldý.
2025-01-27 21:48:16,943 - INFO - Oy baþarýyla gönderildi.
2025-01-27 21:48:17,177 - INFO - Tarayýcý kapatýldý.
2025-01-27 21:48:19,024 - INFO - Tarayýcý kapatýldý.
2025-01-27 21:48:22,278 - INFO - Oy baþarýyla gönderildi.
2025-01-27 21:48:24,361 - INFO - Tarayýcý kapatýldý.
2025-01-27 21:48:31,555 - INFO - Oy baþarýyla gönderildi.
2025-01-27 21:48:33,633 - INFO - Tarayýcý kapatýldý.
2025-01-27 21:48:38,822 - INFO - Oy baþarýyla gönderildi.
2025-01-27 21:48:40,709 - INFO - Oy baþarýyla gönderildi.
2025-01-27 21:48:40,909 - INFO - Tarayýcý kapatýldý.
2025-01-27 21:48:42,790 - INFO - Tarayýcý kapatýldý.
2025-01-27 21:48:43,622 - INFO - Oy baþarýyla gönderildi.
2025-01-27 21:48:45,704 - INFO - Tarayýcý kapatýldý.
2025-01-27 21:48:47,637 - INFO - Oy baþarýyla gönderildi.
2025-01-27 21:48:49,747 - INFO - Tarayýcý kapatýldý.
2025-01-27 21:48:59,872 - INFO - Oy baþarýyla gönderildi.
2025-01-27 21:49:01,968 - INFO - Tarayýcý kapatýldý.
2025-01-27 21:49:05,904 - INFO - Oy baþarýyla gönderildi.
2025-01-27 21:49:07,016 - INFO - Oy baþarýyla gönderildi.
2025-01-27 21:49:08,011 - INFO - Tarayýcý kapatýldý.
2025-01-27 21:49:08,191 - INFO - Oy baþarýyla gönderildi.
2025-01-27 21:49:09,099 - INFO - Tarayýcý kapatýldý.
2025-01-27 21:49:10,264 - INFO - Tarayýcý kapatýldý.
2025-01-27 21:49:15,322 - INFO - Oy baþarýyla gönderildi.
2025-01-27 21:49:17,459 - INFO - Tarayýcý kapatýldý.
2025-01-27 21:49:26,040 - INFO - Oy baþarýyla gönderildi.
2025-01-27 21:49:28,712 - INFO - Tarayýcý kapatýldý.
2025-01-27 21:49:31,592 - INFO - Oy baþarýyla gönderildi.
2025-01-27 21:49:31,683 - INFO - Oy baþarýyla gönderildi.
2025-01-27 21:49:31,711 - INFO - Oy baþarýyla gönderildi.
2025-01-27 21:49:33,688 - INFO - Tarayýcý kapatýldý.
2025-01-27 21:49:33,781 - INFO - Tarayýcý kapatýldý.
2025-01-27 21:49:33,813 - INFO - Tarayýcý kapatýldý.
2025-01-27 21:49:41,319 - INFO - Oy baþarýyla gönderildi.
2025-01-27 21:49:43,386 - INFO - Tarayýcý kapatýldý.
2025-01-27 21:49:53,771 - INFO - Oy baþarýyla gönderildi.
2025-01-27 21:49:55,850 - INFO - Tarayýcý kapatýldý.
2025-01-27 21:49:55,856 - INFO - Oy baþarýyla gönderildi.
2025-01-27 21:49:56,407 - INFO - Oy baþarýyla gönderildi.
2025-01-27 21:49:57,928 - INFO - Tarayýcý kapatýldý.
2025-01-27 21:49:58,488 - INFO - Tarayýcý kapatýldý.
2025-01-27 21:49:59,988 - INFO - Oy baþarýyla gönderildi.
2025-01-27 21:50:02,072 - INFO - Tarayýcý kapatýldý.
2025-01-27 21:50:17,557 - INFO - Oy baþarýyla gönderildi.
2025-01-27 21:50:19,651 - INFO - Tarayýcý kapatýldý.
2025-01-27 21:50:20,264 - INFO - Oy baþarýyla gönderildi.
2025-01-27 21:50:21,932 - INFO - Oy baþarýyla gönderildi.
2025-01-27 21:50:22,483 - INFO - Oy baþarýyla gönderildi.
2025-01-27 21:50:22,705 - INFO - Tarayýcý kapatýldý.
2025-01-27 21:50:24,014 - INFO - Tarayýcý kapatýldý.
2025-01-27 21:50:24,557 - INFO - Tarayýcý kapatýldý.
2025-01-27 21:50:41,407 - INFO - Oy baþarýyla gönderildi.
2025-01-27 21:50:42,883 - INFO - Oy baþarýyla gönderildi.
2025-01-27 21:50:43,492 - INFO - Tarayýcý kapatýldý.
2025-01-27 21:50:44,849 - INFO - Oy baþarýyla gönderildi.
2025-01-27 21:50:44,968 - INFO - Tarayýcý kapatýldý.
2025-01-27 21:50:45,201 - INFO - Oy baþarýyla gönderildi.
2025-01-27 21:50:46,927 - INFO - Tarayýcý kapatýldý.
2025-01-27 21:50:47,285 - INFO - Tarayýcý kapatýldý.
2025-01-27 21:51:00,772 - INFO - Oy baþarýyla gönderildi.
2025-01-27 21:51:02,862 - INFO - Tarayýcý kapatýldý.
2025-01-27 21:51:08,227 - INFO - Oy baþarýyla gönderildi.
2025-01-27 21:51:08,383 - INFO - Oy baþarýyla gönderildi.
2025-01-27 21:51:09,174 - INFO - Oy baþarýyla gönderildi.
2025-01-27 21:51:10,306 - INFO - Tarayýcý kapatýldý.
2025-01-27 21:51:10,461 - INFO - Tarayýcý kapatýldý.
2025-01-27 21:51:11,250 - INFO - Tarayýcý kapatýldý.
2025-01-27 21:51:14,806 - INFO - Oy baþarýyla gönderildi.
2025-01-27 21:51:16,988 - INFO - Tarayýcý kapatýldý.
2025-01-27 21:51:35,557 - INFO - Oy baþarýyla gönderildi.
2025-01-27 21:51:35,877 - INFO - Oy baþarýyla gönderildi.
2025-01-27 21:51:36,072 - INFO - Oy baþarýyla gönderildi.
2025-01-27 21:51:36,968 - INFO - Oy baþarýyla gönderildi.
2025-01-27 21:51:37,638 - INFO - Tarayýcý kapatýldý.
2025-01-27 21:51:37,964 - INFO - Tarayýcý kapatýldý.
2025-01-27 21:51:38,150 - INFO - Tarayýcý kapatýldý.
2025-01-27 21:51:39,061 - INFO - Tarayýcý kapatýldý.
2025-01-27 21:51:53,464 - INFO - Oy baþarýyla gönderildi.
2025-01-27 21:51:55,555 - INFO - Tarayýcý kapatýldý.
2025-01-27 21:52:00,725 - INFO - Oy baþarýyla gönderildi.
2025-01-27 21:52:01,155 - INFO - Oy baþarýyla gönderildi.
2025-01-27 21:52:02,794 - INFO - Tarayýcý kapatýldý.
2025-01-27 21:52:03,354 - INFO - Tarayýcý kapatýldý.
2025-01-27 21:52:07,484 - INFO - Oy baþarýyla gönderildi.
2025-01-27 21:52:09,558 - INFO - Tarayýcý kapatýldý.
2025-01-27 21:52:17,200 - INFO - Oy baþarýyla gönderildi.
2025-01-27 21:52:19,293 - INFO - Tarayýcý kapatýldý.
2025-01-27 21:52:20,169 - INFO - Oy baþarýyla gönderildi.
2025-01-27 21:52:22,303 - INFO - Tarayýcý kapatýldý.
2025-01-27 21:52:24,441 - INFO - Oy baþarýyla gönderildi.
2025-01-27 21:52:26,523 - INFO - Tarayýcý kapatýldý.
2025-01-27 21:52:28,274 - INFO - Oy baþarýyla gönderildi.
2025-01-27 21:52:29,601 - INFO - Oy baþarýyla gönderildi.
2025-01-27 21:52:30,366 - INFO - Tarayýcý kapatýldý.
2025-01-27 21:52:31,677 - INFO - Tarayýcý kapatýldý.
2025-01-27 21:52:35,264 - INFO - Oy baþarýyla gönderildi.
2025-01-27 21:52:37,356 - INFO - Tarayýcý kapatýldý.
2025-01-27 21:52:47,853 - INFO - Oy baþarýyla gönderildi.
2025-01-27 21:52:47,954 - INFO - Oy baþarýyla gönderildi.
2025-01-27 21:52:49,959 - INFO - Tarayýcý kapatýldý.
2025-01-27 21:52:50,052 - INFO - Tarayýcý kapatýldý.
2025-01-27 21:52:52,207 - INFO - Oy baþarýyla gönderildi.
2025-01-27 21:52:54,303 - INFO - Tarayýcý kapatýldý.
2025-01-27 21:53:00,120 - INFO - Oy baþarýyla gönderildi.
2025-01-27 21:53:01,729 - INFO - Oy baþarýyla gönderildi.
2025-01-27 21:53:02,231 - INFO - Tarayýcý kapatýldý.
2025-01-27 21:53:03,836 - INFO - Tarayýcý kapatýldý.
2025-01-27 21:53:14,988 - INFO - Oy baþarýyla gönderildi.
2025-01-27 21:53:15,759 - INFO - Oy baþarýyla gönderildi.
2025-01-27 21:53:17,076 - INFO - Tarayýcý kapatýldý.
2025-01-27 21:53:17,839 - INFO - Tarayýcý kapatýldý.
2025-01-27 21:53:20,019 - INFO - Oy baþarýyla gönderildi.
2025-01-27 21:53:22,106 - INFO - Tarayýcý kapatýldý.
2025-01-27 21:53:25,136 - INFO - Oy baþarýyla gönderildi.
2025-01-27 21:53:27,252 - INFO - Tarayýcý kapatýldý.
2025-01-27 21:53:29,592 - INFO - Oy baþarýyla gönderildi.
2025-01-27 21:53:31,689 - INFO - Tarayýcý kapatýldý.
2025-01-27 21:53:38,697 - INFO - Oy baþarýyla gönderildi.
2025-01-27 21:53:40,795 - INFO - Tarayýcý kapatýldý.
2025-01-27 21:53:44,679 - INFO - Oy baþarýyla gönderildi.
2025-01-27 21:53:46,828 - INFO - Tarayýcý kapatýldý.
2025-01-27 21:53:47,403 - INFO - Oy baþarýyla gönderildi.
2025-01-27 21:53:47,906 - INFO - Oy baþarýyla gönderildi.
2025-01-27 21:53:49,487 - INFO - Tarayýcý kapatýldý.
2025-01-27 21:53:49,967 - INFO - Oy baþarýyla gönderildi.
2025-01-27 21:53:49,988 - INFO - Tarayýcý kapatýldý.
2025-01-27 21:53:52,046 - INFO - Tarayýcý kapatýldý.
2025-01-27 21:53:55,738 - INFO - Oy baþarýyla gönderildi.
2025-01-27 21:53:57,897 - INFO - Tarayýcý kapatýldý.
2025-01-27 21:54:00,913 - INFO - Oy baþarýyla gönderildi.
2025-01-27 21:54:03,673 - INFO - Tarayýcý kapatýldý.
2025-01-27 21:54:14,781 - INFO - Oy baþarýyla gönderildi.
2025-01-27 21:54:16,045 - INFO - Oy baþarýyla gönderildi.
2025-01-27 21:54:16,863 - INFO - Tarayýcý kapatýldý.
2025-01-27 21:54:18,155 - INFO - Tarayýcý kapatýldý.
2025-01-27 21:54:18,467 - INFO - Oy baþarýyla gönderildi.
2025-01-27 21:54:20,547 - INFO - Tarayýcý kapatýldý.
2025-01-27 21:54:20,662 - INFO - Oy baþarýyla gönderildi.
2025-01-27 21:54:21,382 - INFO - Oy baþarýyla gönderildi.
2025-01-27 21:54:22,784 - INFO - Tarayýcý kapatýldý.
2025-01-27 21:54:23,456 - INFO - Tarayýcý kapatýldý.
2025-01-27 21:54:33,360 - INFO - Oy baþarýyla gönderildi.
2025-01-27 21:54:35,456 - INFO - Tarayýcý kapatýldý.
2025-01-27 21:54:43,373 - INFO - Oy baþarýyla gönderildi.
2025-01-27 21:54:45,464 - INFO - Tarayýcý kapatýldý.
2025-01-27 21:54:46,119 - INFO - Oy baþarýyla gönderildi.
2025-01-27 21:54:46,823 - INFO - Oy baþarýyla gönderildi.
2025-01-27 21:54:48,236 - INFO - Tarayýcý kapatýldý.
2025-01-27 21:54:49,232 - INFO - Tarayýcý kapatýldý.
2025-01-27 21:54:49,479 - INFO - Oy baþarýyla gönderildi.
2025-01-27 21:54:51,594 - INFO - Tarayýcý kapatýldý.
2025-01-27 21:54:51,613 - INFO - Oy baþarýyla gönderildi.
2025-01-27 21:54:53,689 - INFO - Tarayýcý kapatýldý.
2025-01-27 21:55:01,729 - INFO - Oy baþarýyla gönderildi.
2025-01-27 21:55:03,824 - INFO - Tarayýcý kapatýldý.
2025-01-27 21:55:12,328 - INFO - Oy baþarýyla gönderildi.
2025-01-27 21:55:14,429 - INFO - Tarayýcý kapatýldý.
2025-01-27 21:55:17,907 - INFO - Oy baþarýyla gönderildi.
2025-01-27 21:55:19,972 - INFO - Oy baþarýyla gönderildi.
2025-01-27 21:55:20,002 - INFO - Tarayýcý kapatýldý.
2025-01-27 21:55:20,117 - INFO - Oy baþarýyla gönderildi.
2025-01-27 21:55:22,071 - INFO - Tarayýcý kapatýldý.
2025-01-27 21:55:22,225 - INFO - Tarayýcý kapatýldý.
2025-01-27 21:55:24,556 - INFO - Oy baþarýyla gönderildi.
2025-01-27 21:55:26,642 - INFO - Tarayýcý kapatýldý.
2025-01-27 21:55:32,964 - INFO - Oy baþarýyla gönderildi.
2025-01-27 21:55:35,051 - INFO - Tarayýcý kapatýldý.
2025-01-27 21:55:37,999 - INFO - Oy baþarýyla gönderildi.
2025-01-27 21:55:40,096 - INFO - Tarayýcý kapatýldý.
2025-01-27 21:55:46,191 - INFO - Oy baþarýyla gönderildi.
2025-01-27 21:55:48,577 - INFO - Tarayýcý kapatýldý.
2025-01-27 21:55:49,341 - INFO - Oy baþarýyla gönderildi.
2025-01-27 21:55:51,457 - INFO - Tarayýcý kapatýldý.
2025-01-27 21:55:51,525 - INFO - Oy baþarýyla gönderildi.
2025-01-27 21:55:53,623 - INFO - Tarayýcý kapatýldý.
2025-01-27 21:55:54,112 - INFO - Oy baþarýyla gönderildi.
2025-01-27 21:55:56,207 - INFO - Tarayýcý kapatýldý.
2025-01-27 21:56:01,176 - INFO - Oy baþarýyla gönderildi.
2025-01-27 21:56:03,275 - INFO - Tarayýcý kapatýldý.
2025-01-27 21:56:11,789 - INFO - Oy baþarýyla gönderildi.
2025-01-27 21:56:13,878 - INFO - Tarayýcý kapatýldý.
2025-01-27 21:56:14,489 - INFO - Oy baþarýyla gönderildi.
2025-01-27 21:56:17,214 - INFO - Tarayýcý kapatýldý.
2025-01-27 21:56:25,838 - INFO - Oy baþarýyla gönderildi.
2025-01-27 21:56:27,503 - INFO - Oy baþarýyla gönderildi.
2025-01-27 21:56:30,359 - INFO - Tarayýcý kapatýldý.
2025-01-27 21:56:30,696 - INFO - Oy baþarýyla gönderildi.
2025-01-27 21:56:31,326 - INFO - Tarayýcý kapatýldý.
2025-01-27 21:56:32,959 - INFO - Tarayýcý kapatýldý.
2025-01-27 21:56:56,605 - INFO - Oy baþarýyla gönderildi.
2025-01-27 21:56:58,709 - INFO - Tarayýcý kapatýldý.
2025-01-27 21:57:03,946 - INFO - Oy baþarýyla gönderildi.
2025-01-27 21:57:04,054 - INFO - Oy baþarýyla gönderildi.
2025-01-27 21:57:05,162 - INFO - Oy baþarýyla gönderildi.
2025-01-27 21:57:06,057 - INFO - Tarayýcý kapatýldý.
2025-01-27 21:57:06,150 - INFO - Tarayýcý kapatýldý.
2025-01-27 21:57:07,270 - INFO - Tarayýcý kapatýldý.
2025-01-27 21:57:11,913 - INFO - Oy baþarýyla gönderildi.
2025-01-27 21:57:13,988 - INFO - Tarayýcý kapatýldý.
2025-01-27 21:57:29,828 - INFO - Oy baþarýyla gönderildi.
2025-01-27 21:57:31,577 - INFO - Oy baþarýyla gönderildi.
2025-01-27 21:57:31,927 - INFO - Tarayýcý kapatýldý.
2025-01-27 21:57:33,551 - INFO - Oy baþarýyla gönderildi.
2025-01-27 21:57:33,670 - INFO - Tarayýcý kapatýldý.
2025-01-27 21:57:35,629 - INFO - Tarayýcý kapatýldý.
2025-01-27 21:57:43,794 - INFO - Hata: Message: 
Stacktrace:
	GetHandleVerifier [0x00007FF66465FB05+28789]
	(No symbol) [0x00007FF6645C86E0]
	(No symbol) [0x00007FF66446592A]
	(No symbol) [0x00007FF6644B930E]
	(No symbol) [0x00007FF6644B95FC]
	(No symbol) [0x00007FF6645028A7]
	(No symbol) [0x00007FF6644DF47F]
	(No symbol) [0x00007FF6644FF654]
	(No symbol) [0x00007FF6644DF1E3]
	(No symbol) [0x00007FF6644AA938]
	(No symbol) [0x00007FF6644ABAA1]
	GetHandleVerifier [0x00007FF66499933D+3410093]
	GetHandleVerifier [0x00007FF6649AE7DD+3497293]
	GetHandleVerifier [0x00007FF6649A2A73+3448803]
	GetHandleVerifier [0x00007FF664727BBB+848171]
	(No symbol) [0x00007FF6645D3C3F]
	(No symbol) [0x00007FF6645CF6E4]
	(No symbol) [0x00007FF6645CF87D]
	(No symbol) [0x00007FF6645BED49]
	BaseThreadInitThunk [0x00007FF8EEB3259D+29]
	RtlUserThreadStart [0x00007FF8F0BAAF38+40]

2025-01-27 21:57:45,882 - INFO - Tarayýcý kapatýldý.
2025-01-27 21:57:48,097 - INFO - Oy baþarýyla gönderildi.
2025-01-27 21:57:50,187 - INFO - Tarayýcý kapatýldý.
2025-01-27 21:57:53,529 - INFO - Oy baþarýyla gönderildi.
2025-01-27 21:57:54,138 - INFO - Oy baþarýyla gönderildi.
2025-01-27 21:57:55,602 - INFO - Tarayýcý kapatýldý.
2025-01-27 21:57:56,235 - INFO - Tarayýcý kapatýldý.
2025-01-27 21:58:02,129 - INFO - Oy baþarýyla gönderildi.
2025-01-27 21:58:04,211 - INFO - Tarayýcý kapatýldý.
2025-01-27 21:58:05,270 - INFO - Oy baþarýyla gönderildi.
2025-01-27 21:58:07,348 - INFO - Tarayýcý kapatýldý.
2025-01-27 21:58:11,650 - INFO - Oy baþarýyla gönderildi.
2025-01-27 21:58:13,754 - INFO - Tarayýcý kapatýldý.
2025-01-27 21:58:16,930 - INFO - Oy baþarýyla gönderildi.
2025-01-27 21:58:19,029 - INFO - Tarayýcý kapatýldý.
2025-01-27 21:58:24,901 - INFO - Oy baþarýyla gönderildi.
2025-01-27 21:58:27,009 - INFO - Tarayýcý kapatýldý.
2025-01-27 21:58:28,573 - INFO - Oy baþarýyla gönderildi.
2025-01-27 21:58:29,064 - INFO - Oy baþarýyla gönderildi.
2025-01-27 21:58:30,654 - INFO - Tarayýcý kapatýldý.
2025-01-27 21:58:31,152 - INFO - Tarayýcý kapatýldý.
2025-01-27 21:58:36,169 - INFO - Oy baþarýyla gönderildi.
2025-01-27 21:58:38,248 - INFO - Tarayýcý kapatýldý.
2025-01-27 21:58:48,300 - INFO - Oy baþarýyla gönderildi.
2025-01-27 21:58:50,381 - INFO - Tarayýcý kapatýldý.
2025-01-27 21:58:52,228 - INFO - Oy baþarýyla gönderildi.
2025-01-27 21:58:53,320 - INFO - Oy baþarýyla gönderildi.
2025-01-27 21:58:54,313 - INFO - Tarayýcý kapatýldý.
2025-01-27 21:58:55,402 - INFO - Tarayýcý kapatýldý.
2025-01-27 21:58:55,555 - INFO - Oy baþarýyla gönderildi.
2025-01-27 21:58:58,083 - INFO - Tarayýcý kapatýldý.
2025-01-27 21:59:06,224 - INFO - Oy baþarýyla gönderildi.
2025-01-27 21:59:08,318 - INFO - Tarayýcý kapatýldý.
2025-01-27 21:59:16,333 - INFO - Oy baþarýyla gönderildi.
2025-01-27 21:59:17,565 - INFO - Oy baþarýyla gönderildi.
2025-01-27 21:59:18,280 - INFO - Oy baþarýyla gönderildi.
2025-01-27 21:59:18,421 - INFO - Tarayýcý kapatýldý.
2025-01-27 21:59:20,258 - INFO - Tarayýcý kapatýldý.
2025-01-27 21:59:20,382 - INFO - Tarayýcý kapatýldý.
2025-01-27 21:59:22,017 - INFO - Oy baþarýyla gönderildi.
2025-01-27 21:59:24,139 - INFO - Tarayýcý kapatýldý.
2025-01-27 21:59:33,563 - INFO - Oy baþarýyla gönderildi.
2025-01-27 21:59:35,661 - INFO - Tarayýcý kapatýldý.
2025-01-27 21:59:41,377 - INFO - Oy baþarýyla gönderildi.
2025-01-27 21:59:41,765 - INFO - Oy baþarýyla gönderildi.
2025-01-27 21:59:43,465 - INFO - Tarayýcý kapatýldý.
2025-01-27 21:59:43,855 - INFO - Tarayýcý kapatýldý.
2025-01-27 21:59:45,130 - INFO - Oy baþarýyla gönderildi.
2025-01-27 21:59:47,211 - INFO - Tarayýcý kapatýldý.
2025-01-27 21:59:48,896 - INFO - Oy baþarýyla gönderildi.
2025-01-27 21:59:50,963 - INFO - Tarayýcý kapatýldý.
2025-01-27 22:00:00,436 - INFO - Oy baþarýyla gönderildi.
2025-01-27 22:00:02,525 - INFO - Tarayýcý kapatýldý.
2025-01-27 22:00:07,332 - INFO - Oy baþarýyla gönderildi.
2025-01-27 22:00:08,282 - INFO - Oy baþarýyla gönderildi.
2025-01-27 22:00:09,421 - INFO - Tarayýcý kapatýldý.
2025-01-27 22:00:09,949 - INFO - Oy baþarýyla gönderildi.
2025-01-27 22:00:10,359 - INFO - Tarayýcý kapatýldý.
2025-01-27 22:00:12,019 - INFO - Tarayýcý kapatýldý.
2025-01-27 22:00:17,638 - INFO - Oy baþarýyla gönderildi.
2025-01-27 22:00:19,717 - INFO - Tarayýcý kapatýldý.
2025-01-27 22:00:29,373 - INFO - Oy baþarýyla gönderildi.
2025-01-27 22:00:30,516 - INFO - Oy baþarýyla gönderildi.
2025-01-27 22:00:31,463 - INFO - Tarayýcý kapatýldý.
2025-01-27 22:00:32,615 - INFO - Tarayýcý kapatýldý.
2025-01-27 22:00:34,681 - INFO - Oy baþarýyla gönderildi.
2025-01-27 22:00:35,259 - INFO - Oy baþarýyla gönderildi.
2025-01-27 22:00:37,240 - INFO - Tarayýcý kapatýldý.
2025-01-27 22:00:37,350 - INFO - Tarayýcý kapatýldý.
2025-01-27 22:00:51,653 - INFO - Oy baþarýyla gönderildi.
2025-01-27 22:00:52,871 - INFO - Oy baþarýyla gönderildi.
2025-01-27 22:00:53,769 - INFO - Tarayýcý kapatýldý.
2025-01-27 22:00:54,963 - INFO - Tarayýcý kapatýldý.
2025-01-27 22:00:56,769 - INFO - Oy baþarýyla gönderildi.
2025-01-27 22:00:58,337 - INFO - Oy baþarýyla gönderildi.
2025-01-27 22:00:58,848 - INFO - Tarayýcý kapatýldý.
2025-01-27 22:01:00,430 - INFO - Tarayýcý kapatýldý.
2025-01-27 22:01:06,414 - INFO - Oy baþarýyla gönderildi.
2025-01-27 22:01:08,503 - INFO - Tarayýcý kapatýldý.
2025-01-27 22:01:12,419 - INFO - Oy baþarýyla gönderildi.
2025-01-27 22:01:14,529 - INFO - Tarayýcý kapatýldý.
2025-01-27 22:01:16,691 - INFO - Oy baþarýyla gönderildi.
2025-01-27 22:01:18,764 - INFO - Tarayýcý kapatýldý.
2025-01-27 22:01:20,532 - INFO - Oy baþarýyla gönderildi.
2025-01-27 22:01:22,622 - INFO - Tarayýcý kapatýldý.
2025-01-27 22:01:27,695 - INFO - Oy baþarýyla gönderildi.
2025-01-27 22:01:29,786 - INFO - Tarayýcý kapatýldý.
2025-01-27 22:01:32,056 - INFO - Oy baþarýyla gönderildi.
2025-01-27 22:01:34,146 - INFO - Tarayýcý kapatýldý.
2025-01-27 22:01:34,778 - INFO - Oy baþarýyla gönderildi.
2025-01-27 22:01:36,891 - INFO - Tarayýcý kapatýldý.
2025-01-27 22:01:38,308 - INFO - Oy baþarýyla gönderildi.
2025-01-27 22:01:40,390 - INFO - Tarayýcý kapatýldý.
2025-01-27 22:01:46,241 - INFO - Oy baþarýyla gönderildi.
2025-01-27 22:01:48,327 - INFO - Tarayýcý kapatýldý.
2025-01-27 22:01:53,877 - INFO - Oy baþarýyla gönderildi.
2025-01-27 22:01:54,893 - INFO - Oy baþarýyla gönderildi.
2025-01-27 22:01:55,982 - INFO - Tarayýcý kapatýldý.
2025-01-27 22:01:56,970 - INFO - Tarayýcý kapatýldý.
2025-01-27 22:01:58,942 - INFO - Oy baþarýyla gönderildi.
2025-01-27 22:02:01,043 - INFO - Tarayýcý kapatýldý.
2025-01-27 22:02:02,412 - INFO - Oy baþarýyla gönderildi.
2025-01-27 22:02:04,491 - INFO - Tarayýcý kapatýldý.
2025-01-27 22:02:13,628 - INFO - Oy baþarýyla gönderildi.
2025-01-27 22:02:15,729 - INFO - Tarayýcý kapatýldý.
2025-01-27 22:02:20,654 - INFO - Oy baþarýyla gönderildi.
2025-01-27 22:02:22,686 - INFO - Oy baþarýyla gönderildi.
2025-01-27 22:02:22,749 - INFO - Tarayýcý kapatýldý.
2025-01-27 22:02:24,774 - INFO - Tarayýcý kapatýldý.
2025-01-27 22:02:25,503 - INFO - Oy baþarýyla gönderildi.
2025-01-27 22:02:27,590 - INFO - Tarayýcý kapatýldý.
2025-01-27 22:02:29,478 - INFO - Oy baþarýyla gönderildi.
2025-01-27 22:02:31,551 - INFO - Tarayýcý kapatýldý.
2025-01-27 22:02:44,252 - INFO - Oy baþarýyla gönderildi.
2025-01-27 22:02:45,229 - INFO - Oy baþarýyla gönderildi.
2025-01-27 22:02:46,342 - INFO - Tarayýcý kapatýldý.
2025-01-27 22:02:46,708 - INFO - Oy baþarýyla gönderildi.
2025-01-27 22:02:47,340 - INFO - Tarayýcý kapatýldý.
2025-01-27 22:02:48,712 - INFO - Oy baþarýyla gönderildi.
2025-01-27 22:02:49,417 - INFO - Tarayýcý kapatýldý.
2025-01-27 22:02:50,802 - INFO - Tarayýcý kapatýldý.
2025-01-27 22:03:03,598 - INFO - Oy baþarýyla gönderildi.
2025-01-27 22:03:05,720 - INFO - Tarayýcý kapatýldý.
2025-01-27 22:03:09,609 - INFO - Oy baþarýyla gönderildi.
2025-01-27 22:03:11,230 - INFO - Oy baþarýyla gönderildi.
2025-01-27 22:03:11,522 - INFO - Oy baþarýyla gönderildi.
2025-01-27 22:03:11,701 - INFO - Tarayýcý kapatýldý.
2025-01-27 22:03:13,334 - INFO - Tarayýcý kapatýldý.
2025-01-27 22:03:13,616 - INFO - Tarayýcý kapatýldý.
2025-01-27 22:03:19,169 - INFO - Oy baþarýyla gönderildi.
2025-01-27 22:03:21,261 - INFO - Tarayýcý kapatýldý.
2025-01-27 22:03:27,819 - INFO - Oy baþarýyla gönderildi.
2025-01-27 22:03:29,912 - INFO - Tarayýcý kapatýldý.
2025-01-27 22:03:36,456 - INFO - Oy baþarýyla gönderildi.
2025-01-27 22:03:37,289 - INFO - Oy baþarýyla gönderildi.
2025-01-27 22:03:38,542 - INFO - Tarayýcý kapatýldý.
2025-01-27 22:03:38,556 - INFO - Oy baþarýyla gönderildi.
2025-01-27 22:03:39,383 - INFO - Tarayýcý kapatýldý.
2025-01-27 22:03:40,647 - INFO - Tarayýcý kapatýldý.
2025-01-27 22:03:42,651 - INFO - Oy baþarýyla gönderildi.
2025-01-27 22:03:44,741 - INFO - Tarayýcý kapatýldý.
2025-01-27 22:03:55,192 - INFO - Oy baþarýyla gönderildi.
2025-01-27 22:03:57,278 - INFO - Tarayýcý kapatýldý.
2025-01-27 22:03:58,283 - INFO - Oy baþarýyla gönderildi.
2025-01-27 22:04:00,283 - INFO - Oy baþarýyla gönderildi.
2025-01-27 22:04:00,418 - INFO - Tarayýcý kapatýldý.
2025-01-27 22:04:02,376 - INFO - Tarayýcý kapatýldý.
2025-01-27 22:04:02,791 - INFO - Oy baþarýyla gönderildi.
2025-01-27 22:04:03,581 - INFO - Oy baþarýyla gönderildi.
2025-01-27 22:04:04,868 - INFO - Tarayýcý kapatýldý.
2025-01-27 22:04:05,651 - INFO - Tarayýcý kapatýldý.
2025-01-27 22:04:11,225 - INFO - Oy baþarýyla gönderildi.
2025-01-27 22:04:13,312 - INFO - Tarayýcý kapatýldý.
2025-01-27 22:04:24,590 - INFO - Oy baþarýyla gönderildi.
2025-01-27 22:04:26,165 - INFO - Oy baþarýyla gönderildi.
2025-01-27 22:04:26,679 - INFO - Tarayýcý kapatýldý.
2025-01-27 22:04:28,624 - INFO - Tarayýcý kapatýldý.
2025-01-27 22:04:29,123 - INFO - Oy baþarýyla gönderildi.
2025-01-27 22:04:30,534 - INFO - Oy baþarýyla gönderildi.
2025-01-27 22:04:31,210 - INFO - Tarayýcý kapatýldý.
2025-01-27 22:04:32,643 - INFO - Tarayýcý kapatýldý.
2025-01-27 22:04:32,935 - INFO - Oy baþarýyla gönderildi.
2025-01-27 22:04:35,021 - INFO - Tarayýcý kapatýldý.
2025-01-27 22:04:43,213 - INFO - Oy baþarýyla gönderildi.
2025-01-27 22:04:45,303 - INFO - Tarayýcý kapatýldý.
2025-01-27 22:04:51,698 - INFO - Oy baþarýyla gönderildi.
2025-01-27 22:04:53,791 - INFO - Tarayýcý kapatýldý.
2025-01-27 22:04:57,052 - INFO - Oy baþarýyla gönderildi.
2025-01-27 22:04:58,673 - INFO - Oy baþarýyla gönderildi.
2025-01-27 22:04:59,136 - INFO - Oy baþarýyla gönderildi.
2025-01-27 22:04:59,141 - INFO - Tarayýcý kapatýldý.
2025-01-27 22:05:00,760 - INFO - Tarayýcý kapatýldý.
2025-01-27 22:05:01,226 - INFO - Tarayýcý kapatýldý.
2025-01-27 22:05:03,297 - INFO - Oy baþarýyla gönderildi.
2025-01-27 22:05:05,365 - INFO - Tarayýcý kapatýldý.
2025-01-27 22:05:08,096 - INFO - Oy baþarýyla gönderildi.
2025-01-27 22:05:10,193 - INFO - Tarayýcý kapatýldý.
2025-01-27 22:05:17,246 - INFO - Oy baþarýyla gönderildi.
2025-01-27 22:05:19,352 - INFO - Tarayýcý kapatýldý.
2025-01-27 22:05:27,334 - INFO - Oy baþarýyla gönderildi.
2025-01-27 22:05:27,729 - INFO - Oy baþarýyla gönderildi.
2025-01-27 22:05:29,426 - INFO - Tarayýcý kapatýldý.
2025-01-27 22:05:29,857 - INFO - Tarayýcý kapatýldý.
2025-01-27 22:05:29,865 - INFO - Oy baþarýyla gönderildi.
2025-01-27 22:05:31,938 - INFO - Tarayýcý kapatýldý.
2025-01-27 22:05:33,033 - INFO - Oy baþarýyla gönderildi.
2025-01-27 22:05:35,154 - INFO - Tarayýcý kapatýldý.
2025-01-27 22:05:41,760 - INFO - Oy baþarýyla gönderildi.
2025-01-27 22:05:43,845 - INFO - Tarayýcý kapatýldý.
2025-01-27 22:05:58,199 - INFO - Oy baþarýyla gönderildi.
2025-01-27 22:05:58,952 - INFO - Oy baþarýyla gönderildi.
2025-01-27 22:06:00,283 - INFO - Oy baþarýyla gönderildi.
2025-01-27 22:06:00,306 - INFO - Tarayýcý kapatýldý.
2025-01-27 22:06:01,518 - INFO - Tarayýcý kapatýldý.
2025-01-27 22:06:02,368 - INFO - Tarayýcý kapatýldý.
2025-01-27 22:06:02,843 - INFO - Oy baþarýyla gönderildi.
2025-01-27 22:06:03,878 - INFO - Oy baþarýyla gönderildi.
2025-01-27 22:06:04,920 - INFO - Tarayýcý kapatýldý.
2025-01-27 22:06:05,981 - INFO - Tarayýcý kapatýldý.
2025-01-27 22:06:26,568 - INFO - Oy baþarýyla gönderildi.
2025-01-27 22:06:28,665 - INFO - Tarayýcý kapatýldý.
2025-01-27 22:06:34,258 - INFO - Oy baþarýyla gönderildi.
2025-01-27 22:06:34,510 - INFO - Oy baþarýyla gönderildi.
2025-01-27 22:06:36,347 - INFO - Tarayýcý kapatýldý.
2025-01-27 22:06:36,596 - INFO - Tarayýcý kapatýldý.
2025-01-27 22:06:36,966 - INFO - Oy baþarýyla gönderildi.
2025-01-27 22:06:37,536 - INFO - Oy baþarýyla gönderildi.
2025-01-27 22:06:39,060 - INFO - Tarayýcý kapatýldý.
2025-01-27 22:06:39,636 - INFO - Tarayýcý kapatýldý.
2025-01-27 22:06:45,721 - INFO - Oy baþarýyla gönderildi.
2025-01-27 22:06:47,823 - INFO - Tarayýcý kapatýldý.
2025-01-27 22:07:05,583 - INFO - Oy baþarýyla gönderildi.
2025-01-27 22:07:06,123 - INFO - Oy baþarýyla gönderildi.
2025-01-27 22:07:06,979 - INFO - Oy baþarýyla gönderildi.
2025-01-27 22:07:06,986 - INFO - Oy baþarýyla gönderildi.
2025-01-27 22:07:07,663 - INFO - Tarayýcý kapatýldý.
2025-01-27 22:07:08,205 - INFO - Tarayýcý kapatýldý.
2025-01-27 22:07:09,092 - INFO - Tarayýcý kapatýldý.
2025-01-27 22:07:09,107 - INFO - Tarayýcý kapatýldý.
2025-01-27 22:07:10,881 - INFO - Oy baþarýyla gönderildi.
2025-01-27 22:07:12,989 - INFO - Tarayýcý kapatýldý.
2025-01-27 22:07:35,431 - INFO - Oy baþarýyla gönderildi.
2025-01-27 22:07:37,514 - INFO - Tarayýcý kapatýldý.
2025-01-27 22:07:41,099 - INFO - Oy baþarýyla gönderildi.
2025-01-27 22:07:42,179 - INFO - Oy baþarýyla gönderildi.
2025-01-27 22:07:43,463 - INFO - Tarayýcý kapatýldý.
2025-01-27 22:07:43,890 - INFO - Oy baþarýyla gönderildi.
2025-01-27 22:07:44,709 - INFO - Tarayýcý kapatýldý.
2025-01-27 22:07:46,456 - INFO - Tarayýcý kapatýldý.
2025-01-27 22:07:46,874 - INFO - Oy baþarýyla gönderildi.
2025-01-27 22:07:49,758 - INFO - Tarayýcý kapatýldý.
2025-01-27 22:08:08,817 - INFO - Oy baþarýyla gönderildi.
2025-01-27 22:08:10,932 - INFO - Tarayýcý kapatýldý.
2025-01-27 22:08:16,671 - INFO - Oy baþarýyla gönderildi.
2025-01-27 22:08:16,804 - INFO - Oy baþarýyla gönderildi.
2025-01-27 22:08:17,780 - INFO - Oy baþarýyla gönderildi.
2025-01-27 22:08:18,784 - INFO - Tarayýcý kapatýldý.
2025-01-27 22:08:18,924 - INFO - Tarayýcý kapatýldý.
2025-01-27 22:08:19,892 - INFO - Tarayýcý kapatýldý.
2025-01-27 22:08:21,294 - INFO - Oy baþarýyla gönderildi.
2025-01-27 22:08:23,395 - INFO - Tarayýcý kapatýldý.
2025-01-27 22:08:26,232 - INFO - Oy baþarýyla gönderildi.
2025-01-27 22:08:28,327 - INFO - Tarayýcý kapatýldý.
2025-01-27 22:08:39,489 - INFO - Oy baþarýyla gönderildi.
2025-01-27 22:08:41,571 - INFO - Tarayýcý kapatýldý.
2025-01-27 22:08:43,203 - INFO - Oy baþarýyla gönderildi.
2025-01-27 22:08:45,288 - INFO - Tarayýcý kapatýldý.
2025-01-27 22:08:54,352 - INFO - Oy baþarýyla gönderildi.
2025-01-27 22:08:56,985 - INFO - Tarayýcý kapatýldý.
2025-01-27 22:08:59,539 - INFO - Oy baþarýyla gönderildi.
2025-01-27 22:09:01,644 - INFO - Tarayýcý kapatýldý.
2025-01-27 22:09:06,043 - INFO - Oy baþarýyla gönderildi.
2025-01-27 22:09:07,154 - INFO - Oy baþarýyla gönderildi.
2025-01-27 22:09:08,129 - INFO - Tarayýcý kapatýldý.
2025-01-27 22:09:09,234 - INFO - Tarayýcý kapatýldý.
2025-01-27 22:09:15,721 - INFO - Oy baþarýyla gönderildi.
2025-01-27 22:09:16,142 - INFO - Oy baþarýyla gönderildi.
2025-01-27 22:09:17,796 - INFO - Tarayýcý kapatýldý.
2025-01-27 22:09:18,794 - INFO - Tarayýcý kapatýldý.
2025-01-27 22:09:26,221 - INFO - Oy baþarýyla gönderildi.
2025-01-27 22:09:28,312 - INFO - Tarayýcý kapatýldý.
2025-01-27 22:09:32,659 - INFO - Oy baþarýyla gönderildi.
2025-01-27 22:09:34,664 - INFO - Oy baþarýyla gönderildi.
2025-01-27 22:09:34,736 - INFO - Tarayýcý kapatýldý.
2025-01-27 22:09:36,771 - INFO - Tarayýcý kapatýldý.
2025-01-27 22:09:41,754 - INFO - Oy baþarýyla gönderildi.
2025-01-27 22:09:43,836 - INFO - Tarayýcý kapatýldý.
2025-01-27 22:09:49,021 - INFO - Oy baþarýyla gönderildi.
2025-01-27 22:09:51,124 - INFO - Tarayýcý kapatýldý.
2025-01-27 22:09:56,121 - INFO - Oy baþarýyla gönderildi.
2025-01-27 22:09:58,221 - INFO - Tarayýcý kapatýldý.
2025-01-27 22:10:04,471 - INFO - Oy baþarýyla gönderildi.
2025-01-27 22:10:06,555 - INFO - Tarayýcý kapatýldý.
2025-01-27 22:10:07,363 - INFO - Oy baþarýyla gönderildi.
2025-01-27 22:10:09,442 - INFO - Tarayýcý kapatýldý.
2025-01-27 22:10:13,061 - INFO - Oy baþarýyla gönderildi.
2025-01-27 22:10:14,954 - INFO - Oy baþarýyla gönderildi.
2025-01-27 22:10:15,160 - INFO - Tarayýcý kapatýldý.
2025-01-27 22:10:17,055 - INFO - Tarayýcý kapatýldý.
2025-01-27 22:10:20,257 - INFO - Oy baþarýyla gönderildi.
2025-01-27 22:10:22,352 - INFO - Tarayýcý kapatýldý.
2025-01-27 22:10:25,351 - INFO - Oy baþarýyla gönderildi.
2025-01-27 22:10:27,442 - INFO - Tarayýcý kapatýldý.
2025-01-27 22:10:41,735 - INFO - Oy baþarýyla gönderildi.
2025-01-27 22:10:43,827 - INFO - Tarayýcý kapatýldý.
2025-01-27 22:10:44,804 - INFO - Hata: Message: 
Stacktrace:
	GetHandleVerifier [0x00007FF66465FB05+28789]
	(No symbol) [0x00007FF6645C86E0]
	(No symbol) [0x00007FF66446592A]
	(No symbol) [0x00007FF6644B930E]
	(No symbol) [0x00007FF6644B95FC]
	(No symbol) [0x00007FF6645028A7]
	(No symbol) [0x00007FF6644DF47F]
	(No symbol) [0x00007FF6644FF654]
	(No symbol) [0x00007FF6644DF1E3]
	(No symbol) [0x00007FF6644AA938]
	(No symbol) [0x00007FF6644ABAA1]
	GetHandleVerifier [0x00007FF66499933D+3410093]
	GetHandleVerifier [0x00007FF6649AE7DD+3497293]
	GetHandleVerifier [0x00007FF6649A2A73+3448803]
	GetHandleVerifier [0x00007FF664727BBB+848171]
	(No symbol) [0x00007FF6645D3C3F]
	(No symbol) [0x00007FF6645CF6E4]
	(No symbol) [0x00007FF6645CF87D]
	(No symbol) [0x00007FF6645BED49]
	BaseThreadInitThunk [0x00007FF8EEB3259D+29]
	RtlUserThreadStart [0x00007FF8F0BAAF38+40]

2025-01-27 22:10:46,904 - INFO - Tarayýcý kapatýldý.
2025-01-27 22:10:50,788 - INFO - Oy baþarýyla gönderildi.
2025-01-27 22:10:50,802 - INFO - Oy baþarýyla gönderildi.
2025-01-27 22:10:52,920 - INFO - Tarayýcý kapatýldý.
2025-01-27 22:10:52,934 - INFO - Tarayýcý kapatýldý.
2025-01-27 22:10:58,717 - INFO - Oy baþarýyla gönderildi.
2025-01-27 22:11:00,800 - INFO - Tarayýcý kapatýldý.
2025-01-27 22:11:04,192 - INFO - Oy baþarýyla gönderildi.
2025-01-27 22:11:06,273 - INFO - Tarayýcý kapatýldý.
2025-01-27 22:11:15,323 - INFO - Oy baþarýyla gönderildi.
2025-01-27 22:11:16,742 - INFO - Oy baþarýyla gönderildi.
2025-01-27 22:11:17,410 - INFO - Tarayýcý kapatýldý.
2025-01-27 22:11:18,827 - INFO - Tarayýcý kapatýldý.
2025-01-27 22:11:19,064 - INFO - Oy baþarýyla gönderildi.
2025-01-27 22:11:21,430 - INFO - Tarayýcý kapatýldý.
2025-01-27 22:11:21,999 - INFO - Oy baþarýyla gönderildi.
2025-01-27 22:11:24,089 - INFO - Tarayýcý kapatýldý.
2025-01-27 22:11:34,716 - INFO - Oy baþarýyla gönderildi.
2025-01-27 22:11:37,311 - INFO - Tarayýcý kapatýldý.
2025-01-27 22:11:42,508 - INFO - Oy baþarýyla gönderildi.
2025-01-27 22:11:44,596 - INFO - Tarayýcý kapatýldý.
2025-01-27 22:11:44,699 - INFO - Oy baþarýyla gönderildi.
2025-01-27 22:11:46,795 - INFO - Tarayýcý kapatýldý.
2025-01-27 22:11:47,084 - INFO - Oy baþarýyla gönderildi.
2025-01-27 22:11:49,160 - INFO - Tarayýcý kapatýldý.
2025-01-27 22:11:52,392 - INFO - Oy baþarýyla gönderildi.
2025-01-27 22:11:54,475 - INFO - Tarayýcý kapatýldý.
2025-01-27 22:12:01,740 - INFO - Oy baþarýyla gönderildi.
2025-01-27 22:12:03,836 - INFO - Tarayýcý kapatýldý.
2025-01-27 22:12:12,383 - INFO - Oy baþarýyla gönderildi.
2025-01-27 22:12:12,973 - INFO - Oy baþarýyla gönderildi.
2025-01-27 22:12:14,471 - INFO - Tarayýcý kapatýldý.
2025-01-27 22:12:14,629 - INFO - Oy baþarýyla gönderildi.
2025-01-27 22:12:15,065 - INFO - Tarayýcý kapatýldý.
2025-01-27 22:12:16,732 - INFO - Tarayýcý kapatýldý.
2025-01-27 22:12:20,978 - INFO - Oy baþarýyla gönderildi.
2025-01-27 22:12:23,063 - INFO - Tarayýcý kapatýldý.
2025-01-27 22:12:33,003 - INFO - Oy baþarýyla gönderildi.
2025-01-27 22:12:35,098 - INFO - Tarayýcý kapatýldý.
2025-01-27 22:12:38,984 - INFO - Oy baþarýyla gönderildi.
2025-01-27 22:12:41,096 - INFO - Tarayýcý kapatýldý.
2025-01-27 22:12:41,995 - INFO - Oy baþarýyla gönderildi.
2025-01-27 22:12:42,356 - INFO - Oy baþarýyla gönderildi.
2025-01-27 22:12:44,090 - INFO - Tarayýcý kapatýldý.
2025-01-27 22:12:44,435 - INFO - Tarayýcý kapatýldý.
2025-01-27 22:12:56,737 - INFO - Oy baþarýyla gönderildi.
2025-01-27 22:12:58,833 - INFO - Tarayýcý kapatýldý.
2025-01-27 22:13:00,382 - INFO - Oy baþarýyla gönderildi.
2025-01-27 22:13:02,525 - INFO - Tarayýcý kapatýldý.
2025-01-27 22:13:05,816 - INFO - Oy baþarýyla gönderildi.
2025-01-27 22:13:05,979 - INFO - Oy baþarýyla gönderildi.
2025-01-27 22:13:07,904 - INFO - Tarayýcý kapatýldý.
2025-01-27 22:13:08,092 - INFO - Tarayýcý kapatýldý.
2025-01-27 22:13:12,347 - INFO - Oy baþarýyla gönderildi.
2025-01-27 22:13:14,458 - INFO - Tarayýcý kapatýldý.
2025-01-27 22:13:20,001 - INFO - Oy baþarýyla gönderildi.
2025-01-27 22:13:21,993 - INFO - Oy baþarýyla gönderildi.
2025-01-27 22:13:22,090 - INFO - Tarayýcý kapatýldý.
2025-01-27 22:13:24,106 - INFO - Tarayýcý kapatýldý.
2025-01-27 22:13:28,914 - INFO - Oy baþarýyla gönderildi.
2025-01-27 22:13:29,779 - INFO - Status: Stopping...
2025-01-27 22:13:31,002 - INFO - Tarayýcý kapatýldý.
2025-01-27 22:13:32,457 - INFO - Oy baþarýyla gönderildi.
2025-01-27 22:13:34,560 - INFO - Tarayýcý kapatýldý.
2025-01-27 22:13:40,884 - INFO - Oy baþarýyla gönderildi.
2025-01-27 22:13:41,125 - INFO - Oy baþarýyla gönderildi.
2025-01-27 22:13:42,988 - INFO - Tarayýcý kapatýldý.
2025-01-27 22:13:43,207 - INFO - Tarayýcý kapatýldý.
2025-01-27 22:13:56,110 - INFO - Log cleared
