2025-01-27 19:11:03,931 - INFO - Status: Çalýþýyor
2025-01-27 19:12:18,987 - INFO - Oy baþarýyla gönderildi.
2025-01-27 19:12:21,495 - INFO - Tarayýcý kapatýldý.
2025-01-27 19:12:22,482 - INFO - Oy baþarýyla gönderildi.
2025-01-27 19:12:24,315 - INFO - Oy baþarýyla gönderildi.
2025-01-27 19:12:24,571 - INFO - Tarayýcý kapatýldý.
2025-01-27 19:12:26,428 - INFO - Tarayýcý kapatýldý.
2025-01-27 19:12:34,459 - INFO - Hata: Message: 
Stacktrace:
	GetHandleVerifier [0x00007FF66465FB05+28789]
	(No symbol) [0x00007FF6645C86E0]
	(No symbol) [0x00007FF66446592A]
	(No symbol) [0x00007FF6644B930E]
	(No symbol) [0x00007FF6644B95FC]
	(No symbol) [0x00007FF6645028A7]
	(No symbol) [0x00007FF6644DF47F]
	(No symbol) [0x00007FF6644FF654]
	(No symbol) [0x00007FF6644DF1E3]
	(No symbol) [0x00007FF6644AA938]
	(No symbol) [0x00007FF6644ABAA1]
	GetHandleVerifier [0x00007FF66499933D+3410093]
	GetHandleVerifier [0x00007FF6649AE7DD+3497293]
	GetHandleVerifier [0x00007FF6649A2A73+3448803]
	GetHandleVerifier [0x00007FF664727BBB+848171]
	(No symbol) [0x00007FF6645D3C3F]
	(No symbol) [0x00007FF6645CF6E4]
	(No symbol) [0x00007FF6645CF87D]
	(No symbol) [0x00007FF6645BED49]
	BaseThreadInitThunk [0x00007FF8EEB3259D+29]
	RtlUserThreadStart [0x00007FF8F0BAAF38+40]

2025-01-27 19:12:36,552 - INFO - Tarayýcý kapatýldý.
2025-01-27 19:12:38,760 - INFO - Status: Stopping...
